[03:38:26] [Server thread/INFO]: [tomisherio: Set own game mode to Spectator Mode]
[03:39:55] [Server thread/INFO]: tomisherio lost connection: Disconnected
[03:39:55] [Server thread/INFO]: tomisherio left the game
[20:20:41] [User Authenticator #14/INFO]: UUID of player tomisherio is 15e381a8-1724-43a6-8b15-5dadbe1369ab
[20:20:41] [Server thread/INFO]: tomisherio[/184.103.157.120:49659] logged in with entity id 2660255 at (1151.3889406659416, 72.88347922363556, 480.3232539022265)
[20:20:41] [Server thread/INFO]: tomisherio joined the game
[20:20:42] [Netty Server IO #3/INFO]: Player tomisherio joined with a matching carpet client
[20:21:00] [Server thread/INFO]: [tomisherio: Set own game mode to Survival Mode]
[20:25:15] [Server thread/INFO]: [tomisherio: Set own game mode to Spectator Mode]
[20:25:20] [Server thread/INFO]: [tomisherio: Set own game mode to Survival Mode]
[20:26:29] [Server thread/INFO]: [tomisherio: Set own game mode to Spectator Mode]
[20:26:31] [Server thread/INFO]: [tomisherio: Set own game mode to Survival Mode]
[20:31:59] [Server thread/INFO]: [tomisherio: Set own game mode to Spectator Mode]
[20:32:43] [Server thread/INFO]: [tomisherio: Set own game mode to Survival Mode]
[20:35:17] [Server thread/INFO]: [tomisherio: Set own game mode to Spectator Mode]
[20:35:48] [Server thread/INFO]: [tomisherio: Set own game mode to Survival Mode]
[20:35:53] [Server thread/INFO]: [tomisherio: Set own game mode to Spectator Mode]
[20:37:17] [Server thread/INFO]: [tomisherio: Set own game mode to Survival Mode]
[20:37:25] [Server thread/INFO]: [tomisherio: Set own game mode to Spectator Mode]
[20:37:29] [Server thread/INFO]: [tomisherio: Set own game mode to Survival Mode]
[21:02:12] [Server thread/INFO]: [tomisherio: Set own game mode to Spectator Mode]
[21:02:28] [Server thread/INFO]: [tomisherio: Set own game mode to Survival Mode]
[21:27:30] [Server thread/INFO]: [tomisherio: Set own game mode to Creative Mode]
[22:02:49] [Server thread/INFO]: [tomisherio: Set own game mode to Survival Mode]
[22:11:24] [Server thread/INFO]: tomisherio lost connection: Disconnected
[22:11:24] [Server thread/INFO]: tomisherio left the game
