[02:57:25] [main/INFO]: Loading for game Minecraft 1.16.1
[02:57:32] [main/INFO]: [FabricLoader] Loading 45 mods: fabric-screen-handler-api-v1@1.0.1+f362c86e02, minecraft@1.16.1, fabric-renderer-api-v1@0.2.13+eae12eb802, fabric-networking-blockentity-v0@0.2.5+b50ffc7b02, fabric-keybindings-v0@0.2.0+3fa9f7c502, inventorysorter@1.6.7-1.16, fabric-command-api-v1@1.0.8+5ce5339802, cloth-basic-math@0.5.1, fabricloader@0.8.9+build.203, fabric-tool-attribute-api-v1@1.1.4+5794386e02, fabric-renderer-indigo@0.3.2+4d66bed502, fabric-containers-v0@0.1.8+045df74f02, fabric-object-builder-api-v1@1.5.5+e00ecb5f02, fabric-dimensions-v1@1.0.0+a71b305302, fabric-biomes-v1@0.2.7+059ea86602, fabric-events-interaction-v0@0.3.3+7066030f02, fabric-item-api-v1@1.0.0+16acbe5b02, fabric-crash-report-info-v1@0.1.2+b7f9825d02, kyrptconfig@1.0.4-1.16, fabric-api-base@0.1.3+12a8474c02, fabric-rendering-v0@1.1.0+5341049002, fabric-rendering-v1@1.1.2+346247d702, fabric-key-binding-api-v1@1.0.0+e16a977402, cloth-config2@4.5.6, fabric-rendering-data-attachment-v1@0.1.3+b7f9825d02, fabric-resource-loader-v0@0.2.6+f41e209802, fabric-textures-v0@1.0.4+eae12eb802, fabric-content-registries-v0@0.1.9+059ea86602, fabric-tag-extensions-v0@0.2.7+a4c57d8e02, blue_endless_jankson@+, fabric-rendering-fluids-v1@0.1.8+b7084faa02, fabric-registry-sync-v0@0.3.8+7dba2d6c02, fabric-commands-v0@0.2.0+52d3083602, fabric-blockrenderlayer-v1@1.1.4+c6a8ea8902, fabric-lifecycle-events-v1@1.0.0+b0993bc102, fabric-mining-levels-v0@0.1.2+b764ce9902, fabric-renderer-registries-v1@2.0.1+5a0f9a6002, fabric-loot-tables-v1@0.1.10+059ea86602, fabric-events-lifecycle-v0@0.2.0+16acbe5b02, fabric@0.14.1+build.372-1.16, fabric-particles-v1@0.2.1+0a6f2a7002, fabric-models-v0@0.1.0+dfdb52d602, fabric-item-groups-v0@0.2.0+438f963602, fabric-networking-v0@0.1.10+e00ecb5f02, fabric-object-builders-v0@0.6.0+da175ad602
[02:57:32] [main/WARN]: Mod `blue_endless_jankson` (+) does not respect SemVer - comparison support is limited.
[02:57:32] [main/INFO]: SpongePowered MIXIN Subsystem Version=0.8 Source=file:/D:/winbackup/MinecraftServers/ZaWarudo/fabric-server-launch.jar Service=Knot/Fabric Env=SERVER
[02:57:37] [main/INFO]: Environment: authHost='https://authserver.mojang.com', accountsHost='https://api.mojang.com', sessionHost='https://sessionserver.mojang.com', name='PROD'
[02:57:38] [main/WARN]: Ambiguity between arguments [teleport, destination] and [teleport, targets] with inputs: [Player, 0123, @e, dd12be42-52a9-4a91-a8a1-11c01849e498]
[02:57:38] [main/WARN]: Ambiguity between arguments [teleport, location] and [teleport, destination] with inputs: [0.1 -0.5 .9, 0 0 0]
[02:57:38] [main/WARN]: Ambiguity between arguments [teleport, location] and [teleport, targets] with inputs: [0.1 -0.5 .9, 0 0 0]
[02:57:38] [main/WARN]: Ambiguity between arguments [teleport, targets] and [teleport, destination] with inputs: [Player, 0123, dd12be42-52a9-4a91-a8a1-11c01849e498]
[02:57:38] [main/WARN]: Ambiguity between arguments [teleport, targets, location] and [teleport, targets, destination] with inputs: [0.1 -0.5 .9, 0 0 0]
[02:57:38] [main/INFO]: Reloading ResourceManager: Default, anti creeper grief v1.0.2.zip, anti enderman grief v1.0.0.zip, anti ghast grief v1.0.0.zip, double shulker shells v1.2.0.zip, Fabric Tool Attribute API (v1), WrenchRP.zip, multiplayer sleep v1.0.2.zip, VanillaTweaks_c287303.zip
[02:57:38] [Worker-Main-13/INFO]: Loaded 7 recipes
[02:57:39] [Worker-Main-13/WARN]: Found validation problem in {minecraft:entities/shulker}.pools[1].entries[0]: Unknown loot table called minecraft:entities/reference/mmh/shulker
[02:57:39] [Worker-Main-13/INFO]: Loaded 944 advancements
[02:57:40] [Server thread/INFO]: Starting minecraft server version 1.16.1
[02:57:40] [Server thread/INFO]: Loading properties
[02:57:40] [Server thread/INFO]: Default game type: SURVIVAL
[02:57:40] [Server thread/INFO]: Generating keypair
[02:57:40] [Server thread/INFO]: Starting Minecraft server on *:25565
[02:57:40] [Server thread/INFO]: Using default channel type
[02:57:40] [Server thread/INFO]: Preparing level "ZaWarudo"
[02:57:40] [Server thread/INFO]: Preparing start region for dimension minecraft:overworld
[02:57:41] [Server thread/INFO]: Preparing spawn area: 0%
[02:57:41] [Server thread/INFO]: Preparing spawn area: 0%
[02:57:41] [Server thread/INFO]: Preparing spawn area: 74%
[02:57:42] [Server thread/INFO]: Time elapsed: 1297 ms
[02:57:42] [Server thread/INFO]: Done (1.391s)! For help, type "help"
[03:00:44] [User Authenticator #1/INFO]: UUID of player GanonCann0n is ce34b950-cf6f-4093-8021-f361d57ec21e
[03:00:44] [Server thread/INFO]: GanonCann0n[/192.168.1.1:51284] logged in with entity id 144 at (-231.58691147005786, 100.0, 177.32323488509246)
[03:00:44] [Server thread/INFO]: GanonCann0n joined the game
[03:00:47] [Server thread/WARN]: Can't keep up! Is the server overloaded? Running 2249ms or 44 ticks behind
[03:00:53] [Server thread/INFO]: GanonCann0n lost connection: Disconnected
[03:00:53] [Server thread/INFO]: GanonCann0n left the game
[03:10:28] [User Authenticator #2/INFO]: UUID of player tomisherio is 15e381a8-1724-43a6-8b15-5dadbe1369ab
[03:10:28] [Server thread/INFO]: tomisherio[/184.103.253.150:52498] logged in with entity id 726 at (1203.9301366623274, 68.0, 643.7797358200546)
[03:10:28] [Server thread/INFO]: tomisherio joined the game
[03:13:41] [Server thread/WARN]: Can't keep up! Is the server overloaded? Running 6747ms or 134 ticks behind
[03:22:26] [Server thread/WARN]: Mismatch in destroy block pos: class_2338{x=1165, y=69, z=590} class_2338{x=1167, y=69, z=590}
[03:22:26] [Server thread/WARN]: Mismatch in destroy block pos: class_2338{x=1165, y=69, z=590} class_2338{x=1167, y=69, z=590}
[03:22:26] [Server thread/WARN]: Mismatch in destroy block pos: class_2338{x=1165, y=69, z=590} class_2338{x=1167, y=69, z=590}
[03:22:26] [Server thread/WARN]: Mismatch in destroy block pos: class_2338{x=1165, y=69, z=590} class_2338{x=1167, y=69, z=590}
[03:22:26] [Server thread/WARN]: Mismatch in destroy block pos: class_2338{x=1165, y=69, z=590} class_2338{x=1167, y=69, z=590}
[03:22:27] [Server thread/WARN]: Mismatch in destroy block pos: class_2338{x=1167, y=69, z=593} class_2338{x=1167, y=69, z=590}
[03:22:27] [Server thread/WARN]: Mismatch in destroy block pos: class_2338{x=1167, y=68, z=591} class_2338{x=1168, y=68, z=590}
[03:22:27] [Server thread/WARN]: Mismatch in destroy block pos: class_2338{x=1167, y=68, z=591} class_2338{x=1168, y=68, z=590}
[03:22:27] [Server thread/WARN]: Mismatch in destroy block pos: class_2338{x=1167, y=68, z=591} class_2338{x=1168, y=68, z=590}
[03:22:27] [Server thread/WARN]: Mismatch in destroy block pos: class_2338{x=1167, y=68, z=591} class_2338{x=1168, y=68, z=590}
[03:28:43] [Server thread/WARN]: Mismatch in destroy block pos: class_2338{x=1119, y=69, z=618} class_2338{x=1120, y=68, z=618}
[03:28:43] [Server thread/WARN]: Mismatch in destroy block pos: class_2338{x=1119, y=69, z=618} class_2338{x=1120, y=68, z=618}
[03:31:52] [Server thread/WARN]: Mismatch in destroy block pos: class_2338{x=1061, y=78, z=686} class_2338{x=1061, y=77, z=687}
[03:31:52] [Server thread/WARN]: Mismatch in destroy block pos: class_2338{x=1061, y=78, z=686} class_2338{x=1061, y=77, z=687}
[03:32:08] [Server thread/WARN]: Mismatch in destroy block pos: class_2338{x=1042, y=73, z=687} class_2338{x=1043, y=71, z=687}
[03:32:10] [Server thread/WARN]: Mismatch in destroy block pos: class_2338{x=1041, y=73, z=687} class_2338{x=1042, y=71, z=687}
[03:32:12] [Server thread/WARN]: Mismatch in destroy block pos: class_2338{x=1038, y=71, z=687} class_2338{x=1038, y=69, z=687}
[03:32:12] [Server thread/WARN]: Mismatch in destroy block pos: class_2338{x=1038, y=72, z=687} class_2338{x=1037, y=71, z=687}
[03:32:12] [Server thread/WARN]: Mismatch in destroy block pos: class_2338{x=1038, y=72, z=687} class_2338{x=1037, y=71, z=687}
[03:32:13] [Server thread/WARN]: Mismatch in destroy block pos: class_2338{x=1038, y=71, z=687} class_2338{x=1038, y=69, z=687}
[03:36:50] [Server thread/WARN]: Mismatch in destroy block pos: class_2338{x=944, y=74, z=437} class_2338{x=944, y=72, z=437}
[03:36:57] [Server thread/WARN]: Mismatch in destroy block pos: class_2338{x=946, y=69, z=432} class_2338{x=945, y=67, z=432}
[03:41:33] [Server thread/WARN]: Mismatch in destroy block pos: class_2338{x=1204, y=68, z=422} class_2338{x=1203, y=68, z=422}
[03:41:33] [Server thread/WARN]: Mismatch in destroy block pos: class_2338{x=1204, y=68, z=422} class_2338{x=1203, y=68, z=422}
[03:44:02] [Server thread/WARN]: Mismatch in destroy block pos: class_2338{x=1177, y=69, z=423} class_2338{x=1179, y=68, z=420}
[03:44:46] [Server thread/WARN]: Mismatch in destroy block pos: class_2338{x=1169, y=69, z=418} class_2338{x=1168, y=68, z=419}
[03:45:01] [Server thread/WARN]: Mismatch in destroy block pos: class_2338{x=1161, y=69, z=423} class_2338{x=1161, y=68, z=424}
[04:17:11] [Server thread/WARN]: Mismatch in destroy block pos: class_2338{x=1116, y=69, z=591} class_2338{x=1128, y=68, z=556}
[04:17:11] [Server thread/WARN]: Mismatch in destroy block pos: class_2338{x=1116, y=69, z=591} class_2338{x=1128, y=68, z=556}
[04:18:17] [Server thread/WARN]: Mismatch in destroy block pos: class_2338{x=1117, y=69, z=587} class_2338{x=1117, y=68, z=586}
[04:18:17] [Server thread/WARN]: Mismatch in destroy block pos: class_2338{x=1117, y=69, z=587} class_2338{x=1117, y=68, z=586}
[04:18:17] [Server thread/WARN]: Mismatch in destroy block pos: class_2338{x=1117, y=69, z=587} class_2338{x=1117, y=68, z=586}
[04:18:17] [Server thread/WARN]: Mismatch in destroy block pos: class_2338{x=1117, y=69, z=587} class_2338{x=1117, y=68, z=586}
[04:18:38] [Server thread/WARN]: Mismatch in destroy block pos: class_2338{x=1116, y=69, z=570} class_2338{x=1116, y=68, z=569}
[04:24:03] [Server thread/WARN]: Mismatch in destroy block pos: class_2338{x=1103, y=69, z=669} class_2338{x=1101, y=68, z=670}
[04:24:18] [Server thread/WARN]: Mismatch in destroy block pos: class_2338{x=1102, y=69, z=670} class_2338{x=1102, y=68, z=671}
[04:24:34] [Server thread/WARN]: Mismatch in destroy block pos: class_2338{x=1107, y=69, z=673} class_2338{x=1107, y=68, z=675}
[04:26:39] [Server thread/WARN]: Mismatch in destroy block pos: class_2338{x=1054, y=84, z=686} class_2338{x=1055, y=82, z=685}
[04:29:26] [Server thread/WARN]: Mismatch in destroy block pos: class_2338{x=1049, y=82, z=653} class_2338{x=1048, y=81, z=653}
[04:29:54] [Server thread/WARN]: Mismatch in destroy block pos: class_2338{x=1025, y=82, z=630} class_2338{x=1025, y=81, z=631}
[04:36:30] [Server thread/WARN]: Mismatch in destroy block pos: class_2338{x=1045, y=85, z=654} class_2338{x=1046, y=85, z=653}
[04:36:30] [Server thread/WARN]: Mismatch in destroy block pos: class_2338{x=1045, y=85, z=654} class_2338{x=1046, y=85, z=653}
[04:36:30] [Server thread/WARN]: Mismatch in destroy block pos: class_2338{x=1045, y=85, z=654} class_2338{x=1046, y=85, z=653}
[04:36:30] [Server thread/WARN]: Mismatch in destroy block pos: class_2338{x=1045, y=85, z=654} class_2338{x=1046, y=85, z=653}
[04:37:24] [Server thread/WARN]: Mismatch in destroy block pos: class_2338{x=1029, y=86, z=654} class_2338{x=1016, y=85, z=664}
[04:38:08] [Server thread/WARN]: Mismatch in destroy block pos: class_2338{x=1045, y=84, z=657} class_2338{x=1046, y=83, z=656}
[04:38:09] [Server thread/WARN]: Mismatch in destroy block pos: class_2338{x=1045, y=84, z=657} class_2338{x=1046, y=83, z=656}
[04:39:07] [Server thread/WARN]: Mismatch in destroy block pos: class_2338{x=1040, y=84, z=664} class_2338{x=1040, y=84, z=662}
[04:39:14] [Server thread/WARN]: Mismatch in destroy block pos: class_2338{x=1037, y=84, z=665} class_2338{x=1036, y=83, z=664}
[04:41:08] [Server thread/WARN]: Mismatch in destroy block pos: class_2338{x=1018, y=83, z=662} class_2338{x=1016, y=84, z=664}
[04:44:37] [Server thread/WARN]: Mismatch in destroy block pos: class_2338{x=1036, y=82, z=669} class_2338{x=1038, y=81, z=667}
[04:44:39] [Server thread/WARN]: Mismatch in destroy block pos: class_2338{x=1033, y=82, z=669} class_2338{x=1033, y=81, z=667}
[04:44:52] [Server thread/WARN]: Mismatch in destroy block pos: class_2338{x=1040, y=82, z=663} class_2338{x=1033, y=82, z=666}
[04:44:57] [Server thread/WARN]: Mismatch in destroy block pos: class_2338{x=1024, y=82, z=668} class_2338{x=1024, y=82, z=665}
[04:45:03] [Server thread/WARN]: Mismatch in destroy block pos: class_2338{x=1015, y=82, z=665} class_2338{x=1016, y=81, z=665}
[04:48:00] [Server thread/WARN]: Mismatch in destroy block pos: class_2338{x=1044, y=75, z=589} class_2338{x=1044, y=75, z=590}
[04:48:00] [Server thread/WARN]: Mismatch in destroy block pos: class_2338{x=1044, y=75, z=591} class_2338{x=1044, y=75, z=590}
[04:48:00] [Server thread/WARN]: Mismatch in destroy block pos: class_2338{x=1044, y=75, z=591} class_2338{x=1044, y=75, z=590}
[04:53:59] [Server thread/WARN]: Mismatch in destroy block pos: class_2338{x=1029, y=80, z=629} class_2338{x=1029, y=79, z=630}
[04:55:22] [Server thread/WARN]: Mismatch in destroy block pos: class_2338{x=1056, y=80, z=661} class_2338{x=1055, y=79, z=660}
[04:55:49] [Server thread/WARN]: Mismatch in destroy block pos: class_2338{x=1059, y=80, z=675} class_2338{x=1057, y=79, z=675}
[04:55:50] [Server thread/WARN]: Mismatch in destroy block pos: class_2338{x=1060, y=80, z=676} class_2338{x=1058, y=79, z=677}
[04:56:39] [Server thread/WARN]: Mismatch in destroy block pos: class_2338{x=1027, y=80, z=667} class_2338{x=1026, y=79, z=666}
[04:56:50] [Server thread/WARN]: Mismatch in destroy block pos: class_2338{x=1015, y=80, z=665} class_2338{x=1015, y=79, z=664}
[05:01:39] [Server thread/WARN]: Mismatch in destroy block pos: class_2338{x=1078, y=78, z=614} class_2338{x=1077, y=77, z=612}
[05:01:39] [Server thread/WARN]: Mismatch in destroy block pos: class_2338{x=1078, y=78, z=614} class_2338{x=1077, y=77, z=612}
[05:01:39] [Server thread/WARN]: Mismatch in destroy block pos: class_2338{x=1078, y=78, z=614} class_2338{x=1077, y=77, z=612}
[05:01:39] [Server thread/WARN]: Mismatch in destroy block pos: class_2338{x=1078, y=78, z=614} class_2338{x=1077, y=77, z=612}
[05:01:39] [Server thread/WARN]: Mismatch in destroy block pos: class_2338{x=1078, y=78, z=614} class_2338{x=1077, y=77, z=612}
[05:04:30] [User Authenticator #3/INFO]: UUID of player Ya_Im_Andrew is d1c65397-e915-4a84-84c5-fe3fa7937777
[05:04:30] [Server thread/INFO]: Ya_Im_Andrew[/72.210.35.251:65312] logged in with entity id 69848 at (1118.2986443515404, 71.0, 527.0116154436803)
[05:04:30] [Server thread/INFO]: Ya_Im_Andrew joined the game
[05:04:46] [Server thread/INFO]: [tomisherio: Set own game mode to Creative Mode]
[05:05:37] [Server thread/INFO]: [tomisherio: Set own game mode to Survival Mode]
[05:05:58] [Server thread/INFO]: [Ya_Im_Andrew: Successfully filled 1424 blocks]
[05:06:52] [Server thread/INFO]: [Ya_Im_Andrew: Successfully filled 1456 blocks]
[05:08:05] [Server thread/INFO]: [Ya_Im_Andrew: Successfully filled 1647 blocks]
[05:08:24] [Server thread/INFO]: [Ya_Im_Andrew: Successfully filled 2229 blocks]
[05:08:38] [Server thread/INFO]: [Ya_Im_Andrew: Successfully filled 52 blocks]
[05:08:58] [Server thread/INFO]: [Ya_Im_Andrew: Successfully filled 1300 blocks]
[05:09:21] [Server thread/INFO]: [Ya_Im_Andrew: Successfully filled 1 blocks]
[05:09:39] [Server thread/INFO]: [Ya_Im_Andrew: Successfully filled 21 blocks]
[05:09:47] [Server thread/INFO]: [Ya_Im_Andrew: Successfully filled 24 blocks]
[05:10:00] [Server thread/INFO]: [Ya_Im_Andrew: Successfully filled 32 blocks]
[05:10:05] [Server thread/WARN]: Mismatch in destroy block pos: class_2338{x=1114, y=69, z=587} class_2338{x=1111, y=68, z=587}
[05:10:05] [Server thread/WARN]: Mismatch in destroy block pos: class_2338{x=1114, y=69, z=587} class_2338{x=1111, y=68, z=587}
[05:10:05] [Server thread/WARN]: Mismatch in destroy block pos: class_2338{x=1114, y=69, z=587} class_2338{x=1111, y=68, z=587}
[05:10:05] [Server thread/WARN]: Mismatch in destroy block pos: class_2338{x=1114, y=69, z=587} class_2338{x=1111, y=68, z=587}
[05:10:08] [Server thread/WARN]: Mismatch in destroy block pos: class_2338{x=1111, y=69, z=585} class_2338{x=1111, y=68, z=584}
[05:10:22] [Server thread/WARN]: Mismatch in destroy block pos: class_2338{x=1112, y=69, z=578} class_2338{x=1113, y=68, z=578}
[05:10:24] [Server thread/WARN]: Mismatch in destroy block pos: class_2338{x=1111, y=69, z=572} class_2338{x=1111, y=68, z=574}
[05:10:29] [Server thread/WARN]: Mismatch in destroy block pos: class_2338{x=1110, y=70, z=582} class_2338{x=1110, y=68, z=583}
[05:11:10] [Server thread/INFO]: [Ya_Im_Andrew: Successfully filled 3001 blocks]
[05:11:17] [Server thread/WARN]: Mismatch in destroy block pos: class_2338{x=1112, y=69, z=552} class_2338{x=1111, y=68, z=553}
[05:12:34] [Server thread/WARN]: Mismatch in destroy block pos: class_2338{x=1111, y=69, z=555} class_2338{x=1112, y=68, z=556}
[05:12:39] [Server thread/WARN]: Mismatch in destroy block pos: class_2338{x=1109, y=69, z=552} class_2338{x=1109, y=68, z=553}
[05:12:53] [Server thread/WARN]: Mismatch in destroy block pos: class_2338{x=1110, y=68, z=556} class_2338{x=1109, y=68, z=555}
[05:13:57] [Server thread/WARN]: Mismatch in destroy block pos: class_2338{x=1099, y=68, z=582} class_2338{x=1099, y=69, z=583}
[05:13:57] [Server thread/WARN]: Mismatch in destroy block pos: class_2338{x=1099, y=68, z=582} class_2338{x=1099, y=69, z=583}
[05:14:04] [Server thread/WARN]: Mismatch in destroy block pos: class_2338{x=1106, y=68, z=588} class_2338{x=1106, y=67, z=589}
[05:14:10] [Server thread/WARN]: Mismatch in destroy block pos: class_2338{x=1104, y=69, z=595} class_2338{x=1103, y=68, z=593}
[05:14:13] [Server thread/INFO]: [Ya_Im_Andrew: Successfully filled 4163 blocks]
[05:14:13] [Server thread/WARN]: Mismatch in destroy block pos: class_2338{x=1100, y=69, z=591} class_2338{x=1101, y=69, z=591}
[05:15:15] [Server thread/INFO]: [Ya_Im_Andrew: Successfully filled 3816 blocks]
[05:15:32] [Server thread/WARN]: Mismatch in destroy block pos: class_2338{x=1061, y=69, z=574} class_2338{x=1063, y=68, z=576}
[05:16:22] [Server thread/INFO]: [Ya_Im_Andrew: Successfully filled 584 blocks]
[05:16:42] [Server thread/WARN]: Mismatch in destroy block pos: class_2338{x=1097, y=69, z=606} class_2338{x=1097, y=68, z=605}
[05:17:11] [Server thread/INFO]: [Ya_Im_Andrew: Successfully filled 11066 blocks]
[05:18:55] [Server thread/WARN]: Mismatch in destroy block pos: class_2338{x=1088, y=69, z=554} class_2338{x=1086, y=68, z=559}
[05:18:55] [Server thread/WARN]: Mismatch in destroy block pos: class_2338{x=1088, y=69, z=554} class_2338{x=1086, y=68, z=559}
[05:18:55] [Server thread/WARN]: Mismatch in destroy block pos: class_2338{x=1088, y=69, z=554} class_2338{x=1086, y=68, z=559}
[05:19:01] [Server thread/INFO]: [Ya_Im_Andrew: Successfully filled 1790 blocks]
[05:19:10] [Server thread/INFO]: [Ya_Im_Andrew: Successfully filled 12519 blocks]
[05:20:03] [Server thread/INFO]: [Ya_Im_Andrew: Successfully filled 7985 blocks]
[05:20:53] [Server thread/INFO]: [Ya_Im_Andrew: Successfully filled 5584 blocks]
[05:21:48] [Server thread/INFO]: [Ya_Im_Andrew: Successfully filled 2512 blocks]
[05:22:51] [Server thread/INFO]: [Ya_Im_Andrew: Successfully filled 8991 blocks]
[05:23:37] [Server thread/INFO]: [Ya_Im_Andrew: Successfully filled 1 blocks]
[05:23:53] [Server thread/INFO]: [Ya_Im_Andrew: Successfully filled 38 blocks]
[05:23:58] [Server thread/WARN]: Mismatch in destroy block pos: class_2338{x=1097, y=75, z=636} class_2338{x=1097, y=75, z=634}
[05:23:58] [Server thread/WARN]: Mismatch in destroy block pos: class_2338{x=1097, y=75, z=636} class_2338{x=1097, y=75, z=634}
[05:23:58] [Server thread/WARN]: Mismatch in destroy block pos: class_2338{x=1097, y=75, z=636} class_2338{x=1097, y=75, z=634}
[05:23:58] [Server thread/WARN]: Mismatch in destroy block pos: class_2338{x=1095, y=75, z=633} class_2338{x=1097, y=75, z=634}
[05:23:58] [Server thread/WARN]: Mismatch in destroy block pos: class_2338{x=1095, y=75, z=633} class_2338{x=1097, y=75, z=634}
[05:24:00] [Server thread/WARN]: Mismatch in destroy block pos: class_2338{x=1099, y=75, z=632} class_2338{x=1098, y=74, z=632}
[05:24:00] [Server thread/WARN]: Mismatch in destroy block pos: class_2338{x=1099, y=75, z=632} class_2338{x=1098, y=74, z=632}
[05:24:02] [Server thread/INFO]: [Ya_Im_Andrew: Successfully filled 2 blocks]
[05:24:04] [Server thread/WARN]: Mismatch in destroy block pos: class_2338{x=1094, y=76, z=628} class_2338{x=1092, y=75, z=631}
[05:24:20] [Server thread/INFO]: [Ya_Im_Andrew: Successfully filled 271 blocks]
[05:24:25] [Server thread/INFO]: [Ya_Im_Andrew: Successfully filled 60 blocks]
[05:24:27] [Server thread/INFO]: [Ya_Im_Andrew: Successfully filled 54 blocks]
[05:24:28] [Server thread/INFO]: [Ya_Im_Andrew: Successfully filled 41 blocks]
[05:24:30] [Server thread/INFO]: [Ya_Im_Andrew: Successfully filled 8 blocks]
[05:25:42] [Server thread/INFO]: [Ya_Im_Andrew: Successfully filled 3249 blocks]
[05:25:46] [Server thread/INFO]: [Ya_Im_Andrew: Successfully filled 513 blocks]
[05:25:48] [Server thread/INFO]: [Ya_Im_Andrew: Successfully filled 368 blocks]
[05:25:49] [Server thread/INFO]: [Ya_Im_Andrew: Successfully filled 254 blocks]
[05:25:50] [Server thread/INFO]: [Ya_Im_Andrew: Successfully filled 7 blocks]
[05:26:07] [Server thread/WARN]: Mismatch in destroy block pos: class_2338{x=1074, y=76, z=614} class_2338{x=1075, y=76, z=613}
[05:26:07] [Server thread/WARN]: Mismatch in destroy block pos: class_2338{x=1074, y=76, z=614} class_2338{x=1075, y=76, z=613}
[05:26:08] [Server thread/WARN]: Mismatch in destroy block pos: class_2338{x=1074, y=76, z=614} class_2338{x=1075, y=76, z=613}
[05:26:08] [Server thread/WARN]: Mismatch in destroy block pos: class_2338{x=1074, y=76, z=614} class_2338{x=1075, y=76, z=613}
[05:26:08] [Server thread/WARN]: Mismatch in destroy block pos: class_2338{x=1074, y=76, z=614} class_2338{x=1075, y=76, z=613}
[05:26:08] [Server thread/WARN]: Mismatch in destroy block pos: class_2338{x=1074, y=76, z=614} class_2338{x=1075, y=76, z=613}
[05:26:08] [Server thread/WARN]: Mismatch in destroy block pos: class_2338{x=1074, y=76, z=614} class_2338{x=1075, y=76, z=613}
[05:26:08] [Server thread/WARN]: Mismatch in destroy block pos: class_2338{x=1074, y=76, z=614} class_2338{x=1075, y=76, z=613}
[05:26:08] [Server thread/WARN]: Mismatch in destroy block pos: class_2338{x=1074, y=76, z=614} class_2338{x=1075, y=76, z=613}
[05:26:08] [Server thread/WARN]: Mismatch in destroy block pos: class_2338{x=1074, y=76, z=614} class_2338{x=1075, y=76, z=613}
[05:26:08] [Server thread/WARN]: Mismatch in destroy block pos: class_2338{x=1074, y=76, z=614} class_2338{x=1075, y=76, z=613}
[05:26:27] [Server thread/WARN]: Mismatch in destroy block pos: class_2338{x=1067, y=76, z=611} class_2338{x=1063, y=77, z=608}
[05:26:38] [Server thread/WARN]: Fetching packet for removed entity class_1542['Sand'/93932, l='ServerLevel[ZaWarudo]', x=1060.62, y=77.00, z=616.35]
[05:26:49] [Server thread/WARN]: Fetching packet for removed entity class_1542['Sand'/94222, l='ServerLevel[ZaWarudo]', x=1060.27, y=76.91, z=632.83]
[05:26:53] [Server thread/INFO]: [Ya_Im_Andrew: Successfully filled 62 blocks]
[05:26:55] [Server thread/INFO]: [Ya_Im_Andrew: Successfully filled 61 blocks]
[05:26:59] [Server thread/INFO]: [Ya_Im_Andrew: Successfully filled 50 blocks]
[05:27:00] [Server thread/INFO]: [Ya_Im_Andrew: Successfully filled 43 blocks]
[05:27:02] [Server thread/INFO]: [Ya_Im_Andrew: Successfully filled 40 blocks]
[05:27:03] [Server thread/INFO]: [Ya_Im_Andrew: Successfully filled 35 blocks]
[05:27:04] [Server thread/INFO]: [Ya_Im_Andrew: Successfully filled 35 blocks]
[05:27:09] [Server thread/INFO]: [Ya_Im_Andrew: Successfully filled 35 blocks]
[05:27:16] [Server thread/INFO]: [Ya_Im_Andrew: Successfully filled 35 blocks]
[05:27:18] [Server thread/INFO]: [Ya_Im_Andrew: Successfully filled 35 blocks]
[05:27:18] [Server thread/INFO]: [Ya_Im_Andrew: Successfully filled 32 blocks]
[05:27:19] [Server thread/INFO]: [Ya_Im_Andrew: Successfully filled 12 blocks]
[05:27:20] [Server thread/INFO]: [Ya_Im_Andrew: Successfully filled 1 blocks]
[05:27:21] [Server thread/INFO]: [Ya_Im_Andrew: Successfully filled 1 blocks]
[05:27:22] [Server thread/INFO]: [Ya_Im_Andrew: Successfully filled 1 blocks]
[05:27:23] [Server thread/INFO]: [Ya_Im_Andrew: Successfully filled 1 blocks]
[05:27:24] [Server thread/INFO]: [Ya_Im_Andrew: Successfully filled 1 blocks]
[05:27:24] [Server thread/INFO]: [Ya_Im_Andrew: Successfully filled 1 blocks]
[05:28:21] [Server thread/INFO]: [Ya_Im_Andrew: Successfully filled 1202 blocks]
[05:28:26] [Server thread/INFO]: [Ya_Im_Andrew: Successfully filled 5 blocks]
[05:28:53] [Server thread/WARN]: Mismatch in destroy block pos: class_2338{x=1036, y=78, z=633} class_2338{x=1036, y=77, z=634}
[05:28:53] [Server thread/WARN]: Mismatch in destroy block pos: class_2338{x=1036, y=78, z=633} class_2338{x=1036, y=77, z=634}
[05:28:58] [Server thread/INFO]: [Ya_Im_Andrew: Successfully filled 3659 blocks]
[05:29:12] [Server thread/WARN]: Mismatch in destroy block pos: class_2338{x=1050, y=78, z=644} class_2338{x=1050, y=77, z=645}
[05:29:12] [Server thread/WARN]: Mismatch in destroy block pos: class_2338{x=1050, y=78, z=644} class_2338{x=1050, y=77, z=645}
[05:29:12] [Server thread/WARN]: Mismatch in destroy block pos: class_2338{x=1050, y=78, z=644} class_2338{x=1050, y=77, z=645}
[05:29:12] [Server thread/WARN]: Mismatch in destroy block pos: class_2338{x=1050, y=78, z=644} class_2338{x=1050, y=77, z=645}
[05:29:38] [Server thread/INFO]: [Ya_Im_Andrew: Successfully filled 2518 blocks]
[05:29:50] [Server thread/INFO]: [Ya_Im_Andrew: Successfully filled 822 blocks]
[05:30:30] [Server thread/WARN]: Mismatch in destroy block pos: class_2338{x=1026, y=78, z=668} class_2338{x=1024, y=78, z=668}
[05:30:33] [Server thread/INFO]: [Ya_Im_Andrew: Successfully filled 30 blocks]
[05:30:38] [Server thread/WARN]: Fetching packet for removed entity class_1542['Sandstone'/99319, l='ServerLevel[ZaWarudo]', x=1027.12, y=77.64, z=667.08]
[05:31:26] [Server thread/INFO]: [Ya_Im_Andrew: Successfully filled 30 blocks]
[05:31:46] [Server thread/INFO]: [Ya_Im_Andrew: Successfully filled 238 blocks]
[05:31:55] [Server thread/WARN]: Mismatch in destroy block pos: class_2338{x=1047, y=73, z=687} class_2338{x=1046, y=73, z=687}
[05:31:55] [Server thread/WARN]: Mismatch in destroy block pos: class_2338{x=1047, y=73, z=687} class_2338{x=1046, y=73, z=687}
[05:31:55] [Server thread/WARN]: Mismatch in destroy block pos: class_2338{x=1047, y=73, z=687} class_2338{x=1046, y=73, z=687}
[05:31:55] [Server thread/WARN]: Mismatch in destroy block pos: class_2338{x=1047, y=73, z=687} class_2338{x=1046, y=73, z=687}
[05:31:55] [Server thread/WARN]: Mismatch in destroy block pos: class_2338{x=1047, y=73, z=687} class_2338{x=1046, y=73, z=687}
[05:31:55] [Server thread/WARN]: Mismatch in destroy block pos: class_2338{x=1047, y=73, z=687} class_2338{x=1046, y=73, z=687}
[05:32:02] [Server thread/WARN]: Mismatch in destroy block pos: class_2338{x=1046, y=72, z=687} class_2338{x=1044, y=71, z=687}
[05:32:05] [Server thread/INFO]: [Ya_Im_Andrew: Successfully filled 208 blocks]
[05:32:23] [Server thread/INFO]: [Ya_Im_Andrew: Successfully filled 2881 blocks]
[05:33:47] [Server thread/INFO]: [Ya_Im_Andrew: Successfully filled 7035 blocks]
[05:34:07] [Server thread/INFO]: [Ya_Im_Andrew: Successfully filled 579 blocks]
[05:34:56] [Server thread/INFO]: [Ya_Im_Andrew: Successfully filled 6755 blocks]
[05:35:06] [Server thread/INFO]: [Ya_Im_Andrew: Successfully filled 238 blocks]
[05:35:27] [Server thread/INFO]: [Ya_Im_Andrew: Successfully filled 383 blocks]
[05:35:56] [Server thread/INFO]: [Ya_Im_Andrew: Successfully filled 893 blocks]
[05:36:06] [Server thread/INFO]: [Ya_Im_Andrew: Successfully filled 2169 blocks]
[05:36:22] [Server thread/INFO]: [Ya_Im_Andrew: Successfully filled 2679 blocks]
[05:38:23] [Server thread/INFO]: [Ya_Im_Andrew: Successfully filled 8292 blocks]
[05:38:27] [Server thread/INFO]: [Ya_Im_Andrew: Successfully filled 870 blocks]
[05:38:28] [Server thread/INFO]: [Ya_Im_Andrew: Successfully filled 762 blocks]
[05:38:30] [Server thread/INFO]: [Ya_Im_Andrew: Successfully filled 783 blocks]
[05:38:31] [Server thread/INFO]: [Ya_Im_Andrew: Successfully filled 737 blocks]
[05:38:32] [Server thread/INFO]: [Ya_Im_Andrew: Successfully filled 720 blocks]
[05:38:34] [Server thread/INFO]: [Ya_Im_Andrew: Successfully filled 670 blocks]
[05:38:35] [Server thread/INFO]: [Ya_Im_Andrew: Successfully filled 582 blocks]
[05:38:36] [Server thread/INFO]: [Ya_Im_Andrew: Successfully filled 515 blocks]
[05:38:39] [Server thread/INFO]: [Ya_Im_Andrew: Successfully filled 352 blocks]
[05:38:40] [Server thread/INFO]: [Ya_Im_Andrew: Successfully filled 308 blocks]
[05:38:41] [Server thread/INFO]: [Ya_Im_Andrew: Successfully filled 258 blocks]
[05:38:47] [Server thread/INFO]: [Ya_Im_Andrew: Successfully filled 210 blocks]
[05:38:48] [Server thread/INFO]: [Ya_Im_Andrew: Successfully filled 170 blocks]
[05:38:49] [Server thread/INFO]: [Ya_Im_Andrew: Successfully filled 173 blocks]
[05:38:50] [Server thread/INFO]: [Ya_Im_Andrew: Successfully filled 174 blocks]
[05:38:55] [Server thread/INFO]: [Ya_Im_Andrew: Successfully filled 146 blocks]
[05:38:57] [Server thread/INFO]: [Ya_Im_Andrew: Successfully filled 105 blocks]
[05:38:59] [Server thread/INFO]: [Ya_Im_Andrew: Successfully filled 71 blocks]
[05:39:00] [Server thread/INFO]: [Ya_Im_Andrew: Successfully filled 50 blocks]
[05:39:01] [Server thread/INFO]: [Ya_Im_Andrew: Successfully filled 44 blocks]
[05:39:02] [Server thread/INFO]: [Ya_Im_Andrew: Successfully filled 38 blocks]
[05:39:03] [Server thread/INFO]: [Ya_Im_Andrew: Successfully filled 38 blocks]
[05:39:05] [Server thread/INFO]: [Ya_Im_Andrew: Successfully filled 37 blocks]
[05:39:06] [Server thread/INFO]: [Ya_Im_Andrew: Successfully filled 41 blocks]
[05:39:07] [Server thread/INFO]: [Ya_Im_Andrew: Successfully filled 40 blocks]
[05:39:08] [Server thread/INFO]: [Ya_Im_Andrew: Successfully filled 40 blocks]
[05:39:11] [Server thread/INFO]: [Ya_Im_Andrew: Successfully filled 37 blocks]
[05:39:12] [Server thread/INFO]: [Ya_Im_Andrew: Successfully filled 32 blocks]
[05:39:13] [Server thread/INFO]: [Ya_Im_Andrew: Successfully filled 32 blocks]
[05:39:14] [Server thread/INFO]: [Ya_Im_Andrew: Successfully filled 32 blocks]
[05:39:14] [Server thread/INFO]: [Ya_Im_Andrew: Successfully filled 32 blocks]
[05:39:15] [Server thread/INFO]: [Ya_Im_Andrew: Successfully filled 32 blocks]
[05:39:16] [Server thread/INFO]: [Ya_Im_Andrew: Successfully filled 32 blocks]
[05:39:18] [Server thread/INFO]: [Ya_Im_Andrew: Successfully filled 4 blocks]
[05:39:20] [Server thread/INFO]: [Ya_Im_Andrew: Successfully filled 4 blocks]
[05:39:50] [Server thread/INFO]: [Ya_Im_Andrew: Successfully filled 2380 blocks]
[05:40:31] [Server thread/INFO]: [Ya_Im_Andrew: Successfully filled 3512 blocks]
[05:40:34] [Server thread/INFO]: [Ya_Im_Andrew: Successfully filled 2782 blocks]
[05:40:36] [Server thread/INFO]: [Ya_Im_Andrew: Successfully filled 2035 blocks]
[05:40:37] [Server thread/INFO]: [Ya_Im_Andrew: Successfully filled 1530 blocks]
[05:40:39] [Server thread/INFO]: [Ya_Im_Andrew: Successfully filled 726 blocks]
[05:40:40] [Server thread/INFO]: [Ya_Im_Andrew: Successfully filled 142 blocks]
[05:40:45] [Server thread/INFO]: [Ya_Im_Andrew: Successfully filled 36 blocks]
[05:40:47] [Server thread/INFO]: [Ya_Im_Andrew: Successfully filled 36 blocks]
[05:40:48] [Server thread/INFO]: [Ya_Im_Andrew: Successfully filled 36 blocks]
[05:40:48] [Server thread/INFO]: [Ya_Im_Andrew: Successfully filled 36 blocks]
[05:40:49] [Server thread/INFO]: [Ya_Im_Andrew: Successfully filled 36 blocks]
[05:40:50] [Server thread/INFO]: [Ya_Im_Andrew: Successfully filled 36 blocks]
[05:40:51] [Server thread/INFO]: [Ya_Im_Andrew: Successfully filled 36 blocks]
[05:40:53] [Server thread/INFO]: [Ya_Im_Andrew: Successfully filled 36 blocks]
[05:40:54] [Server thread/INFO]: [Ya_Im_Andrew: Successfully filled 36 blocks]
[05:40:54] [Server thread/INFO]: [Ya_Im_Andrew: Successfully filled 36 blocks]
[05:40:55] [Server thread/INFO]: [Ya_Im_Andrew: Successfully filled 36 blocks]
[05:40:56] [Server thread/INFO]: [Ya_Im_Andrew: Successfully filled 31 blocks]
[05:40:57] [Server thread/INFO]: [Ya_Im_Andrew: Successfully filled 31 blocks]
[05:40:59] [Server thread/INFO]: [Ya_Im_Andrew: Successfully filled 31 blocks]
[05:41:00] [Server thread/INFO]: [Ya_Im_Andrew: Successfully filled 31 blocks]
[05:41:01] [Server thread/INFO]: [Ya_Im_Andrew: Successfully filled 31 blocks]
[05:41:01] [Server thread/INFO]: [Ya_Im_Andrew: Successfully filled 31 blocks]
[05:41:02] [Server thread/INFO]: [Ya_Im_Andrew: Successfully filled 31 blocks]
[05:41:03] [Server thread/INFO]: [Ya_Im_Andrew: Successfully filled 31 blocks]
[05:41:04] [Server thread/INFO]: [Ya_Im_Andrew: Successfully filled 31 blocks]
[05:41:05] [Server thread/INFO]: [Ya_Im_Andrew: Successfully filled 31 blocks]
[05:41:06] [Server thread/INFO]: [Ya_Im_Andrew: Successfully filled 31 blocks]
[05:41:06] [Server thread/INFO]: [Ya_Im_Andrew: Successfully filled 31 blocks]
[05:41:07] [Server thread/INFO]: [Ya_Im_Andrew: Successfully filled 31 blocks]
[05:41:08] [Server thread/INFO]: [Ya_Im_Andrew: Successfully filled 31 blocks]
[05:41:08] [Server thread/INFO]: [Ya_Im_Andrew: Successfully filled 28 blocks]
[05:41:09] [Server thread/INFO]: [Ya_Im_Andrew: Successfully filled 28 blocks]
[05:41:20] [Server thread/WARN]: Mismatch in destroy block pos: class_2338{x=945, y=72, z=668} class_2338{x=947, y=70, z=669}
[05:41:23] [Server thread/WARN]: Mismatch in destroy block pos: class_2338{x=948, y=71, z=671} class_2338{x=950, y=71, z=671}
[05:41:56] [Server thread/INFO]: [Ya_Im_Andrew: Successfully filled 1650 blocks]
[05:41:59] [Server thread/INFO]: [Ya_Im_Andrew: Successfully filled 525 blocks]
[05:42:01] [Server thread/INFO]: [Ya_Im_Andrew: Successfully filled 60 blocks]
[05:42:02] [Server thread/INFO]: [Ya_Im_Andrew: Successfully filled 49 blocks]
[05:42:03] [Server thread/INFO]: [Ya_Im_Andrew: Successfully filled 31 blocks]
[05:42:03] [Server thread/INFO]: [Ya_Im_Andrew: Successfully filled 22 blocks]
[05:42:04] [Server thread/INFO]: [Ya_Im_Andrew: Successfully filled 25 blocks]
[05:42:05] [Server thread/INFO]: [Ya_Im_Andrew: Successfully filled 25 blocks]
[05:42:05] [Server thread/INFO]: [Ya_Im_Andrew: Successfully filled 15 blocks]
[05:42:06] [Server thread/INFO]: [Ya_Im_Andrew: Successfully filled 13 blocks]
[05:42:07] [Server thread/INFO]: [Ya_Im_Andrew: Successfully filled 7 blocks]
[05:42:08] [Server thread/INFO]: [Ya_Im_Andrew: Successfully filled 5 blocks]
[05:42:10] [Server thread/INFO]: [Ya_Im_Andrew: Successfully filled 1 blocks]
[05:42:48] [Server thread/WARN]: Mismatch in destroy block pos: class_2338{x=965, y=71, z=686} class_2338{x=964, y=70, z=686}
[05:42:50] [Server thread/INFO]: [Ya_Im_Andrew: Successfully filled 1566 blocks]
[05:42:53] [Server thread/INFO]: [Ya_Im_Andrew: Successfully filled 92 blocks]
[05:42:54] [Server thread/INFO]: [Ya_Im_Andrew: Successfully filled 83 blocks]
[05:42:54] [Server thread/INFO]: [Ya_Im_Andrew: Successfully filled 67 blocks]
[05:42:55] [Server thread/INFO]: [Ya_Im_Andrew: Successfully filled 45 blocks]
[05:42:56] [Server thread/INFO]: [Ya_Im_Andrew: Successfully filled 6 blocks]
[05:42:56] [Server thread/INFO]: [Ya_Im_Andrew: Successfully filled 2 blocks]
[05:42:57] [Server thread/INFO]: [Ya_Im_Andrew: Successfully filled 1 blocks]
[05:43:33] [Server thread/INFO]: [Ya_Im_Andrew: Successfully filled 11 blocks]
[05:43:42] [Server thread/INFO]: [Ya_Im_Andrew: Successfully filled 3 blocks]
[05:45:39] [Server thread/INFO]: Ya_Im_Andrew lost connection: Disconnected
[05:45:39] [Server thread/INFO]: Ya_Im_Andrew left the game
[05:45:59] [Server thread/WARN]: Mismatch in destroy block pos: class_2338{x=946, y=70, z=667} class_2338{x=948, y=70, z=666}
[05:45:59] [Server thread/WARN]: Mismatch in destroy block pos: class_2338{x=946, y=70, z=667} class_2338{x=948, y=70, z=666}
[05:45:59] [Server thread/WARN]: Mismatch in destroy block pos: class_2338{x=946, y=70, z=667} class_2338{x=948, y=70, z=666}
[05:45:59] [Server thread/WARN]: Mismatch in destroy block pos: class_2338{x=946, y=70, z=667} class_2338{x=948, y=70, z=666}
[05:46:23] [Server thread/WARN]: Mismatch in destroy block pos: class_2338{x=967, y=69, z=681} class_2338{x=966, y=68, z=682}
[05:48:50] [Server thread/WARN]: Mismatch in destroy block pos: class_2338{x=967, y=70, z=656} class_2338{x=966, y=70, z=657}
[05:48:50] [Server thread/WARN]: Mismatch in destroy block pos: class_2338{x=967, y=70, z=656} class_2338{x=966, y=70, z=657}
[05:48:51] [Server thread/WARN]: Mismatch in destroy block pos: class_2338{x=967, y=70, z=658} class_2338{x=966, y=70, z=657}
[06:02:37] [Server thread/INFO]: [tomisherio: Set own game mode to Spectator Mode]
[06:02:54] [Server thread/INFO]: [tomisherio: Set own game mode to Survival Mode]
[06:54:40] [Server thread/WARN]: Mismatch in destroy block pos: class_2338{x=1057, y=78, z=668} class_2338{x=1057, y=77, z=669}
[06:54:40] [Server thread/WARN]: Mismatch in destroy block pos: class_2338{x=1057, y=78, z=668} class_2338{x=1057, y=77, z=669}
[06:54:41] [Server thread/WARN]: Mismatch in destroy block pos: class_2338{x=1057, y=78, z=668} class_2338{x=1057, y=77, z=669}
[06:54:44] [Server thread/WARN]: Mismatch in destroy block pos: class_2338{x=1059, y=78, z=674} class_2338{x=1059, y=77, z=675}
[06:56:35] [Server thread/WARN]: Mismatch in destroy block pos: class_2338{x=1054, y=70, z=602} class_2338{x=1053, y=68, z=602}
[06:56:37] [Server thread/WARN]: Mismatch in destroy block pos: class_2338{x=1056, y=70, z=601} class_2338{x=1057, y=68, z=602}
[06:57:12] [Server thread/WARN]: Mismatch in destroy block pos: class_2338{x=1039, y=71, z=599} class_2338{x=1038, y=69, z=599}
[06:57:12] [Server thread/WARN]: Mismatch in destroy block pos: class_2338{x=1039, y=71, z=599} class_2338{x=1038, y=69, z=599}
[06:57:12] [Server thread/WARN]: Mismatch in destroy block pos: class_2338{x=1039, y=71, z=599} class_2338{x=1038, y=69, z=599}
[06:57:12] [Server thread/WARN]: Mismatch in destroy block pos: class_2338{x=1039, y=71, z=599} class_2338{x=1038, y=69, z=599}
[06:57:12] [Server thread/WARN]: Mismatch in destroy block pos: class_2338{x=1039, y=71, z=599} class_2338{x=1038, y=69, z=599}
[06:57:27] [Server thread/WARN]: Mismatch in destroy block pos: class_2338{x=1038, y=72, z=595} class_2338{x=1038, y=71, z=594}
[06:57:44] [Server thread/WARN]: Mismatch in destroy block pos: class_2338{x=1050, y=70, z=597} class_2338{x=1051, y=68, z=598}
[06:57:44] [Server thread/WARN]: Mismatch in destroy block pos: class_2338{x=1050, y=70, z=597} class_2338{x=1051, y=68, z=598}
[07:00:03] [Server thread/WARN]: Mismatch in destroy block pos: class_2338{x=1033, y=75, z=640} class_2338{x=1033, y=75, z=641}
[07:00:42] [Server thread/WARN]: Mismatch in destroy block pos: class_2338{x=1044, y=72, z=579} class_2338{x=1044, y=72, z=578}
[07:00:42] [Server thread/WARN]: Mismatch in destroy block pos: class_2338{x=1044, y=72, z=579} class_2338{x=1044, y=72, z=578}
[07:00:42] [Server thread/WARN]: Mismatch in destroy block pos: class_2338{x=1044, y=72, z=579} class_2338{x=1044, y=72, z=578}
[07:00:42] [Server thread/WARN]: Mismatch in destroy block pos: class_2338{x=1044, y=72, z=579} class_2338{x=1044, y=72, z=578}
[07:00:43] [Server thread/WARN]: Mismatch in destroy block pos: class_2338{x=1044, y=72, z=579} class_2338{x=1044, y=72, z=578}
[07:00:43] [Server thread/WARN]: Mismatch in destroy block pos: class_2338{x=1044, y=72, z=579} class_2338{x=1044, y=72, z=578}
[07:00:43] [Server thread/WARN]: Mismatch in destroy block pos: class_2338{x=1044, y=72, z=579} class_2338{x=1044, y=72, z=578}
[07:00:43] [Server thread/WARN]: Mismatch in destroy block pos: class_2338{x=1044, y=72, z=579} class_2338{x=1044, y=72, z=578}
[07:00:43] [Server thread/WARN]: Mismatch in destroy block pos: class_2338{x=1044, y=72, z=579} class_2338{x=1044, y=72, z=578}
[07:00:43] [Server thread/WARN]: Mismatch in destroy block pos: class_2338{x=1044, y=72, z=579} class_2338{x=1044, y=72, z=578}
[07:03:40] [Server thread/WARN]: Mismatch in destroy block pos: class_2338{x=1020, y=76, z=621} class_2338{x=1020, y=75, z=620}
[07:04:32] [Server thread/WARN]: Mismatch in destroy block pos: class_2338{x=1065, y=76, z=608} class_2338{x=1065, y=75, z=611}
[07:08:29] [Server thread/WARN]: Mismatch in destroy block pos: class_2338{x=945, y=69, z=684} class_2338{x=947, y=69, z=682}
[07:11:55] [Server thread/WARN]: Mismatch in destroy block pos: class_2338{x=1022, y=69, z=603} class_2338{x=1020, y=68, z=604}
[07:12:14] [Server thread/WARN]: Mismatch in destroy block pos: class_2338{x=1038, y=69, z=571} class_2338{x=1036, y=68, z=573}
[07:12:14] [Server thread/WARN]: Mismatch in destroy block pos: class_2338{x=1038, y=69, z=571} class_2338{x=1036, y=68, z=573}
[07:12:14] [Server thread/WARN]: Mismatch in destroy block pos: class_2338{x=1038, y=69, z=571} class_2338{x=1036, y=68, z=573}
[07:12:14] [Server thread/WARN]: Mismatch in destroy block pos: class_2338{x=1038, y=69, z=571} class_2338{x=1036, y=68, z=573}
[07:12:14] [Server thread/WARN]: Mismatch in destroy block pos: class_2338{x=1038, y=69, z=571} class_2338{x=1036, y=68, z=573}
[07:12:14] [Server thread/WARN]: Mismatch in destroy block pos: class_2338{x=1038, y=69, z=571} class_2338{x=1036, y=68, z=573}
[07:13:28] [Server thread/WARN]: Mismatch in destroy block pos: class_2338{x=954, y=68, z=607} class_2338{x=954, y=68, z=608}
[07:13:28] [Server thread/WARN]: Mismatch in destroy block pos: class_2338{x=954, y=68, z=607} class_2338{x=954, y=68, z=608}
[07:13:28] [Server thread/WARN]: Mismatch in destroy block pos: class_2338{x=954, y=68, z=607} class_2338{x=954, y=68, z=608}
[07:14:58] [Server thread/WARN]: Mismatch in destroy block pos: class_2338{x=1053, y=69, z=594} class_2338{x=1051, y=68, z=595}
[07:14:58] [Server thread/WARN]: Mismatch in destroy block pos: class_2338{x=1053, y=69, z=594} class_2338{x=1051, y=68, z=595}
[07:14:58] [Server thread/WARN]: Mismatch in destroy block pos: class_2338{x=1053, y=69, z=594} class_2338{x=1051, y=68, z=595}
[07:14:58] [Server thread/WARN]: Mismatch in destroy block pos: class_2338{x=1053, y=69, z=594} class_2338{x=1051, y=68, z=595}
[07:14:58] [Server thread/WARN]: Mismatch in destroy block pos: class_2338{x=1053, y=69, z=594} class_2338{x=1051, y=68, z=595}
[07:19:10] [Server thread/WARN]: Mismatch in destroy block pos: class_2338{x=1042, y=71, z=576} class_2338{x=1042, y=70, z=578}
[07:19:10] [Server thread/WARN]: Mismatch in destroy block pos: class_2338{x=1042, y=71, z=576} class_2338{x=1042, y=70, z=578}
[07:19:10] [Server thread/WARN]: Mismatch in destroy block pos: class_2338{x=1042, y=71, z=576} class_2338{x=1042, y=70, z=578}
[07:19:10] [Server thread/WARN]: Mismatch in destroy block pos: class_2338{x=1042, y=71, z=576} class_2338{x=1042, y=70, z=578}
[07:19:10] [Server thread/WARN]: Mismatch in destroy block pos: class_2338{x=1042, y=71, z=576} class_2338{x=1042, y=70, z=578}
[07:20:38] [Server thread/WARN]: Mismatch in destroy block pos: class_2338{x=1049, y=69, z=593} class_2338{x=1046, y=68, z=594}
[07:22:53] [Server thread/WARN]: Mismatch in destroy block pos: class_2338{x=968, y=68, z=680} class_2338{x=968, y=68, z=679}
[07:23:03] [Server thread/WARN]: Mismatch in destroy block pos: class_2338{x=977, y=69, z=676} class_2338{x=976, y=68, z=676}
[07:23:24] [Server thread/WARN]: Mismatch in destroy block pos: class_2338{x=969, y=69, z=660} class_2338{x=969, y=68, z=661}
[07:27:00] [Server thread/WARN]: Mismatch in destroy block pos: class_2338{x=952, y=68, z=625} class_2338{x=952, y=68, z=626}
[07:29:20] [Server thread/WARN]: Mismatch in destroy block pos: class_2338{x=969, y=69, z=626} class_2338{x=967, y=68, z=627}
[07:29:23] [Server thread/WARN]: Mismatch in destroy block pos: class_2338{x=967, y=69, z=631} class_2338{x=966, y=69, z=630}
[07:29:24] [Server thread/WARN]: Mismatch in destroy block pos: class_2338{x=965, y=68, z=629} class_2338{x=965, y=68, z=630}
[07:29:24] [Server thread/WARN]: Mismatch in destroy block pos: class_2338{x=965, y=68, z=629} class_2338{x=965, y=68, z=630}
[07:29:24] [Server thread/WARN]: Mismatch in destroy block pos: class_2338{x=965, y=68, z=629} class_2338{x=965, y=68, z=630}
[07:29:24] [Server thread/WARN]: Mismatch in destroy block pos: class_2338{x=965, y=68, z=629} class_2338{x=965, y=68, z=630}
[07:29:24] [Server thread/WARN]: Mismatch in destroy block pos: class_2338{x=965, y=68, z=629} class_2338{x=965, y=68, z=630}
[07:29:24] [Server thread/WARN]: Mismatch in destroy block pos: class_2338{x=965, y=68, z=629} class_2338{x=965, y=68, z=630}
[07:29:24] [Server thread/WARN]: Mismatch in destroy block pos: class_2338{x=965, y=68, z=629} class_2338{x=965, y=68, z=630}
[07:29:24] [Server thread/WARN]: Mismatch in destroy block pos: class_2338{x=965, y=68, z=629} class_2338{x=965, y=68, z=630}
[07:29:24] [Server thread/WARN]: Mismatch in destroy block pos: class_2338{x=965, y=68, z=629} class_2338{x=965, y=68, z=630}
[07:29:24] [Server thread/WARN]: Mismatch in destroy block pos: class_2338{x=965, y=68, z=629} class_2338{x=965, y=68, z=630}
[07:29:24] [Server thread/WARN]: Mismatch in destroy block pos: class_2338{x=965, y=68, z=629} class_2338{x=965, y=68, z=630}
[07:29:24] [Server thread/WARN]: Mismatch in destroy block pos: class_2338{x=965, y=68, z=629} class_2338{x=965, y=68, z=630}
[07:30:39] [Server thread/WARN]: Mismatch in destroy block pos: class_2338{x=1061, y=76, z=683} class_2338{x=1060, y=75, z=683}
[07:31:05] [Server thread/WARN]: Mismatch in destroy block pos: class_2338{x=969, y=69, z=645} class_2338{x=967, y=68, z=646}
[07:31:05] [Server thread/WARN]: Mismatch in destroy block pos: class_2338{x=969, y=69, z=645} class_2338{x=967, y=68, z=646}
[07:31:05] [Server thread/WARN]: Mismatch in destroy block pos: class_2338{x=969, y=69, z=645} class_2338{x=967, y=68, z=646}
[07:31:05] [Server thread/WARN]: Mismatch in destroy block pos: class_2338{x=969, y=69, z=645} class_2338{x=967, y=68, z=646}
[07:31:05] [Server thread/WARN]: Mismatch in destroy block pos: class_2338{x=969, y=69, z=645} class_2338{x=967, y=68, z=646}
[07:31:05] [Server thread/WARN]: Mismatch in destroy block pos: class_2338{x=969, y=69, z=645} class_2338{x=967, y=68, z=646}
[07:31:05] [Server thread/WARN]: Mismatch in destroy block pos: class_2338{x=969, y=69, z=645} class_2338{x=967, y=68, z=646}
[07:31:05] [Server thread/WARN]: Mismatch in destroy block pos: class_2338{x=969, y=69, z=645} class_2338{x=967, y=68, z=646}
[07:31:05] [Server thread/WARN]: Mismatch in destroy block pos: class_2338{x=969, y=69, z=645} class_2338{x=967, y=68, z=646}
[07:31:05] [Server thread/WARN]: Mismatch in destroy block pos: class_2338{x=969, y=69, z=645} class_2338{x=967, y=68, z=646}
[07:31:05] [Server thread/WARN]: Mismatch in destroy block pos: class_2338{x=969, y=69, z=645} class_2338{x=967, y=68, z=646}
[07:31:05] [Server thread/WARN]: Mismatch in destroy block pos: class_2338{x=969, y=69, z=645} class_2338{x=967, y=68, z=646}
[07:31:05] [Server thread/WARN]: Mismatch in destroy block pos: class_2338{x=969, y=69, z=645} class_2338{x=967, y=68, z=646}
[07:31:05] [Server thread/WARN]: Mismatch in destroy block pos: class_2338{x=969, y=69, z=645} class_2338{x=967, y=68, z=646}
[07:31:06] [Server thread/WARN]: Mismatch in destroy block pos: class_2338{x=969, y=69, z=645} class_2338{x=967, y=68, z=646}
[07:31:06] [Server thread/WARN]: Mismatch in destroy block pos: class_2338{x=969, y=69, z=645} class_2338{x=967, y=68, z=646}
[07:31:06] [Server thread/WARN]: Mismatch in destroy block pos: class_2338{x=969, y=69, z=645} class_2338{x=967, y=68, z=646}
[07:31:06] [Server thread/WARN]: Mismatch in destroy block pos: class_2338{x=969, y=69, z=645} class_2338{x=967, y=68, z=646}
[07:31:06] [Server thread/WARN]: Mismatch in destroy block pos: class_2338{x=969, y=69, z=645} class_2338{x=967, y=68, z=646}
[07:31:06] [Server thread/WARN]: Mismatch in destroy block pos: class_2338{x=969, y=69, z=645} class_2338{x=967, y=68, z=646}
[07:31:34] [Server thread/WARN]: Mismatch in destroy block pos: class_2338{x=974, y=69, z=640} class_2338{x=973, y=68, z=640}
[07:38:01] [Server thread/WARN]: Mismatch in destroy block pos: class_2338{x=1060, y=76, z=630} class_2338{x=1061, y=74, z=630}
[07:38:09] [Server thread/WARN]: Mismatch in destroy block pos: class_2338{x=1071, y=74, z=630} class_2338{x=1076, y=74, z=630}
[07:38:10] [Server thread/WARN]: Mismatch in destroy block pos: class_2338{x=1071, y=74, z=630} class_2338{x=1076, y=74, z=630}
[07:38:10] [Server thread/WARN]: Mismatch in destroy block pos: class_2338{x=1071, y=74, z=630} class_2338{x=1076, y=74, z=630}
[07:39:56] [Server thread/WARN]: Mismatch in destroy block pos: class_2338{x=1051, y=80, z=681} class_2338{x=1050, y=78, z=680}
[07:39:56] [Server thread/WARN]: Mismatch in destroy block pos: class_2338{x=1051, y=80, z=681} class_2338{x=1050, y=78, z=680}
[07:39:56] [Server thread/WARN]: Mismatch in destroy block pos: class_2338{x=1051, y=80, z=681} class_2338{x=1050, y=78, z=680}
[07:39:56] [Server thread/WARN]: Mismatch in destroy block pos: class_2338{x=1051, y=80, z=681} class_2338{x=1050, y=78, z=680}
[07:40:37] [Server thread/WARN]: Mismatch in destroy block pos: class_2338{x=1036, y=76, z=626} class_2338{x=1035, y=76, z=627}
[07:40:48] [Server thread/WARN]: Mismatch in destroy block pos: class_2338{x=1061, y=76, z=610} class_2338{x=1061, y=75, z=611}
[07:41:46] [Server thread/WARN]: Mismatch in destroy block pos: class_2338{x=1055, y=76, z=615} class_2338{x=1059, y=76, z=616}
[07:41:50] [Server thread/WARN]: Mismatch in destroy block pos: class_2338{x=1041, y=76, z=615} class_2338{x=1041, y=75, z=616}
[07:43:32] [Server thread/WARN]: tomisherio moved wrongly!
[08:15:16] [Server thread/WARN]: Fetching packet for removed entity class_1542['Air'/271782, l='ServerLevel[ZaWarudo]', x=-339.70, y=198.00, z=-94.70]
[08:46:52] [Server thread/WARN]: Fetching packet for removed entity class_1542['Air'/309094, l='ServerLevel[ZaWarudo]', x=-339.18, y=198.00, z=-94.46]
[08:54:20] [Server thread/WARN]: Fetching packet for removed entity class_1542['Air'/317983, l='ServerLevel[ZaWarudo]', x=-339.70, y=198.00, z=-93.27]
[12:36:19] [Server thread/WARN]: Fetching packet for removed entity class_1542['Air'/582641, l='ServerLevel[ZaWarudo]', x=-339.18, y=198.00, z=-94.70]
[13:15:24] [Server thread/WARN]: Fetching packet for removed entity class_1542['Air'/629252, l='ServerLevel[ZaWarudo]', x=-339.70, y=198.00, z=-94.49]
[21:02:39] [Server thread/WARN]: Fetching packet for removed entity class_1542['Air'/1074007, l='ServerLevel[ZaWarudo]', x=-339.18, y=198.00, z=-92.70]
[21:17:03] [Server thread/WARN]: Mismatch in destroy block pos: class_2338{x=944, y=75, z=452} class_2338{x=944, y=73, z=459}
[21:17:03] [Server thread/WARN]: Mismatch in destroy block pos: class_2338{x=944, y=75, z=452} class_2338{x=944, y=73, z=459}
[21:17:03] [Server thread/WARN]: Mismatch in destroy block pos: class_2338{x=944, y=75, z=452} class_2338{x=944, y=73, z=459}
[21:17:48] [Server thread/WARN]: Mismatch in destroy block pos: class_2338{x=944, y=71, z=457} class_2338{x=944, y=70, z=457}
[21:17:48] [Server thread/WARN]: Mismatch in destroy block pos: class_2338{x=944, y=71, z=457} class_2338{x=944, y=70, z=457}
[21:17:48] [Server thread/WARN]: Mismatch in destroy block pos: class_2338{x=944, y=71, z=457} class_2338{x=944, y=70, z=457}
[21:21:21] [Server thread/WARN]: Mismatch in destroy block pos: class_2338{x=950, y=74, z=450} class_2338{x=949, y=73, z=450}
[21:21:26] [Server thread/WARN]: Mismatch in destroy block pos: class_2338{x=954, y=74, z=447} class_2338{x=950, y=73, z=448}
[21:21:29] [Server thread/WARN]: Mismatch in destroy block pos: class_2338{x=954, y=74, z=443} class_2338{x=950, y=73, z=443}
[21:24:00] [Server thread/WARN]: Mismatch in destroy block pos: class_2338{x=953, y=72, z=449} class_2338{x=952, y=71, z=449}
[21:24:00] [Server thread/WARN]: Mismatch in destroy block pos: class_2338{x=953, y=72, z=449} class_2338{x=952, y=71, z=449}
[21:24:00] [Server thread/WARN]: Mismatch in destroy block pos: class_2338{x=953, y=72, z=449} class_2338{x=952, y=71, z=449}
[21:24:03] [Server thread/WARN]: Mismatch in destroy block pos: class_2338{x=952, y=72, z=452} class_2338{x=951, y=71, z=452}
[21:26:40] [Server thread/WARN]: Mismatch in destroy block pos: class_2338{x=954, y=70, z=438} class_2338{x=953, y=69, z=438}
[21:27:09] [Server thread/WARN]: Mismatch in destroy block pos: class_2338{x=947, y=70, z=466} class_2338{x=948, y=68, z=466}
[21:27:09] [Server thread/WARN]: Mismatch in destroy block pos: class_2338{x=947, y=70, z=466} class_2338{x=948, y=68, z=466}
[21:27:09] [Server thread/WARN]: Mismatch in destroy block pos: class_2338{x=947, y=70, z=466} class_2338{x=948, y=68, z=466}
[21:27:26] [Server thread/WARN]: Mismatch in destroy block pos: class_2338{x=953, y=70, z=444} class_2338{x=954, y=70, z=447}
[21:27:39] [Server thread/WARN]: Mismatch in destroy block pos: class_2338{x=959, y=70, z=448} class_2338{x=960, y=69, z=448}
[21:27:41] [Server thread/WARN]: Mismatch in destroy block pos: class_2338{x=957, y=68, z=457} class_2338{x=957, y=68, z=455}
[21:27:41] [Server thread/WARN]: Mismatch in destroy block pos: class_2338{x=957, y=68, z=457} class_2338{x=957, y=68, z=455}
[21:27:41] [Server thread/WARN]: Mismatch in destroy block pos: class_2338{x=957, y=68, z=457} class_2338{x=957, y=68, z=455}
[21:28:41] [Server thread/WARN]: Mismatch in destroy block pos: class_2338{x=960, y=70, z=453} class_2338{x=962, y=69, z=448}
[21:29:34] [Server thread/WARN]: Mismatch in destroy block pos: class_2338{x=966, y=70, z=446} class_2338{x=967, y=69, z=448}
[21:45:51] [Server thread/WARN]: Mismatch in destroy block pos: class_2338{x=1101, y=71, z=635} class_2338{x=1101, y=69, z=635}
[21:53:23] [Server thread/WARN]: Mismatch in destroy block pos: class_2338{x=1084, y=70, z=604} class_2338{x=1085, y=70, z=604}
[21:53:23] [Server thread/WARN]: Mismatch in destroy block pos: class_2338{x=1084, y=70, z=604} class_2338{x=1085, y=70, z=604}
[21:53:23] [Server thread/WARN]: Mismatch in destroy block pos: class_2338{x=1084, y=70, z=604} class_2338{x=1085, y=70, z=604}
[21:54:04] [Server thread/WARN]: Mismatch in destroy block pos: class_2338{x=1055, y=80, z=686} class_2338{x=1052, y=75, z=687}
[21:54:04] [Server thread/WARN]: Mismatch in destroy block pos: class_2338{x=1055, y=80, z=686} class_2338{x=1052, y=75, z=687}
[21:54:47] [Server thread/WARN]: Mismatch in destroy block pos: class_2338{x=1043, y=70, z=686} class_2338{x=1042, y=69, z=686}
[21:54:49] [Server thread/WARN]: Mismatch in destroy block pos: class_2338{x=1038, y=73, z=686} class_2338{x=1040, y=70, z=686}
[21:54:53] [Server thread/WARN]: Mismatch in destroy block pos: class_2338{x=1034, y=71, z=686} class_2338{x=1035, y=69, z=686}
[21:55:50] [Server thread/WARN]: Mismatch in destroy block pos: class_2338{x=1062, y=78, z=678} class_2338{x=1062, y=77, z=679}
[21:56:22] [Server thread/WARN]: Mismatch in destroy block pos: class_2338{x=1045, y=75, z=675} class_2338{x=1046, y=75, z=675}
[21:56:22] [Server thread/WARN]: Mismatch in destroy block pos: class_2338{x=1045, y=75, z=675} class_2338{x=1046, y=75, z=675}
[21:56:22] [Server thread/WARN]: Mismatch in destroy block pos: class_2338{x=1045, y=75, z=675} class_2338{x=1046, y=75, z=675}
[21:56:22] [Server thread/WARN]: Mismatch in destroy block pos: class_2338{x=1045, y=75, z=675} class_2338{x=1046, y=75, z=675}
[21:56:22] [Server thread/WARN]: Mismatch in destroy block pos: class_2338{x=1045, y=76, z=677} class_2338{x=1046, y=75, z=675}
[21:56:30] [Server thread/WARN]: Mismatch in destroy block pos: class_2338{x=1044, y=75, z=673} class_2338{x=1044, y=75, z=671}
[21:56:31] [Server thread/WARN]: Mismatch in destroy block pos: class_2338{x=1043, y=74, z=674} class_2338{x=1043, y=72, z=674}
[21:56:38] [Server thread/WARN]: Mismatch in destroy block pos: class_2338{x=1043, y=73, z=681} class_2338{x=1042, y=71, z=683}
[22:00:04] [Server thread/WARN]: Mismatch in destroy block pos: class_2338{x=1014, y=73, z=666} class_2338{x=1015, y=72, z=666}
[22:00:46] [Server thread/WARN]: Mismatch in destroy block pos: class_2338{x=1020, y=70, z=677} class_2338{x=1021, y=69, z=678}
[22:00:49] [Server thread/WARN]: Mismatch in destroy block pos: class_2338{x=1019, y=70, z=684} class_2338{x=1018, y=70, z=683}
[22:00:49] [Server thread/WARN]: Mismatch in destroy block pos: class_2338{x=1019, y=70, z=684} class_2338{x=1018, y=70, z=683}
[22:00:49] [Server thread/WARN]: Mismatch in destroy block pos: class_2338{x=1019, y=70, z=684} class_2338{x=1018, y=70, z=683}
[22:00:49] [Server thread/WARN]: Mismatch in destroy block pos: class_2338{x=1019, y=70, z=684} class_2338{x=1018, y=70, z=683}
[22:00:49] [Server thread/WARN]: Mismatch in destroy block pos: class_2338{x=1017, y=70, z=682} class_2338{x=1018, y=70, z=683}
[22:01:05] [Server thread/WARN]: Mismatch in destroy block pos: class_2338{x=1020, y=71, z=652} class_2338{x=1020, y=70, z=651}
[22:02:28] [Server thread/WARN]: Mismatch in destroy block pos: class_2338{x=1012, y=69, z=675} class_2338{x=1013, y=68, z=675}
[22:03:18] [Server thread/WARN]: Mismatch in destroy block pos: class_2338{x=1059, y=75, z=666} class_2338{x=1058, y=73, z=666}
[22:03:34] [Server thread/WARN]: Mismatch in destroy block pos: class_2338{x=1062, y=73, z=666} class_2338{x=1059, y=73, z=668}
[22:06:54] [Server thread/WARN]: Mismatch in destroy block pos: class_2338{x=1066, y=69, z=655} class_2338{x=1064, y=69, z=655}
[22:06:54] [Server thread/WARN]: Mismatch in destroy block pos: class_2338{x=1066, y=69, z=655} class_2338{x=1064, y=69, z=655}
[22:06:56] [Server thread/WARN]: Mismatch in destroy block pos: class_2338{x=1066, y=69, z=655} class_2338{x=1064, y=68, z=653}
[22:07:09] [Server thread/WARN]: Mismatch in destroy block pos: class_2338{x=1084, y=69, z=657} class_2338{x=1084, y=68, z=656}
[22:07:54] [Server thread/WARN]: Mismatch in destroy block pos: class_2338{x=1071, y=69, z=605} class_2338{x=1070, y=68, z=605}
[22:08:00] [Server thread/WARN]: Mismatch in destroy block pos: class_2338{x=1053, y=71, z=603} class_2338{x=1053, y=70, z=604}
[22:08:03] [Server thread/WARN]: Mismatch in destroy block pos: class_2338{x=1038, y=71, z=603} class_2338{x=1040, y=70, z=603}
[22:14:27] [Server thread/WARN]: Mismatch in destroy block pos: class_2338{x=1068, y=76, z=649} class_2338{x=1068, y=75, z=648}
[22:14:27] [Server thread/WARN]: Mismatch in destroy block pos: class_2338{x=1068, y=76, z=649} class_2338{x=1068, y=75, z=648}
[22:14:32] [Server thread/WARN]: Mismatch in destroy block pos: class_2338{x=1053, y=76, z=644} class_2338{x=1052, y=75, z=646}
[22:15:11] [Server thread/WARN]: Mismatch in destroy block pos: class_2338{x=1069, y=75, z=644} class_2338{x=1070, y=74, z=643}
[22:16:04] [Server thread/WARN]: Mismatch in destroy block pos: class_2338{x=1023, y=76, z=643} class_2338{x=1023, y=76, z=644}
[22:16:10] [Server thread/WARN]: Mismatch in destroy block pos: class_2338{x=1021, y=69, z=643} class_2338{x=1022, y=68, z=643}
[22:16:16] [Server thread/WARN]: Mismatch in destroy block pos: class_2338{x=1022, y=69, z=632} class_2338{x=1023, y=68, z=634}
[22:16:17] [Server thread/WARN]: Mismatch in destroy block pos: class_2338{x=1022, y=69, z=633} class_2338{x=1023, y=68, z=631}
[22:16:32] [Server thread/WARN]: Mismatch in destroy block pos: class_2338{x=1022, y=69, z=626} class_2338{x=1023, y=68, z=626}
[22:16:35] [Server thread/WARN]: Mismatch in destroy block pos: class_2338{x=1020, y=69, z=624} class_2338{x=1021, y=68, z=623}
[22:16:39] [Server thread/WARN]: Mismatch in destroy block pos: class_2338{x=1022, y=73, z=623} class_2338{x=1022, y=72, z=622}
[22:16:42] [Server thread/WARN]: Mismatch in destroy block pos: class_2338{x=1017, y=69, z=622} class_2338{x=1020, y=69, z=622}
[22:16:50] [Server thread/WARN]: Mismatch in destroy block pos: class_2338{x=1017, y=69, z=619} class_2338{x=1018, y=68, z=618}
[22:16:52] [Server thread/WARN]: Mismatch in destroy block pos: class_2338{x=1013, y=69, z=617} class_2338{x=1014, y=68, z=616}
[22:17:04] [Server thread/WARN]: Mismatch in destroy block pos: class_2338{x=1013, y=69, z=614} class_2338{x=1014, y=68, z=614}
[22:17:06] [Server thread/WARN]: Mismatch in destroy block pos: class_2338{x=1014, y=69, z=608} class_2338{x=1015, y=68, z=610}
[22:17:17] [Server thread/WARN]: Mismatch in destroy block pos: class_2338{x=1024, y=69, z=605} class_2338{x=1031, y=68, z=606}
[22:17:19] [Server thread/WARN]: Mismatch in destroy block pos: class_2338{x=1025, y=69, z=606} class_2338{x=1030, y=68, z=607}
[22:17:20] [Server thread/WARN]: Mismatch in destroy block pos: class_2338{x=1022, y=69, z=605} class_2338{x=1022, y=68, z=606}
[22:17:21] [Server thread/WARN]: Mismatch in destroy block pos: class_2338{x=1027, y=69, z=607} class_2338{x=1027, y=68, z=608}
[22:17:48] [Server thread/WARN]: Mismatch in destroy block pos: class_2338{x=1018, y=70, z=618} class_2338{x=1018, y=69, z=617}
[22:17:52] [Server thread/WARN]: Mismatch in destroy block pos: class_2338{x=1015, y=68, z=616} class_2338{x=1016, y=69, z=615}
[22:17:56] [Server thread/WARN]: Mismatch in destroy block pos: class_2338{x=1017, y=70, z=614} class_2338{x=1017, y=69, z=615}
[22:18:08] [Server thread/WARN]: Mismatch in destroy block pos: class_2338{x=1019, y=73, z=612} class_2338{x=1020, y=72, z=612}
[22:18:09] [Server thread/WARN]: Mismatch in destroy block pos: class_2338{x=1019, y=74, z=611} class_2338{x=1020, y=72, z=612}
[22:18:16] [Server thread/WARN]: Mismatch in destroy block pos: class_2338{x=1019, y=71, z=620} class_2338{x=1019, y=71, z=618}
[22:18:17] [Server thread/WARN]: Mismatch in destroy block pos: class_2338{x=1018, y=72, z=617} class_2338{x=1019, y=71, z=617}
[22:18:22] [Server thread/WARN]: Mismatch in destroy block pos: class_2338{x=1018, y=71, z=616} class_2338{x=1018, y=71, z=615}
[22:18:22] [Server thread/WARN]: Mismatch in destroy block pos: class_2338{x=1018, y=71, z=616} class_2338{x=1018, y=71, z=615}
[22:18:36] [Server thread/WARN]: Mismatch in destroy block pos: class_2338{x=1024, y=72, z=610} class_2338{x=1023, y=71, z=611}
[22:18:37] [Server thread/WARN]: Mismatch in destroy block pos: class_2338{x=1024, y=72, z=609} class_2338{x=1023, y=71, z=611}
[22:37:08] [Server thread/WARN]: Mismatch in destroy block pos: class_2338{x=1073, y=72, z=607} class_2338{x=1075, y=72, z=607}
[22:37:28] [Server thread/WARN]: Mismatch in destroy block pos: class_2338{x=1032, y=71, z=608} class_2338{x=1031, y=70, z=608}
[22:37:28] [Server thread/WARN]: Mismatch in destroy block pos: class_2338{x=1032, y=71, z=608} class_2338{x=1031, y=70, z=608}
[22:37:28] [Server thread/WARN]: Mismatch in destroy block pos: class_2338{x=1032, y=71, z=608} class_2338{x=1031, y=70, z=608}
[22:37:28] [Server thread/WARN]: Mismatch in destroy block pos: class_2338{x=1032, y=71, z=608} class_2338{x=1031, y=70, z=608}
[22:37:28] [Server thread/WARN]: Mismatch in destroy block pos: class_2338{x=1032, y=71, z=608} class_2338{x=1031, y=70, z=608}
[22:37:28] [Server thread/WARN]: Mismatch in destroy block pos: class_2338{x=1032, y=71, z=608} class_2338{x=1031, y=70, z=608}
[22:37:28] [Server thread/WARN]: Mismatch in destroy block pos: class_2338{x=1032, y=71, z=608} class_2338{x=1031, y=70, z=608}
[22:37:28] [Server thread/WARN]: Mismatch in destroy block pos: class_2338{x=1032, y=71, z=608} class_2338{x=1031, y=70, z=608}
[22:37:29] [Server thread/WARN]: Mismatch in destroy block pos: class_2338{x=1032, y=71, z=608} class_2338{x=1031, y=70, z=608}
[22:37:29] [Server thread/WARN]: Mismatch in destroy block pos: class_2338{x=1032, y=71, z=608} class_2338{x=1031, y=70, z=608}
[22:37:29] [Server thread/WARN]: Mismatch in destroy block pos: class_2338{x=1032, y=71, z=608} class_2338{x=1031, y=70, z=608}
[22:37:29] [Server thread/WARN]: Mismatch in destroy block pos: class_2338{x=1032, y=71, z=608} class_2338{x=1031, y=70, z=608}
[22:37:29] [Server thread/WARN]: Mismatch in destroy block pos: class_2338{x=1032, y=71, z=608} class_2338{x=1031, y=70, z=608}
[22:37:29] [Server thread/WARN]: Mismatch in destroy block pos: class_2338{x=1032, y=71, z=608} class_2338{x=1031, y=70, z=608}
[22:37:29] [Server thread/WARN]: Mismatch in destroy block pos: class_2338{x=1032, y=71, z=608} class_2338{x=1031, y=70, z=608}
[22:37:29] [Server thread/WARN]: Mismatch in destroy block pos: class_2338{x=1032, y=71, z=608} class_2338{x=1031, y=70, z=608}
[22:38:06] [Server thread/WARN]: Mismatch in destroy block pos: class_2338{x=1097, y=71, z=641} class_2338{x=1097, y=71, z=640}
[22:40:28] [Server thread/WARN]: Mismatch in destroy block pos: class_2338{x=1086, y=70, z=611} class_2338{x=1085, y=69, z=611}
[22:40:33] [Server thread/WARN]: Mismatch in destroy block pos: class_2338{x=1078, y=70, z=604} class_2338{x=1078, y=70, z=605}
[22:40:37] [Server thread/WARN]: Mismatch in destroy block pos: class_2338{x=1071, y=70, z=607} class_2338{x=1071, y=69, z=608}
[22:41:17] [Server thread/WARN]: Mismatch in destroy block pos: class_2338{x=1023, y=73, z=628} class_2338{x=1023, y=73, z=626}
[22:51:14] [Server thread/WARN]: Mismatch in destroy block pos: class_2338{x=1083, y=72, z=615} class_2338{x=1079, y=72, z=615}
[22:53:22] [Server thread/WARN]: Mismatch in destroy block pos: class_2338{x=1052, y=71, z=629} class_2338{x=1051, y=70, z=629}
[22:53:22] [Server thread/WARN]: Mismatch in destroy block pos: class_2338{x=1052, y=71, z=629} class_2338{x=1051, y=70, z=629}
[22:53:22] [Server thread/WARN]: Mismatch in destroy block pos: class_2338{x=1052, y=71, z=629} class_2338{x=1051, y=70, z=629}
[22:55:54] [Server thread/WARN]: Mismatch in destroy block pos: class_2338{x=1090, y=71, z=625} class_2338{x=1089, y=70, z=625}
[22:55:54] [Server thread/WARN]: Mismatch in destroy block pos: class_2338{x=1090, y=71, z=625} class_2338{x=1089, y=70, z=625}
[22:55:54] [Server thread/WARN]: Mismatch in destroy block pos: class_2338{x=1090, y=71, z=625} class_2338{x=1089, y=70, z=625}
[22:55:54] [Server thread/WARN]: Mismatch in destroy block pos: class_2338{x=1090, y=71, z=625} class_2338{x=1089, y=70, z=625}
[22:56:00] [Server thread/WARN]: Mismatch in destroy block pos: class_2338{x=1056, y=71, z=625} class_2338{x=1055, y=71, z=625}
[22:56:00] [Server thread/WARN]: Mismatch in destroy block pos: class_2338{x=1056, y=71, z=625} class_2338{x=1055, y=71, z=625}
[22:56:00] [Server thread/WARN]: Mismatch in destroy block pos: class_2338{x=1056, y=71, z=625} class_2338{x=1055, y=71, z=625}
[22:56:06] [Server thread/WARN]: Mismatch in destroy block pos: class_2338{x=1034, y=69, z=625} class_2338{x=1035, y=69, z=625}
[22:56:06] [Server thread/WARN]: Mismatch in destroy block pos: class_2338{x=1034, y=69, z=625} class_2338{x=1035, y=69, z=625}
[22:56:06] [Server thread/WARN]: Mismatch in destroy block pos: class_2338{x=1034, y=69, z=625} class_2338{x=1035, y=69, z=625}
[22:56:06] [Server thread/WARN]: Mismatch in destroy block pos: class_2338{x=1034, y=69, z=625} class_2338{x=1035, y=69, z=625}
[22:56:21] [Server thread/WARN]: Mismatch in destroy block pos: class_2338{x=1068, y=71, z=624} class_2338{x=1069, y=70, z=624}
[22:56:21] [Server thread/WARN]: Mismatch in destroy block pos: class_2338{x=1068, y=71, z=624} class_2338{x=1069, y=70, z=624}
[22:56:21] [Server thread/WARN]: Mismatch in destroy block pos: class_2338{x=1068, y=71, z=624} class_2338{x=1069, y=70, z=624}
[22:56:21] [Server thread/WARN]: Mismatch in destroy block pos: class_2338{x=1068, y=71, z=624} class_2338{x=1069, y=70, z=624}
[22:56:21] [Server thread/WARN]: Mismatch in destroy block pos: class_2338{x=1068, y=71, z=624} class_2338{x=1069, y=70, z=624}
[22:56:39] [Server thread/WARN]: Mismatch in destroy block pos: class_2338{x=1060, y=69, z=623} class_2338{x=1061, y=68, z=623}
[22:56:39] [Server thread/WARN]: Mismatch in destroy block pos: class_2338{x=1060, y=69, z=623} class_2338{x=1061, y=68, z=623}
[22:56:39] [Server thread/WARN]: Mismatch in destroy block pos: class_2338{x=1060, y=69, z=623} class_2338{x=1061, y=68, z=623}
[22:56:39] [Server thread/WARN]: Mismatch in destroy block pos: class_2338{x=1060, y=69, z=623} class_2338{x=1061, y=68, z=623}
[22:56:39] [Server thread/WARN]: Mismatch in destroy block pos: class_2338{x=1060, y=69, z=623} class_2338{x=1061, y=68, z=623}
[22:56:39] [Server thread/WARN]: Mismatch in destroy block pos: class_2338{x=1060, y=69, z=623} class_2338{x=1061, y=68, z=623}
[22:56:39] [Server thread/WARN]: Mismatch in destroy block pos: class_2338{x=1060, y=69, z=623} class_2338{x=1061, y=68, z=623}
[22:56:56] [Server thread/WARN]: Mismatch in destroy block pos: class_2338{x=1037, y=71, z=622} class_2338{x=1038, y=70, z=622}
[22:56:56] [Server thread/WARN]: Mismatch in destroy block pos: class_2338{x=1037, y=71, z=622} class_2338{x=1038, y=70, z=622}
[22:56:56] [Server thread/WARN]: Mismatch in destroy block pos: class_2338{x=1037, y=71, z=622} class_2338{x=1038, y=70, z=622}
[22:56:57] [Server thread/WARN]: Mismatch in destroy block pos: class_2338{x=1037, y=71, z=622} class_2338{x=1038, y=70, z=622}
[22:56:57] [Server thread/WARN]: Mismatch in destroy block pos: class_2338{x=1037, y=71, z=622} class_2338{x=1038, y=70, z=622}
[22:56:58] [Server thread/WARN]: Mismatch in destroy block pos: class_2338{x=1042, y=69, z=622} class_2338{x=1042, y=70, z=622}
[22:56:58] [Server thread/WARN]: Mismatch in destroy block pos: class_2338{x=1042, y=69, z=622} class_2338{x=1042, y=70, z=622}
[22:56:58] [Server thread/WARN]: Mismatch in destroy block pos: class_2338{x=1042, y=69, z=622} class_2338{x=1042, y=70, z=622}
[23:02:55] [Server thread/INFO]: [tomisherio: Set own game mode to Creative Mode]
[23:03:00] [Server thread/INFO]: tomisherio lost connection: Disconnected
[23:03:00] [Server thread/INFO]: tomisherio left the game
[23:50:08] [User Authenticator #4/INFO]: UUID of player tomisherio is 15e381a8-1724-43a6-8b15-5dadbe1369ab
[23:50:08] [Server thread/INFO]: tomisherio[/184.103.253.150:49895] logged in with entity id 1142174 at (1082.7308169096486, 68.0, 553.5995137870603)
[23:50:08] [Server thread/INFO]: tomisherio joined the game
[23:50:29] [Server thread/INFO]: [tomisherio: Set own game mode to Survival Mode]
[23:57:17] [Server thread/WARN]: Mismatch in destroy block pos: class_2338{x=1060, y=76, z=650} class_2338{x=1061, y=75, z=650}
[23:57:17] [Server thread/WARN]: Mismatch in destroy block pos: class_2338{x=1060, y=76, z=650} class_2338{x=1061, y=75, z=650}
[23:57:17] [Server thread/WARN]: Mismatch in destroy block pos: class_2338{x=1060, y=76, z=650} class_2338{x=1061, y=75, z=650}
[23:57:17] [Server thread/WARN]: Mismatch in destroy block pos: class_2338{x=1060, y=76, z=650} class_2338{x=1061, y=75, z=650}
