[00:33:02] [Server thread/WARN]: tomisherio moved wrongly!
[00:33:18] [Server thread/WARN]: tomisherio moved too quickly! 16.945936261884754,-0.05259190545280035,4.12216736182819
[00:33:22] [Server thread/INFO]: tomisherio lost connection: Disconnected
[00:33:22] [Server thread/INFO]: tomisherio left the game
[00:33:23] [User Authenticator #4/INFO]: UUID of player tomisherio is 15e381a8-1724-43a6-8b15-5dadbe1369ab
[00:33:23] [Server thread/INFO]: tomisherio[/184.103.253.150:55843] logged in with entity id 37876 at (-304.3387407344353, 148.66737133541295, -346.83329326688005)
[00:33:23] [Server thread/INFO]: tomisherio joined the game
[00:33:24] [Netty Server IO #11/INFO]: Player tomisherio joined with a matching carpet client
[00:33:57] [Server thread/INFO]: [tomisherio: Set own game mode to Spectator Mode]
[00:34:07] [Server thread/INFO]: [tomisherio: Set own game mode to Survival Mode]
[00:53:38] [Server thread/WARN]: Fetching packet for removed entity class_1542['Air'/46677, l='ServerLevel[ZaWarudo]', x=-67.41, y=72.00, z=80.70]
[00:54:28] [Server thread/WARN]: Fetching packet for removed entity class_1542['Iron Ingot'/46868, l='ServerLevel[ZaWarudo]', x=-46.88, y=74.00, z=48.94]
[00:54:36] [Server thread/INFO]: [tomisherio: Set own game mode to Spectator Mode]
[00:54:37] [Server thread/INFO]: [tomisherio: Set own game mode to Survival Mode]
[00:57:28] [Server thread/WARN]: Fetching packet for removed entity class_1542['Poppy'/47687, l='ServerLevel[ZaWarudo]', x=-45.32, y=74.10, z=48.94]
[00:58:38] [Server thread/WARN]: Fetching packet for removed entity class_1542['Poppy'/48009, l='ServerLevel[ZaWarudo]', x=-45.32, y=74.10, z=48.94]
[01:01:42] [Server thread/INFO]: Villager class_1646['Fletcher'/794, l='ServerLevel[ZaWarudo]', x=-47.81, y=69.00, z=107.19] died, message: 'Fletcher hit the ground too hard'
[01:06:28] [Server thread/INFO]: tomisherio lost connection: Disconnected
[01:06:28] [Server thread/INFO]: tomisherio left the game
[01:06:54] [User Authenticator #5/INFO]: UUID of player tomisherio is 15e381a8-1724-43a6-8b15-5dadbe1369ab
[01:06:54] [Server thread/INFO]: tomisherio[/184.103.253.150:55957] logged in with entity id 54152 at (-341.69999998807907, 199.0, -93.55992208007956)
[01:06:54] [Server thread/INFO]: tomisherio joined the game
[01:06:54] [Netty Server IO #14/INFO]: Player tomisherio joined with a matching carpet client
[01:36:04] [Server thread/WARN]: Can't keep up! Is the server overloaded? Running 2003ms or 40 ticks behind
[01:36:22] [Server thread/WARN]: Can't keep up! Is the server overloaded? Running 2448ms or 48 ticks behind
[01:36:40] [Server thread/WARN]: Can't keep up! Is the server overloaded? Running 3543ms or 70 ticks behind
[01:36:59] [Server thread/WARN]: Can't keep up! Is the server overloaded? Running 3802ms or 76 ticks behind
[01:37:17] [Server thread/WARN]: Can't keep up! Is the server overloaded? Running 3591ms or 71 ticks behind
[01:37:37] [Server thread/WARN]: Can't keep up! Is the server overloaded? Running 4627ms or 92 ticks behind
[01:37:57] [Server thread/WARN]: Can't keep up! Is the server overloaded? Running 5289ms or 105 ticks behind
[01:38:18] [Server thread/WARN]: Can't keep up! Is the server overloaded? Running 5500ms or 110 ticks behind
[01:38:39] [Server thread/WARN]: Can't keep up! Is the server overloaded? Running 5929ms or 118 ticks behind
[01:39:01] [Server thread/WARN]: Can't keep up! Is the server overloaded? Running 6940ms or 138 ticks behind
[01:39:24] [Server thread/WARN]: Can't keep up! Is the server overloaded? Running 8815ms or 176 ticks behind
[01:39:49] [Server thread/WARN]: Can't keep up! Is the server overloaded? Running 9810ms or 196 ticks behind
[01:40:17] [Server thread/WARN]: Can't keep up! Is the server overloaded? Running 12838ms or 256 ticks behind
[01:40:46] [Server thread/WARN]: Can't keep up! Is the server overloaded? Running 13905ms or 278 ticks behind
[01:41:15] [Server thread/WARN]: Can't keep up! Is the server overloaded? Running 14170ms or 283 ticks behind
[01:41:45] [Server thread/WARN]: Can't keep up! Is the server overloaded? Running 15307ms or 306 ticks behind
[01:42:16] [Server thread/WARN]: Can't keep up! Is the server overloaded? Running 16174ms or 323 ticks behind
[01:42:48] [Server thread/WARN]: Can't keep up! Is the server overloaded? Running 16914ms or 338 ticks behind
[01:43:20] [Server thread/WARN]: Can't keep up! Is the server overloaded? Running 17068ms or 341 ticks behind
[01:43:55] [Server thread/WARN]: Can't keep up! Is the server overloaded? Running 19709ms or 394 ticks behind
[01:44:31] [Server thread/WARN]: Can't keep up! Is the server overloaded? Running 20977ms or 419 ticks behind
[01:45:08] [Server thread/WARN]: Can't keep up! Is the server overloaded? Running 22485ms or 449 ticks behind
[01:45:44] [Server thread/WARN]: Can't keep up! Is the server overloaded? Running 20666ms or 413 ticks behind
[01:46:16] [Server thread/WARN]: Can't keep up! Is the server overloaded? Running 17382ms or 347 ticks behind
[01:46:49] [Server thread/WARN]: Can't keep up! Is the server overloaded? Running 17375ms or 347 ticks behind
[01:47:22] [Server thread/WARN]: Can't keep up! Is the server overloaded? Running 18232ms or 364 ticks behind
[01:47:55] [Server thread/WARN]: Can't keep up! Is the server overloaded? Running 18342ms or 366 ticks behind
[01:48:28] [Server thread/WARN]: Can't keep up! Is the server overloaded? Running 17933ms or 358 ticks behind
[01:49:01] [Server thread/WARN]: Can't keep up! Is the server overloaded? Running 18227ms or 364 ticks behind
[01:49:35] [Server thread/WARN]: Can't keep up! Is the server overloaded? Running 18459ms or 369 ticks behind
[01:50:08] [Server thread/WARN]: Can't keep up! Is the server overloaded? Running 18312ms or 366 ticks behind
[01:50:42] [Server thread/WARN]: Can't keep up! Is the server overloaded? Running 18851ms or 377 ticks behind
[01:51:15] [Server thread/WARN]: Can't keep up! Is the server overloaded? Running 18376ms or 367 ticks behind
[01:51:48] [Server thread/WARN]: Can't keep up! Is the server overloaded? Running 17319ms or 346 ticks behind
[01:52:19] [Server thread/WARN]: Can't keep up! Is the server overloaded? Running 16747ms or 334 ticks behind
[01:52:52] [Server thread/WARN]: Can't keep up! Is the server overloaded? Running 17609ms or 352 ticks behind
[01:53:26] [Server thread/WARN]: Can't keep up! Is the server overloaded? Running 19057ms or 381 ticks behind
[01:53:58] [Server thread/WARN]: Can't keep up! Is the server overloaded? Running 16608ms or 332 ticks behind
[01:54:29] [Server thread/WARN]: Can't keep up! Is the server overloaded? Running 16231ms or 324 ticks behind
[01:55:01] [Server thread/WARN]: Can't keep up! Is the server overloaded? Running 17225ms or 344 ticks behind
[01:55:33] [Server thread/WARN]: Can't keep up! Is the server overloaded? Running 17343ms or 346 ticks behind
[01:56:05] [Server thread/WARN]: Can't keep up! Is the server overloaded? Running 16880ms or 337 ticks behind
[01:56:37] [Server thread/WARN]: Can't keep up! Is the server overloaded? Running 16359ms or 327 ticks behind
[01:57:08] [Server thread/WARN]: Can't keep up! Is the server overloaded? Running 16460ms or 329 ticks behind
[01:57:40] [Server thread/WARN]: Can't keep up! Is the server overloaded? Running 16603ms or 332 ticks behind
[01:58:11] [Server thread/WARN]: Can't keep up! Is the server overloaded? Running 16733ms or 334 ticks behind
[01:58:43] [Server thread/WARN]: Can't keep up! Is the server overloaded? Running 16543ms or 330 ticks behind
[01:59:15] [Server thread/WARN]: Can't keep up! Is the server overloaded? Running 16964ms or 339 ticks behind
[01:59:46] [Server thread/WARN]: Can't keep up! Is the server overloaded? Running 15924ms or 318 ticks behind
[02:00:17] [Server thread/WARN]: Can't keep up! Is the server overloaded? Running 16021ms or 320 ticks behind
[02:00:49] [Server thread/WARN]: Can't keep up! Is the server overloaded? Running 17394ms or 347 ticks behind
[02:01:21] [Server thread/WARN]: Can't keep up! Is the server overloaded? Running 17462ms or 349 ticks behind
[02:01:54] [Server thread/WARN]: Can't keep up! Is the server overloaded? Running 17770ms or 355 ticks behind
[02:02:27] [Server thread/WARN]: Can't keep up! Is the server overloaded? Running 18145ms or 362 ticks behind
[02:03:00] [Server thread/WARN]: Can't keep up! Is the server overloaded? Running 17293ms or 345 ticks behind
[02:03:32] [Server thread/WARN]: Can't keep up! Is the server overloaded? Running 17712ms or 354 ticks behind
[02:04:05] [Server thread/WARN]: Can't keep up! Is the server overloaded? Running 17620ms or 352 ticks behind
[02:04:37] [Server thread/WARN]: Can't keep up! Is the server overloaded? Running 17674ms or 353 ticks behind
[02:05:10] [Server thread/WARN]: Can't keep up! Is the server overloaded? Running 17318ms or 346 ticks behind
[02:05:42] [Server thread/WARN]: Can't keep up! Is the server overloaded? Running 17501ms or 350 ticks behind
[02:06:14] [Server thread/WARN]: Can't keep up! Is the server overloaded? Running 16448ms or 328 ticks behind
[02:06:45] [Server thread/WARN]: Can't keep up! Is the server overloaded? Running 16535ms or 330 ticks behind
[02:07:17] [Server thread/WARN]: Can't keep up! Is the server overloaded? Running 16952ms or 339 ticks behind
[02:07:49] [Server thread/WARN]: Can't keep up! Is the server overloaded? Running 17029ms or 340 ticks behind
[02:08:21] [Server thread/WARN]: Can't keep up! Is the server overloaded? Running 17368ms or 347 ticks behind
[02:08:54] [Server thread/WARN]: Can't keep up! Is the server overloaded? Running 17899ms or 357 ticks behind
[02:09:27] [Server thread/WARN]: Can't keep up! Is the server overloaded? Running 17719ms or 354 ticks behind
[02:10:00] [Server thread/WARN]: Can't keep up! Is the server overloaded? Running 17495ms or 349 ticks behind
[02:10:32] [Server thread/WARN]: Can't keep up! Is the server overloaded? Running 17113ms or 342 ticks behind
[02:11:04] [Server thread/WARN]: Can't keep up! Is the server overloaded? Running 17524ms or 350 ticks behind
[02:11:36] [Server thread/WARN]: Can't keep up! Is the server overloaded? Running 17416ms or 348 ticks behind
[02:12:10] [Server thread/WARN]: Can't keep up! Is the server overloaded? Running 18700ms or 374 ticks behind
[02:12:44] [Server thread/WARN]: Can't keep up! Is the server overloaded? Running 19219ms or 384 ticks behind
[02:13:18] [Server thread/WARN]: Can't keep up! Is the server overloaded? Running 18545ms or 370 ticks behind
[02:13:51] [Server thread/WARN]: Can't keep up! Is the server overloaded? Running 17720ms or 354 ticks behind
[02:14:22] [Server thread/WARN]: Can't keep up! Is the server overloaded? Running 16799ms or 335 ticks behind
[02:14:53] [Server thread/WARN]: Can't keep up! Is the server overloaded? Running 16080ms or 321 ticks behind
[02:15:25] [Server thread/WARN]: Can't keep up! Is the server overloaded? Running 16495ms or 329 ticks behind
[02:15:57] [Server thread/WARN]: Can't keep up! Is the server overloaded? Running 16927ms or 338 ticks behind
[02:16:29] [Server thread/WARN]: Can't keep up! Is the server overloaded? Running 17225ms or 344 ticks behind
[02:17:02] [Server thread/WARN]: Can't keep up! Is the server overloaded? Running 17880ms or 357 ticks behind
[02:17:35] [Server thread/WARN]: Can't keep up! Is the server overloaded? Running 17754ms or 355 ticks behind
[02:17:48] [Server thread/INFO]: tomisherio lost connection: Disconnected
[02:17:48] [Server thread/INFO]: tomisherio left the game
[02:35:29] [User Authenticator #6/INFO]: UUID of player tomisherio is 15e381a8-1724-43a6-8b15-5dadbe1369ab
[02:35:29] [Server thread/INFO]: tomisherio[/184.103.253.150:57300] logged in with entity id 171095 at (-341.30000001192093, 199.0, -93.54124277905355)
[02:35:29] [Server thread/INFO]: tomisherio joined the game
[02:35:29] [Netty Server IO #17/INFO]: Player tomisherio joined with a matching carpet client
[02:35:33] [Server thread/WARN]: Can't keep up! Is the server overloaded? Running 2060ms or 41 ticks behind
[02:49:18] [Server thread/INFO]: tomisherio starved to death
[06:59:50] [Server thread/INFO]: [tomisherio: Teleported tomisherio to -341.5, 198.0, -93.5]
[07:00:28] [Server thread/INFO]: [tomisherio: Set own game mode to Spectator Mode]
[07:00:56] [Server thread/INFO]: [tomisherio: Set own game mode to Survival Mode]
[13:24:04] [Server thread/INFO]: tomisherio lost connection: Disconnected
[13:24:04] [Server thread/INFO]: tomisherio left the game
[17:39:19] [User Authenticator #7/INFO]: UUID of player tomisherio is 15e381a8-1724-43a6-8b15-5dadbe1369ab
[17:39:20] [Server thread/INFO]: tomisherio[/184.103.253.150:59557] logged in with entity id 1545043 at (-341.69999998807907, 199.0, -93.55352850389653)
[17:39:20] [Server thread/INFO]: tomisherio joined the game
[17:39:20] [Netty Server IO #18/INFO]: Player tomisherio joined with a matching carpet client
[17:40:07] [Server thread/INFO]: tomisherio lost connection: Disconnected
[17:40:07] [Server thread/INFO]: tomisherio left the game
[17:40:09] [User Authenticator #8/INFO]: UUID of player tomisherio is 15e381a8-1724-43a6-8b15-5dadbe1369ab
[17:40:09] [Server thread/INFO]: tomisherio[/184.103.253.150:59562] logged in with entity id 1547322 at (-352.04859141927926, 164.1675685625789, -94.31621003945565)
[17:40:09] [Server thread/INFO]: tomisherio joined the game
[17:40:10] [Netty Server IO #20/INFO]: Player tomisherio joined with a matching carpet client
[17:40:10] [Server thread/INFO]: [tomisherio: Set own game mode to Spectator Mode]
[17:40:14] [Server thread/INFO]: [tomisherio: Set own game mode to Survival Mode]
[17:40:21] [Server thread/INFO]: [tomisherio: Set own game mode to Spectator Mode]
[17:41:27] [Server thread/INFO]: [tomisherio: Set own game mode to Survival Mode]
[17:41:29] [Server thread/INFO]: [tomisherio: Set own game mode to Spectator Mode]
[17:41:37] [Server thread/INFO]: [tomisherio: Set own game mode to Survival Mode]
[17:43:11] [Server thread/INFO]: [tomisherio: Set own game mode to Spectator Mode]
[17:43:43] [Server thread/INFO]: [tomisherio: Set own game mode to Survival Mode]
[17:46:37] [Server thread/INFO]: [tomisherio: Set own game mode to Creative Mode]
[17:55:47] [Server thread/INFO]: [tomisherio: Set own game mode to Spectator Mode]
[17:55:50] [Server thread/INFO]: [tomisherio: Set own game mode to Creative Mode]
[17:55:56] [Server thread/INFO]: [tomisherio: Set own game mode to Spectator Mode]
[17:55:59] [Server thread/INFO]: [tomisherio: Set own game mode to Creative Mode]
[17:57:12] [Server thread/INFO]: [tomisherio: Set own game mode to Spectator Mode]
[17:57:21] [Server thread/INFO]: [tomisherio: Set own game mode to Creative Mode]
[18:00:42] [Server thread/INFO]: tomisherio lost connection: Disconnected
[18:00:42] [Server thread/INFO]: tomisherio left the game
[18:12:14] [User Authenticator #9/INFO]: UUID of player tomisherio is 15e381a8-1724-43a6-8b15-5dadbe1369ab
[18:12:14] [Server thread/INFO]: tomisherio[/184.103.253.150:59818] logged in with entity id 1555837 at (-335.387248337764, 187.4836306870903, -95.56393066832351)
[18:12:14] [Server thread/INFO]: tomisherio joined the game
[18:12:14] [Netty Server IO #23/INFO]: Player tomisherio joined with a matching carpet client
[18:21:22] [Server thread/INFO]: [tomisherio: Set own game mode to Spectator Mode]
[18:21:30] [Server thread/INFO]: [tomisherio: Set own game mode to Creative Mode]
[18:21:35] [Server thread/INFO]: [tomisherio: Set own game mode to Spectator Mode]
[18:21:47] [Server thread/INFO]: [tomisherio: Set own game mode to Creative Mode]
[18:21:53] [Server thread/INFO]: [tomisherio: Set own game mode to Spectator Mode]
[18:22:06] [Server thread/INFO]: [tomisherio: Set own game mode to Creative Mode]
[18:22:39] [Server thread/INFO]: [tomisherio: Set own game mode to Survival Mode]
[18:29:05] [Server thread/ERROR]: Input does not contain a key [type]: MapLike[{name:"minecraft:tree",config:{heightmap:"OCEAN_FLOOR",decorators:[L;],trunk_provider:{state:{Properties:{axis:"y"},Name:"minecraft:oak_log"},type:"minecraft:simple_state_provider"},minimum_size:{limit:1,type:"minecraft:two_layers_feature_size",lower_size:0,upper_size:1},max_water_depth:0,trunk_placer:{height_rand_b:0,base_height:4,height_rand_a:2,type:"minecraft:straight_trunk_placer"},leaves_provider:{state:{Properties:{distance:"7",persistent:"false"},Name:"minecraft:oak_leaves"},type:"minecraft:simple_state_provider"},ignore_vines:1b,foliage_placer:{offset_random:0,offset:0,radius:2,type:"minecraft:blob_foliage_placer",radius_random:0,height:3}}}]
[18:29:06] [Server thread/ERROR]: Input does not contain a key [type]: MapLike[{name:"minecraft:block_pile",config:{state_provider:{state:{Properties:{axis:"y"},Name:"minecraft:hay_block"},type:"minecraft:rotated_block_provider"}}}]
[18:29:06] [Server thread/ERROR]: Input does not contain a key [type]: MapLike[{name:"minecraft:tree",config:{heightmap:"OCEAN_FLOOR",decorators:[L;],trunk_provider:{state:{Properties:{axis:"y"},Name:"minecraft:oak_log"},type:"minecraft:simple_state_provider"},minimum_size:{limit:1,type:"minecraft:two_layers_feature_size",lower_size:0,upper_size:1},max_water_depth:0,trunk_placer:{height_rand_b:0,base_height:4,height_rand_a:2,type:"minecraft:straight_trunk_placer"},leaves_provider:{state:{Properties:{distance:"7",persistent:"false"},Name:"minecraft:oak_leaves"},type:"minecraft:simple_state_provider"},ignore_vines:1b,foliage_placer:{offset_random:0,offset:0,radius:2,type:"minecraft:blob_foliage_placer",radius_random:0,height:3}}}]
[18:29:06] [Server thread/ERROR]: Input does not contain a key [type]: MapLike[{name:"minecraft:flower",config:{tries:64,yspread:3,xspread:7,need_water:0b,zspread:7,project:1b,blacklist:[L;],block_placer:{type:"minecraft:simple_block_placer"},whitelist:[L;],state_provider:{type:"minecraft:plain_flower_provider"},can_replace:0b}}]
[18:29:06] [Server thread/ERROR]: Input does not contain a key [type]: MapLike[{name:"minecraft:tree",config:{heightmap:"OCEAN_FLOOR",decorators:[L;],trunk_provider:{state:{Properties:{axis:"y"},Name:"minecraft:oak_log"},type:"minecraft:simple_state_provider"},minimum_size:{limit:1,type:"minecraft:two_layers_feature_size",lower_size:0,upper_size:1},max_water_depth:0,trunk_placer:{height_rand_b:0,base_height:4,height_rand_a:2,type:"minecraft:straight_trunk_placer"},leaves_provider:{state:{Properties:{distance:"7",persistent:"false"},Name:"minecraft:oak_leaves"},type:"minecraft:simple_state_provider"},ignore_vines:1b,foliage_placer:{offset_random:0,offset:0,radius:2,type:"minecraft:blob_foliage_placer",radius_random:0,height:3}}}]
[18:29:06] [Server thread/ERROR]: Input does not contain a key [type]: MapLike[{name:"minecraft:flower",config:{tries:64,yspread:3,xspread:7,need_water:0b,zspread:7,project:1b,blacklist:[L;],block_placer:{type:"minecraft:simple_block_placer"},whitelist:[L;],state_provider:{type:"minecraft:plain_flower_provider"},can_replace:0b}}]
[18:29:06] [Server thread/ERROR]: Input does not contain a key [type]: MapLike[{name:"minecraft:flower",config:{tries:64,yspread:3,xspread:7,need_water:0b,zspread:7,project:1b,blacklist:[L;],block_placer:{type:"minecraft:simple_block_placer"},whitelist:[L;],state_provider:{type:"minecraft:plain_flower_provider"},can_replace:0b}}]
[18:33:29] [Server thread/INFO]: [tomisherio: Set own game mode to Creative Mode]
[18:33:51] [Server thread/INFO]: [tomisherio: Set own game mode to Survival Mode]
[18:33:53] [Server thread/INFO]: [tomisherio: Set own game mode to Spectator Mode]
[18:35:13] [Server thread/INFO]: [tomisherio: Set own game mode to Survival Mode]
[18:36:12] [Server thread/INFO]: [tomisherio: Set own game mode to Spectator Mode]
[18:36:32] [Server thread/INFO]: [tomisherio: Set own game mode to Survival Mode]
[18:44:13] [Server thread/INFO]: [tomisherio: Set own game mode to Spectator Mode]
[18:44:16] [Server thread/INFO]: [tomisherio: Set own game mode to Survival Mode]
[18:45:40] [Server thread/INFO]: tomisherio experienced kinetic energy
[18:45:53] [Server thread/INFO]: [tomisherio: Set own game mode to Spectator Mode]
[18:46:00] [Server thread/INFO]: [tomisherio: Set own game mode to Survival Mode]
[18:46:40] [Server thread/INFO]: [tomisherio: Set own game mode to Creative Mode]
[18:48:03] [Server thread/INFO]: [tomisherio: Set own game mode to Survival Mode]
[18:48:33] [Server thread/INFO]: [tomisherio: Set own game mode to Creative Mode]
[18:59:29] [Server thread/INFO]: [tomisherio: Set own game mode to Survival Mode]
[19:00:04] [Server thread/INFO]: [tomisherio: Set own game mode to Creative Mode]
[19:13:58] [Server thread/INFO]: tomisherio lost connection: Disconnected
[19:13:58] [Server thread/INFO]: tomisherio left the game
[19:14:59] [User Authenticator #10/INFO]: UUID of player tomisherio is 15e381a8-1724-43a6-8b15-5dadbe1369ab
[19:14:59] [Server thread/INFO]: tomisherio[/184.103.253.150:60081] logged in with entity id 1609283 at (1016.7318747847451, 73.9600125696917, 433.2644588401327)
[19:14:59] [Server thread/INFO]: tomisherio joined the game
[19:15:00] [Netty Server IO #2/INFO]: Player tomisherio joined with a matching carpet client
[19:32:09] [Server thread/ERROR]: Input does not contain a key [type]: MapLike[{name:"minecraft:flower",config:{tries:64,yspread:3,xspread:7,need_water:0b,zspread:7,project:1b,blacklist:[L;],block_placer:{type:"minecraft:simple_block_placer"},whitelist:[L;],state_provider:{type:"minecraft:plain_flower_provider"},can_replace:0b}}]
[19:32:09] [Server thread/ERROR]: Input does not contain a key [type]: MapLike[{name:"minecraft:flower",config:{tries:64,yspread:3,xspread:7,need_water:0b,zspread:7,project:1b,blacklist:[L;],block_placer:{type:"minecraft:simple_block_placer"},whitelist:[L;],state_provider:{type:"minecraft:plain_flower_provider"},can_replace:0b}}]
[19:32:09] [Server thread/ERROR]: Input does not contain a key [type]: MapLike[{name:"minecraft:tree",config:{heightmap:"OCEAN_FLOOR",decorators:[L;],trunk_provider:{state:{Properties:{axis:"y"},Name:"minecraft:oak_log"},type:"minecraft:simple_state_provider"},minimum_size:{limit:1,type:"minecraft:two_layers_feature_size",lower_size:0,upper_size:1},max_water_depth:0,trunk_placer:{height_rand_b:0,base_height:4,height_rand_a:2,type:"minecraft:straight_trunk_placer"},leaves_provider:{state:{Properties:{distance:"7",persistent:"false"},Name:"minecraft:oak_leaves"},type:"minecraft:simple_state_provider"},ignore_vines:1b,foliage_placer:{offset_random:0,offset:0,radius:2,type:"minecraft:blob_foliage_placer",radius_random:0,height:3}}}]
[19:32:09] [Server thread/ERROR]: Input does not contain a key [type]: MapLike[{name:"minecraft:flower",config:{tries:64,yspread:3,xspread:7,need_water:0b,zspread:7,project:1b,blacklist:[L;],block_placer:{type:"minecraft:simple_block_placer"},whitelist:[L;],state_provider:{type:"minecraft:plain_flower_provider"},can_replace:0b}}]
[19:32:09] [Server thread/ERROR]: Input does not contain a key [type]: MapLike[{name:"minecraft:flower",config:{tries:64,yspread:3,xspread:7,need_water:0b,zspread:7,project:1b,blacklist:[L;],block_placer:{type:"minecraft:simple_block_placer"},whitelist:[L;],state_provider:{type:"minecraft:plain_flower_provider"},can_replace:0b}}]
[19:32:09] [Server thread/ERROR]: Input does not contain a key [type]: MapLike[{name:"minecraft:block_pile",config:{state_provider:{state:{Properties:{axis:"y"},Name:"minecraft:hay_block"},type:"minecraft:rotated_block_provider"}}}]
[19:32:09] [Server thread/ERROR]: Input does not contain a key [type]: MapLike[{name:"minecraft:tree",config:{heightmap:"OCEAN_FLOOR",decorators:[L;],trunk_provider:{state:{Properties:{axis:"y"},Name:"minecraft:oak_log"},type:"minecraft:simple_state_provider"},minimum_size:{limit:1,type:"minecraft:two_layers_feature_size",lower_size:0,upper_size:1},max_water_depth:0,trunk_placer:{height_rand_b:0,base_height:4,height_rand_a:2,type:"minecraft:straight_trunk_placer"},leaves_provider:{state:{Properties:{distance:"7",persistent:"false"},Name:"minecraft:oak_leaves"},type:"minecraft:simple_state_provider"},ignore_vines:1b,foliage_placer:{offset_random:0,offset:0,radius:2,type:"minecraft:blob_foliage_placer",radius_random:0,height:3}}}]
[20:36:52] [Server thread/INFO]: [tomisherio: Set own game mode to Survival Mode]
[20:39:00] [Server thread/INFO]: [tomisherio: Set own game mode to Spectator Mode]
[20:39:02] [Server thread/INFO]: [tomisherio: Set own game mode to Survival Mode]
[21:13:49] [Server thread/INFO]: Villager class_1646['Fletcher'/618, l='ServerLevel[ZaWarudo]', x=-74.74, y=67.00, z=106.50] died, message: 'Fletcher hit the ground too hard'
[21:13:49] [Server thread/INFO]: Villager class_1646['Fletcher'/698, l='ServerLevel[ZaWarudo]', x=-58.85, y=69.00, z=107.34] died, message: 'Fletcher hit the ground too hard'
[21:15:44] [Server thread/WARN]: Fetching packet for removed entity class_1542['Iron Ingot'/1661256, l='ServerLevel[ZaWarudo]', x=-46.89, y=74.00, z=48.94]
[21:19:34] [Server thread/WARN]: Fetching packet for removed entity class_1542['Poppy'/1662515, l='ServerLevel[ZaWarudo]', x=-45.09, y=74.12, z=48.94]
[22:16:29] [Server thread/INFO]: tomisherio lost connection: Disconnected
[22:16:29] [Server thread/INFO]: tomisherio left the game
[22:18:16] [User Authenticator #11/INFO]: UUID of player tomisherio is 15e381a8-1724-43a6-8b15-5dadbe1369ab
[22:18:16] [Server thread/INFO]: tomisherio[/184.103.253.150:60786] logged in with entity id 1689753 at (-330.49948320158484, 173.5, -102.74585455081674)
[22:18:16] [Server thread/INFO]: tomisherio joined the game
[22:18:16] [Netty Server IO #5/INFO]: Player tomisherio joined with a matching carpet client
[23:14:41] [Server thread/INFO]: Villager class_1646['Fletcher'/788, l='ServerLevel[ZaWarudo]', x=-29.48, y=64.00, z=85.56] died, message: 'Fletcher hit the ground too hard'
[23:15:22] [Server thread/INFO]: Villager class_1646['Fletcher'/793, l='ServerLevel[ZaWarudo]', x=-47.30, y=69.00, z=107.43] died, message: 'Fletcher hit the ground too hard'
[23:16:13] [Server thread/INFO]: Villager class_1646['Fletcher'/613, l='ServerLevel[ZaWarudo]', x=-76.41, y=69.00, z=87.26] died, message: 'Fletcher hit the ground too hard'
[23:30:36] [Server thread/INFO]: Villager class_1646['Fletcher'/784, l='ServerLevel[ZaWarudo]', x=-47.60, y=69.00, z=84.19] died, message: 'Fletcher hit the ground too hard'
[23:35:34] [Server thread/INFO]: Villager class_1646['Fletcher'/796, l='ServerLevel[ZaWarudo]', x=-32.07, y=68.00, z=106.44] died, message: 'Fletcher hit the ground too hard'
