[00:00:12] [Server thread/WARN]: Mismatch in destroy block pos: class_2338{x=1065, y=70, z=677} class_2338{x=1065, y=69, z=676}
[01:19:25] [Server thread/WARN]: Mismatch in destroy block pos: class_2338{x=1063, y=72, z=639} class_2338{x=1063, y=71, z=642}
[01:19:29] [Server thread/WARN]: Mismatch in destroy block pos: class_2338{x=1065, y=73, z=636} class_2338{x=1065, y=71, z=637}
[01:28:20] [Server thread/WARN]: Mismatch in destroy block pos: class_2338{x=1022, y=76, z=668} class_2338{x=1022, y=74, z=667}
[01:28:20] [Server thread/WARN]: Mismatch in destroy block pos: class_2338{x=1022, y=76, z=668} class_2338{x=1022, y=74, z=667}
[01:28:20] [Server thread/WARN]: Mismatch in destroy block pos: class_2338{x=1022, y=76, z=668} class_2338{x=1022, y=74, z=667}
[01:28:20] [Server thread/WARN]: Mismatch in destroy block pos: class_2338{x=1022, y=76, z=668} class_2338{x=1022, y=74, z=667}
[01:28:20] [Server thread/WARN]: Mismatch in destroy block pos: class_2338{x=1022, y=76, z=668} class_2338{x=1022, y=74, z=667}
[01:28:20] [Server thread/WARN]: Mismatch in destroy block pos: class_2338{x=1022, y=76, z=668} class_2338{x=1022, y=74, z=667}
[01:28:20] [Server thread/WARN]: Mismatch in destroy block pos: class_2338{x=1022, y=76, z=668} class_2338{x=1022, y=74, z=667}
[01:28:20] [Server thread/WARN]: Mismatch in destroy block pos: class_2338{x=1022, y=76, z=668} class_2338{x=1022, y=74, z=667}
[01:28:20] [Server thread/WARN]: Mismatch in destroy block pos: class_2338{x=1022, y=76, z=668} class_2338{x=1022, y=74, z=667}
[01:33:18] [Server thread/WARN]: Mismatch in destroy block pos: class_2338{x=1058, y=72, z=637} class_2338{x=1058, y=71, z=636}
[01:33:54] [Server thread/WARN]: Mismatch in destroy block pos: class_2338{x=1056, y=69, z=640} class_2338{x=1059, y=68, z=638}
[01:33:59] [Server thread/WARN]: Mismatch in destroy block pos: class_2338{x=1056, y=71, z=644} class_2338{x=1055, y=70, z=645}
[01:33:59] [Server thread/WARN]: Mismatch in destroy block pos: class_2338{x=1056, y=71, z=645} class_2338{x=1055, y=70, z=645}
[01:33:59] [Server thread/WARN]: Mismatch in destroy block pos: class_2338{x=1056, y=71, z=645} class_2338{x=1057, y=70, z=646}
[01:34:06] [Server thread/WARN]: Mismatch in destroy block pos: class_2338{x=1053, y=73, z=643} class_2338{x=1052, y=73, z=644}
[01:34:08] [Server thread/WARN]: Mismatch in destroy block pos: class_2338{x=1053, y=73, z=638} class_2338{x=1053, y=72, z=637}
[01:34:40] [Server thread/WARN]: Mismatch in destroy block pos: class_2338{x=1055, y=73, z=634} class_2338{x=1056, y=72, z=635}
[01:34:41] [Server thread/WARN]: Mismatch in destroy block pos: class_2338{x=1055, y=73, z=634} class_2338{x=1056, y=72, z=635}
[01:34:41] [Server thread/WARN]: Mismatch in destroy block pos: class_2338{x=1055, y=73, z=634} class_2338{x=1056, y=72, z=635}
[01:34:41] [Server thread/WARN]: Mismatch in destroy block pos: class_2338{x=1055, y=73, z=634} class_2338{x=1056, y=72, z=635}
[01:35:25] [Server thread/WARN]: Mismatch in destroy block pos: class_2338{x=1054, y=68, z=667} class_2338{x=1054, y=67, z=666}
[01:35:25] [Server thread/WARN]: Mismatch in destroy block pos: class_2338{x=1054, y=68, z=667} class_2338{x=1054, y=67, z=666}
[01:35:25] [Server thread/WARN]: Mismatch in destroy block pos: class_2338{x=1054, y=68, z=667} class_2338{x=1054, y=67, z=666}
[01:35:25] [Server thread/WARN]: Mismatch in destroy block pos: class_2338{x=1054, y=68, z=667} class_2338{x=1054, y=67, z=666}
[01:35:25] [Server thread/WARN]: Mismatch in destroy block pos: class_2338{x=1054, y=68, z=667} class_2338{x=1054, y=67, z=666}
[01:35:25] [Server thread/WARN]: Mismatch in destroy block pos: class_2338{x=1054, y=68, z=667} class_2338{x=1054, y=67, z=666}
[01:35:25] [Server thread/WARN]: Mismatch in destroy block pos: class_2338{x=1054, y=68, z=667} class_2338{x=1054, y=67, z=666}
[01:35:26] [Server thread/WARN]: Mismatch in destroy block pos: class_2338{x=1054, y=68, z=667} class_2338{x=1054, y=69, z=668}
[01:47:13] [Server thread/WARN]: tomisherio moved wrongly!
[01:51:55] [Server thread/WARN]: Mismatch in destroy block pos: class_2338{x=1015, y=71, z=666} class_2338{x=1016, y=71, z=666}
[01:51:55] [Server thread/WARN]: Mismatch in destroy block pos: class_2338{x=1015, y=71, z=666} class_2338{x=1016, y=71, z=666}
[01:51:55] [Server thread/WARN]: Mismatch in destroy block pos: class_2338{x=1015, y=71, z=666} class_2338{x=1016, y=71, z=666}
[01:51:55] [Server thread/WARN]: Mismatch in destroy block pos: class_2338{x=1015, y=71, z=666} class_2338{x=1016, y=71, z=666}
[01:51:55] [Server thread/WARN]: Mismatch in destroy block pos: class_2338{x=1015, y=71, z=666} class_2338{x=1016, y=71, z=666}
[01:52:51] [Server thread/WARN]: Mismatch in destroy block pos: class_2338{x=1023, y=71, z=653} class_2338{x=1024, y=70, z=655}
[01:52:51] [Server thread/WARN]: Mismatch in destroy block pos: class_2338{x=1023, y=71, z=653} class_2338{x=1024, y=70, z=655}
[01:52:51] [Server thread/WARN]: Mismatch in destroy block pos: class_2338{x=1023, y=71, z=653} class_2338{x=1024, y=70, z=655}
[01:52:51] [Server thread/WARN]: Mismatch in destroy block pos: class_2338{x=1023, y=71, z=653} class_2338{x=1024, y=70, z=655}
[01:52:51] [Server thread/WARN]: Mismatch in destroy block pos: class_2338{x=1023, y=71, z=653} class_2338{x=1024, y=70, z=655}
[03:10:41] [Server thread/WARN]: Fetching packet for removed entity class_1542['Air'/1255692, l='ServerLevel[ZaWarudo]', x=-339.70, y=198.00, z=-92.30]
[05:26:51] [Server thread/WARN]: tomisherio moved wrongly!
[06:12:51] [Server thread/INFO]: [tomisherio: Set own game mode to Spectator Mode]
[06:13:16] [Server thread/INFO]: [tomisherio: Set own game mode to Survival Mode]
[06:16:48] [Server thread/INFO]: [tomisherio: Set own game mode to Spectator Mode]
[06:16:58] [Server thread/INFO]: [tomisherio: Set own game mode to Survival Mode]
[06:27:57] [Server thread/WARN]: tomisherio moved wrongly!
[06:42:59] [Server thread/WARN]: Fetching packet for removed entity class_1542['Air'/1366314, l='ServerLevel[ZaWarudo]', x=-67.72, y=72.00, z=80.70]
[07:29:17] [Server thread/INFO]: [tomisherio: Set own game mode to Creative Mode]
[07:30:11] [Server thread/INFO]: [tomisherio: Set own game mode to Survival Mode]
[07:46:16] [Server thread/INFO]: [tomisherio: Set own game mode to Spectator Mode]
[07:47:50] [Server thread/INFO]: [tomisherio: Set own game mode to Survival Mode]
[07:51:53] [Server thread/INFO]: tomisherio hit the ground too hard
[07:52:16] [Server thread/INFO]: [tomisherio: Teleported tomisherio to 1048.5, 35.0, -1810.5]
[07:52:42] [Server thread/INFO]: [tomisherio: Set own game mode to Creative Mode]
[07:52:48] [Server thread/INFO]: [tomisherio: Set own game mode to Survival Mode]
[07:53:52] [Server thread/INFO]: tomisherio was slain by Wither Skeleton
[07:54:13] [Server thread/INFO]: [tomisherio: Set own game mode to Creative Mode]
[07:54:17] [Server thread/INFO]: [tomisherio: Teleported tomisherio to 1051.5, 73.0, -1659.5]
[07:54:17] [Server thread/WARN]: Fetching packet for removed entity class_1303['Experience Orb'/1395183, l='ServerLevel[ZaWarudo]', x=1051.51, y=74.28, z=-1660.76]
[07:55:29] [Server thread/INFO]: [tomisherio: Set own game mode to Survival Mode]
[07:55:35] [Server thread/INFO]: [tomisherio: Set own game mode to Spectator Mode]
[07:55:36] [Server thread/INFO]: [tomisherio: Set own game mode to Survival Mode]
[07:55:36] [Server thread/INFO]: [tomisherio: Set own game mode to Spectator Mode]
[07:56:33] [Server thread/INFO]: [tomisherio: Set own game mode to Survival Mode]
[07:59:43] [Server thread/INFO]: tomisherio has made the advancement [War Pigs]
[08:01:39] [Server thread/INFO]: [tomisherio: Set own game mode to Spectator Mode]
[08:03:32] [Server thread/INFO]: [tomisherio: Set own game mode to Survival Mode]
[08:03:52] [Server thread/WARN]: tomisherio moved wrongly!
[08:06:13] [Server thread/INFO]: [tomisherio: Set own game mode to Spectator Mode]
[08:06:32] [Server thread/INFO]: [tomisherio: Set own game mode to Survival Mode]
[08:35:16] [Server thread/INFO]: tomisherio lost connection: Disconnected
[08:35:16] [Server thread/INFO]: tomisherio left the game
[19:49:31] [User Authenticator #5/INFO]: UUID of player tomisherio is 15e381a8-1724-43a6-8b15-5dadbe1369ab
[19:49:31] [Server thread/INFO]: tomisherio[/184.103.253.150:55117] logged in with entity id 1425693 at (-156.60555968265768, 68.0, 100.2235600532981)
[19:49:31] [Server thread/INFO]: tomisherio joined the game
[19:55:05] [Server thread/INFO]: tomisherio lost connection: Disconnected
[19:55:05] [Server thread/INFO]: tomisherio left the game
[20:18:00] [User Authenticator #6/INFO]: UUID of player tomisherio is 15e381a8-1724-43a6-8b15-5dadbe1369ab
[20:18:00] [Server thread/INFO]: tomisherio[/184.103.253.150:55287] logged in with entity id 1428332 at (-151.49602922477405, 69.5, 109.8895440795123)
[20:18:00] [Server thread/INFO]: tomisherio joined the game
[20:20:05] [Server thread/INFO]: [tomisherio: Set own game mode to Creative Mode]
[20:20:38] [Server thread/INFO]: [tomisherio: Set own game mode to Survival Mode]
[20:46:57] [Server thread/WARN]: Mismatch in destroy block pos: class_2338{x=1114, y=15, z=590} class_2338{x=1114, y=14, z=591}
[20:49:14] [Server thread/INFO]: [tomisherio: Set own game mode to Spectator Mode]
[20:49:43] [Server thread/INFO]: [tomisherio: Set own game mode to Survival Mode]
[22:10:50] [Server thread/WARN]: tomisherio moved wrongly!
[22:13:21] [Server thread/INFO]: [tomisherio: Set own game mode to Spectator Mode]
[22:13:27] [Server thread/INFO]: [tomisherio: Set own game mode to Survival Mode]
[22:32:11] [Server thread/INFO]: [tomisherio: Set own game mode to Spectator Mode]
[22:32:41] [Server thread/INFO]: [tomisherio: Set own game mode to Survival Mode]
[22:32:46] [Server thread/INFO]: [tomisherio: Set own game mode to Creative Mode]
[22:33:02] [Server thread/INFO]: [tomisherio: Set own game mode to Spectator Mode]
[22:33:06] [Server thread/INFO]: [tomisherio: Set own game mode to Creative Mode]
[22:33:11] [Server thread/INFO]: [tomisherio: Set own game mode to Spectator Mode]
[22:33:42] [Server thread/INFO]: [tomisherio: Set own game mode to Creative Mode]
[22:33:46] [Server thread/INFO]: [tomisherio: Set own game mode to Survival Mode]
[22:54:24] [Server thread/INFO]: [tomisherio: Set own game mode to Spectator Mode]
[22:54:34] [Server thread/INFO]: [tomisherio: Set own game mode to Survival Mode]
[22:57:22] [Server thread/WARN]: Mismatch in destroy block pos: class_2338{x=1108, y=13, z=472} class_2338{x=1107, y=12, z=471}
[22:59:16] [Server thread/INFO]: [tomisherio: Set own game mode to Spectator Mode]
[22:59:24] [Server thread/INFO]: [tomisherio: Set own game mode to Survival Mode]
[22:59:41] [Server thread/INFO]: [tomisherio: Set own game mode to Spectator Mode]
[23:00:09] [Server thread/INFO]: [tomisherio: Set own game mode to Survival Mode]
[23:01:32] [Server thread/INFO]: [tomisherio: Set own game mode to Spectator Mode]
[23:01:35] [Server thread/INFO]: [tomisherio: Set own game mode to Survival Mode]
[23:01:38] [Server thread/INFO]: [tomisherio: Set own game mode to Spectator Mode]
[23:01:49] [Server thread/INFO]: [tomisherio: Set own game mode to Survival Mode]
[23:05:59] [Server thread/INFO]: [tomisherio: Set own game mode to Spectator Mode]
[23:06:08] [Server thread/INFO]: [tomisherio: Set own game mode to Survival Mode]
[23:07:37] [Server thread/INFO]: [tomisherio: Set own game mode to Spectator Mode]
[23:07:54] [Server thread/INFO]: [tomisherio: Set own game mode to Survival Mode]
[23:17:29] [Server thread/INFO]: [tomisherio: Set own game mode to Spectator Mode]
[23:17:35] [Server thread/INFO]: [tomisherio: Set own game mode to Survival Mode]
[23:27:38] [Server thread/INFO]: [tomisherio: Set own game mode to Spectator Mode]
[23:27:43] [Server thread/INFO]: [tomisherio: Set own game mode to Survival Mode]
[23:30:22] [Server thread/INFO]: [tomisherio: Set own game mode to Spectator Mode]
[23:30:31] [Server thread/INFO]: [tomisherio: Set own game mode to Survival Mode]
[23:30:53] [Server thread/INFO]: [tomisherio: Set own game mode to Spectator Mode]
[23:31:26] [Server thread/INFO]: [tomisherio: Set own game mode to Survival Mode]
[23:52:50] [Server thread/INFO]: [tomisherio: Set own game mode to Spectator Mode]
[23:53:01] [Server thread/INFO]: [tomisherio: Set own game mode to Survival Mode]
[23:54:56] [Server thread/INFO]: [tomisherio: Set own game mode to Spectator Mode]
[23:55:20] [Server thread/INFO]: [tomisherio: Set own game mode to Survival Mode]
