[00:17:26] [Server thread/WARN]: Horse (vehicle of MurderousLynx) moved wrongly! 0.42631329481190505
[00:17:27] [Server thread/WARN]: Horse (vehicle of MurderousLynx) moved wrongly! 0.677982981308503
[00:18:28] [Server thread/WARN]: Horse (vehicle of MurderousLynx) moved wrongly! 0.3050449983160206
[00:18:28] [Server thread/WARN]: Horse (vehicle of MurderousLynx) moved wrongly! 0.8244471020491346
[00:18:42] [Server thread/WARN]: Horse (vehicle of MurderousLynx) moved wrongly! 0.368223993608467
[00:18:42] [Server thread/WARN]: Horse (vehicle of MurderousLynx) moved wrongly! 0.8876559439304401
[00:18:49] [Server thread/WARN]: Horse (vehicle of MurderousLynx) moved wrongly! 0.4977863659381683
[00:18:49] [Server thread/WARN]: Horse (vehicle of MurderousLynx) moved wrongly! 1.017050090010116
[00:33:59] [Server thread/WARN]: Horse (vehicle of MurderousLynx) moved wrongly! 0.5108327842617655
[00:33:59] [Server thread/WARN]: Horse (vehicle of MurderousLynx) moved wrongly! 1.025713084473864
[00:34:03] [Server thread/WARN]: Horse (vehicle of MurderousLynx) moved wrongly! 0.48740435079696454
[00:34:03] [Server thread/WARN]: Horse (vehicle of MurderousLynx) moved wrongly! 1.0066395570592022
[00:34:47] [Server thread/WARN]: Horse (vehicle of MurderousLynx) moved wrongly! 0.38074671052174835
[00:34:47] [Server thread/WARN]: Horse (vehicle of MurderousLynx) moved wrongly! 0.900261555767429
[00:35:33] [Server thread/WARN]: Horse (vehicle of MurderousLynx) moved wrongly! 0.25534680488715367
[00:35:33] [Server thread/WARN]: Horse (vehicle of MurderousLynx) moved wrongly! 0.7705424095528315
[00:36:30] [Server thread/WARN]: Horse (vehicle of MurderousLynx) moved wrongly! 0.3370914069396349
[00:36:30] [Server thread/WARN]: Horse (vehicle of MurderousLynx) moved wrongly! 0.8543855350749254
[00:36:34] [Server thread/WARN]: Horse (vehicle of MurderousLynx) moved wrongly! 0.2500877383289435
[00:36:35] [Server thread/WARN]: Horse (vehicle of MurderousLynx) moved wrongly! 0.7694030758932513
[00:39:13] [Server thread/WARN]: Horse (vehicle of MurderousLynx) moved wrongly! 0.47948737826095567
[00:39:13] [Server thread/WARN]: Horse (vehicle of MurderousLynx) moved wrongly! 0.9990039899806789
[00:47:19] [Server thread/INFO]: MurderousLynx lost connection: Disconnected
[00:47:19] [Server thread/INFO]: MurderousLynx left the game
[13:30:30] [User Authenticator #7/INFO]: UUID of player unikittiezz is 6814cc81-0c4d-47cd-b7be-dc0b0589cdfc
[13:30:30] [Server thread/INFO]: unikittiezz[/192.168.1.1:64825] logged in with entity id 44547 at (-694.3000000119209, 66.0, 179.88151450118525)
[13:30:30] [Server thread/INFO]: unikittiezz joined the game
[13:30:39] [Server thread/INFO]: unikittiezz lost connection: Disconnected
[13:30:39] [Server thread/INFO]: unikittiezz left the game
[13:35:38] [User Authenticator #8/INFO]: UUID of player unikittiezz is 6814cc81-0c4d-47cd-b7be-dc0b0589cdfc
[13:35:38] [Server thread/INFO]: unikittiezz[/192.168.1.1:64841] logged in with entity id 44842 at (-694.3000000119209, 66.0, 179.88151450118525)
[13:35:38] [Server thread/INFO]: unikittiezz joined the game
[13:42:28] [Server thread/INFO]: unikittiezz lost connection: Disconnected
[13:42:28] [Server thread/INFO]: unikittiezz left the game
[13:48:46] [User Authenticator #9/INFO]: UUID of player unikittiezz is 6814cc81-0c4d-47cd-b7be-dc0b0589cdfc
[13:48:46] [Server thread/INFO]: unikittiezz[/192.168.1.1:64859] logged in with entity id 46036 at (-699.2062399940309, 65.0, 170.5272241465735)
[13:48:46] [Server thread/INFO]: unikittiezz joined the game
[13:59:28] [Server thread/INFO]: unikittiezz lost connection: Disconnected
[13:59:28] [Server thread/INFO]: unikittiezz left the game
[14:00:45] [User Authenticator #10/INFO]: UUID of player unikittiezz is 6814cc81-0c4d-47cd-b7be-dc0b0589cdfc
[14:00:45] [Server thread/INFO]: unikittiezz[/192.168.1.1:64932] logged in with entity id 47646 at (-706.3885064378436, 64.0, 188.7660299230497)
[14:00:45] [Server thread/INFO]: unikittiezz joined the game
[14:06:35] [Server thread/WARN]: Horse (vehicle of unikittiezz) moved wrongly! 0.2813843262898672
[14:08:43] [Server thread/INFO]: Villager class_1646['Villager'/10017, l='ServerLevel[ZaWarudo]', x=-130.50, y=69.00, z=91.30] died, message: 'Villager was shot by Pillager'
[14:26:42] [Server thread/INFO]: unikittiezz lost connection: Disconnected
[14:26:42] [Server thread/INFO]: unikittiezz left the game
[21:40:00] [User Authenticator #11/INFO]: UUID of player unikittiezz is 6814cc81-0c4d-47cd-b7be-dc0b0589cdfc
[21:40:00] [Server thread/INFO]: unikittiezz[/192.168.1.1:65462] logged in with entity id 53929 at (69.08479036265003, 43.0, 354.14078913083836)
[21:40:00] [Server thread/INFO]: unikittiezz joined the game
[21:42:07] [Server thread/WARN]: Horse (vehicle of unikittiezz) moved wrongly! 0.39899332467395254
[21:42:30] [Server thread/WARN]: Horse (vehicle of unikittiezz) moved wrongly! 0.44122816201775095
[21:42:30] [Server thread/WARN]: Horse (vehicle of unikittiezz) moved wrongly! 0.37683160570418295
[21:49:37] [Server thread/WARN]: Horse (vehicle of unikittiezz) moved wrongly! 0.43339921504843915
[21:51:20] [Server thread/WARN]: Horse (vehicle of unikittiezz) moved wrongly! 0.2673944023099466
[21:51:21] [Server thread/WARN]: Horse (vehicle of unikittiezz) moved wrongly! 0.8627844598897809
[21:51:21] [Server thread/WARN]: Horse (vehicle of unikittiezz) moved wrongly! 1.4735783964792972
[21:51:21] [Server thread/WARN]: Horse (vehicle of unikittiezz) moved wrongly! 2.093914259802659
[21:51:21] [Server thread/WARN]: Horse (vehicle of unikittiezz) moved wrongly! 2.7197621669329237
[21:51:28] [Server thread/WARN]: Horse (vehicle of unikittiezz) moved wrongly! 0.25746236300540204
[21:57:02] [Server thread/WARN]: Horse (vehicle of unikittiezz) moved wrongly! 0.5551880268892546
[21:57:05] [Server thread/WARN]: Horse (vehicle of unikittiezz) moved wrongly! 0.44598930724095
[21:57:05] [Server thread/WARN]: Horse (vehicle of unikittiezz) moved wrongly! 0.5132359825278314
[21:57:15] [Server thread/WARN]: Horse (vehicle of unikittiezz) moved wrongly! 0.30660241122382104
[21:57:15] [Server thread/WARN]: Horse (vehicle of unikittiezz) moved wrongly! 0.45193504908456816
[21:57:15] [Server thread/WARN]: Horse (vehicle of unikittiezz) moved wrongly! 0.5851653353956863
[22:01:24] [Server thread/INFO]: unikittiezz lost connection: Disconnected
[22:01:24] [Server thread/INFO]: unikittiezz left the game
