[09:28:30] [User Authenticator #1/INFO]: UUID of player tomisherio is 15e381a8-1724-43a6-8b15-5dadbe1369ab
[09:28:30] [Server thread/INFO]: tomisherio[/184.103.253.150:64583] logged in with entity id 148 at (1107.4810004059868, 76.95903999951601, 501.69999998807907)
[09:28:30] [Server thread/INFO]: tomisherio joined the game
[09:28:33] [Netty Server IO #22/INFO]: Player tomisherio joined with a matching carpet client
[09:28:47] [Server thread/INFO]: [tomisherio: Teleported tomisherio to 1107.5, 76.0, 501.5]
[09:28:49] [Server thread/INFO]: [tomisherio: Set own game mode to Spectator Mode]
[09:28:56] [Server thread/INFO]: [tomisherio: Set own game mode to Survival Mode]
[09:28:57] [Server thread/INFO]: [tomisherio: Set own game mode to Spectator Mode]
[09:28:58] [Server thread/INFO]: [tomisherio: Set own game mode to Survival Mode]
[09:29:16] [Server thread/INFO]: [tomisherio: Gave 1 [Iron Ingot] to tomisherio]
[09:34:04] [Server thread/INFO]: [tomisherio: Set own game mode to Spectator Mode]
[09:34:05] [Server thread/INFO]: [tomisherio: Set own game mode to Survival Mode]
[09:35:03] [Server thread/WARN]: tomisherio moved wrongly!
[09:36:52] [Server thread/INFO]: [tomisherio: Set own game mode to Spectator Mode]
[09:36:54] [Server thread/INFO]: [tomisherio: Set own game mode to Survival Mode]
[09:42:02] [Server thread/INFO]: [tomisherio: Set own game mode to Spectator Mode]
[09:42:05] [Server thread/INFO]: [tomisherio: Set own game mode to Survival Mode]
[09:46:30] [Server thread/INFO]: [tomisherio: Set own game mode to Spectator Mode]
[09:46:51] [Server thread/INFO]: [tomisherio: Set own game mode to Survival Mode]
[09:47:10] [Server thread/INFO]: [tomisherio: Set own game mode to Spectator Mode]
[09:47:19] [Server thread/INFO]: [tomisherio: Set own game mode to Survival Mode]
[09:47:21] [Server thread/INFO]: [tomisherio: Set own game mode to Spectator Mode]
[09:47:41] [Server thread/INFO]: [tomisherio: Set own game mode to Survival Mode]
[10:02:21] [Server thread/INFO]: [tomisherio: Gave 64 [White Stained Glass] to tomisherio]
[10:03:22] [Server thread/INFO]: [tomisherio: Gave 64 [Redstone Lamp] to tomisherio]
[10:16:59] [Server thread/INFO]: [tomisherio: Set own game mode to Spectator Mode]
[10:17:45] [Server thread/INFO]: [tomisherio: Set own game mode to Survival Mode]
[10:17:48] [Server thread/INFO]: [tomisherio: Set own game mode to Spectator Mode]
[10:18:43] [Server thread/INFO]: [tomisherio: Set own game mode to Survival Mode]
[10:18:54] [Server thread/INFO]: [tomisherio: Set own game mode to Creative Mode]
[10:19:20] [Server thread/INFO]: [tomisherio: Set own game mode to Spectator Mode]
[10:19:22] [Server thread/INFO]: [tomisherio: Set own game mode to Creative Mode]
[10:21:16] [Server thread/INFO]: [tomisherio: Set own game mode to Spectator Mode]
[10:21:30] [Server thread/INFO]: [tomisherio: Set own game mode to Creative Mode]
[10:21:52] [Server thread/INFO]: [tomisherio: Set own game mode to Spectator Mode]
[10:21:58] [Server thread/INFO]: [tomisherio: Set own game mode to Creative Mode]
[10:22:42] [Server thread/INFO]: [tomisherio: Set own game mode to Spectator Mode]
[10:22:47] [Server thread/INFO]: [tomisherio: Set own game mode to Creative Mode]
[10:24:59] [Server thread/INFO]: [tomisherio: Set own game mode to Spectator Mode]
[10:25:57] [Server thread/INFO]: [tomisherio: Set own game mode to Creative Mode]
[10:27:28] [Server thread/INFO]: [tomisherio: Set own game mode to Spectator Mode]
[10:27:29] [Server thread/INFO]: [tomisherio: Set own game mode to Creative Mode]
[10:27:31] [Server thread/INFO]: [tomisherio: Set own game mode to Survival Mode]
[10:32:53] [Server thread/WARN]: Fetching packet for removed entity class_1542['Air'/20629, l='ServerLevel[ZaWarudo]', x=-34.33, y=6.03, z=13.22]
[10:34:45] [Server thread/INFO]: [tomisherio: Set own game mode to Spectator Mode]
[10:35:21] [Server thread/INFO]: [tomisherio: Set own game mode to Survival Mode]
[10:37:51] [Server thread/INFO]: tomisherio lost connection: Disconnected
[10:37:51] [Server thread/INFO]: tomisherio left the game
[21:48:02] [Server thread/INFO]: Unknown or incomplete command, see below for error
[21:48:02] [Server thread/INFO]: 2<--[HERE]
[21:48:02] [Server thread/INFO]: Unknown or incomplete command, see below for error
[21:48:02] [Server thread/INFO]: <--[HERE]
[21:48:02] [Server thread/INFO]: Unknown or incomplete command, see below for error
[21:48:02] [Server thread/INFO]: <--[HERE]
[21:48:02] [Server thread/INFO]: Unknown or incomplete command, see below for error
[21:48:02] [Server thread/INFO]: <--[HERE]
[21:48:03] [Server thread/INFO]: Unknown or incomplete command, see below for error
[21:48:03] [Server thread/INFO]: <--[HERE]
[21:48:03] [Server thread/INFO]: Unknown or incomplete command, see below for error
[21:48:03] [Server thread/INFO]: <--[HERE]
