[22:19:10] [main/INFO]: Loading for game Minecraft 1.16.1
[22:19:17] [main/INFO]: [FabricLoader] Loading 45 mods: fabric-screen-handler-api-v1@1.0.1+f362c86e02, minecraft@1.16.1, fabric-renderer-api-v1@0.2.13+eae12eb802, fabric-networking-blockentity-v0@0.2.5+b50ffc7b02, fabric-keybindings-v0@0.2.0+3fa9f7c502, inventorysorter@1.6.7-1.16, cloth-basic-math@0.5.1, fabric-command-api-v1@1.0.8+5ce5339802, fabricloader@0.8.9+build.203, fabric-tool-attribute-api-v1@1.1.4+5794386e02, fabric-renderer-indigo@0.3.2+4d66bed502, fabric-containers-v0@0.1.8+045df74f02, fabric-object-builder-api-v1@1.5.5+e00ecb5f02, fabric-dimensions-v1@1.0.0+a71b305302, fabric-biomes-v1@0.2.7+059ea86602, fabric-events-interaction-v0@0.3.3+7066030f02, fabric-item-api-v1@1.0.0+16acbe5b02, fabric-crash-report-info-v1@0.1.2+b7f9825d02, kyrptconfig@1.0.4-1.16, fabric-api-base@0.1.3+12a8474c02, fabric-rendering-v0@1.1.0+5341049002, fabric-rendering-v1@1.1.2+346247d702, fabric-key-binding-api-v1@1.0.0+e16a977402, cloth-config2@4.5.6, fabric-rendering-data-attachment-v1@0.1.3+b7f9825d02, fabric-resource-loader-v0@0.2.6+f41e209802, fabric-textures-v0@1.0.4+eae12eb802, fabric-content-registries-v0@0.1.9+059ea86602, fabric-tag-extensions-v0@0.2.7+a4c57d8e02, blue_endless_jankson@+, fabric-rendering-fluids-v1@0.1.8+b7084faa02, fabric-registry-sync-v0@0.3.8+7dba2d6c02, fabric-commands-v0@0.2.0+52d3083602, fabric-blockrenderlayer-v1@1.1.4+c6a8ea8902, fabric-lifecycle-events-v1@1.0.0+b0993bc102, fabric-mining-levels-v0@0.1.2+b764ce9902, fabric-renderer-registries-v1@2.0.1+5a0f9a6002, fabric-events-lifecycle-v0@0.2.0+16acbe5b02, fabric-loot-tables-v1@0.1.10+059ea86602, fabric@0.14.1+build.372-1.16, fabric-particles-v1@0.2.1+0a6f2a7002, fabric-models-v0@0.1.0+dfdb52d602, fabric-item-groups-v0@0.2.0+438f963602, fabric-networking-v0@0.1.10+e00ecb5f02, fabric-object-builders-v0@0.6.0+da175ad602
[22:19:17] [main/WARN]: Mod `blue_endless_jankson` (+) does not respect SemVer - comparison support is limited.
[22:19:17] [main/INFO]: SpongePowered MIXIN Subsystem Version=0.8 Source=file:/D:/winbackup/MinecraftServers/ZaWarudo/fabric-server-launch.jar Service=Knot/Fabric Env=SERVER
[22:19:22] [main/INFO]: Environment: authHost='https://authserver.mojang.com', accountsHost='https://api.mojang.com', sessionHost='https://sessionserver.mojang.com', name='PROD'
[22:19:23] [main/WARN]: Ambiguity between arguments [teleport, destination] and [teleport, targets] with inputs: [Player, 0123, @e, dd12be42-52a9-4a91-a8a1-11c01849e498]
[22:19:23] [main/WARN]: Ambiguity between arguments [teleport, location] and [teleport, destination] with inputs: [0.1 -0.5 .9, 0 0 0]
[22:19:23] [main/WARN]: Ambiguity between arguments [teleport, location] and [teleport, targets] with inputs: [0.1 -0.5 .9, 0 0 0]
[22:19:23] [main/WARN]: Ambiguity between arguments [teleport, targets] and [teleport, destination] with inputs: [Player, 0123, dd12be42-52a9-4a91-a8a1-11c01849e498]
[22:19:23] [main/WARN]: Ambiguity between arguments [teleport, targets, location] and [teleport, targets, destination] with inputs: [0.1 -0.5 .9, 0 0 0]
[22:19:23] [main/INFO]: Reloading ResourceManager: Default, anti creeper grief v1.0.2.zip, anti enderman grief v1.0.0.zip, anti ghast grief v1.0.0.zip, double shulker shells v1.2.0.zip, Fabric Tool Attribute API (v1), WrenchRP.zip, multiplayer sleep v1.0.2.zip, VanillaTweaks_c287303.zip, shulkershit.zip
[22:19:23] [Worker-Main-12/INFO]: Loaded 7 recipes
[22:19:24] [Worker-Main-12/WARN]: Found validation problem in {minecraft:entities/shulker}.pools[1].entries[0]: Unknown loot table called minecraft:entities/reference/mmh/shulker
[22:19:24] [Worker-Main-12/INFO]: Loaded 944 advancements
[22:19:25] [Server thread/INFO]: Starting minecraft server version 1.16.1
[22:19:25] [Server thread/INFO]: Loading properties
[22:19:25] [Server thread/INFO]: Default game type: SURVIVAL
[22:19:25] [Server thread/INFO]: Generating keypair
[22:19:25] [Server thread/INFO]: Starting Minecraft server on *:25565
[22:19:25] [Server thread/INFO]: Using default channel type
[22:19:26] [Server thread/INFO]: Preparing level "ZaWarudo"
[22:19:26] [Server thread/INFO]: Preparing start region for dimension minecraft:overworld
[22:19:27] [Server thread/INFO]: Preparing spawn area: 0%
[22:19:27] [Server thread/INFO]: Preparing spawn area: 0%
[22:19:27] [Server thread/INFO]: Preparing spawn area: 0%
[22:19:27] [Server thread/INFO]: Time elapsed: 1412 ms
[22:19:27] [Server thread/INFO]: Done (1.547s)! For help, type "help"
[22:19:30] [Server thread/WARN]: Can't keep up! Is the server overloaded? Running 2214ms or 44 ticks behind
[22:20:05] [User Authenticator #1/INFO]: UUID of player GanonCann0n is ce34b950-cf6f-4093-8021-f361d57ec21e
[22:20:05] [Server thread/INFO]: GanonCann0n[/192.168.1.1:54748] logged in with entity id 138 at (-1022.1259162182087, 35.0, 1752.364364541539)
[22:20:05] [Server thread/INFO]: GanonCann0n joined the game
[22:20:50] [User Authenticator #2/INFO]: UUID of player tomisherio is 15e381a8-1724-43a6-8b15-5dadbe1369ab
[22:20:50] [Server thread/INFO]: tomisherio[/184.103.253.150:53913] logged in with entity id 471 at (-1817.3014367935652, 155.0, 1706.67158593021)
[22:20:50] [Server thread/INFO]: tomisherio joined the game
[22:22:40] [Server thread/INFO]: [GanonCann0n: Teleported GanonCann0n to tomisherio]
[22:24:51] [Server thread/WARN]: Can't keep up! Is the server overloaded? Running 6775ms or 135 ticks behind
[22:27:11] [Server thread/WARN]: Fetching packet for removed entity class_1542['Air'/30932, l='ServerLevel[ZaWarudo]', x=-228.57, y=27.00, z=213.57]
[22:27:11] [Server thread/WARN]: Fetching packet for removed entity class_1542['Air'/30940, l='ServerLevel[ZaWarudo]', x=-226.43, y=27.00, z=211.43]
[22:27:12] [Server thread/WARN]: Fetching packet for removed entity class_1542['Air'/31040, l='ServerLevel[ZaWarudo]', x=-226.43, y=27.00, z=211.43]
[22:27:12] [Server thread/WARN]: Fetching packet for removed entity class_1542['Air'/31057, l='ServerLevel[ZaWarudo]', x=-228.57, y=26.63, z=211.55]
[22:27:12] [Server thread/WARN]: Fetching packet for removed entity class_1542['Air'/31075, l='ServerLevel[ZaWarudo]', x=-228.57, y=26.63, z=211.43]
[22:27:12] [Server thread/WARN]: Fetching packet for removed entity class_1542['Air'/31077, l='ServerLevel[ZaWarudo]', x=-228.57, y=26.63, z=211.43]
[22:27:12] [Server thread/WARN]: Fetching packet for removed entity class_1542['Air'/31091, l='ServerLevel[ZaWarudo]', x=-226.43, y=26.63, z=211.43]
[22:27:13] [Server thread/WARN]: Fetching packet for removed entity class_1542['Air'/31205, l='ServerLevel[ZaWarudo]', x=-228.57, y=27.00, z=211.43]
[22:27:13] [Server thread/WARN]: Fetching packet for removed entity class_1542['Air'/31223, l='ServerLevel[ZaWarudo]', x=-226.43, y=27.00, z=212.19]
[22:27:13] [Server thread/WARN]: Fetching packet for removed entity class_1542['Air'/31227, l='ServerLevel[ZaWarudo]', x=-226.43, y=27.00, z=211.43]
[22:27:13] [Server thread/WARN]: Fetching packet for removed entity class_1542['Air'/31243, l='ServerLevel[ZaWarudo]', x=-228.57, y=27.00, z=211.43]
[22:27:14] [Server thread/WARN]: Fetching packet for removed entity class_1542['Air'/31360, l='ServerLevel[ZaWarudo]', x=-226.43, y=26.63, z=213.57]
[22:27:20] [Server thread/WARN]: Fetching packet for removed entity class_1542['Air'/32094, l='ServerLevel[ZaWarudo]', x=-228.57, y=26.63, z=213.57]
[22:27:21] [Server thread/WARN]: Fetching packet for removed entity class_1542['Air'/32164, l='ServerLevel[ZaWarudo]', x=-228.57, y=27.00, z=213.57]
[22:27:21] [Server thread/WARN]: Fetching packet for removed entity class_1542['Air'/32171, l='ServerLevel[ZaWarudo]', x=-226.43, y=27.00, z=213.57]
[22:27:21] [Server thread/WARN]: Fetching packet for removed entity class_1542['Air'/32178, l='ServerLevel[ZaWarudo]', x=-226.43, y=27.00, z=213.28]
[22:27:24] [Server thread/WARN]: Fetching packet for removed entity class_1542['Air'/32468, l='ServerLevel[ZaWarudo]', x=-226.43, y=27.00, z=213.57]
[22:27:27] [Server thread/WARN]: Fetching packet for removed entity class_1542['Air'/32863, l='ServerLevel[ZaWarudo]', x=-226.43, y=27.00, z=211.43]
[22:27:29] [Server thread/WARN]: Fetching packet for removed entity class_1542['Air'/33107, l='ServerLevel[ZaWarudo]', x=-226.43, y=27.00, z=211.43]
[22:27:29] [Server thread/WARN]: Fetching packet for removed entity class_1542['Air'/33121, l='ServerLevel[ZaWarudo]', x=-226.43, y=27.00, z=211.43]
[22:27:30] [Server thread/WARN]: Fetching packet for removed entity class_1542['Air'/33203, l='ServerLevel[ZaWarudo]', x=-226.43, y=27.00, z=212.66]
[22:27:30] [Server thread/WARN]: Fetching packet for removed entity class_1542['Air'/33205, l='ServerLevel[ZaWarudo]', x=-228.57, y=26.63, z=213.57]
[22:27:46] [Server thread/WARN]: Fetching packet for removed entity class_1542['Air'/35009, l='ServerLevel[ZaWarudo]', x=-226.43, y=26.63, z=211.43]
[22:27:47] [Server thread/WARN]: Fetching packet for removed entity class_1542['Air'/35109, l='ServerLevel[ZaWarudo]', x=-226.43, y=26.63, z=213.57]
[22:27:48] [Server thread/WARN]: Fetching packet for removed entity class_1542['Air'/35276, l='ServerLevel[ZaWarudo]', x=-226.43, y=26.63, z=211.43]
[22:27:48] [Server thread/WARN]: Fetching packet for removed entity class_1542['Air'/35282, l='ServerLevel[ZaWarudo]', x=-226.43, y=26.63, z=212.77]
[22:27:49] [Server thread/WARN]: Fetching packet for removed entity class_1542['Air'/35375, l='ServerLevel[ZaWarudo]', x=-226.43, y=27.00, z=213.57]
[22:27:54] [Server thread/WARN]: Fetching packet for removed entity class_1542['Air'/35798, l='ServerLevel[ZaWarudo]', x=-226.43, y=27.00, z=213.57]
[22:27:54] [Server thread/WARN]: Fetching packet for removed entity class_1542['Air'/35801, l='ServerLevel[ZaWarudo]', x=-226.43, y=27.00, z=212.42]
[22:27:58] [Server thread/WARN]: Fetching packet for removed entity class_1542['Air'/36159, l='ServerLevel[ZaWarudo]', x=-226.43, y=26.63, z=213.57]
[22:28:00] [Server thread/WARN]: Fetching packet for removed entity class_1542['Air'/36344, l='ServerLevel[ZaWarudo]', x=-228.57, y=26.63, z=212.30]
[22:28:03] [Server thread/WARN]: Fetching packet for removed entity class_1542['Air'/36562, l='ServerLevel[ZaWarudo]', x=-228.57, y=26.63, z=211.43]
[22:28:03] [Server thread/WARN]: Fetching packet for removed entity class_1542['Air'/36583, l='ServerLevel[ZaWarudo]', x=-226.43, y=27.00, z=213.57]
[22:28:03] [Server thread/WARN]: Fetching packet for removed entity class_1542['Air'/36595, l='ServerLevel[ZaWarudo]', x=-226.43, y=27.00, z=211.43]
[22:28:08] [Server thread/WARN]: Fetching packet for removed entity class_1542['Air'/36995, l='ServerLevel[ZaWarudo]', x=-226.43, y=26.63, z=211.43]
[22:28:09] [Server thread/WARN]: Fetching packet for removed entity class_1542['Air'/37071, l='ServerLevel[ZaWarudo]', x=-226.43, y=27.00, z=213.57]
[22:28:11] [Server thread/WARN]: Fetching packet for removed entity class_1542['Air'/37336, l='ServerLevel[ZaWarudo]', x=-226.43, y=26.63, z=213.57]
[22:28:11] [Server thread/WARN]: Fetching packet for removed entity class_1542['Air'/37348, l='ServerLevel[ZaWarudo]', x=-228.57, y=27.00, z=213.57]
[22:28:13] [Server thread/WARN]: Fetching packet for removed entity class_1542['Air'/37514, l='ServerLevel[ZaWarudo]', x=-226.43, y=27.00, z=211.43]
[22:28:15] [Server thread/WARN]: Fetching packet for removed entity class_1542['Air'/37681, l='ServerLevel[ZaWarudo]', x=-228.57, y=27.00, z=211.43]
[22:28:23] [Server thread/WARN]: Fetching packet for removed entity class_1542['Air'/38248, l='ServerLevel[ZaWarudo]', x=-228.57, y=26.63, z=213.57]
[22:28:23] [Server thread/WARN]: Fetching packet for removed entity class_1542['Air'/38251, l='ServerLevel[ZaWarudo]', x=-228.57, y=26.63, z=213.57]
[22:28:25] [Server thread/WARN]: Fetching packet for removed entity class_1542['Air'/38415, l='ServerLevel[ZaWarudo]', x=-228.57, y=27.00, z=211.43]
[22:28:32] [Server thread/WARN]: Fetching packet for removed entity class_1542['Air'/38931, l='ServerLevel[ZaWarudo]', x=-226.43, y=27.00, z=213.57]
[22:28:32] [Server thread/WARN]: Fetching packet for removed entity class_1542['Air'/38955, l='ServerLevel[ZaWarudo]', x=-226.43, y=26.63, z=211.43]
[22:28:37] [Server thread/WARN]: Fetching packet for removed entity class_1542['Air'/39299, l='ServerLevel[ZaWarudo]', x=-226.43, y=27.00, z=213.57]
[22:28:37] [Server thread/WARN]: Fetching packet for removed entity class_1542['Air'/39303, l='ServerLevel[ZaWarudo]', x=-228.57, y=27.00, z=211.43]
[22:28:41] [Server thread/WARN]: Fetching packet for removed entity class_1542['Air'/39576, l='ServerLevel[ZaWarudo]', x=-228.57, y=27.00, z=213.06]
[22:28:53] [Server thread/WARN]: Fetching packet for removed entity class_1542['Air'/40449, l='ServerLevel[ZaWarudo]', x=-226.43, y=27.00, z=211.43]
[22:28:53] [Server thread/WARN]: Fetching packet for removed entity class_1542['Air'/40453, l='ServerLevel[ZaWarudo]', x=-226.43, y=27.00, z=213.57]
[22:28:55] [Server thread/WARN]: Fetching packet for removed entity class_1542['Air'/40593, l='ServerLevel[ZaWarudo]', x=-228.57, y=26.63, z=212.21]
[22:28:55] [Server thread/WARN]: Fetching packet for removed entity class_1542['Air'/40619, l='ServerLevel[ZaWarudo]', x=-228.57, y=27.00, z=213.57]
[22:29:00] [Server thread/WARN]: Fetching packet for removed entity class_1542['Air'/41032, l='ServerLevel[ZaWarudo]', x=-228.57, y=27.00, z=213.57]
[22:29:07] [Server thread/WARN]: Fetching packet for removed entity class_1542['Air'/41634, l='ServerLevel[ZaWarudo]', x=-226.43, y=27.00, z=213.57]
[22:29:07] [Server thread/WARN]: Fetching packet for removed entity class_1542['Air'/41650, l='ServerLevel[ZaWarudo]', x=-226.43, y=27.00, z=212.61]
[22:29:10] [Server thread/WARN]: Fetching packet for removed entity class_1542['Air'/41899, l='ServerLevel[ZaWarudo]', x=-228.57, y=26.63, z=211.43]
[22:29:11] [Server thread/WARN]: Fetching packet for removed entity class_1542['Air'/41917, l='ServerLevel[ZaWarudo]', x=-226.43, y=26.63, z=213.57]
[22:29:19] [Server thread/WARN]: Fetching packet for removed entity class_1542['Air'/42656, l='ServerLevel[ZaWarudo]', x=-228.57, y=27.00, z=213.57]
[22:29:21] [Server thread/WARN]: Fetching packet for removed entity class_1542['Air'/42785, l='ServerLevel[ZaWarudo]', x=-228.57, y=26.63, z=211.43]
[22:29:21] [Server thread/WARN]: Fetching packet for removed entity class_1542['Air'/42839, l='ServerLevel[ZaWarudo]', x=-226.43, y=27.00, z=213.57]
[22:31:11] [Server thread/INFO]: GanonCann0n lost connection: Disconnected
[22:31:11] [Server thread/INFO]: GanonCann0n left the game
[22:34:57] [Server thread/WARN]: Fetching packet for removed entity class_1542['Air'/78110, l='ServerLevel[ZaWarudo]', x=-226.43, y=26.63, z=211.43]
[22:34:57] [Server thread/WARN]: Fetching packet for removed entity class_1542['Air'/78112, l='ServerLevel[ZaWarudo]', x=-226.43, y=26.63, z=212.35]
[22:34:57] [Server thread/WARN]: Fetching packet for removed entity class_1542['Air'/78143, l='ServerLevel[ZaWarudo]', x=-226.43, y=27.00, z=211.43]
[22:34:58] [Server thread/WARN]: Fetching packet for removed entity class_1542['Air'/78201, l='ServerLevel[ZaWarudo]', x=-226.43, y=27.00, z=212.49]
[22:34:58] [Server thread/WARN]: Fetching packet for removed entity class_1542['Air'/78204, l='ServerLevel[ZaWarudo]', x=-228.57, y=27.00, z=211.75]
[22:48:00] [Server thread/INFO]: [tomisherio: Set own game mode to Spectator Mode]
[22:48:02] [Server thread/INFO]: [tomisherio: Set own game mode to Survival Mode]
[23:19:04] [Server thread/INFO]: [tomisherio: Set own game mode to Spectator Mode]
[23:20:28] [Server thread/INFO]: [tomisherio: Set own game mode to Survival Mode]
[23:26:15] [Server thread/WARN]: tomisherio moved wrongly!
[23:39:16] [Server thread/INFO]: [tomisherio: Set own game mode to Spectator Mode]
[23:39:23] [Server thread/INFO]: [tomisherio: Set own game mode to Survival Mode]
[23:41:07] [Server thread/INFO]: [tomisherio: Set own game mode to Spectator Mode]
[23:41:12] [Server thread/INFO]: [tomisherio: Set own game mode to Survival Mode]
[23:42:45] [Server thread/INFO]: [tomisherio: Set own game mode to Spectator Mode]
[23:43:13] [Server thread/WARN]: Can't keep up! Is the server overloaded? Running 2957ms or 59 ticks behind
[23:43:16] [Server thread/INFO]: [tomisherio: Set own game mode to Survival Mode]
[23:43:58] [Server thread/WARN]: tomisherio moved too quickly! -0.11248971669601815,-10.806526110008988,0.2649081214578928
[23:43:58] [Server thread/WARN]: Can't keep up! Is the server overloaded? Running 5979ms or 119 ticks behind
[23:44:01] [Server thread/WARN]: tomisherio moved too quickly! -5.570173526071812,2.0670672207340317,-17.38515051648278
[23:44:04] [Server thread/WARN]: tomisherio moved too quickly! 3.535521975871461,7.947236393775327,-15.74134143386732
[23:44:44] [Server thread/INFO]: [tomisherio: Set own game mode to Spectator Mode]
[23:44:48] [Server thread/INFO]: [tomisherio: Set own game mode to Survival Mode]
[23:45:30] [Server thread/INFO]: [tomisherio: Set own game mode to Creative Mode]
[23:49:28] [Server thread/INFO]: [tomisherio: Set own game mode to Spectator Mode]
[23:49:30] [Server thread/INFO]: [tomisherio: Set own game mode to Creative Mode]
[23:51:20] [Server thread/INFO]: [tomisherio: Set own game mode to Spectator Mode]
[23:51:21] [Server thread/INFO]: [tomisherio: Set own game mode to Creative Mode]
[23:51:24] [Server thread/INFO]: [tomisherio: Set own game mode to Survival Mode]
