[00:25:34] [Server thread/WARN]: Mismatch in destroy block pos: class_2338{x=-340, y=196, z=-94} class_2338{x=-341, y=196, z=-94}
[00:26:22] [Server thread/INFO]: [tomisherio: Set own game mode to Spectator Mode]
[00:26:31] [Server thread/INFO]: [tomisherio: Set own game mode to Survival Mode]
[00:27:03] [Server thread/WARN]: tomisherio moved wrongly!
[00:33:58] [User Authenticator #2/INFO]: UUID of player Ya_Im_Andrew is d1c65397-e915-4a84-84c5-fe3fa7937777
[00:33:58] [Server thread/INFO]: Ya_Im_Andrew[/72.210.35.251:63026] logged in with entity id 10573 at (-1088.0241557147717, 77.26846403629841, -115.12574834000743)
[00:33:58] [Server thread/INFO]: Ya_Im_Andrew joined the game
[00:34:09] [Server thread/INFO]: [Ya_Im_Andrew: Teleported Ya_Im_Andrew to tomisherio]
[00:35:48] [Server thread/INFO]: [tomisherio: Set own game mode to Creative Mode]
[00:38:02] [Server thread/INFO]: [tomisherio: Set own game mode to Survival Mode]
[00:38:10] [Server thread/INFO]: [Ya_Im_Andrew: Teleported Ya_Im_Andrew to tomisherio]
[00:38:12] [Server thread/INFO]: [Ya_Im_Andrew: Teleported Ya_Im_Andrew to tomisherio]
[00:38:14] [Server thread/INFO]: [Ya_Im_Andrew: Teleported Ya_Im_Andrew to tomisherio]
[00:38:15] [Server thread/INFO]: [Ya_Im_Andrew: Teleported Ya_Im_Andrew to tomisherio]
[00:38:16] [Server thread/INFO]: [Ya_Im_Andrew: Teleported Ya_Im_Andrew to tomisherio]
[00:38:19] [Server thread/INFO]: [Ya_Im_Andrew: Teleported Ya_Im_Andrew to tomisherio]
[00:40:39] [User Authenticator #3/INFO]: UUID of player Rhoshari is 98c99870-a18c-4a0b-9ada-655ec4a9c068
[00:40:39] [Server thread/INFO]: Rhoshari[/184.155.17.31:62312] logged in with entity id 12421 at (-163.2627225783711, 69.5, 75.07499998807907)
[00:40:39] [Server thread/INFO]: Rhoshari joined the game
[00:43:12] [Server thread/WARN]: Rhoshari moved wrongly!
[00:45:32] [Server thread/WARN]: tomisherio moved wrongly!
[00:49:07] [Server thread/WARN]: Rhoshari moved wrongly!
[00:53:11] [Server thread/INFO]: Ya_Im_Andrew lost connection: Disconnected
[00:53:11] [Server thread/INFO]: Ya_Im_Andrew left the game
[01:04:41] [Server thread/INFO]: Villager class_1646['Villager'/994, l='ServerLevel[ZaWarudo]', x=-58.90, y=69.38, z=138.70] died, message: 'Villager was squished too much'
[01:17:11] [Server thread/INFO]: Villager class_1646['Villager'/982, l='ServerLevel[ZaWarudo]', x=-58.30, y=69.31, z=138.70] died, message: 'Villager was squished too much'
[01:28:01] [Server thread/INFO]: [tomisherio: Set own game mode to Creative Mode]
[01:28:09] [Server thread/INFO]: [tomisherio: Set own game mode to Survival Mode]
[01:28:40] [Server thread/INFO]: [tomisherio: Set own game mode to Creative Mode]
[01:28:56] [Server thread/INFO]: [tomisherio: Set own game mode to Survival Mode]
[01:32:44] [Server thread/WARN]: tomisherio moved wrongly!
[01:33:51] [Server thread/INFO]: Rhoshari lost connection: Disconnected
[01:33:51] [Server thread/INFO]: Rhoshari left the game
[01:38:42] [Server thread/WARN]: tomisherio moved too quickly! 1014.4020246463334,13.580000013113022,-1747.7635790467496
[01:38:42] [Server thread/WARN]: Entity class_3222['tomisherio'/146, l='ServerLevel[ZaWarudo]', x=100.00, y=49.00, z=0.00] left loaded chunk area
[01:38:43] [Server thread/INFO]: Scanning for legacy world dragon fight...
[01:38:43] [Server thread/INFO]: Found that the dragon has been killed in this world already.
[01:40:22] [Server thread/WARN]: Can't keep up! Is the server overloaded? Running 2021ms or 40 ticks behind
[01:40:49] [Server thread/WARN]: Can't keep up! Is the server overloaded? Running 2007ms or 40 ticks behind
[01:52:04] [Server thread/WARN]: tomisherio moved wrongly!
[02:03:49] [Server thread/WARN]: tomisherio moved wrongly!
[02:22:42] [Server thread/INFO]: tomisherio lost connection: Disconnected
[02:22:42] [Server thread/INFO]: tomisherio left the game
[02:22:44] [User Authenticator #4/INFO]: UUID of player tomisherio is 15e381a8-1724-43a6-8b15-5dadbe1369ab
[02:22:44] [Server thread/INFO]: tomisherio[/184.103.253.150:57696] logged in with entity id 39500 at (-336.1414215275543, 223.0, -99.94612762778279)
[02:22:44] [Server thread/INFO]: tomisherio joined the game
[02:27:12] [Server thread/INFO]: Villager class_1646['Villager'/1001, l='ServerLevel[ZaWarudo]', x=-58.80, y=69.51, z=138.13] died, message: 'Villager was squished too much'
[02:33:45] [Server thread/WARN]: Fetching packet for removed entity class_1542['Air'/45480, l='ServerLevel[ZaWarudo]', x=-67.74, y=72.00, z=80.70]
[02:38:24] [Server thread/WARN]: Fetching packet for removed entity class_1542['Air'/47859, l='ServerLevel[ZaWarudo]', x=-15.50, y=6.00, z=34.10]
[02:47:26] [Server thread/INFO]: Villager class_1646['Villager'/991, l='ServerLevel[ZaWarudo]', x=-58.66, y=69.56, z=138.12] died, message: 'Villager was squished too much'
[02:49:09] [Server thread/INFO]: Villager class_1646['Villager'/996, l='ServerLevel[ZaWarudo]', x=-58.84, y=69.06, z=138.70] died, message: 'Villager was squished too much'
[02:55:53] [Server thread/INFO]: Villager class_1646['Villager'/992, l='ServerLevel[ZaWarudo]', x=-58.66, y=69.45, z=138.13] died, message: 'Villager was squished too much'
[02:55:53] [Server thread/INFO]: Villager class_1646['Villager'/974, l='ServerLevel[ZaWarudo]', x=-58.78, y=69.29, z=138.70] died, message: 'Villager was squished too much'
[03:08:22] [Server thread/WARN]: Mismatch in destroy block pos: class_2338{x=-343, y=229, z=-96} class_2338{x=-343, y=229, z=-99}
[03:13:18] [Server thread/INFO]: Villager class_1646['Villager'/975, l='ServerLevel[ZaWarudo]', x=-58.30, y=69.29, z=138.70] died, message: 'Villager was squished too much'
[03:32:56] [Server thread/WARN]: Mismatch in destroy block pos: class_2338{x=-341, y=254, z=-93} class_2338{x=-341, y=235, z=-98}
[04:16:35] [Server thread/WARN]: Fetching packet for removed entity class_1542['Air'/63800, l='ServerLevel[ZaWarudo]', x=-67.66, y=72.00, z=80.70]
[04:40:47] [Server thread/WARN]: Mismatch in destroy block pos: class_2338{x=-407, y=33, z=-296} class_2338{x=-406, y=33, z=-295}
[04:40:47] [Server thread/WARN]: Mismatch in destroy block pos: class_2338{x=-407, y=33, z=-296} class_2338{x=-406, y=33, z=-295}
[04:40:47] [Server thread/WARN]: Mismatch in destroy block pos: class_2338{x=-407, y=33, z=-296} class_2338{x=-406, y=33, z=-295}
[04:40:58] [Server thread/WARN]: Mismatch in destroy block pos: class_2338{x=-412, y=32, z=-302} class_2338{x=-411, y=31, z=-301}
[04:40:58] [Server thread/WARN]: Mismatch in destroy block pos: class_2338{x=-412, y=32, z=-302} class_2338{x=-411, y=31, z=-301}
[04:40:58] [Server thread/WARN]: Mismatch in destroy block pos: class_2338{x=-412, y=32, z=-302} class_2338{x=-411, y=31, z=-301}
[04:40:58] [Server thread/WARN]: Mismatch in destroy block pos: class_2338{x=-412, y=32, z=-302} class_2338{x=-411, y=31, z=-301}
[04:40:58] [Server thread/WARN]: Mismatch in destroy block pos: class_2338{x=-412, y=32, z=-302} class_2338{x=-411, y=31, z=-301}
[04:40:59] [Server thread/WARN]: Mismatch in destroy block pos: class_2338{x=-412, y=32, z=-302} class_2338{x=-411, y=31, z=-301}
[04:40:59] [Server thread/WARN]: Mismatch in destroy block pos: class_2338{x=-412, y=32, z=-302} class_2338{x=-411, y=31, z=-301}
[04:40:59] [Server thread/WARN]: Mismatch in destroy block pos: class_2338{x=-412, y=32, z=-302} class_2338{x=-411, y=31, z=-301}
[04:40:59] [Server thread/WARN]: Mismatch in destroy block pos: class_2338{x=-412, y=32, z=-302} class_2338{x=-411, y=31, z=-301}
[04:41:00] [Server thread/WARN]: Mismatch in destroy block pos: class_2338{x=-408, y=31, z=-298} class_2338{x=-410, y=31, z=-297}
[04:41:00] [Server thread/WARN]: Mismatch in destroy block pos: class_2338{x=-408, y=31, z=-298} class_2338{x=-410, y=31, z=-297}
[04:41:00] [Server thread/WARN]: Mismatch in destroy block pos: class_2338{x=-408, y=31, z=-298} class_2338{x=-410, y=31, z=-297}
[04:41:00] [Server thread/WARN]: Mismatch in destroy block pos: class_2338{x=-408, y=31, z=-298} class_2338{x=-410, y=31, z=-297}
[04:41:40] [Server thread/WARN]: Mismatch in destroy block pos: class_2338{x=-426, y=36, z=-291} class_2338{x=-428, y=35, z=-292}
[04:43:28] [Server thread/WARN]: Mismatch in destroy block pos: class_2338{x=-446, y=34, z=-311} class_2338{x=-445, y=33, z=-311}
[04:43:28] [Server thread/WARN]: Mismatch in destroy block pos: class_2338{x=-446, y=34, z=-311} class_2338{x=-445, y=33, z=-311}
[04:43:28] [Server thread/WARN]: Mismatch in destroy block pos: class_2338{x=-446, y=34, z=-311} class_2338{x=-445, y=33, z=-311}
[04:43:28] [Server thread/WARN]: Mismatch in destroy block pos: class_2338{x=-446, y=34, z=-311} class_2338{x=-445, y=33, z=-311}
[04:43:47] [Server thread/WARN]: Mismatch in destroy block pos: class_2338{x=-442, y=33, z=-304} class_2338{x=-441, y=31, z=-305}
[04:43:48] [Server thread/WARN]: Mismatch in destroy block pos: class_2338{x=-441, y=31, z=-303} class_2338{x=-441, y=31, z=-304}
[04:43:48] [Server thread/WARN]: Mismatch in destroy block pos: class_2338{x=-441, y=31, z=-303} class_2338{x=-441, y=31, z=-304}
[04:43:49] [Server thread/WARN]: Mismatch in destroy block pos: class_2338{x=-443, y=33, z=-302} class_2338{x=-445, y=32, z=-302}
[04:43:51] [Server thread/WARN]: Mismatch in destroy block pos: class_2338{x=-443, y=33, z=-301} class_2338{x=-445, y=31, z=-303}
[04:43:52] [Server thread/WARN]: Mismatch in destroy block pos: class_2338{x=-444, y=32, z=-301} class_2338{x=-445, y=31, z=-302}
[04:43:53] [Server thread/WARN]: Mismatch in destroy block pos: class_2338{x=-444, y=33, z=-301} class_2338{x=-444, y=32, z=-300}
[04:44:18] [Server thread/WARN]: Mismatch in destroy block pos: class_2338{x=-450, y=36, z=-292} class_2338{x=-451, y=34, z=-291}
[04:44:28] [Server thread/WARN]: Mismatch in destroy block pos: class_2338{x=-444, y=32, z=-284} class_2338{x=-445, y=32, z=-283}
[04:44:28] [Server thread/WARN]: Mismatch in destroy block pos: class_2338{x=-444, y=32, z=-284} class_2338{x=-445, y=32, z=-283}
[04:44:28] [Server thread/WARN]: Mismatch in destroy block pos: class_2338{x=-444, y=32, z=-284} class_2338{x=-445, y=32, z=-283}
[04:44:28] [Server thread/WARN]: Mismatch in destroy block pos: class_2338{x=-444, y=32, z=-284} class_2338{x=-445, y=32, z=-283}
[04:44:28] [Server thread/WARN]: Mismatch in destroy block pos: class_2338{x=-444, y=32, z=-284} class_2338{x=-445, y=32, z=-283}
[04:44:28] [Server thread/WARN]: Mismatch in destroy block pos: class_2338{x=-444, y=32, z=-284} class_2338{x=-445, y=32, z=-283}
[04:44:28] [Server thread/WARN]: Mismatch in destroy block pos: class_2338{x=-444, y=32, z=-284} class_2338{x=-445, y=32, z=-283}
[04:44:28] [Server thread/WARN]: Mismatch in destroy block pos: class_2338{x=-444, y=32, z=-284} class_2338{x=-445, y=32, z=-283}
[04:44:29] [Server thread/WARN]: Mismatch in destroy block pos: class_2338{x=-444, y=32, z=-284} class_2338{x=-445, y=32, z=-283}
[04:44:29] [Server thread/WARN]: Mismatch in destroy block pos: class_2338{x=-444, y=32, z=-284} class_2338{x=-445, y=32, z=-283}
[04:44:29] [Server thread/WARN]: Mismatch in destroy block pos: class_2338{x=-444, y=32, z=-284} class_2338{x=-445, y=32, z=-283}
[04:44:29] [Server thread/WARN]: Mismatch in destroy block pos: class_2338{x=-444, y=32, z=-284} class_2338{x=-445, y=32, z=-283}
[04:44:29] [Server thread/WARN]: Mismatch in destroy block pos: class_2338{x=-444, y=32, z=-284} class_2338{x=-445, y=32, z=-283}
[04:44:29] [Server thread/WARN]: Mismatch in destroy block pos: class_2338{x=-444, y=32, z=-284} class_2338{x=-445, y=32, z=-283}
[04:44:29] [Server thread/WARN]: Mismatch in destroy block pos: class_2338{x=-444, y=32, z=-284} class_2338{x=-445, y=32, z=-283}
[04:44:29] [Server thread/WARN]: Mismatch in destroy block pos: class_2338{x=-447, y=31, z=-282} class_2338{x=-445, y=32, z=-283}
[04:45:38] [Server thread/WARN]: Mismatch in destroy block pos: class_2338{x=-447, y=32, z=-302} class_2338{x=-448, y=31, z=-302}
[04:48:39] [Server thread/WARN]: Mismatch in destroy block pos: class_2338{x=-453, y=26, z=-309} class_2338{x=-453, y=27, z=-308}
[04:48:39] [Server thread/WARN]: Mismatch in destroy block pos: class_2338{x=-453, y=26, z=-309} class_2338{x=-453, y=27, z=-308}
[04:48:39] [Server thread/WARN]: Mismatch in destroy block pos: class_2338{x=-453, y=26, z=-309} class_2338{x=-453, y=27, z=-308}
[04:48:39] [Server thread/WARN]: Mismatch in destroy block pos: class_2338{x=-453, y=26, z=-309} class_2338{x=-453, y=27, z=-308}
[04:48:39] [Server thread/WARN]: Mismatch in destroy block pos: class_2338{x=-453, y=26, z=-309} class_2338{x=-453, y=27, z=-308}
[04:49:10] [Server thread/WARN]: Mismatch in destroy block pos: class_2338{x=-448, y=30, z=-296} class_2338{x=-447, y=30, z=-297}
[04:49:34] [Server thread/WARN]: Mismatch in destroy block pos: class_2338{x=-461, y=33, z=-291} class_2338{x=-461, y=32, z=-291}
[04:49:34] [Server thread/WARN]: Mismatch in destroy block pos: class_2338{x=-461, y=33, z=-291} class_2338{x=-461, y=32, z=-291}
[04:49:34] [Server thread/WARN]: Mismatch in destroy block pos: class_2338{x=-461, y=33, z=-291} class_2338{x=-461, y=32, z=-291}
[04:49:34] [Server thread/WARN]: Mismatch in destroy block pos: class_2338{x=-461, y=33, z=-291} class_2338{x=-461, y=32, z=-291}
[04:49:34] [Server thread/WARN]: Mismatch in destroy block pos: class_2338{x=-461, y=33, z=-291} class_2338{x=-461, y=32, z=-291}
[04:49:34] [Server thread/WARN]: Mismatch in destroy block pos: class_2338{x=-461, y=33, z=-291} class_2338{x=-461, y=32, z=-291}
[04:49:34] [Server thread/WARN]: Mismatch in destroy block pos: class_2338{x=-461, y=33, z=-291} class_2338{x=-461, y=32, z=-291}
[04:49:34] [Server thread/WARN]: Mismatch in destroy block pos: class_2338{x=-461, y=33, z=-291} class_2338{x=-461, y=32, z=-291}
[04:49:34] [Server thread/WARN]: Mismatch in destroy block pos: class_2338{x=-461, y=33, z=-291} class_2338{x=-461, y=32, z=-291}
[04:49:34] [Server thread/WARN]: Mismatch in destroy block pos: class_2338{x=-461, y=33, z=-291} class_2338{x=-461, y=32, z=-291}
[04:49:34] [Server thread/WARN]: Mismatch in destroy block pos: class_2338{x=-461, y=33, z=-291} class_2338{x=-461, y=32, z=-291}
[04:49:35] [Server thread/WARN]: Mismatch in destroy block pos: class_2338{x=-461, y=33, z=-291} class_2338{x=-461, y=32, z=-291}
[04:49:42] [Server thread/WARN]: Mismatch in destroy block pos: class_2338{x=-460, y=34, z=-289} class_2338{x=-459, y=33, z=-288}
[04:49:47] [Server thread/WARN]: Mismatch in destroy block pos: class_2338{x=-459, y=30, z=-291} class_2338{x=-460, y=28, z=-292}
[04:50:45] [Server thread/WARN]: Mismatch in destroy block pos: class_2338{x=-464, y=27, z=-291} class_2338{x=-464, y=26, z=-292}
[04:50:47] [Server thread/WARN]: Mismatch in destroy block pos: class_2338{x=-466, y=28, z=-291} class_2338{x=-466, y=25, z=-289}
[04:50:51] [Server thread/WARN]: Mismatch in destroy block pos: class_2338{x=-467, y=27, z=-288} class_2338{x=-468, y=27, z=-291}
[04:50:51] [Server thread/WARN]: Mismatch in destroy block pos: class_2338{x=-467, y=28, z=-288} class_2338{x=-468, y=27, z=-291}
[04:52:16] [Server thread/WARN]: Mismatch in destroy block pos: class_2338{x=-437, y=42, z=-291} class_2338{x=-436, y=41, z=-291}
[05:06:15] [Server thread/INFO]: tomisherio fell from a high place
[05:32:16] [Server thread/INFO]: [tomisherio: Set own game mode to Spectator Mode]
[05:32:40] [Server thread/INFO]: [tomisherio: Set own game mode to Survival Mode]
[09:14:58] [Server thread/WARN]: Fetching packet for removed entity class_1542['Air'/263214, l='ServerLevel[ZaWarudo]', x=-339.70, y=198.00, z=-93.35]
[16:35:17] [Server thread/WARN]: Fetching packet for removed entity class_1542['Air'/781602, l='ServerLevel[ZaWarudo]', x=-339.70, y=198.00, z=-93.62]
[18:29:28] [Server thread/INFO]: Villager class_1646['Villager'/993, l='ServerLevel[ZaWarudo]', x=-58.87, y=69.81, z=138.14] died, message: 'Villager was squished too much'
[18:32:55] [Server thread/WARN]: Fetching packet for removed entity class_1542['Air'/864462, l='ServerLevel[ZaWarudo]', x=-67.72, y=72.00, z=80.70]
[18:40:40] [Server thread/INFO]: Villager class_1646['Villager'/997, l='ServerLevel[ZaWarudo]', x=-58.70, y=69.82, z=138.70] died, message: 'Villager was squished too much'
[18:53:30] [Server thread/INFO]: tomisherio lost connection: Disconnected
[18:53:30] [Server thread/INFO]: tomisherio left the game
[19:06:07] [User Authenticator #5/INFO]: UUID of player tomisherio is 15e381a8-1724-43a6-8b15-5dadbe1369ab
[19:06:07] [Server thread/INFO]: tomisherio[/184.103.253.150:61182] logged in with entity id 881946 at (-375.76249998807907, 253.0, -93.57907490655695)
[19:06:07] [Server thread/INFO]: tomisherio joined the game
[19:10:42] [Server thread/WARN]: Mismatch in destroy block pos: class_2338{x=356, y=72, z=729} class_2338{x=359, y=70, z=729}
[19:10:45] [Server thread/WARN]: Mismatch in destroy block pos: class_2338{x=355, y=70, z=730} class_2338{x=355, y=68, z=730}
[19:10:46] [Server thread/WARN]: Mismatch in destroy block pos: class_2338{x=357, y=70, z=730} class_2338{x=358, y=69, z=730}
[19:10:48] [Server thread/WARN]: Mismatch in destroy block pos: class_2338{x=354, y=71, z=732} class_2338{x=358, y=70, z=731}
[19:10:49] [Server thread/WARN]: Mismatch in destroy block pos: class_2338{x=355, y=70, z=732} class_2338{x=356, y=69, z=733}
[19:10:50] [Server thread/WARN]: Mismatch in destroy block pos: class_2338{x=355, y=71, z=733} class_2338{x=355, y=70, z=734}
[19:10:50] [Server thread/WARN]: Mismatch in destroy block pos: class_2338{x=355, y=71, z=733} class_2338{x=355, y=70, z=734}
[19:10:50] [Server thread/WARN]: Mismatch in destroy block pos: class_2338{x=355, y=71, z=733} class_2338{x=355, y=70, z=734}
[19:10:50] [Server thread/WARN]: Mismatch in destroy block pos: class_2338{x=355, y=71, z=733} class_2338{x=355, y=70, z=734}
[19:10:50] [Server thread/WARN]: Mismatch in destroy block pos: class_2338{x=355, y=71, z=733} class_2338{x=355, y=70, z=734}
[19:10:50] [Server thread/WARN]: Mismatch in destroy block pos: class_2338{x=355, y=71, z=733} class_2338{x=355, y=70, z=734}
[19:11:20] [Server thread/WARN]: Mismatch in destroy block pos: class_2338{x=371, y=71, z=727} class_2338{x=370, y=71, z=727}
[19:11:20] [Server thread/WARN]: Mismatch in destroy block pos: class_2338{x=372, y=71, z=727} class_2338{x=371, y=71, z=727}
[19:11:56] [Server thread/WARN]: Mismatch in destroy block pos: class_2338{x=363, y=67, z=718} class_2338{x=363, y=66, z=719}
[19:12:02] [Server thread/WARN]: Mismatch in destroy block pos: class_2338{x=364, y=66, z=720} class_2338{x=362, y=67, z=720}
[19:12:06] [Server thread/WARN]: Mismatch in destroy block pos: class_2338{x=366, y=65, z=719} class_2338{x=367, y=66, z=720}
[19:12:09] [Server thread/WARN]: Mismatch in destroy block pos: class_2338{x=368, y=67, z=720} class_2338{x=368, y=66, z=720}
[19:12:13] [Server thread/WARN]: Mismatch in destroy block pos: class_2338{x=368, y=68, z=722} class_2338{x=369, y=67, z=723}
[19:12:19] [Server thread/WARN]: Mismatch in destroy block pos: class_2338{x=369, y=71, z=725} class_2338{x=369, y=70, z=726}
[19:12:38] [Server thread/WARN]: Mismatch in destroy block pos: class_2338{x=365, y=70, z=722} class_2338{x=364, y=69, z=722}
[19:12:41] [Server thread/WARN]: Mismatch in destroy block pos: class_2338{x=364, y=72, z=722} class_2338{x=364, y=70, z=722}
[19:12:51] [Server thread/WARN]: Mismatch in destroy block pos: class_2338{x=362, y=67, z=711} class_2338{x=362, y=66, z=710}
[19:12:56] [Server thread/WARN]: Mismatch in destroy block pos: class_2338{x=362, y=67, z=711} class_2338{x=362, y=67, z=710}
[19:13:09] [Server thread/WARN]: Mismatch in destroy block pos: class_2338{x=361, y=67, z=712} class_2338{x=361, y=66, z=713}
[19:13:39] [Server thread/WARN]: Mismatch in destroy block pos: class_2338{x=360, y=75, z=718} class_2338{x=360, y=74, z=717}
[19:15:06] [Server thread/WARN]: Mismatch in destroy block pos: class_2338{x=360, y=75, z=708} class_2338{x=360, y=73, z=708}
[19:15:08] [Server thread/WARN]: Mismatch in destroy block pos: class_2338{x=357, y=74, z=705} class_2338{x=357, y=73, z=706}
[19:15:12] [Server thread/WARN]: Mismatch in destroy block pos: class_2338{x=354, y=75, z=705} class_2338{x=354, y=74, z=706}
[19:15:17] [Server thread/WARN]: Mismatch in destroy block pos: class_2338{x=356, y=75, z=706} class_2338{x=356, y=74, z=707}
[19:16:05] [Server thread/WARN]: Mismatch in destroy block pos: class_2338{x=360, y=72, z=712} class_2338{x=352, y=73, z=704}
[19:16:05] [Server thread/WARN]: Mismatch in destroy block pos: class_2338{x=360, y=72, z=712} class_2338{x=352, y=73, z=704}
[19:16:05] [Server thread/WARN]: Mismatch in destroy block pos: class_2338{x=360, y=72, z=712} class_2338{x=352, y=73, z=704}
[19:16:05] [Server thread/WARN]: Mismatch in destroy block pos: class_2338{x=360, y=72, z=712} class_2338{x=352, y=73, z=704}
[19:16:05] [Server thread/WARN]: Mismatch in destroy block pos: class_2338{x=360, y=72, z=712} class_2338{x=352, y=73, z=704}
[19:16:05] [Server thread/WARN]: Mismatch in destroy block pos: class_2338{x=360, y=72, z=712} class_2338{x=352, y=73, z=704}
[19:16:05] [Server thread/WARN]: Mismatch in destroy block pos: class_2338{x=360, y=72, z=712} class_2338{x=352, y=73, z=704}
[19:16:05] [Server thread/WARN]: Mismatch in destroy block pos: class_2338{x=360, y=72, z=712} class_2338{x=352, y=73, z=704}
[19:16:05] [Server thread/WARN]: Mismatch in destroy block pos: class_2338{x=360, y=72, z=712} class_2338{x=352, y=73, z=704}
[19:16:05] [Server thread/WARN]: Mismatch in destroy block pos: class_2338{x=360, y=72, z=712} class_2338{x=352, y=73, z=704}
[19:16:37] [Server thread/WARN]: Mismatch in destroy block pos: class_2338{x=351, y=71, z=700} class_2338{x=352, y=70, z=700}
[19:17:02] [Server thread/WARN]: Mismatch in destroy block pos: class_2338{x=357, y=79, z=711} class_2338{x=357, y=78, z=712}
[19:17:42] [Server thread/WARN]: Mismatch in destroy block pos: class_2338{x=351, y=75, z=704} class_2338{x=350, y=74, z=704}
[19:18:33] [Server thread/WARN]: Mismatch in destroy block pos: class_2338{x=345, y=72, z=697} class_2338{x=344, y=70, z=698}
[19:19:11] [Server thread/WARN]: Mismatch in destroy block pos: class_2338{x=342, y=72, z=697} class_2338{x=341, y=71, z=697}
[19:20:19] [Server thread/WARN]: Mismatch in destroy block pos: class_2338{x=326, y=70, z=693} class_2338{x=324, y=70, z=694}
[19:20:19] [Server thread/WARN]: Mismatch in destroy block pos: class_2338{x=326, y=70, z=693} class_2338{x=324, y=70, z=694}
[19:20:19] [Server thread/WARN]: Mismatch in destroy block pos: class_2338{x=326, y=70, z=693} class_2338{x=324, y=70, z=694}
[19:28:48] [Server thread/WARN]: Mismatch in destroy block pos: class_2338{x=-262, y=105, z=-118} class_2338{x=-266, y=102, z=-117}
[19:28:48] [Server thread/WARN]: Mismatch in destroy block pos: class_2338{x=-262, y=105, z=-118} class_2338{x=-266, y=102, z=-117}
[19:28:52] [Server thread/WARN]: Mismatch in destroy block pos: class_2338{x=-265, y=105, z=-111} class_2338{x=-265, y=106, z=-111}
[19:28:52] [Server thread/WARN]: Mismatch in destroy block pos: class_2338{x=-265, y=105, z=-111} class_2338{x=-265, y=106, z=-111}
[19:29:22] [Server thread/WARN]: Mismatch in destroy block pos: class_2338{x=-257, y=101, z=-110} class_2338{x=-259, y=100, z=-111}
[19:29:22] [Server thread/WARN]: Mismatch in destroy block pos: class_2338{x=-257, y=101, z=-110} class_2338{x=-259, y=100, z=-111}
[19:29:22] [Server thread/WARN]: Mismatch in destroy block pos: class_2338{x=-257, y=101, z=-110} class_2338{x=-259, y=100, z=-111}
[19:29:22] [Server thread/WARN]: Mismatch in destroy block pos: class_2338{x=-257, y=101, z=-110} class_2338{x=-259, y=100, z=-111}
[19:29:22] [Server thread/WARN]: Mismatch in destroy block pos: class_2338{x=-257, y=101, z=-110} class_2338{x=-259, y=100, z=-111}
[19:44:06] [Server thread/INFO]: tomisherio lost connection: Disconnected
[19:44:06] [Server thread/INFO]: tomisherio left the game
[19:49:58] [User Authenticator #6/INFO]: UUID of player tomisherio is 15e381a8-1724-43a6-8b15-5dadbe1369ab
[19:49:58] [Server thread/INFO]: tomisherio[/184.103.253.150:61363] logged in with entity id 897142 at (-333.89230948050255, 94.8558092313665, -111.31037478379584)
[19:49:58] [Server thread/INFO]: tomisherio joined the game
[19:53:30] [Server thread/INFO]: [tomisherio: Set own game mode to Spectator Mode]
[19:54:31] [Server thread/INFO]: [tomisherio: Set own game mode to Creative Mode]
[19:57:08] [Server thread/INFO]: [tomisherio: Set own game mode to Spectator Mode]
[19:58:02] [Server thread/INFO]: [tomisherio: Set own game mode to Survival Mode]
[20:02:16] [Server thread/INFO]: [tomisherio: Set own game mode to Spectator Mode]
[20:02:33] [Server thread/INFO]: [tomisherio: Set own game mode to Survival Mode]
[20:04:33] [Server thread/WARN]: Mismatch in destroy block pos: class_2338{x=-280, y=108, z=-128} class_2338{x=-280, y=109, z=-128}
[20:08:29] [Server thread/INFO]: Villager class_1646['Villager'/998, l='ServerLevel[ZaWarudo]', x=-58.86, y=69.50, z=138.10] died, message: 'Villager was squished too much'
[20:12:29] [Server thread/INFO]: [tomisherio: Set own game mode to Spectator Mode]
[20:13:07] [Server thread/INFO]: [tomisherio: Set own game mode to Survival Mode]
[20:14:13] [Server thread/INFO]: [tomisherio: Set own game mode to Spectator Mode]
[20:14:53] [Server thread/INFO]: [tomisherio: Set own game mode to Survival Mode]
[21:02:05] [Server thread/INFO]: Villager class_1646['Villager'/857522, l='ServerLevel[ZaWarudo]', x=-58.78, y=69.50, z=138.32] died, message: 'Villager was squished too much'
[21:11:31] [Server thread/INFO]: Villager class_1646['Villager'/858482, l='ServerLevel[ZaWarudo]', x=-58.88, y=69.57, z=138.19] died, message: 'Villager was squished too much'
[21:16:20] [Server thread/WARN]: Fetching packet for removed entity class_1542['Air'/991957, l='ServerLevel[ZaWarudo]', x=-67.40, y=72.00, z=80.70]
[21:37:20] [Server thread/INFO]: Villager class_1646['Villager'/980, l='ServerLevel[ZaWarudo]', x=-58.30, y=69.30, z=138.70] died, message: 'Villager was squished too much'
[21:46:52] [Server thread/INFO]: Villager class_1646['Villager'/46275, l='ServerLevel[ZaWarudo]', x=-58.88, y=69.51, z=138.11] died, message: 'Villager was squished too much'
[22:23:45] [Server thread/INFO]: Villager class_1646['Villager'/63034, l='ServerLevel[ZaWarudo]', x=-58.76, y=69.71, z=138.70] died, message: 'Villager was squished too much'
[22:25:08] [Server thread/INFO]: Villager class_1646['Villager'/970, l='ServerLevel[ZaWarudo]', x=-58.30, y=69.31, z=138.70] died, message: 'Villager was squished too much'
[22:32:55] [Server thread/WARN]: Fetching packet for removed entity class_1542['Air'/1028190, l='ServerLevel[ZaWarudo]', x=-67.34, y=72.00, z=81.05]
[22:53:42] [Server thread/WARN]: Mismatch in destroy block pos: class_2338{x=-293, y=52, z=-331} class_2338{x=-293, y=52, z=-329}
[22:54:39] [Server thread/WARN]: Mismatch in destroy block pos: class_2338{x=-239, y=51, z=-303} class_2338{x=-231, y=52, z=-289}
[23:01:11] [Server thread/WARN]: Mismatch in destroy block pos: class_2338{x=-268, y=82, z=-462} class_2338{x=-273, y=85, z=-457}
[23:03:01] [Server thread/WARN]: Mismatch in destroy block pos: class_2338{x=-199, y=71, z=-474} class_2338{x=-198, y=70, z=-474}
[23:15:56] [Server thread/WARN]: tomisherio moved wrongly!
