[00:16:09] [Server thread/WARN]: Fetching packet for removed entity class_1542['Iron Ingot'/2515545, l='ServerLevel[ZaWarudo]', x=-47.20, y=74.00, z=48.94]
[00:20:45] [Server thread/WARN]: tomisherio moved wrongly!
[00:23:26] [Server thread/WARN]: tomisherio moved wrongly!
[00:27:42] [Server thread/INFO]: [tomisherio: Set own game mode to Creative Mode]
[00:31:01] [Server thread/INFO]: [tomisherio: Set own game mode to Survival Mode]
[00:44:05] [Server thread/WARN]: Mismatch in destroy block pos: class_2338{x=982, y=66, z=574} class_2338{x=983, y=67, z=570}
[00:48:54] [Server thread/WARN]: tomisherio moved wrongly!
[00:54:49] [Server thread/WARN]: tomisherio moved wrongly!
[00:55:57] [Server thread/INFO]: tomisherio lost connection: Disconnected
[00:55:57] [Server thread/INFO]: tomisherio left the game
[00:56:37] [User Authenticator #11/INFO]: UUID of player tomisherio is 15e381a8-1724-43a6-8b15-5dadbe1369ab
[00:56:37] [Server thread/INFO]: tomisherio[/184.103.253.150:59502] logged in with entity id 2522761 at (981.5, 68.0000002, 574.5)
[00:56:37] [Server thread/INFO]: tomisherio joined the game
[01:00:43] [Server thread/INFO]: [tomisherio: Set own game mode to Creative Mode]
[01:01:00] [Server thread/INFO]: [tomisherio: Set own game mode to Survival Mode]
[01:04:42] [Server thread/INFO]: [tomisherio: Set own game mode to Spectator Mode]
[01:05:30] [Server thread/INFO]: [tomisherio: Set own game mode to Survival Mode]
[01:09:01] [Server thread/INFO]: tomisherio lost connection: Disconnected
[01:09:01] [Server thread/INFO]: tomisherio left the game
[01:09:34] [User Authenticator #12/INFO]: UUID of player tomisherio is 15e381a8-1724-43a6-8b15-5dadbe1369ab
[01:09:34] [Server thread/INFO]: tomisherio[/184.103.253.150:59554] logged in with entity id 2525747 at (1009.6892633740952, 93.83915679042586, 593.0054365601582)
[01:09:34] [Server thread/INFO]: tomisherio joined the game
[01:09:54] [Server thread/INFO]: tomisherio lost connection: Disconnected
[01:09:54] [Server thread/INFO]: tomisherio left the game
[01:10:57] [User Authenticator #13/INFO]: UUID of player tomisherio is 15e381a8-1724-43a6-8b15-5dadbe1369ab
[01:10:57] [Server thread/INFO]: tomisherio[/184.103.253.150:59584] logged in with entity id 2526224 at (1047.0477315335395, 77.0, 571.7212578082956)
[01:10:57] [Server thread/INFO]: tomisherio joined the game
[01:13:08] [Server thread/INFO]: [tomisherio: Set own game mode to Spectator Mode]
[01:13:41] [Server thread/INFO]: tomisherio lost connection: Disconnected
[01:13:41] [Server thread/INFO]: tomisherio left the game
[01:17:30] [User Authenticator #14/INFO]: UUID of player tomisherio is 15e381a8-1724-43a6-8b15-5dadbe1369ab
[01:17:30] [Server thread/INFO]: tomisherio[/184.103.253.150:59615] logged in with entity id 2526943 at (1007.3695285377672, 88.79259034350846, 655.3250147784862)
[01:17:30] [Server thread/INFO]: tomisherio joined the game
[01:17:40] [Server thread/INFO]: tomisherio lost connection: Disconnected
[01:17:40] [Server thread/INFO]: tomisherio left the game
[01:20:20] [User Authenticator #15/INFO]: UUID of player tomisherio is 15e381a8-1724-43a6-8b15-5dadbe1369ab
[01:20:20] [Server thread/INFO]: tomisherio[/184.103.253.150:59637] logged in with entity id 2527277 at (1007.3695285377672, 88.79259034350846, 655.3250147784862)
[01:20:20] [Server thread/INFO]: tomisherio joined the game
[01:21:37] [Server thread/INFO]: [tomisherio: Set own game mode to Creative Mode]
[01:28:54] [Server thread/INFO]: tomisherio lost connection: Disconnected
[01:28:54] [Server thread/INFO]: tomisherio left the game
[01:31:53] [User Authenticator #16/INFO]: UUID of player tomisherio is 15e381a8-1724-43a6-8b15-5dadbe1369ab
[01:31:53] [Server thread/INFO]: tomisherio[/184.103.253.150:59689] logged in with entity id 2528904 at (990.2674551123829, 76.53260085503636, 620.4252491021439)
[01:31:53] [Server thread/INFO]: tomisherio joined the game
[01:37:26] [Server thread/INFO]: tomisherio lost connection: Disconnected
[01:37:26] [Server thread/INFO]: tomisherio left the game
[17:48:28] [User Authenticator #17/INFO]: UUID of player tomisherio is 15e381a8-1724-43a6-8b15-5dadbe1369ab
[17:48:28] [Server thread/INFO]: tomisherio[/184.103.253.150:50979] logged in with entity id 2531051 at (1037.6326405069462, 93.7008687714242, 620.0197594435307)
[17:48:28] [Server thread/INFO]: tomisherio joined the game
[17:50:22] [Server thread/INFO]: [tomisherio: Successfully filled 16581 blocks]
[17:51:18] [Server thread/INFO]: [tomisherio: Successfully filled 5182 blocks]
[17:52:46] [Server thread/INFO]: [tomisherio: Successfully filled 134 blocks]
[17:53:36] [Server thread/INFO]: [tomisherio: Successfully filled 73 blocks]
[17:54:45] [Server thread/INFO]: [tomisherio: Successfully filled 117 blocks]
[17:55:04] [Server thread/INFO]: [tomisherio: Successfully filled 72 blocks]
[17:55:30] [Server thread/INFO]: [tomisherio: Successfully filled 72 blocks]
[17:55:52] [Server thread/INFO]: [tomisherio: Successfully filled 72 blocks]
[17:56:47] [Server thread/INFO]: [tomisherio: Successfully filled 72 blocks]
[17:57:07] [Server thread/INFO]: [tomisherio: Successfully filled 71 blocks]
[17:57:22] [Server thread/INFO]: [tomisherio: Successfully filled 72 blocks]
[17:57:34] [Server thread/INFO]: [tomisherio: Successfully filled 72 blocks]
[17:57:49] [Server thread/INFO]: [tomisherio: Successfully filled 72 blocks]
[17:58:00] [Server thread/INFO]: [tomisherio: Successfully filled 72 blocks]
[17:58:09] [Server thread/INFO]: [tomisherio: Successfully filled 72 blocks]
[17:58:20] [Server thread/INFO]: [tomisherio: Successfully filled 72 blocks]
[17:58:35] [Server thread/INFO]: [tomisherio: Successfully filled 72 blocks]
[17:58:51] [Server thread/INFO]: [tomisherio: Successfully filled 72 blocks]
[17:59:00] [Server thread/INFO]: [tomisherio: Successfully filled 72 blocks]
[17:59:12] [Server thread/INFO]: [tomisherio: Successfully filled 72 blocks]
[17:59:21] [Server thread/INFO]: [tomisherio: Successfully filled 72 blocks]
[18:00:54] [Server thread/INFO]: [tomisherio: Successfully filled 5112 blocks]
[18:01:51] [Server thread/INFO]: [tomisherio: Successfully filled 70 blocks]
[18:02:17] [Server thread/INFO]: [tomisherio: Successfully filled 70 blocks]
[18:02:24] [Server thread/INFO]: [tomisherio: Successfully filled 70 blocks]
[18:02:31] [Server thread/INFO]: [tomisherio: Successfully filled 70 blocks]
[18:02:43] [Server thread/INFO]: [tomisherio: Successfully filled 70 blocks]
[18:02:48] [Server thread/INFO]: [tomisherio: Successfully filled 70 blocks]
[18:02:55] [Server thread/INFO]: [tomisherio: Successfully filled 70 blocks]
[18:03:00] [Server thread/INFO]: [tomisherio: Successfully filled 70 blocks]
[18:03:06] [Server thread/INFO]: [tomisherio: Successfully filled 70 blocks]
[18:03:14] [Server thread/INFO]: [tomisherio: Successfully filled 70 blocks]
[18:03:18] [Server thread/INFO]: [tomisherio: Successfully filled 70 blocks]
[18:03:24] [Server thread/INFO]: [tomisherio: Successfully filled 70 blocks]
[18:03:28] [Server thread/INFO]: [tomisherio: Successfully filled 70 blocks]
[18:03:34] [Server thread/INFO]: [tomisherio: Successfully filled 70 blocks]
[18:03:39] [Server thread/INFO]: [tomisherio: Successfully filled 70 blocks]
[18:03:44] [Server thread/INFO]: [tomisherio: Successfully filled 70 blocks]
[18:03:50] [Server thread/INFO]: [tomisherio: Successfully filled 70 blocks]
[18:03:55] [Server thread/INFO]: [tomisherio: Successfully filled 70 blocks]
[18:04:03] [Server thread/INFO]: [tomisherio: Successfully filled 70 blocks]
[18:04:07] [Server thread/INFO]: [tomisherio: Successfully filled 70 blocks]
[18:04:13] [Server thread/INFO]: [tomisherio: Successfully filled 70 blocks]
[18:04:17] [Server thread/INFO]: [tomisherio: Successfully filled 70 blocks]
[18:04:22] [Server thread/INFO]: [tomisherio: Successfully filled 70 blocks]
[18:04:27] [Server thread/INFO]: [tomisherio: Successfully filled 70 blocks]
[18:04:32] [Server thread/INFO]: [tomisherio: Successfully filled 70 blocks]
[18:04:37] [Server thread/INFO]: [tomisherio: Successfully filled 70 blocks]
[18:04:42] [Server thread/INFO]: [tomisherio: Successfully filled 70 blocks]
[18:04:46] [Server thread/INFO]: [tomisherio: Successfully filled 70 blocks]
[18:04:51] [Server thread/INFO]: [tomisherio: Successfully filled 70 blocks]
[18:04:56] [Server thread/INFO]: [tomisherio: Successfully filled 70 blocks]
[18:05:00] [Server thread/INFO]: [tomisherio: Successfully filled 70 blocks]
[18:05:05] [Server thread/INFO]: [tomisherio: Successfully filled 70 blocks]
[18:05:10] [Server thread/INFO]: [tomisherio: Successfully filled 70 blocks]
[18:05:17] [Server thread/INFO]: [tomisherio: Successfully filled 70 blocks]
[18:06:45] [Server thread/INFO]: [tomisherio: Successfully filled 71 blocks]
[18:07:04] [Server thread/INFO]: [tomisherio: Successfully filled 73 blocks]
[18:07:16] [Server thread/INFO]: [tomisherio: Successfully filled 73 blocks]
[18:07:23] [Server thread/INFO]: [tomisherio: Successfully filled 73 blocks]
[18:07:29] [Server thread/INFO]: [tomisherio: Successfully filled 73 blocks]
[18:07:41] [Server thread/INFO]: [tomisherio: Successfully filled 73 blocks]
[18:07:47] [Server thread/INFO]: [tomisherio: Successfully filled 73 blocks]
[18:07:54] [Server thread/INFO]: [tomisherio: Successfully filled 73 blocks]
[18:08:00] [Server thread/INFO]: [tomisherio: Successfully filled 73 blocks]
[18:08:08] [Server thread/INFO]: [tomisherio: Successfully filled 73 blocks]
[18:08:18] [Server thread/INFO]: [tomisherio: Successfully filled 73 blocks]
[18:08:25] [Server thread/INFO]: [tomisherio: Successfully filled 73 blocks]
[18:08:30] [Server thread/INFO]: [tomisherio: Successfully filled 73 blocks]
[18:08:36] [Server thread/INFO]: [tomisherio: Successfully filled 73 blocks]
[18:08:43] [Server thread/INFO]: [tomisherio: Successfully filled 73 blocks]
[18:08:48] [Server thread/INFO]: [tomisherio: Successfully filled 73 blocks]
[18:08:54] [Server thread/INFO]: [tomisherio: Successfully filled 73 blocks]
[18:10:07] [Server thread/INFO]: [tomisherio: Successfully filled 72 blocks]
[18:10:17] [Server thread/INFO]: [tomisherio: Successfully filled 72 blocks]
[18:10:25] [Server thread/INFO]: [tomisherio: Successfully filled 72 blocks]
[18:10:34] [Server thread/INFO]: [tomisherio: Successfully filled 72 blocks]
[18:10:40] [Server thread/INFO]: [tomisherio: Successfully filled 72 blocks]
[18:10:48] [Server thread/INFO]: [tomisherio: Successfully filled 72 blocks]
[18:10:55] [Server thread/INFO]: [tomisherio: Successfully filled 72 blocks]
[18:11:01] [Server thread/INFO]: [tomisherio: Successfully filled 72 blocks]
[18:11:06] [Server thread/INFO]: [tomisherio: Successfully filled 72 blocks]
[18:11:13] [Server thread/INFO]: [tomisherio: Successfully filled 72 blocks]
[18:11:21] [Server thread/INFO]: [tomisherio: Successfully filled 72 blocks]
[18:11:28] [Server thread/INFO]: [tomisherio: Successfully filled 72 blocks]
[18:11:33] [Server thread/INFO]: [tomisherio: Successfully filled 72 blocks]
[18:11:41] [Server thread/INFO]: [tomisherio: Successfully filled 72 blocks]
[18:11:50] [Server thread/INFO]: [tomisherio: Successfully filled 72 blocks]
[18:11:56] [Server thread/INFO]: [tomisherio: Successfully filled 72 blocks]
[18:12:01] [Server thread/INFO]: [tomisherio: Successfully filled 72 blocks]
[18:12:22] [Server thread/INFO]: [tomisherio: Successfully filled 72 blocks]
[18:12:31] [Server thread/INFO]: [tomisherio: Successfully filled 72 blocks]
[18:12:36] [Server thread/INFO]: [tomisherio: Successfully filled 72 blocks]
[18:12:43] [Server thread/INFO]: [tomisherio: Successfully filled 72 blocks]
[18:12:49] [Server thread/INFO]: [tomisherio: Successfully filled 72 blocks]
[18:12:54] [Server thread/INFO]: [tomisherio: Successfully filled 72 blocks]
[18:13:04] [Server thread/INFO]: [tomisherio: Successfully filled 72 blocks]
[18:13:36] [Server thread/INFO]: [tomisherio: Successfully filled 222 blocks]
[18:14:24] [Server thread/INFO]: [tomisherio: Successfully filled 74 blocks]
[18:15:01] [Server thread/INFO]: [tomisherio: Successfully filled 68 blocks]
[18:15:13] [Server thread/INFO]: [tomisherio: Successfully filled 218 blocks]
[18:16:09] [Server thread/INFO]: [tomisherio: Successfully filled 169 blocks]
[18:16:26] [Server thread/INFO]: [tomisherio: Successfully filled 74 blocks]
[18:16:41] [Server thread/INFO]: [tomisherio: Successfully filled 74 blocks]
[18:17:05] [Server thread/INFO]: [tomisherio: Successfully filled 218 blocks]
[18:20:01] [Server thread/INFO]: [tomisherio: Successfully filled 44 blocks]
[18:22:22] [Server thread/INFO]: [tomisherio: Successfully filled 71 blocks]
[18:32:46] [Server thread/INFO]: [tomisherio: Successfully filled 49 blocks]
[18:34:37] [Server thread/INFO]: [tomisherio: Successfully filled 59 blocks]
[18:34:58] [Server thread/INFO]: [tomisherio: Successfully filled 61 blocks]
[18:36:20] [Server thread/INFO]: [tomisherio: Successfully filled 72 blocks]
[18:37:06] [Server thread/INFO]: [tomisherio: Successfully filled 72 blocks]
[18:37:57] [Server thread/INFO]: [tomisherio: Successfully filled 72 blocks]
[18:38:15] [Server thread/INFO]: [tomisherio: Successfully filled 72 blocks]
[18:38:56] [Server thread/INFO]: [tomisherio: Successfully filled 70 blocks]
[18:39:10] [Server thread/INFO]: [tomisherio: Successfully filled 72 blocks]
[18:39:22] [Server thread/INFO]: [tomisherio: Successfully filled 72 blocks]
[18:39:29] [Server thread/INFO]: [tomisherio: Successfully filled 72 blocks]
[18:39:45] [Server thread/INFO]: [tomisherio: Successfully filled 72 blocks]
[18:39:55] [Server thread/INFO]: [tomisherio: Successfully filled 72 blocks]
[18:40:05] [Server thread/INFO]: [tomisherio: Successfully filled 72 blocks]
[18:40:18] [Server thread/INFO]: [tomisherio: Successfully filled 72 blocks]
[18:40:30] [Server thread/INFO]: [tomisherio: Successfully filled 72 blocks]
[18:40:41] [Server thread/INFO]: [tomisherio: Successfully filled 72 blocks]
[18:41:01] [Server thread/INFO]: [tomisherio: Successfully filled 72 blocks]
[18:41:10] [Server thread/INFO]: [tomisherio: Successfully filled 72 blocks]
[18:41:24] [Server thread/INFO]: [tomisherio: Successfully filled 72 blocks]
[18:41:41] [Server thread/INFO]: [tomisherio: Successfully filled 72 blocks]
[18:42:56] [Server thread/INFO]: [tomisherio: Successfully filled 72 blocks]
[18:43:05] [Server thread/INFO]: [tomisherio: Successfully filled 72 blocks]
[18:43:21] [Server thread/INFO]: [tomisherio: Successfully filled 72 blocks]
[18:48:31] [Server thread/INFO]: [tomisherio: Successfully filled 81 blocks]
[18:48:53] [Server thread/INFO]: [tomisherio: Successfully filled 83 blocks]
[18:49:12] [Server thread/INFO]: [tomisherio: Successfully filled 16 blocks]
[18:49:27] [Server thread/INFO]: [tomisherio: Successfully filled 84 blocks]
[18:57:22] [Server thread/INFO]: [tomisherio: Set own game mode to Survival Mode]
[19:08:53] [Server thread/WARN]: Fetching packet for removed entity class_1542['Sugar Cane'/2543173, l='ServerLevel[ZaWarudo]', x=997.94, y=79.02, z=655.11]
[19:16:02] [Server thread/WARN]: tomisherio moved wrongly!
[19:16:03] [Server thread/WARN]: tomisherio moved wrongly!
[19:18:36] [Server thread/INFO]: [tomisherio: Set own game mode to Spectator Mode]
[19:18:55] [Server thread/INFO]: [tomisherio: Set own game mode to Survival Mode]
[19:21:21] [Server thread/INFO]: [tomisherio: Gave 1 [White Concrete] to tomisherio]
[19:22:49] [Server thread/INFO]: [tomisherio: Gave 1 [White Concrete] to tomisherio]
[20:16:00] [Server thread/INFO]: [tomisherio: Set own game mode to Spectator Mode]
[20:16:26] [Server thread/INFO]: [tomisherio: Set own game mode to Survival Mode]
[20:31:59] [Server thread/INFO]: [tomisherio: Set own game mode to Spectator Mode]
[20:32:22] [Server thread/INFO]: [tomisherio: Set own game mode to Creative Mode]
[20:33:55] [Server thread/INFO]: [tomisherio: Set own game mode to Survival Mode]
[21:08:24] [Server thread/INFO]: [tomisherio: Set own game mode to Spectator Mode]
[21:12:28] [Server thread/INFO]: [tomisherio: Set own game mode to Survival Mode]
[21:59:00] [Server thread/INFO]: Villager class_1646['Villager'/2144469, l='ServerLevel[ZaWarudo]', x=-58.76, y=69.48, z=138.16] died, message: 'Villager was squished too much'
[22:51:16] [Server thread/INFO]: [tomisherio: Set own game mode to Spectator Mode]
[22:51:23] [Server thread/INFO]: [tomisherio: Set own game mode to Survival Mode]
[22:54:15] [Server thread/INFO]: [tomisherio: Set own game mode to Spectator Mode]
[22:54:24] [Server thread/INFO]: [tomisherio: Set own game mode to Survival Mode]
[22:57:32] [Server thread/WARN]: Mismatch in destroy block pos: class_2338{x=965, y=69, z=448} class_2338{x=967, y=67, z=448}
[23:17:14] [Server thread/INFO]: [tomisherio: Set own game mode to Creative Mode]
[23:18:49] [Server thread/INFO]: [tomisherio: Set own game mode to Survival Mode]
[23:19:48] [Server thread/WARN]: tomisherio moved wrongly!
[23:26:32] [Server thread/WARN]: tomisherio moved wrongly!
[23:31:19] [Server thread/INFO]: [tomisherio: Set own game mode to Spectator Mode]
[23:32:02] [Server thread/INFO]: [tomisherio: Set own game mode to Creative Mode]
[23:48:33] [Server thread/INFO]: [tomisherio: Set own game mode to Survival Mode]
