[22:30:15] [main/INFO]: Loading for game Minecraft 1.16.1
[22:30:22] [main/INFO]: [FabricLoader] Loading 45 mods: fabric-screen-handler-api-v1@1.0.1+f362c86e02, minecraft@1.16.1, fabric-renderer-api-v1@0.2.13+eae12eb802, fabric-networking-blockentity-v0@0.2.5+b50ffc7b02, fabric-keybindings-v0@0.2.0+3fa9f7c502, inventorysorter@1.6.7-1.16, fabric-command-api-v1@1.0.8+5ce5339802, cloth-basic-math@0.5.1, fabricloader@0.8.9+build.203, fabric-tool-attribute-api-v1@1.1.4+5794386e02, fabric-renderer-indigo@0.3.2+4d66bed502, fabric-containers-v0@0.1.8+045df74f02, fabric-object-builder-api-v1@1.5.5+e00ecb5f02, fabric-dimensions-v1@1.0.0+a71b305302, fabric-biomes-v1@0.2.7+059ea86602, fabric-events-interaction-v0@0.3.3+7066030f02, fabric-crash-report-info-v1@0.1.2+b7f9825d02, fabric-item-api-v1@1.0.0+16acbe5b02, kyrptconfig@1.0.4-1.16, fabric-api-base@0.1.3+12a8474c02, fabric-rendering-v0@1.1.0+5341049002, fabric-rendering-v1@1.1.2+346247d702, fabric-key-binding-api-v1@1.0.0+e16a977402, cloth-config2@4.5.6, fabric-rendering-data-attachment-v1@0.1.3+b7f9825d02, fabric-resource-loader-v0@0.2.6+f41e209802, fabric-textures-v0@1.0.4+eae12eb802, fabric-content-registries-v0@0.1.9+059ea86602, fabric-tag-extensions-v0@0.2.7+a4c57d8e02, blue_endless_jankson@+, fabric-rendering-fluids-v1@0.1.8+b7084faa02, fabric-registry-sync-v0@0.3.8+7dba2d6c02, fabric-commands-v0@0.2.0+52d3083602, fabric-blockrenderlayer-v1@1.1.4+c6a8ea8902, fabric-lifecycle-events-v1@1.0.0+b0993bc102, fabric-mining-levels-v0@0.1.2+b764ce9902, fabric-renderer-registries-v1@2.0.1+5a0f9a6002, fabric-loot-tables-v1@0.1.10+059ea86602, fabric-events-lifecycle-v0@0.2.0+16acbe5b02, fabric@0.14.1+build.372-1.16, fabric-models-v0@0.1.0+dfdb52d602, fabric-particles-v1@0.2.1+0a6f2a7002, fabric-item-groups-v0@0.2.0+438f963602, fabric-networking-v0@0.1.10+e00ecb5f02, fabric-object-builders-v0@0.6.0+da175ad602
[22:30:22] [main/WARN]: Mod `blue_endless_jankson` (+) does not respect SemVer - comparison support is limited.
[22:30:23] [main/INFO]: SpongePowered MIXIN Subsystem Version=0.8 Source=file:/D:/winbackup/MinecraftServers/ZaWarudo/fabric-server-launch.jar Service=Knot/Fabric Env=SERVER
[22:30:27] [main/INFO]: Environment: authHost='https://authserver.mojang.com', accountsHost='https://api.mojang.com', sessionHost='https://sessionserver.mojang.com', name='PROD'
[22:30:28] [main/WARN]: Ambiguity between arguments [teleport, destination] and [teleport, targets] with inputs: [Player, 0123, @e, dd12be42-52a9-4a91-a8a1-11c01849e498]
[22:30:28] [main/WARN]: Ambiguity between arguments [teleport, location] and [teleport, destination] with inputs: [0.1 -0.5 .9, 0 0 0]
[22:30:28] [main/WARN]: Ambiguity between arguments [teleport, location] and [teleport, targets] with inputs: [0.1 -0.5 .9, 0 0 0]
[22:30:28] [main/WARN]: Ambiguity between arguments [teleport, targets] and [teleport, destination] with inputs: [Player, 0123, dd12be42-52a9-4a91-a8a1-11c01849e498]
[22:30:28] [main/WARN]: Ambiguity between arguments [teleport, targets, location] and [teleport, targets, destination] with inputs: [0.1 -0.5 .9, 0 0 0]
[22:30:28] [main/INFO]: Reloading ResourceManager: Default, anti creeper grief v1.0.2.zip, anti enderman grief v1.0.0.zip, anti ghast grief v1.0.0.zip, double shulker shells v1.2.0.zip, Fabric Tool Attribute API (v1), WrenchRP.zip, multiplayer sleep v1.0.2.zip, VanillaTweaks_c287303.zip, shulkershit.zip
[22:30:29] [Worker-Main-12/INFO]: Loaded 7 recipes
[22:30:29] [Worker-Main-12/WARN]: Found validation problem in {minecraft:entities/shulker}.pools[1].entries[0]: Unknown loot table called minecraft:entities/reference/mmh/shulker
[22:30:29] [Worker-Main-12/INFO]: Loaded 944 advancements
[22:30:30] [Server thread/INFO]: Starting minecraft server version 1.16.1
[22:30:30] [Server thread/INFO]: Loading properties
[22:30:30] [Server thread/INFO]: Default game type: SURVIVAL
[22:30:30] [Server thread/INFO]: Generating keypair
[22:30:30] [Server thread/INFO]: Starting Minecraft server on *:25565
[22:30:30] [Server thread/INFO]: Using default channel type
[22:30:31] [Server thread/INFO]: Preparing level "ZaWarudo"
[22:30:31] [Server thread/INFO]: Preparing start region for dimension minecraft:overworld
[22:30:32] [Server thread/INFO]: Preparing spawn area: 0%
[22:30:32] [Server thread/INFO]: Preparing spawn area: 0%
[22:30:32] [Server thread/INFO]: Preparing spawn area: 45%
[22:30:32] [Server thread/INFO]: Time elapsed: 1132 ms
[22:30:32] [Server thread/INFO]: Done (1.232s)! For help, type "help"
[22:32:01] [User Authenticator #1/INFO]: UUID of player GanonCann0n is ce34b950-cf6f-4093-8021-f361d57ec21e
[22:32:01] [Server thread/INFO]: GanonCann0n[/192.168.1.1:50302] logged in with entity id 143 at (-170.5, 69.0000002, 74.5)
[22:32:01] [Server thread/INFO]: GanonCann0n joined the game
[22:32:04] [Server thread/WARN]: Can't keep up! Is the server overloaded? Running 2317ms or 46 ticks behind
[22:32:29] [Server thread/INFO]: GanonCann0n lost connection: Disconnected
[22:32:29] [Server thread/INFO]: GanonCann0n left the game
[22:40:18] [User Authenticator #2/INFO]: UUID of player tomisherio is 15e381a8-1724-43a6-8b15-5dadbe1369ab
[22:40:18] [Server thread/INFO]: tomisherio[/184.103.253.150:63930] logged in with entity id 843 at (-1817.300000011921, 155.0, 1706.3876398512718)
[22:40:18] [Server thread/INFO]: tomisherio joined the game
[22:40:25] [Server thread/INFO]: tomisherio lost connection: Disconnected
[22:40:25] [Server thread/INFO]: tomisherio left the game
[22:41:49] [User Authenticator #3/INFO]: UUID of player tomisherio is 15e381a8-1724-43a6-8b15-5dadbe1369ab
[22:41:50] [Server thread/INFO]: tomisherio[/184.103.253.150:63996] logged in with entity id 2926 at (-1817.300000011921, 155.0, 1706.3876398512718)
[22:41:50] [Server thread/INFO]: tomisherio joined the game
[22:42:10] [Server thread/WARN]: Can't keep up! Is the server overloaded? Running 6762ms or 135 ticks behind
[22:43:57] [Server thread/WARN]: Fetching packet for removed entity class_1542['Air'/19741, l='ServerLevel[ZaWarudo]', x=-228.57, y=26.63, z=211.43]
[22:43:58] [Server thread/WARN]: Fetching packet for removed entity class_1542['Air'/19789, l='ServerLevel[ZaWarudo]', x=-228.57, y=27.00, z=211.43]
[22:43:58] [Server thread/WARN]: Fetching packet for removed entity class_1542['Air'/19791, l='ServerLevel[ZaWarudo]', x=-228.57, y=27.00, z=211.43]
[22:43:58] [Server thread/WARN]: Fetching packet for removed entity class_1542['Air'/19876, l='ServerLevel[ZaWarudo]', x=-228.57, y=27.00, z=211.43]
[22:43:58] [Server thread/WARN]: Fetching packet for removed entity class_1542['Air'/19884, l='ServerLevel[ZaWarudo]', x=-226.43, y=27.00, z=211.43]
[22:43:58] [Server thread/WARN]: Fetching packet for removed entity class_1542['Air'/19886, l='ServerLevel[ZaWarudo]', x=-226.43, y=27.00, z=211.43]
[22:43:58] [Server thread/WARN]: Fetching packet for removed entity class_1542['Air'/19893, l='ServerLevel[ZaWarudo]', x=-228.57, y=27.00, z=213.57]
[22:51:39] [Server thread/INFO]: [tomisherio: Set own game mode to Spectator Mode]
[23:06:40] [Server thread/INFO]: [tomisherio: Set own game mode to Survival Mode]
[23:16:27] [Server thread/WARN]: tomisherio moved wrongly!
[23:17:26] [Server thread/INFO]: [tomisherio: Set own game mode to Creative Mode]
[23:39:21] [Server thread/INFO]: [tomisherio: Set own game mode to Spectator Mode]
[23:39:26] [Server thread/INFO]: [tomisherio: Set own game mode to Creative Mode]
[23:46:25] [Server thread/INFO]: [tomisherio: Set the time to 13000]
[23:55:30] [Server thread/INFO]: [tomisherio: Set the time to 13000]
[23:56:35] [Server thread/INFO]: tomisherio lost connection: Disconnected
[23:56:35] [Server thread/INFO]: tomisherio left the game
[23:57:26] [User Authenticator #4/INFO]: UUID of player tomisherio is 15e381a8-1724-43a6-8b15-5dadbe1369ab
[23:57:26] [Server thread/INFO]: tomisherio[/184.103.253.150:64367] logged in with entity id 27001 at (1088.6451835383725, 78.18249402151741, 422.8865925731477)
[23:57:26] [Server thread/INFO]: tomisherio joined the game
[23:58:33] [Server thread/INFO]: [tomisherio: Set own game mode to Spectator Mode]
[23:58:36] [Server thread/INFO]: [tomisherio: Set own game mode to Creative Mode]
