[10:40:52] [User Authenticator #24/INFO]: UUID of player tomisherio is 15e381a8-1724-43a6-8b15-5dadbe1369ab
[10:40:52] [Server thread/INFO]: tomisherio[/184.103.253.150:54092] logged in with entity id 1988187 at (1073.5177858666264, 68.0, 556.5395166884015)
[10:40:52] [Server thread/INFO]: tomisherio joined the game
[10:45:18] [Server thread/INFO]: tomisherio lost connection: Disconnected
[10:45:18] [Server thread/INFO]: tomisherio left the game
[12:32:31] [User Authenticator #25/INFO]: UUID of player tomisherio is 15e381a8-1724-43a6-8b15-5dadbe1369ab
[12:32:31] [Server thread/INFO]: tomisherio[/184.103.253.150:54573] logged in with entity id 1989636 at (994.4054735481059, 69.0, 552.1991739948576)
[12:32:31] [Server thread/INFO]: tomisherio joined the game
[12:47:10] [Server thread/INFO]: Villager class_1646['Villager'/1824122, l='ServerLevel[ZaWarudo]', x=-58.74, y=69.71, z=138.10] died, message: 'Villager was squished too much'
[12:53:32] [Server thread/WARN]: Fetching packet for removed entity class_1542['Poppy'/2010831, l='ServerLevel[ZaWarudo]', x=-38.73, y=72.02, z=55.13]
[13:00:40] [Server thread/INFO]: tomisherio lost connection: Disconnected
[13:00:40] [Server thread/INFO]: tomisherio left the game
[13:07:21] [User Authenticator #26/INFO]: UUID of player tomisherio is 15e381a8-1724-43a6-8b15-5dadbe1369ab
[13:07:21] [Server thread/INFO]: tomisherio[/184.103.253.150:54881] logged in with entity id 2013251 at (-138.50948151460153, 200.0, 202.39509622868093)
[13:07:21] [Server thread/INFO]: tomisherio joined the game
[13:14:32] [Server thread/INFO]: tomisherio lost connection: Disconnected
[13:14:32] [Server thread/INFO]: tomisherio left the game
[13:15:37] [User Authenticator #27/INFO]: UUID of player tomisherio is 15e381a8-1724-43a6-8b15-5dadbe1369ab
[13:15:37] [Server thread/INFO]: tomisherio[/184.103.253.150:54980] logged in with entity id 2016139 at (-138.69999998807907, 200.0, 202.30000001192093)
[13:15:37] [Server thread/INFO]: tomisherio joined the game
[13:25:49] [Server thread/INFO]: [tomisherio: Set own game mode to Spectator Mode]
[13:26:09] [Server thread/INFO]: [tomisherio: Set own game mode to Survival Mode]
[13:35:36] [Server thread/INFO]: tomisherio lost connection: Disconnected
[13:35:36] [Server thread/INFO]: tomisherio left the game
[14:07:16] [User Authenticator #28/INFO]: UUID of player tomisherio is 15e381a8-1724-43a6-8b15-5dadbe1369ab
[14:07:16] [Server thread/INFO]: tomisherio[/184.103.253.150:55357] logged in with entity id 2020639 at (963.7227033825975, 69.0, 552.6993473442509)
[14:07:16] [Server thread/INFO]: tomisherio joined the game
[14:07:31] [Server thread/INFO]: tomisherio lost connection: Disconnected
[14:07:31] [Server thread/INFO]: tomisherio left the game
[14:27:12] [User Authenticator #29/INFO]: UUID of player tomisherio is 15e381a8-1724-43a6-8b15-5dadbe1369ab
[14:27:13] [Server thread/INFO]: tomisherio[/184.103.253.150:55471] logged in with entity id 2020968 at (963.7227033825975, 69.0, 552.6993473442509)
[14:27:13] [Server thread/INFO]: tomisherio joined the game
[14:35:48] [Server thread/INFO]: tomisherio lost connection: Disconnected
[14:35:48] [Server thread/INFO]: tomisherio left the game
[15:38:34] [User Authenticator #30/INFO]: UUID of player tomisherio is 15e381a8-1724-43a6-8b15-5dadbe1369ab
[15:38:34] [Server thread/INFO]: tomisherio[/184.103.253.150:55851] logged in with entity id 2022836 at (1090.1999483309796, 69.0, 548.2394084022164)
[15:38:34] [Server thread/INFO]: tomisherio joined the game
[15:38:50] [Server thread/INFO]: tomisherio lost connection: Disconnected
[15:38:50] [Server thread/INFO]: tomisherio left the game
[22:49:03] [User Authenticator #31/INFO]: UUID of player tomisherio is 15e381a8-1724-43a6-8b15-5dadbe1369ab
[22:49:03] [Server thread/INFO]: tomisherio[/184.103.253.150:57089] logged in with entity id 2023024 at (1090.1999483309796, 69.0, 548.2394084022164)
[22:49:03] [Server thread/INFO]: tomisherio joined the game
[23:04:23] [Server thread/INFO]: tomisherio lost connection: Disconnected
[23:04:23] [Server thread/INFO]: tomisherio left the game
[23:07:56] [User Authenticator #32/INFO]: UUID of player tomisherio is 15e381a8-1724-43a6-8b15-5dadbe1369ab
[23:07:57] [Server thread/INFO]: tomisherio[/184.103.253.150:57160] logged in with entity id 2027126 at (1016.2221454413545, 69.0, 543.7496914617827)
[23:07:57] [Server thread/INFO]: tomisherio joined the game
[23:26:48] [Server thread/INFO]: tomisherio lost connection: Disconnected
[23:26:48] [Server thread/INFO]: tomisherio left the game
[23:36:16] [User Authenticator #33/INFO]: UUID of player tomisherio is 15e381a8-1724-43a6-8b15-5dadbe1369ab
[23:36:16] [Server thread/INFO]: tomisherio[/184.103.253.150:57254] logged in with entity id 2029924 at (1023.7868237383627, 82.0, 509.19849255122585)
[23:36:16] [Server thread/INFO]: tomisherio joined the game
[23:38:46] [Server thread/WARN]: tomisherio moved wrongly!
[23:44:41] [Server thread/INFO]: [tomisherio: Set own game mode to Creative Mode]
[23:48:09] [Server thread/INFO]: tomisherio lost connection: Disconnected
[23:48:09] [Server thread/INFO]: tomisherio left the game
[23:49:49] [User Authenticator #34/INFO]: UUID of player tomisherio is 15e381a8-1724-43a6-8b15-5dadbe1369ab
[23:49:49] [Server thread/INFO]: tomisherio[/184.103.253.150:57310] logged in with entity id 2033289 at (1001.303124462401, 73.08772258879209, 468.80371723291415)
[23:49:49] [Server thread/INFO]: tomisherio joined the game
[23:59:42] [Server thread/INFO]: [tomisherio: Removed 44 items from player tomisherio]
