[20:35:29] [main/INFO]: Loading for game Minecraft 1.16.1
[20:35:36] [main/INFO]: [FabricLoader] Loading 45 mods: fabric-screen-handler-api-v1@1.0.1+f362c86e02, minecraft@1.16.1, fabric-renderer-api-v1@0.2.13+eae12eb802, fabric-networking-blockentity-v0@0.2.5+b50ffc7b02, fabric-keybindings-v0@0.2.0+3fa9f7c502, inventorysorter@1.6.7-1.16, fabric-command-api-v1@1.0.8+5ce5339802, cloth-basic-math@0.5.1, fabricloader@0.8.9+build.203, fabric-tool-attribute-api-v1@1.1.4+5794386e02, fabric-renderer-indigo@0.3.2+4d66bed502, fabric-containers-v0@0.1.8+045df74f02, fabric-object-builder-api-v1@1.5.5+e00ecb5f02, fabric-dimensions-v1@1.0.0+a71b305302, fabric-biomes-v1@0.2.7+059ea86602, fabric-item-api-v1@1.0.0+16acbe5b02, fabric-crash-report-info-v1@0.1.2+b7f9825d02, fabric-events-interaction-v0@0.3.3+7066030f02, kyrptconfig@1.0.4-1.16, fabric-api-base@0.1.3+12a8474c02, fabric-rendering-v0@1.1.0+5341049002, fabric-rendering-v1@1.1.2+346247d702, fabric-key-binding-api-v1@1.0.0+e16a977402, cloth-config2@4.5.6, fabric-rendering-data-attachment-v1@0.1.3+b7f9825d02, fabric-resource-loader-v0@0.2.6+f41e209802, fabric-textures-v0@1.0.4+eae12eb802, fabric-content-registries-v0@0.1.9+059ea86602, fabric-tag-extensions-v0@0.2.7+a4c57d8e02, blue_endless_jankson@+, fabric-rendering-fluids-v1@0.1.8+b7084faa02, fabric-registry-sync-v0@0.3.8+7dba2d6c02, fabric-commands-v0@0.2.0+52d3083602, fabric-blockrenderlayer-v1@1.1.4+c6a8ea8902, fabric-lifecycle-events-v1@1.0.0+b0993bc102, fabric-mining-levels-v0@0.1.2+b764ce9902, fabric-renderer-registries-v1@2.0.1+5a0f9a6002, fabric-loot-tables-v1@0.1.10+059ea86602, fabric-events-lifecycle-v0@0.2.0+16acbe5b02, fabric@0.14.1+build.372-1.16, fabric-particles-v1@0.2.1+0a6f2a7002, fabric-models-v0@0.1.0+dfdb52d602, fabric-item-groups-v0@0.2.0+438f963602, fabric-networking-v0@0.1.10+e00ecb5f02, fabric-object-builders-v0@0.6.0+da175ad602
[20:35:36] [main/WARN]: Mod `blue_endless_jankson` (+) does not respect SemVer - comparison support is limited.
[20:35:36] [main/INFO]: SpongePowered MIXIN Subsystem Version=0.8 Source=file:/D:/winbackup/MinecraftServers/ZaWarudo/fabric-server-launch.jar Service=Knot/Fabric Env=SERVER
[20:35:41] [main/INFO]: Environment: authHost='https://authserver.mojang.com', accountsHost='https://api.mojang.com', sessionHost='https://sessionserver.mojang.com', name='PROD'
[20:35:42] [main/WARN]: Ambiguity between arguments [teleport, destination] and [teleport, targets] with inputs: [Player, 0123, @e, dd12be42-52a9-4a91-a8a1-11c01849e498]
[20:35:42] [main/WARN]: Ambiguity between arguments [teleport, location] and [teleport, destination] with inputs: [0.1 -0.5 .9, 0 0 0]
[20:35:42] [main/WARN]: Ambiguity between arguments [teleport, location] and [teleport, targets] with inputs: [0.1 -0.5 .9, 0 0 0]
[20:35:42] [main/WARN]: Ambiguity between arguments [teleport, targets] and [teleport, destination] with inputs: [Player, 0123, dd12be42-52a9-4a91-a8a1-11c01849e498]
[20:35:42] [main/WARN]: Ambiguity between arguments [teleport, targets, location] and [teleport, targets, destination] with inputs: [0.1 -0.5 .9, 0 0 0]
[20:35:42] [main/INFO]: Reloading ResourceManager: Default, anti creeper grief v1.0.2.zip, anti enderman grief v1.0.0.zip, anti ghast grief v1.0.0.zip, double shulker shells v1.2.0.zip, Fabric Tool Attribute API (v1), WrenchRP.zip, multiplayer sleep v1.0.2.zip, VanillaTweaks_c287303.zip, shulkershit.zip
[20:35:43] [Worker-Main-9/INFO]: Loaded 7 recipes
[20:35:43] [Worker-Main-9/WARN]: Found validation problem in {minecraft:entities/shulker}.pools[1].entries[0]: Unknown loot table called minecraft:entities/reference/mmh/shulker
[20:35:43] [Worker-Main-9/INFO]: Loaded 944 advancements
[20:35:46] [Server thread/INFO]: Starting minecraft server version 1.16.1
[20:35:46] [Server thread/INFO]: Loading properties
[20:35:46] [Server thread/INFO]: Default game type: SURVIVAL
[20:35:46] [Server thread/INFO]: Generating keypair
[20:35:46] [Server thread/INFO]: Starting Minecraft server on *:25565
[20:35:46] [Server thread/INFO]: Using default channel type
[20:35:47] [Server thread/INFO]: Preparing level "ZaWarudo"
[20:35:47] [Server thread/INFO]: Preparing start region for dimension minecraft:overworld
[20:35:48] [Server thread/INFO]: Preparing spawn area: 0%
[20:35:48] [Server thread/INFO]: Preparing spawn area: 0%
[20:35:48] [Server thread/INFO]: Preparing spawn area: 0%
[20:35:49] [Server thread/INFO]: Time elapsed: 1999 ms
[20:35:49] [Server thread/INFO]: Done (2.164s)! For help, type "help"
[20:35:56] [Server thread/WARN]: Can't keep up! Is the server overloaded? Running 6735ms or 134 ticks behind
[21:03:53] [User Authenticator #1/INFO]: UUID of player tomisherio is 15e381a8-1724-43a6-8b15-5dadbe1369ab
[21:03:54] [Server thread/INFO]: tomisherio[/184.103.253.150:65136] logged in with entity id 134 at (1077.300000011921, 83.45925825308167, 492.9233684063619)
[21:03:54] [Server thread/INFO]: tomisherio joined the game
[21:06:05] [Server thread/WARN]: Can't keep up! Is the server overloaded? Running 6738ms or 134 ticks behind
[21:52:39] [Server thread/WARN]: tomisherio moved wrongly!
[22:00:39] [User Authenticator #2/INFO]: UUID of player GanonCann0n is ce34b950-cf6f-4093-8021-f361d57ec21e
[22:00:39] [Server thread/INFO]: GanonCann0n[/192.168.1.1:54317] logged in with entity id 12470 at (839.3084171201036, 72.0, 624.3646132485765)
[22:00:39] [Server thread/INFO]: GanonCann0n joined the game
[22:09:47] [Server thread/WARN]: tomisherio moved wrongly!
[22:12:37] [Server thread/INFO]: [tomisherio: Set own game mode to Spectator Mode]
[22:12:44] [Server thread/INFO]: [tomisherio: Set own game mode to Survival Mode]
[22:17:50] [Server thread/INFO]: [tomisherio: Set own game mode to Spectator Mode]
[22:18:11] [Server thread/INFO]: [tomisherio: Set own game mode to Survival Mode]
[22:44:03] [Server thread/INFO]: GanonCann0n lost connection: Disconnected
[22:44:03] [Server thread/INFO]: GanonCann0n left the game
[22:44:13] [User Authenticator #3/INFO]: UUID of player GanonCann0n is ce34b950-cf6f-4093-8021-f361d57ec21e
[22:44:13] [Server thread/INFO]: GanonCann0n[/192.168.1.1:54716] logged in with entity id 19633 at (-1022.3696923093104, 35.0, 1752.300000011921)
[22:44:13] [Server thread/INFO]: GanonCann0n joined the game
[23:02:56] [Server thread/WARN]: tomisherio moved wrongly!
[23:07:15] [Server thread/WARN]: Mismatch in destroy block pos: class_2338{x=-1824, y=53, z=1667} class_2338{x=-1828, y=53, z=1666}
[23:07:35] [Server thread/WARN]: Mismatch in destroy block pos: class_2338{x=-1835, y=53, z=1678} class_2338{x=-1831, y=53, z=1679}
[23:08:14] [Server thread/WARN]: Mismatch in destroy block pos: class_2338{x=-1843, y=51, z=1665} class_2338{x=-1840, y=51, z=1667}
[23:08:14] [Server thread/WARN]: Mismatch in destroy block pos: class_2338{x=-1843, y=51, z=1665} class_2338{x=-1840, y=51, z=1667}
[23:08:42] [Server thread/WARN]: Mismatch in destroy block pos: class_2338{x=-1839, y=50, z=1669} class_2338{x=-1838, y=50, z=1668}
[23:08:42] [Server thread/WARN]: Mismatch in destroy block pos: class_2338{x=-1839, y=50, z=1669} class_2338{x=-1838, y=50, z=1668}
[23:10:13] [Server thread/WARN]: Mismatch in destroy block pos: class_2338{x=-1838, y=48, z=1666} class_2338{x=-1837, y=48, z=1666}
[23:10:13] [Server thread/WARN]: Mismatch in destroy block pos: class_2338{x=-1837, y=48, z=1665} class_2338{x=-1837, y=48, z=1666}
[23:10:13] [Server thread/WARN]: Mismatch in destroy block pos: class_2338{x=-1837, y=48, z=1665} class_2338{x=-1837, y=48, z=1666}
[23:10:13] [Server thread/WARN]: Mismatch in destroy block pos: class_2338{x=-1836, y=48, z=1667} class_2338{x=-1837, y=48, z=1666}
[23:10:13] [Server thread/WARN]: Mismatch in destroy block pos: class_2338{x=-1836, y=48, z=1667} class_2338{x=-1837, y=48, z=1666}
[23:10:13] [Server thread/WARN]: Mismatch in destroy block pos: class_2338{x=-1837, y=48, z=1667} class_2338{x=-1837, y=48, z=1666}
[23:10:13] [Server thread/WARN]: Mismatch in destroy block pos: class_2338{x=-1837, y=48, z=1667} class_2338{x=-1837, y=48, z=1666}
[23:10:13] [Server thread/WARN]: Mismatch in destroy block pos: class_2338{x=-1837, y=48, z=1667} class_2338{x=-1837, y=48, z=1666}
[23:10:13] [Server thread/WARN]: Mismatch in destroy block pos: class_2338{x=-1837, y=48, z=1667} class_2338{x=-1837, y=48, z=1666}
[23:10:13] [Server thread/WARN]: Mismatch in destroy block pos: class_2338{x=-1838, y=48, z=1668} class_2338{x=-1837, y=48, z=1666}
[23:11:04] [Server thread/WARN]: Mismatch in destroy block pos: class_2338{x=-1830, y=39, z=1665} class_2338{x=-1829, y=39, z=1665}
[23:11:04] [Server thread/WARN]: Mismatch in destroy block pos: class_2338{x=-1830, y=39, z=1665} class_2338{x=-1829, y=39, z=1665}
[23:11:04] [Server thread/WARN]: Mismatch in destroy block pos: class_2338{x=-1830, y=39, z=1665} class_2338{x=-1829, y=39, z=1665}
[23:11:04] [Server thread/WARN]: Mismatch in destroy block pos: class_2338{x=-1830, y=39, z=1665} class_2338{x=-1829, y=39, z=1665}
[23:11:04] [Server thread/WARN]: Mismatch in destroy block pos: class_2338{x=-1830, y=39, z=1665} class_2338{x=-1829, y=39, z=1665}
[23:11:44] [Server thread/INFO]: tomisherio lost connection: Disconnected
[23:11:44] [Server thread/INFO]: tomisherio left the game
[23:12:13] [User Authenticator #4/INFO]: UUID of player tomisherio is 15e381a8-1724-43a6-8b15-5dadbe1369ab
[23:12:13] [Server thread/INFO]: tomisherio[/184.103.253.150:49202] logged in with entity id 25162 at (-1802.169565678658, 45.34308593566631, 1662.1350300560616)
[23:12:13] [Server thread/INFO]: tomisherio joined the game
[23:12:22] [Server thread/INFO]: tomisherio lost connection: Disconnected
[23:12:22] [Server thread/INFO]: tomisherio left the game
[23:13:05] [User Authenticator #5/INFO]: UUID of player tomisherio is 15e381a8-1724-43a6-8b15-5dadbe1369ab
[23:13:06] [Server thread/INFO]: tomisherio[/184.103.253.150:49225] logged in with entity id 25296 at (-1802.169565678658, 40.893085677876336, 1662.1350300560616)
[23:13:06] [Server thread/INFO]: tomisherio joined the game
[23:27:18] [Server thread/WARN]: Mismatch in destroy block pos: class_2338{x=-1831, y=47, z=1698} class_2338{x=-1830, y=47, z=1697}
[23:27:18] [Server thread/WARN]: Mismatch in destroy block pos: class_2338{x=-1830, y=47, z=1698} class_2338{x=-1830, y=47, z=1697}
[23:27:18] [Server thread/WARN]: Mismatch in destroy block pos: class_2338{x=-1830, y=47, z=1698} class_2338{x=-1830, y=47, z=1697}
[23:33:36] [Server thread/WARN]: Mismatch in destroy block pos: class_2338{x=-1821, y=45, z=1712} class_2338{x=-1822, y=45, z=1711}
[23:33:36] [Server thread/WARN]: Mismatch in destroy block pos: class_2338{x=-1821, y=45, z=1711} class_2338{x=-1822, y=45, z=1711}
[23:35:39] [Server thread/WARN]: Mismatch in destroy block pos: class_2338{x=-1846, y=44, z=1679} class_2338{x=-1845, y=45, z=1680}
[23:35:46] [Server thread/INFO]: tomisherio lost connection: Disconnected
[23:35:46] [Server thread/INFO]: tomisherio left the game
[23:36:23] [User Authenticator #6/INFO]: UUID of player tomisherio is 15e381a8-1724-43a6-8b15-5dadbe1369ab
[23:36:23] [Server thread/INFO]: tomisherio[/184.103.253.150:49338] logged in with entity id 34317 at (-1840.4959148673083, 49.14993873431038, 1680.15831720674)
[23:36:23] [Server thread/INFO]: tomisherio joined the game
[23:41:28] [Server thread/WARN]: Mismatch in destroy block pos: class_2338{x=-1800, y=62, z=1719} class_2338{x=-1800, y=63, z=1719}
[23:42:22] [Server thread/WARN]: Mismatch in destroy block pos: class_2338{x=-1798, y=74, z=1720} class_2338{x=-1794, y=71, z=1718}
[23:42:22] [Server thread/WARN]: Mismatch in destroy block pos: class_2338{x=-1798, y=74, z=1720} class_2338{x=-1794, y=71, z=1718}
[23:42:22] [Server thread/WARN]: Mismatch in destroy block pos: class_2338{x=-1798, y=74, z=1720} class_2338{x=-1794, y=71, z=1718}
[23:42:22] [Server thread/WARN]: Mismatch in destroy block pos: class_2338{x=-1798, y=74, z=1720} class_2338{x=-1794, y=71, z=1718}
[23:42:22] [Server thread/WARN]: Mismatch in destroy block pos: class_2338{x=-1798, y=74, z=1720} class_2338{x=-1794, y=71, z=1718}
[23:42:22] [Server thread/WARN]: Mismatch in destroy block pos: class_2338{x=-1798, y=74, z=1720} class_2338{x=-1794, y=71, z=1718}
[23:42:22] [Server thread/WARN]: Mismatch in destroy block pos: class_2338{x=-1798, y=74, z=1720} class_2338{x=-1794, y=71, z=1718}
[23:42:22] [Server thread/WARN]: Mismatch in destroy block pos: class_2338{x=-1798, y=74, z=1720} class_2338{x=-1794, y=71, z=1718}
[23:42:22] [Server thread/WARN]: Mismatch in destroy block pos: class_2338{x=-1798, y=74, z=1720} class_2338{x=-1794, y=71, z=1718}
[23:42:23] [Server thread/WARN]: Mismatch in destroy block pos: class_2338{x=-1798, y=74, z=1720} class_2338{x=-1794, y=71, z=1718}
[23:42:56] [Server thread/WARN]: Mismatch in destroy block pos: class_2338{x=-1792, y=67, z=1716} class_2338{x=-1791, y=67, z=1716}
[23:42:56] [Server thread/WARN]: Mismatch in destroy block pos: class_2338{x=-1792, y=67, z=1716} class_2338{x=-1791, y=67, z=1716}
[23:42:56] [Server thread/WARN]: Mismatch in destroy block pos: class_2338{x=-1792, y=67, z=1716} class_2338{x=-1791, y=67, z=1716}
[23:42:56] [Server thread/WARN]: Mismatch in destroy block pos: class_2338{x=-1792, y=67, z=1716} class_2338{x=-1791, y=67, z=1716}
[23:42:56] [Server thread/WARN]: Mismatch in destroy block pos: class_2338{x=-1792, y=67, z=1716} class_2338{x=-1791, y=67, z=1716}
[23:43:11] [Server thread/WARN]: Mismatch in destroy block pos: class_2338{x=-1792, y=67, z=1716} class_2338{x=-1795, y=66, z=1712}
[23:43:11] [Server thread/WARN]: Mismatch in destroy block pos: class_2338{x=-1792, y=67, z=1716} class_2338{x=-1795, y=66, z=1712}
[23:43:48] [Server thread/WARN]: Mismatch in destroy block pos: class_2338{x=-1797, y=65, z=1717} class_2338{x=-1794, y=65, z=1713}
[23:44:07] [Server thread/WARN]: Mismatch in destroy block pos: class_2338{x=-1805, y=63, z=1722} class_2338{x=-1806, y=63, z=1723}
[23:44:07] [Server thread/WARN]: Mismatch in destroy block pos: class_2338{x=-1805, y=63, z=1722} class_2338{x=-1806, y=63, z=1723}
[23:44:07] [Server thread/WARN]: Mismatch in destroy block pos: class_2338{x=-1805, y=63, z=1722} class_2338{x=-1806, y=64, z=1724}
[23:45:34] [Server thread/WARN]: Mismatch in destroy block pos: class_2338{x=-1789, y=62, z=1718} class_2338{x=-1787, y=62, z=1717}
[23:45:34] [Server thread/WARN]: Mismatch in destroy block pos: class_2338{x=-1789, y=62, z=1718} class_2338{x=-1787, y=62, z=1717}
[23:45:34] [Server thread/WARN]: Mismatch in destroy block pos: class_2338{x=-1789, y=62, z=1718} class_2338{x=-1787, y=62, z=1717}
[23:45:34] [Server thread/WARN]: Mismatch in destroy block pos: class_2338{x=-1789, y=62, z=1718} class_2338{x=-1787, y=62, z=1717}
[23:45:34] [Server thread/WARN]: Mismatch in destroy block pos: class_2338{x=-1789, y=62, z=1718} class_2338{x=-1787, y=62, z=1717}
[23:45:34] [Server thread/WARN]: Mismatch in destroy block pos: class_2338{x=-1789, y=62, z=1718} class_2338{x=-1787, y=62, z=1717}
[23:45:34] [Server thread/WARN]: Mismatch in destroy block pos: class_2338{x=-1789, y=62, z=1718} class_2338{x=-1787, y=62, z=1717}
[23:46:05] [Server thread/WARN]: Mismatch in destroy block pos: class_2338{x=-1791, y=61, z=1714} class_2338{x=-1792, y=61, z=1714}
[23:46:05] [Server thread/WARN]: Mismatch in destroy block pos: class_2338{x=-1791, y=61, z=1714} class_2338{x=-1792, y=61, z=1714}
[23:46:05] [Server thread/WARN]: Mismatch in destroy block pos: class_2338{x=-1791, y=61, z=1714} class_2338{x=-1792, y=61, z=1714}
[23:47:13] [Server thread/WARN]: Mismatch in destroy block pos: class_2338{x=-1797, y=59, z=1723} class_2338{x=-1798, y=59, z=1723}
[23:52:07] [Server thread/WARN]: Mismatch in destroy block pos: class_2338{x=-1794, y=49, z=1723} class_2338{x=-1799, y=49, z=1721}
[23:52:07] [Server thread/WARN]: Mismatch in destroy block pos: class_2338{x=-1799, y=49, z=1720} class_2338{x=-1800, y=49, z=1720}
[23:52:27] [Server thread/WARN]: Mismatch in destroy block pos: class_2338{x=-1793, y=47, z=1725} class_2338{x=-1794, y=48, z=1723}
