[00:11:14] [main/INFO]: [FabricLoader] Loading 46 mods: fabric-renderer-api-v1@0.2.13+eae12eb84e, fabric-screen-handler-api-v1@1.1.0+872498414e, minecraft@1.16.2, fabric-networking-blockentity-v0@0.2.5+b50ffc7b4e, fabric-keybindings-v0@0.2.0+3fa9f7c54e, inventorysorter@1.7.2-1.16, cloth-basic-math@0.5.1, fabric-command-api-v1@1.0.8+5ce533984e, fabricloader@0.9.2+build.206, fabric-tool-attribute-api-v1@1.2.1+02fb8fda4e, fabric-renderer-indigo@0.3.4+5d32f5834e, fabric-containers-v0@0.1.8+045df74f4e, fabric-object-builder-api-v1@1.6.0+e81ec80b4e, fabric-item-api-v1@1.0.0+16acbe5b4e, fabric-crash-report-info-v1@0.1.2+b7f9825d4e, fabric-events-interaction-v0@0.3.3+7066030f4e, kyrptconfig@1.1.2-1.16, fabric-game-rule-api-v1@1.0.1+91555cd14e, bowinfinityfix@rv9, fabric-api-base@0.1.3+12a8474c4e, fabric-rendering-v0@1.1.0+534104904e, fabric-rendering-v1@1.2.0+fc24ff244e, fabric-key-binding-api-v1@1.0.1+730711c64e, cloth-config2@4.7.0-unstable, fabric-rendering-data-attachment-v1@0.1.3+b7f9825d4e, fabric-resource-loader-v0@0.2.9+e5d3217f4e, fabric-textures-v0@1.0.4+eae12eb84e, fabric-content-registries-v0@0.1.9+059ea8664e, fabric-tag-extensions-v0@1.0.3+ac8e8c594e, blue_endless_jankson@+, fabric-rendering-fluids-v1@0.1.10+e5d3217f4e, fabric-registry-sync-v0@0.4.3+e5d3217f4e, fabric-commands-v0@0.2.0+52d308364e, fabric-blockrenderlayer-v1@1.1.4+c6a8ea894e, fabric-lifecycle-events-v1@1.2.0+74cc3b204e, fabric-mining-levels-v0@0.1.2+b764ce994e, fabric-renderer-registries-v1@2.1.0+e2862de64e, fabric-events-lifecycle-v0@0.2.0+16acbe5b4e, fabric-loot-tables-v1@1.0.0+fac8f3664e, fabric@0.18.0+build.397-1.16, carpet@1.4.8, fabric-models-v0@0.1.0+dfdb52d64e, fabric-particles-v1@0.2.1+0a6f2a704e, fabric-item-groups-v0@0.2.0+438f96364e, fabric-object-builders-v0@0.6.1+ba4afa574e, fabric-networking-v0@0.1.10+e00ecb5f4e
[00:11:14] [main/WARN]: Mod `bowinfinityfix` (rv9) does not respect SemVer - comparison support is limited.
[00:11:14] [main/WARN]: Mod `blue_endless_jankson` (+) does not respect SemVer - comparison support is limited.
[00:11:14] [main/INFO]: SpongePowered MIXIN Subsystem Version=0.8.1 Source=file:/D:/winbackup/MinecraftServers/ZaWarudo/fabric-server-launch.jar Service=Knot/Fabric Env=SERVER
[00:11:20] [main/INFO]: Environment: authHost='https://authserver.mojang.com', accountsHost='https://api.mojang.com', sessionHost='https://sessionserver.mojang.com', name='PROD'
[00:11:20] [main/WARN]: Ambiguity between arguments [teleport, destination] and [teleport, targets] with inputs: [Player, 0123, @e, dd12be42-52a9-4a91-a8a1-11c01849e498]
[00:11:20] [main/WARN]: Ambiguity between arguments [teleport, location] and [teleport, destination] with inputs: [0.1 -0.5 .9, 0 0 0]
[00:11:20] [main/WARN]: Ambiguity between arguments [teleport, location] and [teleport, targets] with inputs: [0.1 -0.5 .9, 0 0 0]
[00:11:20] [main/WARN]: Ambiguity between arguments [teleport, targets] and [teleport, destination] with inputs: [Player, 0123, dd12be42-52a9-4a91-a8a1-11c01849e498]
[00:11:20] [main/WARN]: Ambiguity between arguments [teleport, targets, location] and [teleport, targets, destination] with inputs: [0.1 -0.5 .9, 0 0 0]
[00:11:20] [main/INFO]: Reloading ResourceManager: Default, anti creeper grief v1.0.2.zip, anti enderman grief v1.0.0.zip, anti ghast grief v1.0.0.zip, double shulker shells v1.2.0.zip, WrenchRP.zip, multiplayer sleep v1.0.2.zip, VanillaTweaks_c287303.zip, shulkershit.zip, Fabric Tool Attribute API (v1)
[00:11:21] [Worker-Main-12/INFO]: Loaded 7 recipes
[00:11:21] [Worker-Main-12/WARN]: Found validation problem in {minecraft:entities/shulker}.pools[1].entries[0]: Unknown loot table called minecraft:entities/reference/mmh/shulker
[00:11:21] [Worker-Main-12/INFO]: Loaded 944 advancements
[00:11:22] [Server thread/INFO]: Starting minecraft server version 1.16.2
[00:11:22] [Server thread/INFO]: Loading properties
[00:11:22] [Server thread/INFO]: Default game type: SURVIVAL
[00:11:22] [Server thread/INFO]: Generating keypair
[00:11:22] [Server thread/INFO]: Starting Minecraft server on *:25565
[00:11:22] [Server thread/INFO]: Using default channel type
[00:11:23] [Server thread/INFO]: Preparing level "ZaWarudo"
[00:11:23] [Server thread/INFO]: Preparing start region for dimension minecraft:overworld
[00:11:24] [Server thread/INFO]: Preparing spawn area: 0%
[00:11:24] [Server thread/INFO]: Preparing spawn area: 0%
[00:11:24] [Server thread/INFO]: Preparing spawn area: 47%
[00:11:24] [Server thread/INFO]: Time elapsed: 1115 ms
[00:11:24] [Server thread/INFO]: Done (1.257s)! For help, type "help"
