[00:07:09] [Server thread/WARN]: Fetching packet for removed entity class_1542['Air'/49277, l='ServerLevel[ZaWarudo]', x=-339.70, y=198.00, z=-92.92]
[00:13:30] [Server thread/WARN]: Can't keep up! Is the server overloaded? Running 2012ms or 40 ticks behind
[00:13:58] [Server thread/WARN]: Can't keep up! Is the server overloaded? Running 2002ms or 40 ticks behind
[00:14:28] [Server thread/WARN]: Can't keep up! Is the server overloaded? Running 2002ms or 40 ticks behind
[00:15:58] [Server thread/WARN]: Can't keep up! Is the server overloaded? Running 2002ms or 40 ticks behind
[00:16:18] [Server thread/WARN]: Can't keep up! Is the server overloaded? Running 4196ms or 83 ticks behind
[00:16:35] [Server thread/WARN]: Can't keep up! Is the server overloaded? Running 2304ms or 46 ticks behind
[00:16:53] [Server thread/WARN]: Can't keep up! Is the server overloaded? Running 3417ms or 68 ticks behind
[00:17:11] [Server thread/WARN]: Can't keep up! Is the server overloaded? Running 3229ms or 64 ticks behind
[00:17:30] [Server thread/WARN]: Can't keep up! Is the server overloaded? Running 3312ms or 66 ticks behind
[00:17:47] [Server thread/WARN]: Can't keep up! Is the server overloaded? Running 2569ms or 51 ticks behind
[00:18:22] [Server thread/INFO]: tomisherio lost connection: Disconnected
[00:18:22] [Server thread/INFO]: tomisherio left the game
[00:19:48] [User Authenticator #7/INFO]: UUID of player tomisherio is 15e381a8-1724-43a6-8b15-5dadbe1369ab
[00:19:48] [Server thread/INFO]: tomisherio[/184.103.253.150:49468] logged in with entity id 55279 at (-1810.0078106167502, 37.398669514404816, 1708.3515234922706)
[00:19:48] [Server thread/INFO]: tomisherio joined the game
[00:20:22] [Server thread/WARN]: Can't keep up! Is the server overloaded? Running 2002ms or 40 ticks behind
[00:20:40] [Server thread/WARN]: Can't keep up! Is the server overloaded? Running 2927ms or 58 ticks behind
[00:20:57] [Server thread/WARN]: Can't keep up! Is the server overloaded? Running 2066ms or 41 ticks behind
[00:21:15] [Server thread/WARN]: Can't keep up! Is the server overloaded? Running 3162ms or 63 ticks behind
[00:21:34] [Server thread/WARN]: Can't keep up! Is the server overloaded? Running 3766ms or 75 ticks behind
[00:21:54] [Server thread/WARN]: Can't keep up! Is the server overloaded? Running 5278ms or 105 ticks behind
[00:22:13] [Server thread/WARN]: Can't keep up! Is the server overloaded? Running 3955ms or 79 ticks behind
[00:22:32] [Server thread/WARN]: Can't keep up! Is the server overloaded? Running 3671ms or 73 ticks behind
[00:22:51] [Server thread/WARN]: Can't keep up! Is the server overloaded? Running 3926ms or 78 ticks behind
[00:23:10] [Server thread/WARN]: Can't keep up! Is the server overloaded? Running 2003ms or 40 ticks behind
[00:24:33] [Server thread/WARN]: Can't keep up! Is the server overloaded? Running 2003ms or 40 ticks behind
[00:25:20] [Server thread/WARN]: Can't keep up! Is the server overloaded? Running 2005ms or 40 ticks behind
[00:26:09] [Server thread/WARN]: Mismatch in destroy block pos: class_2338{x=-1839, y=38, z=1702} class_2338{x=-1840, y=38, z=1703}
[00:26:09] [Server thread/WARN]: Mismatch in destroy block pos: class_2338{x=-1839, y=38, z=1703} class_2338{x=-1840, y=38, z=1703}
[00:26:30] [Server thread/WARN]: Can't keep up! Is the server overloaded? Running 2008ms or 40 ticks behind
[00:27:28] [Server thread/WARN]: Can't keep up! Is the server overloaded? Running 2006ms or 40 ticks behind
[00:30:04] [Server thread/WARN]: Mismatch in destroy block pos: class_2338{x=-1847, y=60, z=1664} class_2338{x=-1846, y=60, z=1664}
[00:33:14] [Server thread/WARN]: Can't keep up! Is the server overloaded? Running 2009ms or 40 ticks behind
[00:33:33] [Server thread/WARN]: Can't keep up! Is the server overloaded? Running 4161ms or 83 ticks behind
[00:33:52] [Server thread/WARN]: Can't keep up! Is the server overloaded? Running 3575ms or 71 ticks behind
[00:34:10] [Server thread/WARN]: Can't keep up! Is the server overloaded? Running 2863ms or 57 ticks behind
[00:34:19] [Server thread/WARN]: Mismatch in destroy block pos: class_2338{x=-1863, y=62, z=1731} class_2338{x=-1863, y=62, z=1732}
[00:34:28] [Server thread/WARN]: Can't keep up! Is the server overloaded? Running 2723ms or 54 ticks behind
[00:34:47] [Server thread/WARN]: Can't keep up! Is the server overloaded? Running 4173ms or 83 ticks behind
[00:35:04] [Server thread/WARN]: Can't keep up! Is the server overloaded? Running 2421ms or 48 ticks behind
[00:35:35] [Server thread/WARN]: Can't keep up! Is the server overloaded? Running 2009ms or 40 ticks behind
[00:36:04] [Server thread/WARN]: Can't keep up! Is the server overloaded? Running 2007ms or 40 ticks behind
[00:36:46] [Server thread/WARN]: Can't keep up! Is the server overloaded? Running 2012ms or 40 ticks behind
[00:36:50] [Server thread/INFO]: tomisherio lost connection: Disconnected
[00:36:50] [Server thread/INFO]: tomisherio left the game
[00:37:04] [Server thread/WARN]: Can't keep up! Is the server overloaded? Running 3192ms or 63 ticks behind
[00:37:19] [User Authenticator #8/INFO]: UUID of player tomisherio is 15e381a8-1724-43a6-8b15-5dadbe1369ab
[00:37:19] [Server thread/INFO]: tomisherio[/184.103.253.150:49520] logged in with entity id 60044 at (-1852.7349757099653, 39.0, 1667.6545606404559)
[00:37:19] [Server thread/INFO]: tomisherio joined the game
[00:37:26] [Server thread/WARN]: Can't keep up! Is the server overloaded? Running 2003ms or 40 ticks behind
[00:37:45] [Server thread/WARN]: Can't keep up! Is the server overloaded? Running 2006ms or 40 ticks behind
[00:38:04] [Server thread/WARN]: Can't keep up! Is the server overloaded? Running 2001ms or 40 ticks behind
[00:38:21] [Server thread/WARN]: Can't keep up! Is the server overloaded? Running 2010ms or 40 ticks behind
[00:38:39] [Server thread/WARN]: Can't keep up! Is the server overloaded? Running 2194ms or 43 ticks behind
[00:38:56] [Server thread/WARN]: Can't keep up! Is the server overloaded? Running 2255ms or 45 ticks behind
[00:39:13] [Server thread/WARN]: Can't keep up! Is the server overloaded? Running 2134ms or 42 ticks behind
[00:39:30] [Server thread/WARN]: Can't keep up! Is the server overloaded? Running 2079ms or 41 ticks behind
[00:39:47] [Server thread/WARN]: Can't keep up! Is the server overloaded? Running 2416ms or 48 ticks behind
[00:40:06] [Server thread/WARN]: Can't keep up! Is the server overloaded? Running 2014ms or 40 ticks behind
[00:40:24] [Server thread/WARN]: Can't keep up! Is the server overloaded? Running 2004ms or 40 ticks behind
[00:40:41] [Server thread/WARN]: Can't keep up! Is the server overloaded? Running 2110ms or 42 ticks behind
[00:40:58] [Server thread/WARN]: Can't keep up! Is the server overloaded? Running 2443ms or 48 ticks behind
[00:41:16] [Server thread/WARN]: Can't keep up! Is the server overloaded? Running 2816ms or 56 ticks behind
[00:41:34] [Server thread/WARN]: Can't keep up! Is the server overloaded? Running 2912ms or 58 ticks behind
[00:41:52] [Server thread/WARN]: Can't keep up! Is the server overloaded? Running 3142ms or 62 ticks behind
[00:42:09] [Server thread/WARN]: Can't keep up! Is the server overloaded? Running 2365ms or 47 ticks behind
[00:42:27] [Server thread/WARN]: Can't keep up! Is the server overloaded? Running 2944ms or 58 ticks behind
[00:42:45] [Server thread/WARN]: Can't keep up! Is the server overloaded? Running 2607ms or 52 ticks behind
[00:43:02] [Server thread/WARN]: Can't keep up! Is the server overloaded? Running 2550ms or 51 ticks behind
[00:43:21] [Server thread/WARN]: Can't keep up! Is the server overloaded? Running 3435ms or 68 ticks behind
[00:43:40] [Server thread/WARN]: Can't keep up! Is the server overloaded? Running 4151ms or 83 ticks behind
[00:43:59] [Server thread/WARN]: Can't keep up! Is the server overloaded? Running 3804ms or 76 ticks behind
[00:44:18] [Server thread/WARN]: Can't keep up! Is the server overloaded? Running 3780ms or 75 ticks behind
[00:44:36] [Server thread/WARN]: Can't keep up! Is the server overloaded? Running 3225ms or 64 ticks behind
[00:44:53] [Server thread/WARN]: Can't keep up! Is the server overloaded? Running 2325ms or 46 ticks behind
[00:45:10] [Server thread/WARN]: Can't keep up! Is the server overloaded? Running 2500ms or 50 ticks behind
[00:45:27] [Server thread/INFO]: tomisherio lost connection: Disconnected
[00:45:27] [Server thread/INFO]: tomisherio left the game
[00:45:29] [Server thread/WARN]: Can't keep up! Is the server overloaded? Running 3095ms or 61 ticks behind
[00:45:55] [Server thread/WARN]: Can't keep up! Is the server overloaded? Running 2001ms or 40 ticks behind
[00:46:25] [Server thread/WARN]: Can't keep up! Is the server overloaded? Running 2007ms or 40 ticks behind
[00:46:54] [Server thread/WARN]: Can't keep up! Is the server overloaded? Running 2001ms or 40 ticks behind
[00:47:13] [Server thread/WARN]: Can't keep up! Is the server overloaded? Running 3748ms or 74 ticks behind
[00:47:43] [Server thread/WARN]: Can't keep up! Is the server overloaded? Running 2003ms or 40 ticks behind
[00:47:45] [User Authenticator #9/INFO]: UUID of player tomisherio is 15e381a8-1724-43a6-8b15-5dadbe1369ab
[00:47:46] [Server thread/INFO]: tomisherio[/184.103.253.150:49591] logged in with entity id 62706 at (-1794.611003552313, 37.36326812660014, 1725.300000011921)
[00:47:46] [Server thread/INFO]: tomisherio joined the game
[00:48:01] [Server thread/WARN]: Can't keep up! Is the server overloaded? Running 2006ms or 40 ticks behind
[00:48:18] [Server thread/WARN]: Can't keep up! Is the server overloaded? Running 2138ms or 42 ticks behind
[00:48:35] [Server thread/WARN]: Can't keep up! Is the server overloaded? Running 2505ms or 50 ticks behind
[00:48:53] [Server thread/WARN]: Can't keep up! Is the server overloaded? Running 2500ms or 50 ticks behind
[00:48:53] [Server thread/INFO]: tomisherio lost connection: Disconnected
[00:48:53] [Server thread/INFO]: tomisherio left the game
[00:49:21] [Server thread/WARN]: Can't keep up! Is the server overloaded? Running 2005ms or 40 ticks behind
[00:49:26] [Server thread/WARN]: Fetching packet for removed entity class_1542['Air'/63089, l='ServerLevel[ZaWarudo]', x=-1018.85, y=29.00, z=1742.84]
[00:49:49] [Server thread/WARN]: Fetching packet for removed entity class_1542['Air'/63096, l='ServerLevel[ZaWarudo]', x=-1018.90, y=29.00, z=1742.67]
[00:49:51] [Server thread/WARN]: Can't keep up! Is the server overloaded? Running 2017ms or 40 ticks behind
[00:49:52] [User Authenticator #10/INFO]: UUID of player tomisherio is 15e381a8-1724-43a6-8b15-5dadbe1369ab
[00:49:52] [Server thread/INFO]: tomisherio[/184.103.253.150:49610] logged in with entity id 63098 at (-1795.3539923801618, 39.0, 1667.2311154577992)
[00:49:52] [Server thread/INFO]: tomisherio joined the game
[00:49:58] [Server thread/WARN]: Fetching packet for removed entity class_1542['Air'/63239, l='ServerLevel[ZaWarudo]', x=-1018.62, y=29.00, z=1742.74]
[00:50:08] [Server thread/WARN]: Can't keep up! Is the server overloaded? Running 2748ms or 54 ticks behind
[00:50:25] [Server thread/INFO]: tomisherio lost connection: Disconnected
[00:50:25] [Server thread/INFO]: tomisherio left the game
[00:50:25] [Server thread/WARN]: Can't keep up! Is the server overloaded? Running 2076ms or 41 ticks behind
[00:50:31] [Server thread/INFO]: GanonCann0n lost connection: Disconnected
[00:50:31] [Server thread/INFO]: GanonCann0n left the game
[00:51:17] [User Authenticator #11/INFO]: UUID of player GanonCann0n is ce34b950-cf6f-4093-8021-f361d57ec21e
[00:51:17] [Server thread/INFO]: GanonCann0n[/192.168.1.1:55951] logged in with entity id 63265 at (-1022.4676402494969, 35.0, 1752.300000011921)
[00:51:17] [Server thread/INFO]: GanonCann0n joined the game
[00:51:44] [Server thread/WARN]: Can't keep up! Is the server overloaded? Running 2009ms or 40 ticks behind
[00:52:04] [Server thread/WARN]: Can't keep up! Is the server overloaded? Running 2006ms or 40 ticks behind
[00:52:21] [Server thread/WARN]: Can't keep up! Is the server overloaded? Running 2051ms or 41 ticks behind
[00:52:48] [Server thread/WARN]: Can't keep up! Is the server overloaded? Running 2002ms or 40 ticks behind
[00:53:12] [Server thread/WARN]: Can't keep up! Is the server overloaded? Running 2002ms or 40 ticks behind
[00:53:38] [Server thread/WARN]: Can't keep up! Is the server overloaded? Running 2004ms or 40 ticks behind
[00:54:00] [Server thread/WARN]: Can't keep up! Is the server overloaded? Running 2003ms or 40 ticks behind
[00:54:20] [Server thread/WARN]: Can't keep up! Is the server overloaded? Running 2005ms or 40 ticks behind
[00:54:48] [Server thread/WARN]: Can't keep up! Is the server overloaded? Running 2005ms or 40 ticks behind
[00:55:11] [Server thread/WARN]: Can't keep up! Is the server overloaded? Running 2009ms or 40 ticks behind
[00:55:31] [Server thread/WARN]: Can't keep up! Is the server overloaded? Running 2003ms or 40 ticks behind
[00:55:50] [Server thread/WARN]: Can't keep up! Is the server overloaded? Running 2005ms or 40 ticks behind
[00:56:08] [Server thread/WARN]: Can't keep up! Is the server overloaded? Running 2335ms or 46 ticks behind
[00:56:28] [Server thread/WARN]: Can't keep up! Is the server overloaded? Running 2004ms or 40 ticks behind
[00:56:45] [Server thread/WARN]: Can't keep up! Is the server overloaded? Running 2603ms or 52 ticks behind
[00:57:02] [Server thread/WARN]: Can't keep up! Is the server overloaded? Running 2147ms or 42 ticks behind
[00:57:13] [Server thread/INFO]: GanonCann0n lost connection: Disconnected
[00:57:13] [Server thread/INFO]: GanonCann0n left the game
[01:00:51] [User Authenticator #12/INFO]: UUID of player GanonCann0n is ce34b950-cf6f-4093-8021-f361d57ec21e
[01:00:51] [Server thread/INFO]: GanonCann0n[/192.168.1.1:56192] logged in with entity id 64285 at (-1022.4676402494969, 35.0, 1752.300000011921)
[01:00:51] [Server thread/INFO]: GanonCann0n joined the game
[01:01:03] [Server thread/WARN]: Can't keep up! Is the server overloaded? Running 2011ms or 40 ticks behind
[01:01:29] [Server thread/WARN]: Can't keep up! Is the server overloaded? Running 2011ms or 40 ticks behind
[01:01:50] [Server thread/WARN]: Can't keep up! Is the server overloaded? Running 2009ms or 40 ticks behind
[01:02:24] [Server thread/WARN]: Can't keep up! Is the server overloaded? Running 2005ms or 40 ticks behind
[01:02:51] [User Authenticator #13/INFO]: UUID of player tomisherio is 15e381a8-1724-43a6-8b15-5dadbe1369ab
[01:02:51] [Server thread/INFO]: tomisherio[/184.103.253.150:49824] logged in with entity id 65291 at (-1854.5865983285723, 38.42339873188902, 1680.1190280178114)
[01:02:51] [Server thread/INFO]: tomisherio joined the game
[01:02:55] [Server thread/WARN]: Can't keep up! Is the server overloaded? Running 2005ms or 40 ticks behind
[01:03:13] [Server thread/WARN]: Can't keep up! Is the server overloaded? Running 2006ms or 40 ticks behind
[01:03:32] [Server thread/WARN]: Can't keep up! Is the server overloaded? Running 2003ms or 40 ticks behind
[01:03:50] [Server thread/WARN]: Can't keep up! Is the server overloaded? Running 2486ms or 49 ticks behind
[01:04:03] [Server thread/WARN]: Fetching packet for removed entity class_1542['Air'/65912, l='ServerLevel[ZaWarudo]', x=-1018.77, y=29.00, z=1742.82]
[01:04:07] [Server thread/WARN]: Can't keep up! Is the server overloaded? Running 2400ms or 48 ticks behind
[01:04:24] [Server thread/WARN]: Can't keep up! Is the server overloaded? Running 2172ms or 43 ticks behind
[01:04:37] [Server thread/INFO]: [tomisherio: Teleported tomisherio to GanonCann0n]
[01:04:42] [Server thread/WARN]: Can't keep up! Is the server overloaded? Running 2980ms or 59 ticks behind
[01:04:56] [Server thread/INFO]: [tomisherio: Set own game mode to Spectator Mode]
[01:05:04] [Server thread/WARN]: Can't keep up! Is the server overloaded? Running 2003ms or 40 ticks behind
[01:05:07] [Server thread/INFO]: [tomisherio: Set own game mode to Creative Mode]
[01:05:36] [Server thread/WARN]: Fetching packet for removed entity class_1542['Air'/66094, l='ServerLevel[ZaWarudo]', x=-1018.86, y=29.00, z=1742.85]
[01:05:36] [Server thread/WARN]: Fetching packet for removed entity class_1542['Air'/66094, l='ServerLevel[ZaWarudo]', x=-1018.86, y=29.00, z=1742.85]
[01:05:44] [Server thread/WARN]: Can't keep up! Is the server overloaded? Running 2018ms or 40 ticks behind
[01:05:49] [Server thread/WARN]: Fetching packet for removed entity class_1542['Air'/66096, l='ServerLevel[ZaWarudo]', x=-1018.85, y=29.00, z=1742.88]
[01:05:49] [Server thread/WARN]: Fetching packet for removed entity class_1542['Air'/66096, l='ServerLevel[ZaWarudo]', x=-1018.85, y=29.00, z=1742.88]
[01:06:02] [Server thread/WARN]: Can't keep up! Is the server overloaded? Running 3234ms or 64 ticks behind
[01:06:10] [Server thread/WARN]: Fetching packet for removed entity class_1542['Air'/66105, l='ServerLevel[ZaWarudo]', x=-1018.80, y=29.00, z=1742.81]
[01:06:10] [Server thread/WARN]: Fetching packet for removed entity class_1542['Air'/66105, l='ServerLevel[ZaWarudo]', x=-1018.80, y=29.00, z=1742.81]
[01:06:20] [Server thread/WARN]: Can't keep up! Is the server overloaded? Running 2879ms or 57 ticks behind
[01:06:29] [Server thread/WARN]: Fetching packet for removed entity class_1542['Air'/66116, l='ServerLevel[ZaWarudo]', x=-1018.87, y=29.00, z=1742.79]
[01:06:29] [Server thread/WARN]: Fetching packet for removed entity class_1542['Air'/66116, l='ServerLevel[ZaWarudo]', x=-1018.87, y=29.00, z=1742.79]
[01:06:38] [Server thread/WARN]: Can't keep up! Is the server overloaded? Running 2478ms or 49 ticks behind
[01:06:56] [Server thread/WARN]: Can't keep up! Is the server overloaded? Running 2959ms or 59 ticks behind
[01:07:14] [Server thread/WARN]: Can't keep up! Is the server overloaded? Running 3490ms or 69 ticks behind
[01:07:16] [Server thread/WARN]: Fetching packet for removed entity class_1542['Air'/66131, l='ServerLevel[ZaWarudo]', x=-1018.64, y=29.00, z=1742.85]
[01:07:16] [Server thread/WARN]: Fetching packet for removed entity class_1542['Air'/66131, l='ServerLevel[ZaWarudo]', x=-1018.64, y=29.00, z=1742.85]
[01:07:31] [Server thread/WARN]: Can't keep up! Is the server overloaded? Running 2347ms or 46 ticks behind
[01:08:12] [Server thread/WARN]: Can't keep up! Is the server overloaded? Running 2003ms or 40 ticks behind
[01:11:53] [Server thread/INFO]: [tomisherio: Set own game mode to Spectator Mode]
[01:11:58] [Server thread/INFO]: [tomisherio: Set own game mode to Creative Mode]
[01:17:47] [Server thread/WARN]: Fetching packet for removed entity class_1542['Air'/67188, l='ServerLevel[ZaWarudo]', x=-1023.28, y=29.00, z=1745.69]
[01:17:47] [Server thread/WARN]: Fetching packet for removed entity class_1542['Air'/67188, l='ServerLevel[ZaWarudo]', x=-1023.28, y=29.00, z=1745.69]
[01:18:03] [Server thread/WARN]: Fetching packet for removed entity class_1542['Air'/67649, l='ServerLevel[ZaWarudo]', x=-1023.22, y=29.00, z=1751.87]
[01:18:03] [Server thread/WARN]: Fetching packet for removed entity class_1542['Air'/67649, l='ServerLevel[ZaWarudo]', x=-1023.22, y=29.00, z=1751.87]
[01:18:04] [Server thread/WARN]: Fetching packet for removed entity class_1542['Air'/67670, l='ServerLevel[ZaWarudo]', x=-1018.98, y=29.00, z=1749.22]
[01:18:04] [Server thread/WARN]: Fetching packet for removed entity class_1542['Air'/67670, l='ServerLevel[ZaWarudo]', x=-1018.98, y=29.00, z=1749.22]
[01:23:32] [Server thread/INFO]: [tomisherio: Removed 27 items from player tomisherio]
[01:24:07] [Server thread/INFO]: [tomisherio: Removed 2 items from player tomisherio]
[01:24:25] [Server thread/INFO]: [tomisherio: Set own game mode to Survival Mode]
[01:26:32] [Server thread/WARN]: tomisherio moved too quickly! 1012.8509143244224,13.580000013113022,-1747.7656261371708
[01:26:32] [Server thread/WARN]: Entity class_3222['tomisherio'/65291, l='ServerLevel[ZaWarudo]', x=100.00, y=49.00, z=0.00] left loaded chunk area
[01:26:32] [Server thread/INFO]: Scanning for legacy world dragon fight...
[01:26:32] [Server thread/INFO]: Found that the dragon has been killed in this world already.
[01:28:34] [Server thread/INFO]: tomisherio lost connection: Disconnected
[01:28:34] [Server thread/INFO]: tomisherio left the game
[01:28:56] [User Authenticator #14/INFO]: UUID of player tomisherio is 15e381a8-1724-43a6-8b15-5dadbe1369ab
[01:28:56] [Server thread/INFO]: tomisherio[/184.103.253.150:49919] logged in with entity id 69415 at (-1794.7403031617891, 40.52448651873738, 1719.0025775249658)
[01:28:56] [Server thread/INFO]: tomisherio joined the game
[03:24:30] [Server thread/WARN]: Fetching packet for removed entity class_1542['Air'/89722, l='ServerLevel[ZaWarudo]', x=-67.31, y=72.00, z=80.70]
[07:33:59] [Server thread/WARN]: Fetching packet for removed entity class_1542['Air'/143958, l='ServerLevel[ZaWarudo]', x=-67.33, y=72.00, z=58.70]
[07:55:46] [Server thread/WARN]: Fetching packet for removed entity class_1542['Air'/147999, l='ServerLevel[ZaWarudo]', x=-142.80, y=70.29, z=70.20]
[08:04:23] [Server thread/WARN]: Fetching packet for removed entity class_1542['Air'/149232, l='ServerLevel[ZaWarudo]', x=-67.24, y=72.00, z=102.70]
[08:44:50] [Server thread/WARN]: Fetching packet for removed entity class_1542['Air'/158144, l='ServerLevel[ZaWarudo]', x=-67.37, y=72.00, z=102.70]
[08:52:17] [Server thread/WARN]: Fetching packet for removed entity class_1542['Air'/159159, l='ServerLevel[ZaWarudo]', x=-66.97, y=72.00, z=80.70]
[09:19:57] [Server thread/WARN]: Fetching packet for removed entity class_1542['Air'/163352, l='ServerLevel[ZaWarudo]', x=-67.12, y=72.00, z=58.70]
[09:57:18] [Server thread/WARN]: Fetching packet for removed entity class_1542['Air'/169276, l='ServerLevel[ZaWarudo]', x=-67.56, y=72.00, z=58.70]
[11:40:48] [Server thread/WARN]: Fetching packet for removed entity class_1542['Air'/184801, l='ServerLevel[ZaWarudo]', x=-67.45, y=72.00, z=58.70]
[11:55:21] [Server thread/INFO]: Villager class_1646['Villager'/28668, l='ServerLevel[ZaWarudo]', x=-58.88, y=69.51, z=138.18] died, message: 'Villager was squished too much'
[12:12:02] [Server thread/WARN]: Fetching packet for removed entity class_1542['Air'/189230, l='ServerLevel[ZaWarudo]', x=-67.27, y=72.00, z=60.16]
[12:25:11] [Server thread/INFO]: Villager class_1646['Villager'/28667, l='ServerLevel[ZaWarudo]', x=-58.77, y=69.50, z=138.20] died, message: 'Villager was squished too much'
[12:33:32] [Server thread/INFO]: Villager class_1646['Villager'/28666, l='ServerLevel[ZaWarudo]', x=-58.30, y=69.58, z=138.34] died, message: 'Villager was squished too much'
[12:59:00] [Server thread/WARN]: Fetching packet for removed entity class_1542['White Wool'/195752, l='ServerLevel[ZaWarudo]', x=-122.19, y=75.01, z=160.94]
[13:01:16] [Server thread/INFO]: [tomisherio: Teleported tomisherio to GanonCann0n]
[13:01:50] [Server thread/INFO]: [tomisherio: Teleported tomisherio to -59.5, 153.0, 14.5]
[13:15:03] [Server thread/INFO]: Villager class_1646['Villager'/28669, l='ServerLevel[ZaWarudo]', x=-58.80, y=69.49, z=138.12] died, message: 'Villager was squished too much'
[13:37:07] [Server thread/INFO]: [tomisherio: Set own game mode to Spectator Mode]
[13:37:43] [Server thread/INFO]: [tomisherio: Set own game mode to Survival Mode]
[13:38:06] [Server thread/INFO]: tomisherio fell from a high place
[13:38:07] [Server thread/WARN]: Fetching packet for removed entity class_1542['Rotten Flesh'/225090, l='ServerLevel[ZaWarudo]', x=-339.88, y=198.33, z=-94.43]
[13:38:07] [Server thread/WARN]: Fetching packet for removed entity class_1542['Rotten Flesh'/225097, l='ServerLevel[ZaWarudo]', x=-339.11, y=198.16, z=-92.65]
[14:56:28] [Server thread/WARN]: Fetching packet for removed entity class_1542['Air'/317535, l='ServerLevel[ZaWarudo]', x=-339.18, y=198.00, z=-94.30]
[18:06:41] [Server thread/INFO]: tomisherio lost connection: Disconnected
[18:06:41] [Server thread/INFO]: tomisherio left the game
[18:07:34] [User Authenticator #15/INFO]: UUID of player tomisherio is 15e381a8-1724-43a6-8b15-5dadbe1369ab
[18:07:34] [Server thread/INFO]: tomisherio[/184.103.253.150:52786] logged in with entity id 543027 at (-1032.2022931702456, 128.0, 1753.7182670907646)
[18:07:34] [Server thread/INFO]: tomisherio joined the game
[18:08:00] [Server thread/INFO]: [tomisherio: Set own game mode to Spectator Mode]
[18:08:24] [Server thread/INFO]: [tomisherio: Set own game mode to Survival Mode]
[18:49:15] [Server thread/INFO]: [tomisherio: Set own game mode to Spectator Mode]
[18:49:28] [Server thread/INFO]: [tomisherio: Set own game mode to Survival Mode]
[19:01:37] [Server thread/INFO]: [tomisherio: Set own game mode to Spectator Mode]
[19:01:44] [Server thread/INFO]: [tomisherio: Set own game mode to Survival Mode]
[19:10:24] [Server thread/INFO]: [tomisherio: Set own game mode to Spectator Mode]
[19:11:03] [Server thread/INFO]: [tomisherio: Set own game mode to Survival Mode]
[20:40:16] [Server thread/INFO]: [tomisherio: Gave 1 [Purple Stained Glass] to tomisherio]
[21:30:05] [Server thread/INFO]: [tomisherio: Set own game mode to Spectator Mode]
[21:30:31] [Server thread/INFO]: [tomisherio: Set own game mode to Survival Mode]
[21:36:27] [Server thread/INFO]: [tomisherio: Set own game mode to Spectator Mode]
[21:36:47] [Server thread/INFO]: [tomisherio: Set own game mode to Survival Mode]
[21:39:16] [Server thread/INFO]: [tomisherio: Set own game mode to Spectator Mode]
[21:39:38] [Server thread/INFO]: [tomisherio: Set own game mode to Survival Mode]
[21:43:15] [Server thread/INFO]: [tomisherio: Set own game mode to Spectator Mode]
[21:43:22] [Server thread/INFO]: [tomisherio: Set own game mode to Survival Mode]
[22:07:48] [Server thread/INFO]: [tomisherio: Set own game mode to Spectator Mode]
[22:07:53] [Server thread/INFO]: [tomisherio: Set own game mode to Survival Mode]
[22:33:39] [Server thread/INFO]: [tomisherio: Set own game mode to Spectator Mode]
[22:35:36] [Server thread/INFO]: [tomisherio: Set own game mode to Survival Mode]
[22:40:10] [Server thread/INFO]: tomisherio lost connection: Disconnected
[22:40:10] [Server thread/INFO]: tomisherio left the game
[22:43:09] [User Authenticator #16/INFO]: UUID of player tomisherio is 15e381a8-1724-43a6-8b15-5dadbe1369ab
[22:43:09] [Server thread/INFO]: tomisherio[/184.103.253.150:55132] logged in with entity id 565635 at (-1810.0732547114314, 61.0, 1693.1373326127355)
[22:43:09] [Server thread/INFO]: tomisherio joined the game
[22:43:14] [Server thread/INFO]: [tomisherio: Set own game mode to Spectator Mode]
[22:43:15] [Server thread/INFO]: [tomisherio: Set own game mode to Survival Mode]
[22:44:25] [Server thread/WARN]: tomisherio moved wrongly!
[22:44:32] [Server thread/INFO]: [tomisherio: Set own game mode to Spectator Mode]
[22:44:37] [Server thread/INFO]: [tomisherio: Set own game mode to Survival Mode]
[22:46:54] [Server thread/INFO]: [tomisherio: Set own game mode to Spectator Mode]
[22:47:02] [Server thread/INFO]: [tomisherio: Set own game mode to Survival Mode]
[22:50:07] [Server thread/WARN]: Mismatch in destroy block pos: class_2338{x=-199, y=68, z=226} class_2338{x=-199, y=68, z=225}
[22:50:07] [Server thread/WARN]: Mismatch in destroy block pos: class_2338{x=-199, y=68, z=226} class_2338{x=-199, y=68, z=225}
[22:50:07] [Server thread/WARN]: Mismatch in destroy block pos: class_2338{x=-199, y=68, z=226} class_2338{x=-199, y=68, z=225}
[22:50:07] [Server thread/WARN]: Mismatch in destroy block pos: class_2338{x=-199, y=68, z=226} class_2338{x=-199, y=68, z=225}
[22:50:07] [Server thread/WARN]: Mismatch in destroy block pos: class_2338{x=-199, y=68, z=226} class_2338{x=-199, y=68, z=225}
[22:50:07] [Server thread/WARN]: Mismatch in destroy block pos: class_2338{x=-199, y=68, z=226} class_2338{x=-199, y=68, z=225}
[22:50:07] [Server thread/WARN]: Mismatch in destroy block pos: class_2338{x=-199, y=68, z=226} class_2338{x=-199, y=68, z=225}
[22:50:07] [Server thread/WARN]: Mismatch in destroy block pos: class_2338{x=-199, y=68, z=226} class_2338{x=-199, y=68, z=225}
[22:50:07] [Server thread/WARN]: Mismatch in destroy block pos: class_2338{x=-199, y=68, z=226} class_2338{x=-199, y=68, z=225}
[22:50:08] [Server thread/WARN]: Mismatch in destroy block pos: class_2338{x=-199, y=68, z=226} class_2338{x=-199, y=68, z=225}
[22:50:33] [Server thread/WARN]: Mismatch in destroy block pos: class_2338{x=-210, y=68, z=223} class_2338{x=-207, y=69, z=226}
[22:50:33] [Server thread/WARN]: Mismatch in destroy block pos: class_2338{x=-210, y=68, z=223} class_2338{x=-207, y=69, z=226}
[22:50:37] [Server thread/WARN]: Mismatch in destroy block pos: class_2338{x=-205, y=68, z=223} class_2338{x=-204, y=68, z=224}
[22:50:37] [Server thread/WARN]: Mismatch in destroy block pos: class_2338{x=-205, y=68, z=223} class_2338{x=-204, y=68, z=224}
[22:50:37] [Server thread/WARN]: Mismatch in destroy block pos: class_2338{x=-205, y=68, z=223} class_2338{x=-204, y=68, z=224}
[22:51:51] [Server thread/WARN]: Mismatch in destroy block pos: class_2338{x=-210, y=70, z=216} class_2338{x=-210, y=70, z=215}
[22:51:52] [Server thread/WARN]: Mismatch in destroy block pos: class_2338{x=-210, y=70, z=216} class_2338{x=-210, y=70, z=215}
[22:51:52] [Server thread/WARN]: Mismatch in destroy block pos: class_2338{x=-210, y=70, z=216} class_2338{x=-210, y=70, z=215}
[22:51:52] [Server thread/WARN]: Mismatch in destroy block pos: class_2338{x=-210, y=70, z=216} class_2338{x=-210, y=70, z=215}
[22:51:52] [Server thread/WARN]: Mismatch in destroy block pos: class_2338{x=-210, y=70, z=216} class_2338{x=-210, y=70, z=215}
[22:51:52] [Server thread/WARN]: Mismatch in destroy block pos: class_2338{x=-210, y=70, z=216} class_2338{x=-210, y=70, z=215}
[22:51:52] [Server thread/WARN]: Mismatch in destroy block pos: class_2338{x=-210, y=70, z=216} class_2338{x=-210, y=70, z=215}
[22:51:52] [Server thread/WARN]: Mismatch in destroy block pos: class_2338{x=-210, y=70, z=216} class_2338{x=-210, y=70, z=215}
[22:51:52] [Server thread/WARN]: Mismatch in destroy block pos: class_2338{x=-210, y=70, z=216} class_2338{x=-210, y=70, z=215}
[22:51:52] [Server thread/WARN]: Mismatch in destroy block pos: class_2338{x=-210, y=70, z=216} class_2338{x=-210, y=70, z=215}
[22:51:52] [Server thread/WARN]: Mismatch in destroy block pos: class_2338{x=-210, y=70, z=216} class_2338{x=-210, y=70, z=215}
[22:51:52] [Server thread/WARN]: Mismatch in destroy block pos: class_2338{x=-210, y=70, z=216} class_2338{x=-210, y=70, z=215}
[22:51:55] [Server thread/WARN]: Mismatch in destroy block pos: class_2338{x=-210, y=70, z=216} class_2338{x=-213, y=69, z=220}
[22:51:55] [Server thread/WARN]: Mismatch in destroy block pos: class_2338{x=-210, y=70, z=216} class_2338{x=-213, y=69, z=220}
[22:52:27] [Server thread/INFO]: [tomisherio: Set own game mode to Spectator Mode]
[22:52:34] [Server thread/INFO]: [tomisherio: Set own game mode to Survival Mode]
[22:52:51] [Server thread/WARN]: Mismatch in destroy block pos: class_2338{x=-219, y=69, z=222} class_2338{x=-220, y=68, z=223}
[22:53:23] [Server thread/INFO]: [tomisherio: Set own game mode to Spectator Mode]
[22:53:25] [Server thread/INFO]: [tomisherio: Set own game mode to Survival Mode]
[22:53:57] [Server thread/WARN]: Mismatch in destroy block pos: class_2338{x=-202, y=62, z=231} class_2338{x=-202, y=63, z=230}
[22:53:57] [Server thread/WARN]: Mismatch in destroy block pos: class_2338{x=-202, y=62, z=231} class_2338{x=-202, y=63, z=230}
[22:53:57] [Server thread/WARN]: Mismatch in destroy block pos: class_2338{x=-202, y=62, z=231} class_2338{x=-202, y=63, z=230}
[23:04:54] [Server thread/INFO]: [tomisherio: Set own game mode to Spectator Mode]
[23:05:01] [Server thread/INFO]: [tomisherio: Set own game mode to Survival Mode]
[23:06:56] [Server thread/WARN]: Mismatch in destroy block pos: class_2338{x=-197, y=64, z=228} class_2338{x=-197, y=65, z=227}
[23:07:00] [Server thread/WARN]: Mismatch in destroy block pos: class_2338{x=-197, y=66, z=230} class_2338{x=-197, y=64, z=231}
[23:13:41] [Server thread/INFO]: [tomisherio: Set own game mode to Spectator Mode]
[23:14:03] [Server thread/INFO]: [tomisherio: Set own game mode to Survival Mode]
[23:15:20] [Server thread/WARN]: Mismatch in destroy block pos: class_2338{x=-214, y=50, z=226} class_2338{x=-209, y=49, z=231}
[23:18:13] [Server thread/WARN]: Mismatch in destroy block pos: class_2338{x=-214, y=27, z=230} class_2338{x=-209, y=28, z=231}
[23:18:13] [Server thread/WARN]: Mismatch in destroy block pos: class_2338{x=-214, y=27, z=230} class_2338{x=-209, y=28, z=231}
[23:18:14] [Server thread/WARN]: Mismatch in destroy block pos: class_2338{x=-214, y=27, z=230} class_2338{x=-209, y=28, z=231}
[23:18:14] [Server thread/WARN]: Mismatch in destroy block pos: class_2338{x=-214, y=27, z=230} class_2338{x=-209, y=28, z=231}
[23:18:14] [Server thread/WARN]: Mismatch in destroy block pos: class_2338{x=-214, y=27, z=230} class_2338{x=-209, y=28, z=231}
[23:18:14] [Server thread/WARN]: Mismatch in destroy block pos: class_2338{x=-214, y=27, z=230} class_2338{x=-209, y=28, z=231}
[23:18:47] [Server thread/INFO]: [tomisherio: Set own game mode to Spectator Mode]
[23:18:53] [Server thread/INFO]: [tomisherio: Set own game mode to Survival Mode]
[23:21:09] [Server thread/INFO]: [tomisherio: Set own game mode to Spectator Mode]
[23:21:21] [Server thread/INFO]: [tomisherio: Set own game mode to Survival Mode]
[23:23:00] [Server thread/INFO]: [tomisherio: Set own game mode to Spectator Mode]
[23:23:16] [Server thread/INFO]: [tomisherio: Set own game mode to Survival Mode]
[23:24:47] [Server thread/INFO]: [tomisherio: Set own game mode to Spectator Mode]
[23:24:51] [Server thread/INFO]: [tomisherio: Set own game mode to Survival Mode]
[23:26:47] [Server thread/INFO]: [tomisherio: Set own game mode to Spectator Mode]
[23:26:53] [Server thread/INFO]: [tomisherio: Set own game mode to Survival Mode]
[23:43:16] [Server thread/WARN]: Mismatch in destroy block pos: class_2338{x=-207, y=22, z=228} class_2338{x=-206, y=23, z=228}
[23:43:26] [Server thread/WARN]: Mismatch in destroy block pos: class_2338{x=-207, y=23, z=226} class_2338{x=-207, y=23, z=223}
[23:44:57] [Server thread/INFO]: [tomisherio: Set own game mode to Spectator Mode]
[23:45:23] [Server thread/INFO]: [tomisherio: Set own game mode to Survival Mode]
[23:47:07] [Server thread/INFO]: [tomisherio: Set own game mode to Spectator Mode]
[23:47:11] [Server thread/INFO]: [tomisherio: Set own game mode to Survival Mode]
[23:51:09] [Server thread/INFO]: [tomisherio: Set own game mode to Spectator Mode]
[23:51:17] [Server thread/INFO]: [tomisherio: Set own game mode to Survival Mode]
[23:53:33] [Server thread/INFO]: [tomisherio: Set own game mode to Creative Mode]
[23:53:57] [Server thread/INFO]: [tomisherio: Set own game mode to Survival Mode]
