[00:00:21] [Server thread/WARN]: Mismatch in destroy block pos: class_2338{x=-150, y=47, z=12} class_2338{x=-150, y=47, z=10}
[00:00:21] [Server thread/WARN]: Mismatch in destroy block pos: class_2338{x=-150, y=47, z=12} class_2338{x=-150, y=47, z=9}
[00:00:22] [Server thread/WARN]: Mismatch in destroy block pos: class_2338{x=-150, y=47, z=12} class_2338{x=-150, y=48, z=8}
[00:00:22] [Server thread/WARN]: Mismatch in destroy block pos: class_2338{x=-149, y=48, z=8} class_2338{x=-150, y=48, z=8}
[00:00:22] [Server thread/WARN]: Mismatch in destroy block pos: class_2338{x=-149, y=48, z=8} class_2338{x=-149, y=47, z=8}
[00:00:22] [Server thread/WARN]: Mismatch in destroy block pos: class_2338{x=-149, y=48, z=8} class_2338{x=-150, y=47, z=8}
[00:00:22] [Server thread/WARN]: Mismatch in destroy block pos: class_2338{x=-149, y=48, z=8} class_2338{x=-150, y=47, z=7}
[00:00:22] [Server thread/WARN]: Mismatch in destroy block pos: class_2338{x=-149, y=48, z=8} class_2338{x=-150, y=48, z=7}
[00:00:22] [Server thread/WARN]: Mismatch in destroy block pos: class_2338{x=-149, y=48, z=8} class_2338{x=-150, y=47, z=5}
[00:02:06] [Server thread/WARN]: Mismatch in destroy block pos: class_2338{x=-143, y=48, z=27} class_2338{x=-146, y=48, z=8}
[00:02:06] [Server thread/WARN]: Mismatch in destroy block pos: class_2338{x=-143, y=48, z=27} class_2338{x=-146, y=47, z=9}
[00:02:06] [Server thread/WARN]: Mismatch in destroy block pos: class_2338{x=-143, y=48, z=27} class_2338{x=-146, y=47, z=8}
[00:02:06] [Server thread/WARN]: Mismatch in destroy block pos: class_2338{x=-143, y=48, z=27} class_2338{x=-146, y=48, z=7}
[00:02:11] [Server thread/WARN]: Mismatch in destroy block pos: class_2338{x=-141, y=48, z=6} class_2338{x=-137, y=47, z=7}
[00:02:12] [Server thread/WARN]: Mismatch in destroy block pos: class_2338{x=-141, y=48, z=6} class_2338{x=-137, y=47, z=7}
[00:02:45] [Server thread/WARN]: Mismatch in destroy block pos: class_2338{x=-141, y=48, z=25} class_2338{x=-138, y=47, z=24}
[00:02:45] [Server thread/WARN]: Mismatch in destroy block pos: class_2338{x=-141, y=48, z=25} class_2338{x=-138, y=48, z=24}
[00:02:45] [Server thread/WARN]: Mismatch in destroy block pos: class_2338{x=-141, y=48, z=25} class_2338{x=-137, y=48, z=25}
[00:02:45] [Server thread/WARN]: Mismatch in destroy block pos: class_2338{x=-141, y=48, z=25} class_2338{x=-137, y=47, z=25}
[00:02:46] [Server thread/WARN]: Mismatch in destroy block pos: class_2338{x=-133, y=48, z=25} class_2338{x=-133, y=47, z=24}
[00:02:47] [Server thread/WARN]: Mismatch in destroy block pos: class_2338{x=-133, y=48, z=25} class_2338{x=-133, y=47, z=24}
[00:05:52] [Server thread/INFO]: tomisherio lost connection: Disconnected
[00:05:52] [Server thread/INFO]: tomisherio left the game
[00:07:59] [User Authenticator #35/INFO]: UUID of player tomisherio is 15e381a8-1724-43a6-8b15-5dadbe1369ab
[00:07:59] [Server thread/INFO]: tomisherio[/184.103.253.150:63347] logged in with entity id 1909888 at (-159.69999998807907, 52.0, 36.84975005785868)
[00:07:59] [Server thread/INFO]: tomisherio joined the game
[00:09:49] [Server thread/INFO]: Villager class_1646['Villager'/1708548, l='ServerLevel[ZaWarudo]', x=-58.68, y=69.59, z=138.70] died, message: 'Villager was squished too much'
[00:11:40] [Server thread/WARN]: Fetching packet for removed entity class_1542['Air'/1911065, l='ServerLevel[ZaWarudo]', x=-67.24, y=72.00, z=102.70]
[00:12:06] [Server thread/WARN]: Mismatch in destroy block pos: class_2338{x=-152, y=45, z=30} class_2338{x=-151, y=45, z=30}
[00:12:06] [Server thread/WARN]: Mismatch in destroy block pos: class_2338{x=-152, y=45, z=29} class_2338{x=-151, y=45, z=30}
[00:12:06] [Server thread/WARN]: Mismatch in destroy block pos: class_2338{x=-153, y=45, z=30} class_2338{x=-151, y=45, z=30}
[00:13:13] [Server thread/INFO]: [tomisherio: Set own game mode to Creative Mode]
[00:15:28] [Server thread/INFO]: Villager class_1646['Villager'/1818244, l='ServerLevel[ZaWarudo]', x=-58.79, y=69.57, z=138.17] died, message: 'Villager was squished too much'
[00:15:53] [Server thread/INFO]: [tomisherio: Set own game mode to Survival Mode]
[00:20:14] [Server thread/WARN]: Mismatch in destroy block pos: class_2338{x=-131, y=46, z=9} class_2338{x=-135, y=46, z=8}
[00:20:37] [Server thread/WARN]: Fetching packet for removed entity class_1542['Slimeball'/1914837, l='ServerLevel[ZaWarudo]', x=-34.94, y=6.00, z=13.06]
[00:21:06] [Server thread/WARN]: Fetching packet for removed entity class_1542['Air'/1915254, l='ServerLevel[ZaWarudo]', x=-67.36, y=72.00, z=59.18]
[00:23:26] [Server thread/WARN]: Mismatch in destroy block pos: class_2338{x=-153, y=44, z=35} class_2338{x=-157, y=43, z=35}
[00:23:57] [Server thread/WARN]: Mismatch in destroy block pos: class_2338{x=-137, y=44, z=2} class_2338{x=-133, y=44, z=2}
[00:28:46] [Server thread/INFO]: [tomisherio: Set own game mode to Spectator Mode]
[00:28:58] [Server thread/INFO]: [tomisherio: Set own game mode to Survival Mode]
[00:31:01] [Server thread/INFO]: [tomisherio: Set own game mode to Creative Mode]
[00:31:44] [Server thread/INFO]: tomisherio lost connection: Disconnected
[00:31:44] [Server thread/INFO]: tomisherio left the game
[00:32:28] [User Authenticator #36/INFO]: UUID of player tomisherio is 15e381a8-1724-43a6-8b15-5dadbe1369ab
[00:32:28] [Server thread/INFO]: tomisherio[/184.103.253.150:63501] logged in with entity id 1922534 at (-346.627978771766, 199.0, -93.51090941385124)
[00:32:28] [Server thread/INFO]: tomisherio joined the game
[00:32:49] [Server thread/INFO]: [tomisherio: Set own game mode to Survival Mode]
[00:51:30] [Server thread/WARN]: Fetching packet for removed entity class_1542['Nether Quartz'/1928792, l='ServerLevel[ZaWarudo]', x=-80.47, y=17.46, z=-135.49]
[00:51:30] [Server thread/WARN]: Fetching packet for removed entity class_1542['Netherrack'/1928793, l='ServerLevel[ZaWarudo]', x=-81.41, y=10.45, z=-137.36]
[00:51:30] [Server thread/WARN]: Fetching packet for removed entity class_1542['Netherrack'/1928794, l='ServerLevel[ZaWarudo]', x=-80.37, y=11.40, z=-139.61]
[00:51:30] [Server thread/WARN]: Fetching packet for removed entity class_1542['Netherrack'/1928795, l='ServerLevel[ZaWarudo]', x=-76.59, y=16.29, z=-137.34]
[00:51:30] [Server thread/WARN]: Fetching packet for removed entity class_1542['Blackstone'/1928796, l='ServerLevel[ZaWarudo]', x=-82.30, y=15.43, z=-138.29]
[00:51:30] [Server thread/WARN]: Fetching packet for removed entity class_1542['Netherrack'/1928797, l='ServerLevel[ZaWarudo]', x=-75.56, y=13.54, z=-134.67]
[00:51:30] [Server thread/WARN]: Fetching packet for removed entity class_1542['Netherrack'/1928798, l='ServerLevel[ZaWarudo]', x=-81.50, y=15.25, z=-140.36]
[00:51:30] [Server thread/WARN]: Fetching packet for removed entity class_1542['Netherrack'/1928799, l='ServerLevel[ZaWarudo]', x=-78.65, y=10.31, z=-139.50]
[00:51:30] [Server thread/WARN]: Fetching packet for removed entity class_1542['Netherrack'/1928800, l='ServerLevel[ZaWarudo]', x=-79.62, y=11.38, z=-138.56]
[00:51:30] [Server thread/WARN]: Fetching packet for removed entity class_1542['Netherrack'/1928801, l='ServerLevel[ZaWarudo]', x=-76.67, y=14.39, z=-137.74]
[00:51:30] [Server thread/WARN]: Fetching packet for removed entity class_1542['Netherrack'/1928802, l='ServerLevel[ZaWarudo]', x=-80.69, y=18.40, z=-138.72]
[00:51:30] [Server thread/WARN]: Fetching packet for removed entity class_1542['Netherrack'/1928803, l='ServerLevel[ZaWarudo]', x=-81.53, y=10.57, z=-138.65]
[00:51:30] [Server thread/WARN]: Fetching packet for removed entity class_1542['Netherrack'/1928804, l='ServerLevel[ZaWarudo]', x=-79.30, y=12.42, z=-139.59]
[00:51:30] [Server thread/WARN]: Fetching packet for removed entity class_1542['Netherrack'/1928805, l='ServerLevel[ZaWarudo]', x=-75.70, y=12.48, z=-135.39]
[00:54:04] [Server thread/INFO]: [tomisherio: Set own game mode to Spectator Mode]
[00:54:26] [Server thread/INFO]: [tomisherio: Set own game mode to Survival Mode]
[00:55:03] [Server thread/WARN]: tomisherio moved wrongly!
[00:55:19] [Server thread/INFO]: [tomisherio: Set own game mode to Spectator Mode]
[00:55:22] [Server thread/INFO]: [tomisherio: Set own game mode to Survival Mode]
[00:55:49] [Server thread/WARN]: tomisherio moved wrongly!
[00:58:06] [Server thread/INFO]: [tomisherio: Set own game mode to Spectator Mode]
[00:58:34] [Server thread/INFO]: [tomisherio: Set own game mode to Survival Mode]
[00:59:52] [Server thread/INFO]: [tomisherio: Set own game mode to Spectator Mode]
[01:00:45] [Server thread/INFO]: [tomisherio: Set own game mode to Survival Mode]
[01:00:50] [Server thread/INFO]: [tomisherio: Set own game mode to Spectator Mode]
[01:01:00] [Server thread/INFO]: [tomisherio: Set own game mode to Survival Mode]
[01:05:34] [Server thread/INFO]: [tomisherio: Set own game mode to Spectator Mode]
[01:05:47] [Server thread/INFO]: tomisherio lost connection: Disconnected
[01:05:47] [Server thread/INFO]: tomisherio left the game
[01:06:45] [User Authenticator #37/INFO]: UUID of player tomisherio is 15e381a8-1724-43a6-8b15-5dadbe1369ab
[01:06:46] [Server thread/INFO]: tomisherio[/184.103.253.150:55590] logged in with entity id 1931611 at (-278.8328659622436, 13.80948674189209, -16.570276577157838)
[01:06:46] [Server thread/INFO]: tomisherio joined the game
[01:06:49] [Server thread/INFO]: [tomisherio: Set own game mode to Survival Mode]
[01:07:15] [Server thread/INFO]: [tomisherio: Gave 1 [Shulker Box] to tomisherio]
[01:10:18] [Server thread/INFO]: [tomisherio: Set own game mode to Spectator Mode]
[01:10:27] [Server thread/INFO]: [tomisherio: Set own game mode to Survival Mode]
[01:10:37] [Server thread/INFO]: [tomisherio: Set own game mode to Spectator Mode]
[01:10:37] [Server thread/INFO]: [tomisherio: Set own game mode to Survival Mode]
[01:13:02] [Server thread/INFO]: [tomisherio: Set own game mode to Spectator Mode]
[01:13:19] [Server thread/INFO]: [tomisherio: Set own game mode to Survival Mode]
[01:16:01] [Server thread/INFO]: tomisherio lost connection: Disconnected
[01:16:01] [Server thread/INFO]: tomisherio left the game
[01:16:54] [User Authenticator #38/INFO]: UUID of player tomisherio is 15e381a8-1724-43a6-8b15-5dadbe1369ab
[01:16:54] [Server thread/INFO]: tomisherio[/184.103.253.150:55680] logged in with entity id 1935083 at (-262.7505344102908, 7.0, -17.66004280266532)
[01:16:54] [Server thread/INFO]: tomisherio joined the game
[01:19:33] [Server thread/WARN]: Fetching packet for removed entity class_1542['Netherrack'/1935943, l='ServerLevel[ZaWarudo]', x=-370.47, y=19.64, z=-18.28]
[01:19:33] [Server thread/WARN]: Fetching packet for removed entity class_1542['Soul Sand'/1935944, l='ServerLevel[ZaWarudo]', x=-371.68, y=19.32, z=-16.73]
[01:19:33] [Server thread/WARN]: Fetching packet for removed entity class_1542['Netherrack'/1935947, l='ServerLevel[ZaWarudo]', x=-368.34, y=18.61, z=-18.26]
[01:19:33] [Server thread/WARN]: Fetching packet for removed entity class_1542['Netherrack'/1935948, l='ServerLevel[ZaWarudo]', x=-367.36, y=18.41, z=-19.27]
[01:19:33] [Server thread/WARN]: Fetching packet for removed entity class_1542['Netherrack'/1935949, l='ServerLevel[ZaWarudo]', x=-371.70, y=19.25, z=-18.58]
[01:19:33] [Server thread/WARN]: Fetching packet for removed entity class_1542['Netherrack'/1935951, l='ServerLevel[ZaWarudo]', x=-369.31, y=18.69, z=-14.68]
[01:19:33] [Server thread/WARN]: Fetching packet for removed entity class_1542['Netherrack'/1935952, l='ServerLevel[ZaWarudo]', x=-368.64, y=15.28, z=-21.34]
[01:19:33] [Server thread/WARN]: Fetching packet for removed entity class_1542['Netherrack'/1935955, l='ServerLevel[ZaWarudo]', x=-369.48, y=17.31, z=-15.37]
[01:19:33] [Server thread/WARN]: Fetching packet for removed entity class_1542['Netherrack'/1935957, l='ServerLevel[ZaWarudo]', x=-369.62, y=18.49, z=-19.36]
[01:19:33] [Server thread/WARN]: Fetching packet for removed entity class_1542['Netherrack'/1935958, l='ServerLevel[ZaWarudo]', x=-367.66, y=16.37, z=-11.55]
[01:19:33] [Server thread/WARN]: Fetching packet for removed entity class_1542['Netherrack'/1935959, l='ServerLevel[ZaWarudo]', x=-367.36, y=18.67, z=-14.74]
[01:19:44] [Server thread/WARN]: Mismatch in destroy block pos: class_2338{x=-342, y=8, z=-17} class_2338{x=-341, y=7, z=-17}
[01:20:49] [Server thread/WARN]: Mismatch in destroy block pos: class_2338{x=-371, y=16, z=-16} class_2338{x=-325, y=7, z=-17}
[01:22:26] [Server thread/INFO]: Villager class_1646['Villager'/1853697, l='ServerLevel[ZaWarudo]', x=-58.88, y=69.82, z=138.70] died, message: 'Villager was squished too much'
[01:27:31] [Server thread/WARN]: Fetching packet for removed entity class_1542['Poppy'/1938228, l='ServerLevel[ZaWarudo]', x=-38.13, y=72.07, z=55.13]
[01:27:35] [Server thread/WARN]: tomisherio moved wrongly!
[01:30:38] [Server thread/INFO]: tomisherio has completed the challenge [Serious Dedication]
[01:38:02] [Server thread/WARN]: Fetching packet for removed entity class_1542['Slimeball'/1943861, l='ServerLevel[ZaWarudo]', x=-34.94, y=6.01, z=34.94]
[01:38:29] [Server thread/WARN]: Fetching packet for removed entity class_1542['Poppy'/1944006, l='ServerLevel[ZaWarudo]', x=-38.39, y=72.01, z=55.93]
[01:40:20] [Server thread/INFO]: [tomisherio: Set own game mode to Spectator Mode]
[01:40:24] [Server thread/INFO]: [tomisherio: Set own game mode to Survival Mode]
[01:42:33] [Server thread/INFO]: Villager class_1646['Villager'/1871593, l='ServerLevel[ZaWarudo]', x=-58.86, y=69.48, z=138.28] died, message: 'Villager was squished too much'
[01:46:33] [Server thread/INFO]: [tomisherio: Set own game mode to Spectator Mode]
[01:46:55] [Server thread/INFO]: [tomisherio: Set own game mode to Survival Mode]
[01:50:12] [Server thread/WARN]: Fetching packet for removed entity class_1542['Air'/1948351, l='ServerLevel[ZaWarudo]', x=-93.04, y=71.61, z=127.27]
[01:51:33] [Server thread/WARN]: tomisherio moved wrongly!
[01:51:33] [Server thread/WARN]: tomisherio moved wrongly!
[01:53:43] [Server thread/WARN]: tomisherio moved wrongly!
[01:56:54] [Server thread/INFO]: Villager class_1646['Villager'/1684162, l='ServerLevel[ZaWarudo]', x=-58.77, y=69.59, z=138.70] died, message: 'Villager was squished too much'
[02:00:44] [Server thread/INFO]: [tomisherio: Set own game mode to Spectator Mode]
[02:00:47] [Server thread/INFO]: [tomisherio: Set own game mode to Survival Mode]
[02:13:08] [Server thread/WARN]: tomisherio moved wrongly!
[02:18:23] [Server thread/WARN]: Fetching packet for removed entity class_1542['Ink Sac'/1961577, l='ServerLevel[ZaWarudo]', x=24.65, y=31.16, z=63.67]
[02:18:23] [Server thread/WARN]: Fetching packet for removed entity class_1542['Ink Sac'/1961578, l='ServerLevel[ZaWarudo]', x=24.60, y=31.00, z=60.68]
[02:25:10] [Server thread/INFO]: [tomisherio: Set own game mode to Spectator Mode]
[02:25:22] [Server thread/INFO]: [tomisherio: Teleported tomisherio to -350.5, 36.809486741892094, 1074.5]
[02:31:10] [Server thread/INFO]: [tomisherio: Teleported tomisherio to 93.5, 71.30425594199163, 927.5]
[02:32:08] [Server thread/INFO]: [tomisherio: Teleported tomisherio to 106.5, 66.80425576317766, 1533.5]
[02:32:53] [Server thread/INFO]: [tomisherio: Teleported tomisherio to 1076.5, 74.67179184757171, 1209.5]
[02:33:37] [Server thread/INFO]: [tomisherio: Teleported tomisherio to 982.5, 74.2917773967048, 1468.5]
[02:34:10] [Server thread/INFO]: [tomisherio: Teleported tomisherio to 982.5, 66.40414208081107, 1868.5]
[02:34:43] [Server thread/INFO]: [tomisherio: Teleported tomisherio to -699.5, 72.40907476024204, 1568.5]
[02:34:57] [Server thread/INFO]: [tomisherio: Teleported tomisherio to -799.5, 81.7784064446621, 1658.5]
[02:35:10] [Server thread/INFO]: [tomisherio: Teleported tomisherio to -799.5, 63.783728847654196, 1465.5]
[02:35:52] [Server thread/INFO]: [tomisherio: Teleported tomisherio to -999.5, 77.65891724229756, 1465.5]
[02:45:44] [Server thread/INFO]: [tomisherio: Teleported tomisherio to -1099.5, 72.0469804903245, -189.5]
[02:48:33] [Server thread/INFO]: [tomisherio: Teleported tomisherio to -1449.5, 63.3994848233204, -77.5]
[02:48:33] [Server thread/WARN]: tomisherio moved too quickly! -315.29634023976837,0.0,194.02155379599895
[02:49:22] [Server thread/INFO]: [tomisherio: Teleported tomisherio to -787.5, 85.51855518453914, -199.5]
[02:49:34] [Server thread/INFO]: [tomisherio: Teleported tomisherio to -787.5, 85.51855518453914, 220.5]
[02:50:15] [Server thread/INFO]: [tomisherio: Teleported tomisherio to -1699.5, 66.02989178778759, 900.5]
[02:54:40] [Server thread/INFO]: [tomisherio: Teleported tomisherio to -2299.5, 74.99922779126689, -1799.5]
[02:55:03] [Server thread/INFO]: [tomisherio: Teleported tomisherio to -2395.5, 74.99922779126689, -1513.5]
[02:55:44] [Server thread/INFO]: [tomisherio: Teleported tomisherio to -1629.5, 86.0, 848.5]
[02:56:07] [Server thread/INFO]: [tomisherio: Teleported tomisherio to -1999.5, 86.0, 800.5]
[02:56:07] [Server thread/WARN]: tomisherio moved too quickly! -370.0,0.0,-48.0
[02:57:52] [Server thread/INFO]: [tomisherio: Teleported tomisherio to -1629.5, 86.0, 848.5]
[03:04:22] [Server thread/INFO]: tomisherio lost connection: Disconnected
[03:04:22] [Server thread/INFO]: tomisherio left the game
[03:08:10] [User Authenticator #39/INFO]: UUID of player tomisherio is 15e381a8-1724-43a6-8b15-5dadbe1369ab
[03:08:10] [Server thread/INFO]: tomisherio[/184.103.253.150:56368] logged in with entity id 1964504 at (-1241.5345270695514, 59.3892400591033, 909.4532044116548)
[03:08:10] [Server thread/INFO]: tomisherio joined the game
[03:08:14] [Server thread/INFO]: [tomisherio: Set own game mode to Survival Mode]
[03:10:28] [Server thread/INFO]: [tomisherio: Teleported tomisherio to -779.5, 53.0, -305.5]
[03:11:06] [Server thread/INFO]: [tomisherio: Set own game mode to Spectator Mode]
[03:11:15] [Server thread/INFO]: [tomisherio: Set own game mode to Survival Mode]
[03:11:38] [Server thread/INFO]: [tomisherio: Set own game mode to Creative Mode]
[03:13:41] [Server thread/INFO]: [tomisherio: Set own game mode to Survival Mode]
[03:30:42] [Server thread/WARN]: tomisherio moved too quickly! 1012.9427730628771,13.580000013113022,-1747.4496928096116
[03:30:43] [Server thread/INFO]: Scanning for legacy world dragon fight...
[03:30:43] [Server thread/INFO]: Found that the dragon has been killed in this world already.
[03:44:01] [Server thread/INFO]: [tomisherio: Set own game mode to Spectator Mode]
[03:44:08] [Server thread/INFO]: [tomisherio: Set own game mode to Survival Mode]
[04:09:46] [Server thread/INFO]: [tomisherio: Set own game mode to Creative Mode]
[04:10:03] [Server thread/INFO]: [tomisherio: Set own game mode to Survival Mode]
[04:14:08] [Server thread/WARN]: Mismatch in destroy block pos: class_2338{x=1166, y=64, z=653} class_2338{x=1165, y=64, z=653}
[04:33:29] [Server thread/INFO]: [tomisherio: Set own game mode to Spectator Mode]
[04:33:39] [Server thread/INFO]: [tomisherio: Set own game mode to Survival Mode]
[04:35:46] [Server thread/INFO]: [tomisherio: Set own game mode to Spectator Mode]
[04:35:51] [Server thread/INFO]: [tomisherio: Set own game mode to Survival Mode]
[04:41:51] [Server thread/INFO]: [tomisherio: Set own game mode to Spectator Mode]
[04:41:55] [Server thread/INFO]: [tomisherio: Set own game mode to Survival Mode]
[04:50:54] [Server thread/INFO]: [tomisherio: Set own game mode to Spectator Mode]
[04:51:21] [Server thread/INFO]: [tomisherio: Set own game mode to Survival Mode]
[04:51:31] [Server thread/INFO]: [tomisherio: Set own game mode to Spectator Mode]
[04:52:03] [Server thread/INFO]: [tomisherio: Set own game mode to Survival Mode]
[04:52:19] [Server thread/INFO]: [tomisherio: Set own game mode to Spectator Mode]
[04:53:35] [Server thread/INFO]: [tomisherio: Set own game mode to Survival Mode]
[04:54:59] [Server thread/WARN]: Mismatch in destroy block pos: class_2338{x=1191, y=66, z=611} class_2338{x=1191, y=66, z=605}
[04:54:59] [Server thread/WARN]: Mismatch in destroy block pos: class_2338{x=1191, y=66, z=611} class_2338{x=1191, y=66, z=605}
[04:55:00] [Server thread/WARN]: Mismatch in destroy block pos: class_2338{x=1191, y=66, z=604} class_2338{x=1189, y=66, z=605}
[04:55:00] [Server thread/WARN]: Mismatch in destroy block pos: class_2338{x=1191, y=66, z=604} class_2338{x=1189, y=66, z=605}
[04:55:00] [Server thread/WARN]: Mismatch in destroy block pos: class_2338{x=1191, y=66, z=604} class_2338{x=1189, y=66, z=605}
[04:55:00] [Server thread/WARN]: Mismatch in destroy block pos: class_2338{x=1191, y=66, z=604} class_2338{x=1189, y=66, z=605}
[04:55:00] [Server thread/WARN]: Mismatch in destroy block pos: class_2338{x=1191, y=66, z=604} class_2338{x=1189, y=66, z=605}
[04:55:00] [Server thread/WARN]: Mismatch in destroy block pos: class_2338{x=1191, y=66, z=604} class_2338{x=1189, y=66, z=605}
[04:55:00] [Server thread/WARN]: Mismatch in destroy block pos: class_2338{x=1191, y=66, z=604} class_2338{x=1189, y=66, z=605}
[04:55:00] [Server thread/WARN]: Mismatch in destroy block pos: class_2338{x=1191, y=66, z=604} class_2338{x=1189, y=66, z=605}
[04:55:00] [Server thread/WARN]: Mismatch in destroy block pos: class_2338{x=1191, y=66, z=604} class_2338{x=1189, y=66, z=605}
[04:55:00] [Server thread/WARN]: Mismatch in destroy block pos: class_2338{x=1191, y=66, z=604} class_2338{x=1189, y=66, z=605}
[04:55:00] [Server thread/WARN]: Mismatch in destroy block pos: class_2338{x=1191, y=66, z=604} class_2338{x=1189, y=66, z=605}
[04:55:00] [Server thread/WARN]: Mismatch in destroy block pos: class_2338{x=1191, y=66, z=604} class_2338{x=1189, y=66, z=605}
[04:55:01] [Server thread/WARN]: Mismatch in destroy block pos: class_2338{x=1191, y=66, z=604} class_2338{x=1189, y=66, z=605}
[04:55:01] [Server thread/WARN]: Mismatch in destroy block pos: class_2338{x=1191, y=66, z=604} class_2338{x=1189, y=66, z=605}
[04:55:01] [Server thread/WARN]: Mismatch in destroy block pos: class_2338{x=1191, y=66, z=604} class_2338{x=1189, y=66, z=605}
[04:55:01] [Server thread/WARN]: Mismatch in destroy block pos: class_2338{x=1191, y=66, z=604} class_2338{x=1189, y=66, z=605}
[04:55:01] [Server thread/WARN]: Mismatch in destroy block pos: class_2338{x=1191, y=66, z=604} class_2338{x=1189, y=66, z=605}
[04:55:01] [Server thread/WARN]: Mismatch in destroy block pos: class_2338{x=1191, y=66, z=604} class_2338{x=1189, y=66, z=605}
[04:55:01] [Server thread/WARN]: Mismatch in destroy block pos: class_2338{x=1191, y=66, z=604} class_2338{x=1189, y=66, z=605}
[04:55:01] [Server thread/WARN]: Mismatch in destroy block pos: class_2338{x=1191, y=66, z=604} class_2338{x=1189, y=66, z=605}
[04:55:01] [Server thread/WARN]: Mismatch in destroy block pos: class_2338{x=1191, y=66, z=604} class_2338{x=1189, y=66, z=605}
[04:55:01] [Server thread/WARN]: Mismatch in destroy block pos: class_2338{x=1191, y=66, z=604} class_2338{x=1189, y=66, z=605}
[04:55:01] [Server thread/WARN]: Mismatch in destroy block pos: class_2338{x=1191, y=66, z=604} class_2338{x=1189, y=66, z=605}
[04:55:01] [Server thread/WARN]: Mismatch in destroy block pos: class_2338{x=1191, y=66, z=604} class_2338{x=1189, y=66, z=605}
[04:55:01] [Server thread/WARN]: Mismatch in destroy block pos: class_2338{x=1191, y=66, z=604} class_2338{x=1189, y=66, z=605}
[04:55:01] [Server thread/WARN]: Mismatch in destroy block pos: class_2338{x=1191, y=66, z=604} class_2338{x=1189, y=66, z=605}
[04:55:01] [Server thread/WARN]: Mismatch in destroy block pos: class_2338{x=1191, y=66, z=604} class_2338{x=1189, y=66, z=605}
[05:14:54] [Server thread/WARN]: Mismatch in destroy block pos: class_2338{x=1185, y=61, z=622} class_2338{x=1187, y=61, z=621}
[05:14:54] [Server thread/WARN]: Mismatch in destroy block pos: class_2338{x=1185, y=61, z=622} class_2338{x=1187, y=61, z=621}
[05:14:54] [Server thread/WARN]: Mismatch in destroy block pos: class_2338{x=1185, y=61, z=622} class_2338{x=1187, y=61, z=621}
[05:14:54] [Server thread/WARN]: Mismatch in destroy block pos: class_2338{x=1185, y=61, z=622} class_2338{x=1187, y=61, z=621}
[05:14:54] [Server thread/WARN]: Mismatch in destroy block pos: class_2338{x=1185, y=61, z=622} class_2338{x=1187, y=61, z=621}
[05:14:55] [Server thread/WARN]: Mismatch in destroy block pos: class_2338{x=1190, y=62, z=621} class_2338{x=1187, y=61, z=621}
[05:24:05] [Server thread/INFO]: [tomisherio: Set own game mode to Spectator Mode]
[05:24:52] [Server thread/INFO]: [tomisherio: Teleported tomisherio to -138.5, 200.0, 202.5]
[05:24:56] [Server thread/INFO]: [tomisherio: Set own game mode to Survival Mode]
[05:35:50] [Server thread/INFO]: Villager class_1646['Villager'/1885615, l='ServerLevel[ZaWarudo]', x=-58.79, y=69.46, z=138.12] died, message: 'Villager was squished too much'
[05:39:20] [Server thread/INFO]: Villager class_1646['Villager'/1696750, l='ServerLevel[ZaWarudo]', x=-58.89, y=69.51, z=138.15] died, message: 'Villager was squished too much'
[06:07:25] [Server thread/INFO]: Villager class_1646['Villager'/1856854, l='ServerLevel[ZaWarudo]', x=-58.88, y=69.52, z=138.12] died, message: 'Villager was squished too much'
[06:12:10] [Server thread/INFO]: Villager class_1646['Villager'/1782820, l='ServerLevel[ZaWarudo]', x=-58.87, y=69.53, z=138.14] died, message: 'Villager was squished too much'
[06:58:00] [Server thread/INFO]: Villager class_1646['Villager'/1893077, l='ServerLevel[ZaWarudo]', x=-58.86, y=69.50, z=138.15] died, message: 'Villager was squished too much'
[10:03:16] [Server thread/INFO]: Villager class_1646['Villager'/1917483, l='ServerLevel[ZaWarudo]', x=-58.81, y=69.11, z=138.15] died, message: 'Villager was squished too much'
[16:39:44] [Server thread/INFO]: [tomisherio: Set own game mode to Spectator Mode]
[16:39:51] [Server thread/INFO]: [tomisherio: Set own game mode to Survival Mode]
[16:53:19] [Server thread/INFO]: [tomisherio: Set own game mode to Spectator Mode]
[16:53:24] [Server thread/INFO]: [tomisherio: Set own game mode to Survival Mode]
[17:21:42] [Server thread/WARN]: Mismatch in destroy block pos: class_2338{x=1174, y=60, z=505} class_2338{x=1172, y=60, z=505}
[17:21:42] [Server thread/WARN]: Mismatch in destroy block pos: class_2338{x=1174, y=60, z=505} class_2338{x=1171, y=60, z=505}
[17:21:42] [Server thread/WARN]: Mismatch in destroy block pos: class_2338{x=1174, y=60, z=505} class_2338{x=1170, y=60, z=505}
[17:21:43] [Server thread/WARN]: Mismatch in destroy block pos: class_2338{x=1174, y=60, z=505} class_2338{x=1169, y=60, z=505}
[17:21:43] [Server thread/WARN]: Mismatch in destroy block pos: class_2338{x=1174, y=60, z=505} class_2338{x=1170, y=60, z=506}
[17:21:43] [Server thread/WARN]: Mismatch in destroy block pos: class_2338{x=1174, y=60, z=505} class_2338{x=1171, y=60, z=506}
[17:21:47] [Server thread/WARN]: Mismatch in destroy block pos: class_2338{x=1165, y=60, z=507} class_2338{x=1168, y=60, z=508}
[17:21:47] [Server thread/WARN]: Mismatch in destroy block pos: class_2338{x=1165, y=60, z=507} class_2338{x=1167, y=60, z=508}
[17:21:47] [Server thread/WARN]: Mismatch in destroy block pos: class_2338{x=1165, y=60, z=507} class_2338{x=1167, y=60, z=508}
[17:21:47] [Server thread/WARN]: Mismatch in destroy block pos: class_2338{x=1165, y=60, z=507} class_2338{x=1167, y=60, z=508}
[17:21:47] [Server thread/WARN]: Mismatch in destroy block pos: class_2338{x=1165, y=60, z=507} class_2338{x=1167, y=60, z=508}
[17:21:48] [Server thread/WARN]: Mismatch in destroy block pos: class_2338{x=1165, y=60, z=507} class_2338{x=1167, y=60, z=508}
[17:21:48] [Server thread/WARN]: Mismatch in destroy block pos: class_2338{x=1165, y=60, z=507} class_2338{x=1167, y=60, z=508}
[17:21:48] [Server thread/WARN]: Mismatch in destroy block pos: class_2338{x=1165, y=60, z=507} class_2338{x=1167, y=60, z=508}
[17:39:55] [Server thread/WARN]: Mismatch in destroy block pos: class_2338{x=1167, y=66, z=553} class_2338{x=1165, y=67, z=562}
[17:39:55] [Server thread/WARN]: Mismatch in destroy block pos: class_2338{x=1167, y=66, z=553} class_2338{x=1165, y=67, z=563}
[17:39:55] [Server thread/WARN]: Mismatch in destroy block pos: class_2338{x=1167, y=66, z=553} class_2338{x=1166, y=67, z=563}
[17:39:55] [Server thread/WARN]: Mismatch in destroy block pos: class_2338{x=1167, y=66, z=553} class_2338{x=1166, y=67, z=564}
[17:39:55] [Server thread/WARN]: Mismatch in destroy block pos: class_2338{x=1167, y=66, z=553} class_2338{x=1165, y=67, z=564}
[17:39:55] [Server thread/WARN]: Mismatch in destroy block pos: class_2338{x=1167, y=66, z=553} class_2338{x=1165, y=67, z=565}
[17:39:55] [Server thread/WARN]: Mismatch in destroy block pos: class_2338{x=1167, y=66, z=553} class_2338{x=1166, y=67, z=565}
[17:39:55] [Server thread/WARN]: Mismatch in destroy block pos: class_2338{x=1167, y=66, z=553} class_2338{x=1166, y=67, z=566}
[17:39:56] [Server thread/WARN]: Mismatch in destroy block pos: class_2338{x=1167, y=66, z=553} class_2338{x=1165, y=67, z=566}
[17:39:56] [Server thread/WARN]: Mismatch in destroy block pos: class_2338{x=1167, y=66, z=553} class_2338{x=1166, y=67, z=567}
[17:39:56] [Server thread/WARN]: Mismatch in destroy block pos: class_2338{x=1167, y=66, z=553} class_2338{x=1166, y=67, z=568}
[17:39:56] [Server thread/WARN]: Mismatch in destroy block pos: class_2338{x=1167, y=66, z=553} class_2338{x=1165, y=67, z=567}
[17:39:56] [Server thread/WARN]: Mismatch in destroy block pos: class_2338{x=1167, y=66, z=553} class_2338{x=1165, y=67, z=567}
[17:39:56] [Server thread/WARN]: Mismatch in destroy block pos: class_2338{x=1167, y=66, z=553} class_2338{x=1165, y=67, z=567}
[17:53:08] [Server thread/WARN]: Mismatch in destroy block pos: class_2338{x=1195, y=65, z=562} class_2338{x=1168, y=65, z=564}
[18:06:21] [Server thread/WARN]: Can't keep up! Is the server overloaded? Running 2006ms or 40 ticks behind
[18:06:39] [Server thread/WARN]: Can't keep up! Is the server overloaded? Running 3389ms or 67 ticks behind
[18:09:42] [Server thread/WARN]: Can't keep up! Is the server overloaded? Running 2006ms or 40 ticks behind
[18:10:01] [Server thread/WARN]: Can't keep up! Is the server overloaded? Running 3395ms or 67 ticks behind
[18:35:46] [Server thread/INFO]: [tomisherio: Set own game mode to Creative Mode]
[19:33:41] [User Authenticator #40/INFO]: UUID of player GanonCann0n is ce34b950-cf6f-4093-8021-f361d57ec21e
[19:33:41] [Server thread/INFO]: GanonCann0n[/192.168.1.1:55067] logged in with entity id 2292819 at (-1849.3598887471408, 93.0, 1659.6697014686742)
[19:33:41] [Server thread/INFO]: GanonCann0n joined the game
[19:33:59] [Server thread/INFO]: [GanonCann0n: Teleported GanonCann0n to -234.5, 102.0, 169.5]
[19:33:59] [Server thread/WARN]: GanonCann0n moved too quickly! 1614.8598887471408,9.0,-1490.1697014686742
[19:33:59] [Server thread/WARN]: GanonCann0n moved too quickly! 1614.8598887471408,9.0,-1490.1697014686742
[19:34:13] [Server thread/INFO]: <tomisherio> o/
[19:34:23] [Server thread/INFO]: <GanonCann0n> \o
[19:42:46] [Server thread/INFO]: [tomisherio: Set own game mode to Survival Mode]
[19:45:04] [Server thread/WARN]: Mismatch in destroy block pos: class_2338{x=1148, y=63, z=473} class_2338{x=1148, y=63, z=472}
[19:45:05] [Server thread/WARN]: Mismatch in destroy block pos: class_2338{x=1148, y=63, z=473} class_2338{x=1148, y=63, z=472}
[19:45:05] [Server thread/WARN]: Mismatch in destroy block pos: class_2338{x=1148, y=63, z=473} class_2338{x=1148, y=63, z=472}
[19:45:05] [Server thread/WARN]: Mismatch in destroy block pos: class_2338{x=1148, y=63, z=473} class_2338{x=1148, y=63, z=472}
[19:46:13] [Server thread/INFO]: <tomisherio> you have full dimaond gear yea?
[19:58:48] [Server thread/WARN]: Mismatch in destroy block pos: class_2338{x=1119, y=64, z=480} class_2338{x=1117, y=64, z=480}
[20:35:56] [Server thread/WARN]: tomisherio moved wrongly!
[20:52:49] [Server thread/INFO]: [GanonCann0n: Teleported GanonCann0n to 955.5, 69.0, 552.5]
[20:53:30] [Server thread/INFO]: <tomisherio> o/
[20:53:48] [Server thread/INFO]: <GanonCann0n> showing krista the egyptian landscape
[20:54:14] [Server thread/INFO]: <tomisherio> i need a ton more of sand till i finish the frame
[20:56:30] [Server thread/INFO]: <tomisherio> have you shown her the guardian farm?
[21:02:23] [Server thread/INFO]: <GanonCann0n> yeah she saw it once
[21:06:41] [Server thread/WARN]: tomisherio moved wrongly!
[21:16:20] [Server thread/INFO]: GanonCann0n lost connection: Disconnected
[21:16:20] [Server thread/INFO]: GanonCann0n left the game
[21:25:37] [Server thread/WARN]: Can't keep up! Is the server overloaded? Running 2005ms or 40 ticks behind
[21:33:14] [Server thread/WARN]: tomisherio moved wrongly!
[21:50:20] [Server thread/WARN]: tomisherio moved wrongly!
[22:01:58] [Server thread/INFO]: [tomisherio: Set own game mode to Spectator Mode]
[22:02:02] [Server thread/INFO]: [tomisherio: Set own game mode to Survival Mode]
[22:19:38] [Server thread/INFO]: [tomisherio: Set own game mode to Spectator Mode]
[22:20:05] [Server thread/INFO]: [tomisherio: Set own game mode to Survival Mode]
[22:22:00] [Server thread/INFO]: [tomisherio: Set own game mode to Spectator Mode]
[22:22:12] [Server thread/INFO]: [tomisherio: Set own game mode to Survival Mode]
[22:22:41] [Server thread/INFO]: [tomisherio: Set own game mode to Spectator Mode]
[22:22:52] [Server thread/INFO]: [tomisherio: Set own game mode to Survival Mode]
[22:29:05] [Server thread/INFO]: [tomisherio: Set own game mode to Creative Mode]
[22:51:00] [Server thread/INFO]: tomisherio lost connection: Disconnected
[22:51:00] [Server thread/INFO]: tomisherio left the game
[22:52:03] [User Authenticator #41/INFO]: UUID of player tomisherio is 15e381a8-1724-43a6-8b15-5dadbe1369ab
[22:52:04] [Server thread/INFO]: tomisherio[/184.103.253.150:58163] logged in with entity id 2509880 at (-1813.6477571960163, 94.00063554902955, 1653.6324386474055)
[22:52:04] [Server thread/INFO]: tomisherio joined the game
[23:03:02] [Server thread/INFO]: tomisherio lost connection: Disconnected
[23:03:02] [Server thread/INFO]: tomisherio left the game
[23:03:20] [User Authenticator #42/INFO]: UUID of player tomisherio is 15e381a8-1724-43a6-8b15-5dadbe1369ab
[23:03:20] [Server thread/INFO]: tomisherio[/184.103.253.150:58202] logged in with entity id 2575847 at (-1821.350404236124, 83.70604663572168, 1657.3011112740019)
[23:03:20] [Server thread/INFO]: tomisherio joined the game
[23:28:38] [Server thread/INFO]: tomisherio lost connection: Disconnected
[23:28:38] [Server thread/INFO]: tomisherio left the game
[23:31:57] [User Authenticator #43/INFO]: UUID of player tomisherio is 15e381a8-1724-43a6-8b15-5dadbe1369ab
[23:31:57] [Server thread/INFO]: tomisherio[/184.103.253.150:58327] logged in with entity id 2720915 at (-1844.7741185183124, 88.95141989638289, 1638.616731789658)
[23:31:57] [Server thread/INFO]: tomisherio joined the game
