[21:13:32] [main/INFO]: Loading for game Minecraft 1.16.1
[21:13:39] [main/INFO]: [FabricLoader] Loading 45 mods: fabric-screen-handler-api-v1@1.0.1+f362c86e02, minecraft@1.16.1, fabric-renderer-api-v1@0.2.13+eae12eb802, fabric-networking-blockentity-v0@0.2.5+b50ffc7b02, fabric-keybindings-v0@0.2.0+3fa9f7c502, inventorysorter@1.6.7-1.16, fabric-command-api-v1@1.0.8+5ce5339802, cloth-basic-math@0.5.1, fabricloader@0.8.9+build.203, fabric-tool-attribute-api-v1@1.1.4+5794386e02, fabric-renderer-indigo@0.3.2+4d66bed502, fabric-containers-v0@0.1.8+045df74f02, fabric-object-builder-api-v1@1.5.5+e00ecb5f02, fabric-dimensions-v1@1.0.0+a71b305302, fabric-biomes-v1@0.2.7+059ea86602, fabric-crash-report-info-v1@0.1.2+b7f9825d02, fabric-item-api-v1@1.0.0+16acbe5b02, fabric-events-interaction-v0@0.3.3+7066030f02, kyrptconfig@1.0.4-1.16, fabric-api-base@0.1.3+12a8474c02, fabric-rendering-v0@1.1.0+5341049002, fabric-rendering-v1@1.1.2+346247d702, fabric-key-binding-api-v1@1.0.0+e16a977402, cloth-config2@4.5.6, fabric-rendering-data-attachment-v1@0.1.3+b7f9825d02, fabric-resource-loader-v0@0.2.6+f41e209802, fabric-textures-v0@1.0.4+eae12eb802, fabric-content-registries-v0@0.1.9+059ea86602, fabric-tag-extensions-v0@0.2.7+a4c57d8e02, blue_endless_jankson@+, fabric-rendering-fluids-v1@0.1.8+b7084faa02, fabric-registry-sync-v0@0.3.8+7dba2d6c02, fabric-commands-v0@0.2.0+52d3083602, fabric-blockrenderlayer-v1@1.1.4+c6a8ea8902, fabric-lifecycle-events-v1@1.0.0+b0993bc102, fabric-mining-levels-v0@0.1.2+b764ce9902, fabric-renderer-registries-v1@2.0.1+5a0f9a6002, fabric-loot-tables-v1@0.1.10+059ea86602, fabric-events-lifecycle-v0@0.2.0+16acbe5b02, fabric@0.14.1+build.372-1.16, fabric-particles-v1@0.2.1+0a6f2a7002, fabric-models-v0@0.1.0+dfdb52d602, fabric-item-groups-v0@0.2.0+438f963602, fabric-networking-v0@0.1.10+e00ecb5f02, fabric-object-builders-v0@0.6.0+da175ad602
[21:13:39] [main/WARN]: Mod `blue_endless_jankson` (+) does not respect SemVer - comparison support is limited.
[21:13:40] [main/INFO]: SpongePowered MIXIN Subsystem Version=0.8 Source=file:/C:/Users/sruiz/Documents/MinecraftServers/ZaWarudo/fabric-server-launch.jar Service=Knot/Fabric Env=SERVER
[21:13:45] [main/INFO]: Environment: authHost='https://authserver.mojang.com', accountsHost='https://api.mojang.com', sessionHost='https://sessionserver.mojang.com', name='PROD'
[21:13:45] [main/WARN]: Ambiguity between arguments [teleport, destination] and [teleport, targets] with inputs: [Player, 0123, @e, dd12be42-52a9-4a91-a8a1-11c01849e498]
[21:13:45] [main/WARN]: Ambiguity between arguments [teleport, location] and [teleport, destination] with inputs: [0.1 -0.5 .9, 0 0 0]
[21:13:45] [main/WARN]: Ambiguity between arguments [teleport, location] and [teleport, targets] with inputs: [0.1 -0.5 .9, 0 0 0]
[21:13:45] [main/WARN]: Ambiguity between arguments [teleport, targets] and [teleport, destination] with inputs: [Player, 0123, dd12be42-52a9-4a91-a8a1-11c01849e498]
[21:13:45] [main/WARN]: Ambiguity between arguments [teleport, targets, location] and [teleport, targets, destination] with inputs: [0.1 -0.5 .9, 0 0 0]
[21:13:45] [main/INFO]: Reloading ResourceManager: Default, anti creeper grief v1.0.2.zip, anti enderman grief v1.0.0.zip, anti ghast grief v1.0.0.zip, double shulker shells v1.2.0.zip, Fabric Tool Attribute API (v1), WrenchRP.zip, multiplayer sleep v1.0.2.zip, VanillaTweaks_c287303.zip
[21:13:46] [Worker-Main-11/INFO]: Loaded 7 recipes
[21:13:46] [Worker-Main-11/WARN]: Found validation problem in {minecraft:entities/shulker}.pools[1].entries[0]: Unknown loot table called minecraft:entities/reference/mmh/shulker
[21:13:47] [Worker-Main-11/INFO]: Loaded 944 advancements
[21:13:47] [Server thread/INFO]: Starting minecraft server version 1.16.1
[21:13:47] [Server thread/INFO]: Loading properties
[21:13:47] [Server thread/INFO]: Default game type: SURVIVAL
[21:13:47] [Server thread/INFO]: Generating keypair
[21:13:48] [Server thread/INFO]: Starting Minecraft server on *:25565
[21:13:48] [Server thread/INFO]: Using default channel type
[21:13:48] [Server thread/INFO]: Preparing level "ZaWarudo"
[21:13:48] [Server thread/INFO]: Preparing start region for dimension minecraft:overworld
[21:13:49] [Server thread/INFO]: Preparing spawn area: 0%
[21:13:49] [Server thread/INFO]: Preparing spawn area: 0%
[21:13:49] [Server thread/INFO]: Time elapsed: 1123 ms
[21:13:49] [Server thread/INFO]: Done (1.227s)! For help, type "help"
[21:13:52] [Server thread/WARN]: Can't keep up! Is the server overloaded? Running 2285ms or 45 ticks behind
[21:15:11] [Server thread/INFO]: com.mojang.authlib.GameProfile@1d082180[id=<null>,name=unikittiezz,properties={},legacy=false] (/192.168.1.1:51157) lost connection: Disconnected
[21:16:14] [User Authenticator #1/INFO]: UUID of player unikittiezz is 6814cc81-0c4d-47cd-b7be-dc0b0589cdfc
[21:16:14] [Server thread/INFO]: unikittiezz[/192.168.1.1:51304] logged in with entity id 139 at (-716.2943307220944, 72.0, 78.92510758429702)
[21:16:14] [Server thread/INFO]: unikittiezz joined the game
[21:17:13] [Server thread/WARN]: Can't keep up! Is the server overloaded? Running 2245ms or 44 ticks behind
[21:32:03] [User Authenticator #2/INFO]: UUID of player tomisherio is 15e381a8-1724-43a6-8b15-5dadbe1369ab
[21:32:03] [Server thread/INFO]: tomisherio[/184.103.253.150:50684] logged in with entity id 2163 at (-138.7809879713699, 200.0, 202.8306749590381)
[21:32:03] [Server thread/INFO]: tomisherio joined the game
[21:40:38] [User Authenticator #3/INFO]: UUID of player GanonCann0n is ce34b950-cf6f-4093-8021-f361d57ec21e
[21:40:38] [Server thread/INFO]: GanonCann0n[/192.168.1.1:53880] logged in with entity id 9844 at (-236.34330747403618, 102.0, 169.9794563551779)
[21:40:38] [Server thread/INFO]: GanonCann0n joined the game
[21:42:38] [Server thread/INFO]: tomisherio was slain by Vindicator
[21:42:40] [Server thread/INFO]: Villager class_1646['Villager'/2380, l='ServerLevel[ZaWarudo]', x=-57.50, y=69.06, z=139.49] died, message: 'Villager was shot by Pillager'
[21:42:44] [Server thread/INFO]: Villager class_1646['Villager'/2402, l='ServerLevel[ZaWarudo]', x=-58.64, y=69.82, z=138.70] died, message: 'Villager was squished too much'
[21:44:56] [Server thread/WARN]: tomisherio moved wrongly!
[21:46:47] [Server thread/INFO]: GanonCann0n was slain by Ravager
[21:47:13] [Server thread/INFO]: Villager class_1646['Villager'/2403, l='ServerLevel[ZaWarudo]', x=-58.83, y=69.59, z=138.70] died, message: 'Villager was squished too much'
[21:47:22] [Server thread/INFO]: Villager class_1646['Villager'/2404, l='ServerLevel[ZaWarudo]', x=-58.59, y=69.52, z=138.21] died, message: 'Villager was squished too much'
[21:47:26] [Server thread/INFO]: Villager class_1646['Villager'/2398, l='ServerLevel[ZaWarudo]', x=-58.86, y=69.50, z=138.12] died, message: 'Villager was squished too much'
[21:48:20] [Server thread/INFO]: Villager class_1646['Villager'/2356, l='ServerLevel[ZaWarudo]', x=-93.70, y=69.50, z=137.50] died, message: 'Villager was shot by Pillager'
[21:48:20] [Server thread/INFO]: Villager class_1646['Villager'/2358, l='ServerLevel[ZaWarudo]', x=-58.87, y=69.59, z=138.15] died, message: 'Villager was squished too much'
[21:49:38] [Server thread/INFO]: Villager class_1646['Villager'/2410, l='ServerLevel[ZaWarudo]', x=-58.84, y=69.49, z=138.19] died, message: 'Villager was squished too much'
[21:49:50] [Server thread/INFO]: Villager class_1646['Villager'/2400, l='ServerLevel[ZaWarudo]', x=-58.30, y=69.39, z=138.16] died, message: 'Villager was squished too much'
[21:49:53] [Server thread/INFO]: GanonCann0n was slain by Vex
[21:52:33] [Server thread/INFO]: tomisherio was slain by Vindicator
[21:56:07] [Server thread/INFO]: tomisherio has reached the goal [Postmortal]
[21:56:28] [Server thread/INFO]: GanonCann0n was slain by Vex
[21:57:32] [Server thread/INFO]: GanonCann0n has completed the challenge [Hero of the Village]
[21:57:32] [Server thread/INFO]: tomisherio has completed the challenge [Hero of the Village]
[21:59:30] [Server thread/INFO]: Villager class_1646['Villager'/2407, l='ServerLevel[ZaWarudo]', x=-58.88, y=69.76, z=138.21] died, message: 'Villager was squished too much'
[21:59:42] [Server thread/WARN]: Fetching packet for removed entity class_1542['Poppy'/16845, l='ServerLevel[ZaWarudo]', x=-38.13, y=72.05, z=55.13]
[22:00:19] [Server thread/INFO]: GanonCann0n has made the advancement [Ol' Betsy]
[22:03:17] [Server thread/WARN]: GanonCann0n moved wrongly!
[22:10:34] [Server thread/INFO]: GanonCann0n lost connection: Disconnected
[22:10:34] [Server thread/INFO]: GanonCann0n left the game
[22:14:14] [Server thread/WARN]: Fetching packet for removed entity class_1542['Air'/21647, l='ServerLevel[ZaWarudo]', x=-67.28, y=72.00, z=80.70]
[22:28:54] [Server thread/WARN]: tomisherio moved too quickly! -4.162574597605058,2.1986762726276368,17.56394039904491
[22:29:24] [Server thread/WARN]: tomisherio moved too quickly! 1012.5026955633926,13.580000013113022,-1747.6031234681786
[22:29:24] [Server thread/WARN]: Entity class_3222['tomisherio'/2163, l='ServerLevel[ZaWarudo]', x=100.00, y=49.00, z=0.00] left loaded chunk area
[22:29:25] [Server thread/INFO]: Scanning for legacy world dragon fight...
[22:29:25] [Server thread/INFO]: Found that the dragon has been killed in this world already.
[22:38:48] [Server thread/WARN]: Fetching packet for removed entity class_1542['Iron Ingot'/28519, l='ServerLevel[ZaWarudo]', x=-38.75, y=72.02, z=55.13]
[22:39:09] [Server thread/WARN]: Fetching packet for removed entity class_1542['Light Blue Wool'/28641, l='ServerLevel[ZaWarudo]', x=-111.24, y=75.00, z=160.94]
[22:41:30] [Server thread/INFO]: Villager class_1646['Villager'/2408, l='ServerLevel[ZaWarudo]', x=-58.85, y=69.50, z=138.12] died, message: 'Villager was squished too much'
[22:49:34] [Server thread/INFO]: Villager class_1646['Villager'/2409, l='ServerLevel[ZaWarudo]', x=-58.88, y=69.51, z=138.11] died, message: 'Villager was squished too much'
[22:58:37] [Server thread/INFO]: unikittiezz lost connection: Disconnected
[22:58:37] [Server thread/INFO]: unikittiezz left the game
[23:00:49] [User Authenticator #4/INFO]: UUID of player unikittiezz is 6814cc81-0c4d-47cd-b7be-dc0b0589cdfc
[23:00:49] [Server thread/INFO]: unikittiezz[/192.168.1.1:51345] logged in with entity id 39935 at (-563.3712012561647, 69.0, 169.30000001192093)
[23:00:49] [Server thread/INFO]: unikittiezz joined the game
[23:18:55] [Server thread/WARN]: tomisherio moved too quickly! -16.894417721538275,1.8571042740609869,-5.65923751370849
[23:36:00] [Server thread/WARN]: tomisherio moved too quickly! 1013.0523394706847,13.580000013113022,-1748.1112158942096
[23:36:00] [Server thread/WARN]: Entity class_3222['tomisherio'/2163, l='ServerLevel[ZaWarudo]', x=100.00, y=49.00, z=0.00] left loaded chunk area
[23:40:52] [User Authenticator #5/INFO]: UUID of player Ya_Im_Andrew is d1c65397-e915-4a84-84c5-fe3fa7937777
[23:40:52] [Server thread/INFO]: Ya_Im_Andrew[/72.210.35.251:61246] logged in with entity id 63484 at (-68.25365242506214, 92.0, 121.6552998922365)
[23:40:52] [Server thread/INFO]: Ya_Im_Andrew joined the game
[23:40:59] [Server thread/INFO]: [Ya_Im_Andrew: Teleported Ya_Im_Andrew to tomisherio]
[23:41:44] [Server thread/INFO]: [Ya_Im_Andrew: Teleported Ya_Im_Andrew to unikittiezz]
[23:41:59] [Server thread/INFO]: <unikittiezz> hey
[23:42:06] [Server thread/INFO]: <unikittiezz> i was sheltering in there
[23:42:08] [Server thread/INFO]: <unikittiezz> :P
[23:42:18] [Server thread/INFO]: <Ya_Im_Andrew> ah shit, im sorry
[23:44:08] [Server thread/INFO]: [Ya_Im_Andrew: Teleported Ya_Im_Andrew to tomisherio]
[23:48:51] [Server thread/WARN]: Mismatch in destroy block pos: class_2338{x=1156, y=72, z=446} class_2338{x=1156, y=73, z=447}
[23:48:55] [Server thread/WARN]: tomisherio moved too quickly! 16.780523606448924,-1.0973386196578616,-7.268387546424663
[23:49:47] [Server thread/WARN]: Mismatch in destroy block pos: class_2338{x=1153, y=70, z=444} class_2338{x=1156, y=72, z=445}
[23:49:47] [Server thread/WARN]: Mismatch in destroy block pos: class_2338{x=1153, y=70, z=444} class_2338{x=1156, y=72, z=445}
[23:49:48] [Server thread/WARN]: Mismatch in destroy block pos: class_2338{x=1156, y=72, z=442} class_2338{x=1156, y=71, z=442}
[23:49:48] [Server thread/WARN]: Mismatch in destroy block pos: class_2338{x=1156, y=72, z=442} class_2338{x=1156, y=71, z=442}
[23:49:48] [Server thread/WARN]: Mismatch in destroy block pos: class_2338{x=1156, y=72, z=442} class_2338{x=1156, y=71, z=442}
[23:49:48] [Server thread/WARN]: Mismatch in destroy block pos: class_2338{x=1156, y=72, z=442} class_2338{x=1156, y=71, z=442}
[23:49:48] [Server thread/WARN]: Mismatch in destroy block pos: class_2338{x=1156, y=72, z=443} class_2338{x=1156, y=71, z=442}
[23:56:19] [Server thread/WARN]: Mismatch in destroy block pos: class_2338{x=1214, y=70, z=660} class_2338{x=1215, y=69, z=660}
[23:56:19] [Server thread/WARN]: Mismatch in destroy block pos: class_2338{x=1214, y=70, z=660} class_2338{x=1215, y=69, z=660}
[23:56:19] [Server thread/WARN]: Mismatch in destroy block pos: class_2338{x=1214, y=70, z=660} class_2338{x=1215, y=69, z=660}
[23:56:19] [Server thread/WARN]: Mismatch in destroy block pos: class_2338{x=1214, y=71, z=659} class_2338{x=1215, y=69, z=660}
[23:57:36] [Server thread/WARN]: Mismatch in destroy block pos: class_2338{x=1214, y=70, z=590} class_2338{x=1215, y=68, z=590}
[23:57:37] [Server thread/WARN]: Mismatch in destroy block pos: class_2338{x=1214, y=70, z=589} class_2338{x=1214, y=69, z=588}
[23:58:11] [Server thread/INFO]: [Ya_Im_Andrew: Successfully filled 4950 blocks]
[23:58:32] [Server thread/WARN]: tomisherio moved too quickly! -0.3395752602268658,1.0949860330420762,-18.195455968101157
[23:58:34] [Server thread/WARN]: Can't keep up! Is the server overloaded? Running 2037ms or 40 ticks behind
[23:59:33] [Server thread/WARN]: tomisherio moved too quickly! 8.402580209047983,-2.1177715227832437,-15.682020616259933
[23:59:47] [Server thread/WARN]: tomisherio moved too quickly! -0.3384650492178025,2.743904458865913,17.91792709061201
[23:59:49] [Server thread/WARN]: Can't keep up! Is the server overloaded? Running 2023ms or 40 ticks behind
