[03:33:53] [Server thread/INFO]: [tomisherio: Set own game mode to Spectator Mode]
[03:35:26] [Server thread/INFO]: [tomisherio: Set own game mode to Survival Mode]
[03:35:52] [Server thread/INFO]: [tomisherio: Set own game mode to Spectator Mode]
[03:36:43] [Server thread/INFO]: [tomisherio: Set own game mode to Survival Mode]
[03:38:23] [Server thread/INFO]: [tomisherio: Set own game mode to Spectator Mode]
[03:40:17] [Server thread/INFO]: [tomisherio: Set own game mode to Survival Mode]
[03:51:03] [Server thread/INFO]: [tomisherio: Set own game mode to Spectator Mode]
[03:53:10] [Server thread/INFO]: [tomisherio: Set own game mode to Survival Mode]
[19:46:09] [Server thread/INFO]: [tomisherio: Set own game mode to Creative Mode]
[19:46:49] [Server thread/INFO]: [tomisherio: Set own game mode to Survival Mode]
[19:48:50] [Server thread/WARN]: tomisherio moved too quickly! 4.219098460165242,-12.0,-7.985850816861728
[19:48:53] [Server thread/WARN]: tomisherio moved too quickly! -7.864358385968217,0.0,-6.552933178871967
[20:00:21] [Server thread/INFO]: [tomisherio: Set own game mode to Spectator Mode]
[20:00:44] [Server thread/INFO]: [tomisherio: Set own game mode to Survival Mode]
[20:02:37] [Server thread/WARN]: tomisherio moved too quickly! -5.5267731486162575,-12.0,7.040352772731694
[20:13:11] [Server thread/INFO]: [tomisherio: Set own game mode to Creative Mode]
[20:14:43] [Server thread/INFO]: [tomisherio: Set own game mode to Spectator Mode]
[20:15:04] [Server thread/INFO]: [tomisherio: Set own game mode to Creative Mode]
[20:15:05] [Server thread/INFO]: [tomisherio: Set own game mode to Spectator Mode]
[20:15:29] [Server thread/INFO]: [tomisherio: Set own game mode to Creative Mode]
[20:15:51] [Server thread/INFO]: [tomisherio: Set own game mode to Spectator Mode]
[20:15:54] [Server thread/INFO]: [tomisherio: Set own game mode to Creative Mode]
[20:15:59] [Server thread/INFO]: [tomisherio: Set own game mode to Survival Mode]
[20:18:06] [Server thread/INFO]: [tomisherio: Set own game mode to Spectator Mode]
[20:18:06] [Server thread/INFO]: [tomisherio: Set own game mode to Survival Mode]
[20:18:09] [Server thread/INFO]: [tomisherio: Set own game mode to Creative Mode]
[20:18:40] [Server thread/INFO]: [tomisherio: Set own game mode to Survival Mode]
