[00:14:37] [Server thread/INFO]: tomisherio was slain by Husk
[00:14:56] [Server thread/INFO]: [tomisherio: Teleported tomisherio to 1132.5, 65.0, 496.5]
[00:15:01] [Server thread/INFO]: tomisherio was killed trying to hurt Husk
[00:15:08] [Server thread/INFO]: [tomisherio: Set own game mode to Spectator Mode]
[00:15:20] [Server thread/INFO]: [tomisherio: Set own game mode to Survival Mode]
[00:15:34] [Server thread/INFO]: [tomisherio: Teleported tomisherio to 1133.5, 63.0, 497.5]
[00:15:37] [Server thread/INFO]: tomisherio was slain by Husk
[00:15:42] [Server thread/INFO]: [tomisherio: Set own game mode to Spectator Mode]
[00:15:58] [Server thread/INFO]: [tomisherio: Set own game mode to Survival Mode]
[00:16:14] [Server thread/INFO]: tomisherio was slain by Husk
[00:16:20] [Server thread/INFO]: [tomisherio: Set own game mode to Creative Mode]
[00:18:44] [Server thread/INFO]: [tomisherio: Set own game mode to Survival Mode]
[00:19:13] [Server thread/INFO]: [tomisherio: Set own game mode to Spectator Mode]
[03:34:59] [Server thread/INFO]: [tomisherio: Set own game mode to Survival Mode]
[04:40:36] [Server thread/INFO]: [tomisherio: Set own game mode to Spectator Mode]
[04:40:46] [Server thread/INFO]: [tomisherio: Set own game mode to Survival Mode]
[06:21:46] [Server thread/INFO]: tomisherio was slain by Phantom
[08:35:59] [Server thread/INFO]: [tomisherio: Set own game mode to Spectator Mode]
[08:36:27] [Server thread/INFO]: [tomisherio: Set own game mode to Creative Mode]
[08:36:41] [Server thread/INFO]: [tomisherio: Set own game mode to Survival Mode]
[08:39:28] [Server thread/INFO]: [tomisherio: Set own game mode to Spectator Mode]
[08:39:37] [Server thread/INFO]: [tomisherio: Set own game mode to Survival Mode]
[08:45:07] [Server thread/INFO]: [tomisherio: Set own game mode to Spectator Mode]
[08:45:09] [Server thread/INFO]: [tomisherio: Set own game mode to Survival Mode]
[08:45:42] [Server thread/INFO]: [tomisherio: Set own game mode to Spectator Mode]
[08:47:26] [Server thread/INFO]: [tomisherio: Set own game mode to Creative Mode]
[08:48:14] [Server thread/INFO]: [tomisherio: Set own game mode to Survival Mode]
[08:50:00] [Server thread/INFO]: [tomisherio: Set own game mode to Spectator Mode]
[08:50:27] [Server thread/INFO]: [tomisherio: Set own game mode to Creative Mode]
[08:51:15] [Server thread/INFO]: [tomisherio: Set own game mode to Spectator Mode]
[08:51:18] [Server thread/INFO]: [tomisherio: Set own game mode to Creative Mode]
[08:51:20] [Server thread/INFO]: [tomisherio: Set own game mode to Survival Mode]
[08:58:07] [Server thread/INFO]: [tomisherio: Set own game mode to Spectator Mode]
[08:58:32] [Server thread/INFO]: tomisherio lost connection: Disconnected
[08:58:32] [Server thread/INFO]: tomisherio left the game
[19:07:38] [User Authenticator #12/INFO]: UUID of player tomisherio is 15e381a8-1724-43a6-8b15-5dadbe1369ab
[19:07:38] [Server thread/INFO]: tomisherio[/184.103.253.150:51359] logged in with entity id 1754405 at (1100.313043949798, 68.38345932685304, 496.0226341364465)
[19:07:38] [Server thread/INFO]: tomisherio joined the game
[19:07:40] [Netty Server IO #13/INFO]: Player tomisherio joined with a matching carpet client
[19:08:01] [Server thread/INFO]: tomisherio lost connection: Disconnected
[19:08:01] [Server thread/INFO]: tomisherio left the game
[19:08:45] [User Authenticator #13/INFO]: UUID of player tomisherio is 15e381a8-1724-43a6-8b15-5dadbe1369ab
[19:08:45] [Server thread/INFO]: tomisherio[/184.103.253.150:51389] logged in with entity id 1754740 at (1110.874569848213, 71.75284788421612, 511.6763782067877)
[19:08:45] [Server thread/INFO]: tomisherio joined the game
[19:08:46] [Netty Server IO #16/INFO]: Player tomisherio joined with a matching carpet client
[19:08:53] [Server thread/INFO]: [tomisherio: Set own game mode to Creative Mode]
[19:10:20] [Server thread/INFO]: tomisherio lost connection: Disconnected
[19:10:20] [Server thread/INFO]: tomisherio left the game
