[20:15:48] [main/INFO]: Loading for game Minecraft 1.16.1
[20:15:55] [main/INFO]: [FabricLoader] Loading 45 mods: fabric-screen-handler-api-v1@1.0.1+f362c86e02, minecraft@1.16.1, fabric-renderer-api-v1@0.2.13+eae12eb802, fabric-networking-blockentity-v0@0.2.5+b50ffc7b02, fabric-keybindings-v0@0.2.0+3fa9f7c502, inventorysorter@1.6.7-1.16, fabric-command-api-v1@1.0.8+5ce5339802, cloth-basic-math@0.5.1, fabricloader@0.8.9+build.203, fabric-tool-attribute-api-v1@1.1.4+5794386e02, fabric-renderer-indigo@0.3.2+4d66bed502, fabric-containers-v0@0.1.8+045df74f02, fabric-object-builder-api-v1@1.5.5+e00ecb5f02, fabric-dimensions-v1@1.0.0+a71b305302, fabric-biomes-v1@0.2.7+059ea86602, fabric-events-interaction-v0@0.3.3+7066030f02, fabric-item-api-v1@1.0.0+16acbe5b02, fabric-crash-report-info-v1@0.1.2+b7f9825d02, kyrptconfig@1.0.4-1.16, fabric-api-base@0.1.3+12a8474c02, fabric-rendering-v0@1.1.0+5341049002, fabric-rendering-v1@1.1.2+346247d702, fabric-key-binding-api-v1@1.0.0+e16a977402, cloth-config2@4.5.6, fabric-rendering-data-attachment-v1@0.1.3+b7f9825d02, fabric-resource-loader-v0@0.2.6+f41e209802, fabric-textures-v0@1.0.4+eae12eb802, fabric-content-registries-v0@0.1.9+059ea86602, fabric-tag-extensions-v0@0.2.7+a4c57d8e02, blue_endless_jankson@+, fabric-rendering-fluids-v1@0.1.8+b7084faa02, fabric-registry-sync-v0@0.3.8+7dba2d6c02, fabric-commands-v0@0.2.0+52d3083602, fabric-blockrenderlayer-v1@1.1.4+c6a8ea8902, fabric-lifecycle-events-v1@1.0.0+b0993bc102, fabric-mining-levels-v0@0.1.2+b764ce9902, fabric-renderer-registries-v1@2.0.1+5a0f9a6002, fabric-loot-tables-v1@0.1.10+059ea86602, fabric-events-lifecycle-v0@0.2.0+16acbe5b02, fabric@0.14.1+build.372-1.16, fabric-particles-v1@0.2.1+0a6f2a7002, fabric-models-v0@0.1.0+dfdb52d602, fabric-item-groups-v0@0.2.0+438f963602, fabric-object-builders-v0@0.6.0+da175ad602, fabric-networking-v0@0.1.10+e00ecb5f02
[20:15:55] [main/WARN]: Mod `blue_endless_jankson` (+) does not respect SemVer - comparison support is limited.
[20:15:55] [main/INFO]: SpongePowered MIXIN Subsystem Version=0.8 Source=file:/C:/Users/sruiz/Documents/MinecraftServers/ZaWarudo/fabric-server-launch.jar Service=Knot/Fabric Env=SERVER
[20:16:00] [main/INFO]: Environment: authHost='https://authserver.mojang.com', accountsHost='https://api.mojang.com', sessionHost='https://sessionserver.mojang.com', name='PROD'
[20:16:01] [main/WARN]: Ambiguity between arguments [teleport, destination] and [teleport, targets] with inputs: [Player, 0123, @e, dd12be42-52a9-4a91-a8a1-11c01849e498]
[20:16:01] [main/WARN]: Ambiguity between arguments [teleport, location] and [teleport, destination] with inputs: [0.1 -0.5 .9, 0 0 0]
[20:16:01] [main/WARN]: Ambiguity between arguments [teleport, location] and [teleport, targets] with inputs: [0.1 -0.5 .9, 0 0 0]
[20:16:01] [main/WARN]: Ambiguity between arguments [teleport, targets] and [teleport, destination] with inputs: [Player, 0123, dd12be42-52a9-4a91-a8a1-11c01849e498]
[20:16:01] [main/WARN]: Ambiguity between arguments [teleport, targets, location] and [teleport, targets, destination] with inputs: [0.1 -0.5 .9, 0 0 0]
[20:16:01] [main/INFO]: Reloading ResourceManager: Default, anti creeper grief v1.0.2.zip, anti enderman grief v1.0.0.zip, anti ghast grief v1.0.0.zip, double shulker shells v1.2.0.zip, Fabric Tool Attribute API (v1), WrenchRP.zip, multiplayer sleep v1.0.2.zip, VanillaTweaks_c287303.zip
[20:16:02] [Worker-Main-11/INFO]: Loaded 7 recipes
[20:16:02] [Worker-Main-11/WARN]: Found validation problem in {minecraft:entities/shulker}.pools[1].entries[0]: Unknown loot table called minecraft:entities/reference/mmh/shulker
[20:16:02] [Worker-Main-11/INFO]: Loaded 944 advancements
[20:16:05] [Server thread/INFO]: Starting minecraft server version 1.16.1
[20:16:05] [Server thread/INFO]: Loading properties
[20:16:05] [Server thread/INFO]: Default game type: SURVIVAL
[20:16:05] [Server thread/INFO]: Generating keypair
[20:16:05] [Server thread/INFO]: Starting Minecraft server on *:25565
[20:16:05] [Server thread/INFO]: Using default channel type
[20:16:05] [Server thread/INFO]: Preparing level "ZaWarudo"
[20:16:05] [Server thread/INFO]: Preparing start region for dimension minecraft:overworld
[20:16:06] [Server thread/INFO]: Preparing spawn area: 0%
[20:16:06] [Server thread/INFO]: Preparing spawn area: 0%
[20:16:06] [Server thread/INFO]: Time elapsed: 1026 ms
[20:16:06] [Server thread/INFO]: Done (1.115s)! For help, type "help"
[20:22:37] [User Authenticator #1/INFO]: UUID of player unikittiezz is 6814cc81-0c4d-47cd-b7be-dc0b0589cdfc
[20:22:37] [Server thread/INFO]: unikittiezz[/192.168.1.1:50174] logged in with entity id 142 at (-737.4585230621008, 73.0, -495.0115838533519)
[20:22:37] [Server thread/INFO]: unikittiezz joined the game
[20:22:44] [Server thread/WARN]: Can't keep up! Is the server overloaded? Running 6761ms or 135 ticks behind
[20:31:27] [Server thread/WARN]: Can't keep up! Is the server overloaded? Running 6756ms or 135 ticks behind
[20:53:06] [User Authenticator #2/INFO]: UUID of player tomisherio is 15e381a8-1724-43a6-8b15-5dadbe1369ab
[20:53:06] [Server thread/INFO]: tomisherio[/184.103.253.150:59423] logged in with entity id 8286 at (-330.1793637506897, 143.125, -325.5366695578066)
[20:53:06] [Server thread/INFO]: tomisherio joined the game
[20:53:22] [Server thread/INFO]: <unikittiezz> well well well well well well weeell
[20:53:30] [Server thread/INFO]: <tomisherio> o/
[20:55:03] [Server thread/INFO]: <tomisherio> theres tons of resources at the village if you need any, food and gold are on the nether roof
[20:55:15] [Server thread/INFO]: <unikittiezz> thanks :)
[21:07:01] [Server thread/WARN]: Fetching packet for removed entity class_1542['Cactus'/11452, l='ServerLevel[ZaWarudo]', x=-168.94, y=67.00, z=10.06]
[21:07:54] [Server thread/INFO]: com.mojang.authlib.GameProfile@79f5cd5f[id=<null>,name=Id0nutcare,properties={},legacy=false] (/68.65.132.131:51587) lost connection: Disconnected
[21:08:27] [User Authenticator #3/INFO]: UUID of player Id0nutcare is f2fa1caa-fbeb-41f6-81c0-84b48c30271e
[21:08:27] [Server thread/INFO]: Id0nutcare[/68.65.132.131:65189] logged in with entity id 14000 at (-742.5957349657414, 72.0, -492.7771760609943)
[21:08:27] [Server thread/INFO]: Id0nutcare joined the game
[21:35:52] [Server thread/WARN]: Horse (vehicle of Id0nutcare) moved wrongly! 0.3161438407724404
[21:35:52] [Server thread/WARN]: Horse (vehicle of Id0nutcare) moved wrongly! 0.7096431984743958
[21:35:52] [Server thread/WARN]: Horse (vehicle of Id0nutcare) moved wrongly! 1.1031443827752696
[21:35:52] [Server thread/WARN]: Horse (vehicle of Id0nutcare) moved wrongly! 1.496646544452858
[21:35:52] [Server thread/WARN]: Horse (vehicle of Id0nutcare) moved wrongly! 1.8901492291052477
[21:35:52] [Server thread/WARN]: Horse (vehicle of Id0nutcare) moved wrongly! 0.31663882533810533
[21:35:52] [Server thread/WARN]: Horse (vehicle of Id0nutcare) moved wrongly! 0.7453706757787506
[21:36:26] [Server thread/INFO]: unikittiezz has made the advancement [The Parrots and the Bats]
[21:41:36] [Server thread/INFO]: [tomisherio: Set own game mode to Spectator Mode]
[21:41:37] [Server thread/INFO]: [tomisherio: Set own game mode to Survival Mode]
[21:43:31] [Server thread/INFO]: Id0nutcare has made the advancement [The Parrots and the Bats]
[21:58:55] [Server thread/INFO]: Villager class_1646['Villager'/2193, l='ServerLevel[ZaWarudo]', x=-58.83, y=69.50, z=138.11] died, message: 'Villager was squished too much'
[22:15:02] [Server thread/INFO]: Id0nutcare lost connection: Disconnected
[22:15:02] [Server thread/INFO]: Id0nutcare left the game
[22:23:29] [Server thread/INFO]: tomisherio lost connection: Disconnected
[22:23:29] [Server thread/INFO]: tomisherio left the game
[22:24:54] [User Authenticator #4/INFO]: UUID of player tomisherio is 15e381a8-1724-43a6-8b15-5dadbe1369ab
[22:24:54] [Server thread/INFO]: tomisherio[/184.103.253.150:59845] logged in with entity id 40212 at (-339.63774069413205, 148.125, -328.30000001192093)
[22:24:54] [Server thread/INFO]: tomisherio joined the game
[22:27:33] [Server thread/INFO]: unikittiezz lost connection: Disconnected
[22:27:33] [Server thread/INFO]: unikittiezz left the game
[22:27:47] [Server thread/WARN]: tomisherio moved wrongly!
[22:48:26] [Server thread/INFO]: tomisherio has made the advancement [Who is Cutting Onions?]
[22:52:21] [Server thread/INFO]: [tomisherio: Set own game mode to Creative Mode]
[22:58:26] [Server thread/INFO]: [tomisherio: Set own game mode to Survival Mode]
[22:58:31] [Server thread/INFO]: tomisherio was shot by Piglin
[23:13:13] [Server thread/INFO]: tomisherio lost connection: Disconnected
[23:13:13] [Server thread/INFO]: tomisherio left the game
[23:14:44] [User Authenticator #5/INFO]: UUID of player tomisherio is 15e381a8-1724-43a6-8b15-5dadbe1369ab
[23:14:45] [Server thread/INFO]: tomisherio[/184.103.253.150:60070] logged in with entity id 47272 at (-348.16260696231217, 129.0, -350.13742130624956)
[23:14:45] [Server thread/INFO]: tomisherio joined the game
[23:15:04] [Server thread/INFO]: [tomisherio: Set own game mode to Creative Mode]
[23:19:47] [Server thread/INFO]: [tomisherio: Set own game mode to Survival Mode]
[23:20:10] [Server thread/INFO]: tomisherio fell from a high place
[23:20:20] [Server thread/WARN]: Fetching packet for removed entity class_1542['Air'/48181, l='ServerLevel[ZaWarudo]', x=-67.73, y=72.00, z=80.70]
[23:21:59] [Server thread/INFO]: [tomisherio: Set own game mode to Creative Mode]
[23:24:18] [Server thread/INFO]: [tomisherio: Set own game mode to Survival Mode]
[23:25:24] [Server thread/INFO]: [tomisherio: Set own game mode to Creative Mode]
[23:46:23] [Server thread/INFO]: tomisherio lost connection: Disconnected
[23:46:23] [Server thread/INFO]: tomisherio left the game
[23:46:53] [User Authenticator #6/INFO]: UUID of player tomisherio is 15e381a8-1724-43a6-8b15-5dadbe1369ab
[23:46:53] [Server thread/INFO]: tomisherio[/184.103.253.150:60219] logged in with entity id 49322 at (-332.09076008165863, 148.125, -346.69999998807907)
[23:46:53] [Server thread/INFO]: tomisherio joined the game
