[19:32:02] [User Authenticator #2/INFO]: UUID of player tomisherio is 15e381a8-1724-43a6-8b15-5dadbe1369ab
[19:32:02] [Server thread/INFO]: tomisherio[/184.103.253.150:51527] logged in with entity id 23501 at (-126.76249998807907, 63.0, 44.30000001192093)
[19:32:02] [Server thread/INFO]: tomisherio joined the game
[19:32:04] [Netty Server IO #6/INFO]: Player tomisherio joined with a matching carpet client
[19:34:39] [Server thread/INFO]: tomisherio lost connection: Disconnected
[19:34:39] [Server thread/INFO]: tomisherio left the game
[19:38:05] [User Authenticator #3/INFO]: UUID of player tomisherio is 15e381a8-1724-43a6-8b15-5dadbe1369ab
[19:38:05] [Server thread/INFO]: tomisherio[/184.103.253.150:51655] logged in with entity id 24066 at (-148.59691871838888, 63.0, 48.80258751178029)
[19:38:05] [Server thread/INFO]: tomisherio joined the game
[19:38:08] [Netty Server IO #9/INFO]: Player tomisherio joined with a matching carpet client
[20:27:17] [Server thread/INFO]: Scanning for legacy world dragon fight...
[20:27:17] [Server thread/INFO]: Found that the dragon has been killed in this world already.
[20:27:21] [Server thread/WARN]: tomisherio moved wrongly!
[20:27:52] [Server thread/INFO]: [tomisherio: Set own game mode to Creative Mode]
[20:44:30] [Server thread/INFO]: [tomisherio: Successfully filled 272 blocks]
[20:44:50] [Server thread/INFO]: [tomisherio: Successfully filled 268 blocks]
[20:45:37] [Server thread/INFO]: [tomisherio: Successfully filled 175 blocks]
[20:45:54] [Server thread/INFO]: [tomisherio: Successfully filled 172 blocks]
[20:46:33] [Server thread/INFO]: [tomisherio: Successfully filled 175 blocks]
[20:46:39] [Server thread/INFO]: [tomisherio: Successfully filled 176 blocks]
[20:47:19] [Server thread/INFO]: [tomisherio: Successfully filled 527 blocks]
[20:47:55] [Server thread/INFO]: [tomisherio: Successfully filled 176 blocks]
[20:53:41] [Server thread/INFO]: tomisherio lost connection: Disconnected
[20:53:41] [Server thread/INFO]: tomisherio left the game
[20:55:16] [User Authenticator #4/INFO]: UUID of player tomisherio is 15e381a8-1724-43a6-8b15-5dadbe1369ab
[20:55:16] [Server thread/INFO]: tomisherio[/184.103.253.150:51955] logged in with entity id 36338 at (326.8434908866285, 9.057898707275235, 8.65724880213076)
[20:55:16] [Server thread/INFO]: tomisherio joined the game
[20:55:17] [Netty Server IO #12/INFO]: Player tomisherio joined with a matching carpet client
[20:57:33] [Server thread/INFO]: tomisherio lost connection: Disconnected
[20:57:33] [Server thread/INFO]: tomisherio left the game
[21:09:25] [User Authenticator #5/INFO]: UUID of player tomisherio is 15e381a8-1724-43a6-8b15-5dadbe1369ab
[21:09:25] [Server thread/INFO]: tomisherio[/184.103.253.150:52040] logged in with entity id 36436 at (324.11847975658026, 2.423982855068305, 5.963761145066142)
[21:09:25] [Server thread/INFO]: tomisherio joined the game
[21:09:25] [Netty Server IO #15/INFO]: Player tomisherio joined with a matching carpet client
[21:19:36] [Server thread/INFO]: [tomisherio: Successfully filled 101 blocks]
[21:46:13] [Server thread/INFO]: [tomisherio: Set own game mode to Spectator Mode]
[21:46:36] [Server thread/INFO]: [tomisherio: Set own game mode to Creative Mode]
[21:48:52] [Server thread/INFO]: [tomisherio: Set own game mode to Spectator Mode]
[21:49:07] [Server thread/INFO]: [tomisherio: Set own game mode to Creative Mode]
[21:49:42] [Server thread/INFO]: [tomisherio: Set own game mode to Spectator Mode]
[21:49:45] [Server thread/INFO]: [tomisherio: Set own game mode to Creative Mode]
[21:50:13] [Server thread/INFO]: [tomisherio: Set own game mode to Spectator Mode]
[21:50:25] [Server thread/INFO]: [tomisherio: Set own game mode to Creative Mode]
[21:58:01] [Server thread/INFO]: [tomisherio: Set own game mode to Survival Mode]
[22:00:11] [Server thread/INFO]: [tomisherio: Set own game mode to Spectator Mode]
[22:00:34] [Server thread/INFO]: [tomisherio: Set own game mode to Survival Mode]
[22:00:37] [Server thread/INFO]: [tomisherio: Set own game mode to Creative Mode]
[22:03:09] [Server thread/INFO]: [tomisherio: Set own game mode to Survival Mode]
[22:09:07] [Server thread/INFO]: [tomisherio: Set own game mode to Creative Mode]
[22:13:15] [Server thread/INFO]: [tomisherio: Set own game mode to Spectator Mode]
[22:16:37] [Server thread/INFO]: tomisherio lost connection: Disconnected
[22:16:37] [Server thread/INFO]: tomisherio left the game
[22:26:15] [User Authenticator #6/INFO]: UUID of player tomisherio is 15e381a8-1724-43a6-8b15-5dadbe1369ab
[22:26:15] [Server thread/INFO]: tomisherio[/184.103.253.150:52269] logged in with entity id 45953 at (-910.9362416090322, 38.8252938984096, 1743.8605091806749)
[22:26:15] [Server thread/INFO]: tomisherio joined the game
[22:26:16] [Netty Server IO #18/INFO]: Player tomisherio joined with a matching carpet client
[22:26:19] [Server thread/INFO]: [tomisherio: Set own game mode to Creative Mode]
[22:29:48] [Server thread/INFO]: [tomisherio: Set own game mode to Spectator Mode]
[22:29:53] [Server thread/INFO]: [tomisherio: Set own game mode to Creative Mode]
[22:30:51] [Server thread/INFO]: [tomisherio: Set own game mode to Spectator Mode]
[22:31:17] [Server thread/INFO]: [tomisherio: Set own game mode to Creative Mode]
[22:38:05] [Server thread/INFO]: tomisherio lost connection: Disconnected
[22:38:05] [Server thread/INFO]: tomisherio left the game
[22:38:31] [User Authenticator #7/INFO]: UUID of player tomisherio is 15e381a8-1724-43a6-8b15-5dadbe1369ab
[22:38:31] [Server thread/INFO]: tomisherio[/184.103.253.150:52328] logged in with entity id 47183 at (-909.497439688957, 42.0, 1746.7637715019503)
[22:38:31] [Server thread/INFO]: tomisherio joined the game
[22:38:31] [Netty Server IO #21/INFO]: Player tomisherio joined with a matching carpet client
[22:43:50] [Server thread/INFO]: tomisherio lost connection: Disconnected
[22:43:50] [Server thread/INFO]: tomisherio left the game
[22:44:07] [User Authenticator #8/INFO]: UUID of player tomisherio is 15e381a8-1724-43a6-8b15-5dadbe1369ab
[22:44:07] [Server thread/INFO]: tomisherio[/184.103.253.150:52350] logged in with entity id 47927 at (-912.6896541651379, 35.0, 1738.338155178034)
[22:44:07] [Server thread/INFO]: tomisherio joined the game
[22:44:08] [Netty Server IO #0/INFO]: Player tomisherio joined with a matching carpet client
[23:00:09] [Server thread/INFO]: [tomisherio: Set own game mode to Spectator Mode]
[23:00:12] [Server thread/INFO]: [tomisherio: Set own game mode to Creative Mode]
[23:03:42] [Server thread/WARN]: Fetching packet for removed entity class_1542['Redstone Dust'/52105, l='ServerLevel[ZaWarudo]', x=-112.79, y=39.00, z=217.60]
[23:04:34] [Server thread/INFO]: [tomisherio: Set own game mode to Spectator Mode]
[23:04:43] [Server thread/INFO]: [tomisherio: Set own game mode to Creative Mode]
[23:09:14] [Server thread/INFO]: [tomisherio: Set own game mode to Survival Mode]
[23:10:26] [Server thread/INFO]: [tomisherio: Set own game mode to Creative Mode]
[23:13:00] [Server thread/INFO]: tomisherio lost connection: Disconnected
[23:13:00] [Server thread/INFO]: tomisherio left the game
[23:13:27] [User Authenticator #9/INFO]: UUID of player tomisherio is 15e381a8-1724-43a6-8b15-5dadbe1369ab
[23:13:27] [Server thread/INFO]: tomisherio[/184.103.253.150:52467] logged in with entity id 54315 at (96.79993527623677, 48.33055536378483, 5.084482335864006)
[23:13:27] [Server thread/INFO]: tomisherio joined the game
[23:13:28] [Netty Server IO #3/INFO]: Player tomisherio joined with a matching carpet client
[23:16:40] [Server thread/INFO]: tomisherio lost connection: Disconnected
[23:16:40] [Server thread/INFO]: tomisherio left the game
[23:17:03] [User Authenticator #10/INFO]: UUID of player tomisherio is 15e381a8-1724-43a6-8b15-5dadbe1369ab
[23:17:04] [Server thread/INFO]: tomisherio[/184.103.253.150:52487] logged in with entity id 54748 at (96.36596532311819, 47.0, -2.887590855615583)
[23:17:04] [Server thread/INFO]: tomisherio joined the game
[23:17:05] [Netty Server IO #7/INFO]: Player tomisherio joined with a matching carpet client
[23:47:17] [Server thread/INFO]: [tomisherio: Set own game mode to Spectator Mode]
[23:47:20] [Server thread/INFO]: [tomisherio: Set own game mode to Creative Mode]
[23:48:47] [Server thread/INFO]: [tomisherio: Set own game mode to Survival Mode]
[23:49:38] [Server thread/INFO]: tomisherio lost connection: Disconnected
[23:49:38] [Server thread/INFO]: tomisherio left the game
[23:49:45] [User Authenticator #11/INFO]: UUID of player tomisherio is 15e381a8-1724-43a6-8b15-5dadbe1369ab
[23:49:45] [Server thread/INFO]: tomisherio[/184.103.253.150:52580] logged in with entity id 58384 at (105.69555421078715, 38.0, -3.4423023003039583)
[23:49:45] [Server thread/INFO]: tomisherio joined the game
[23:49:46] [Netty Server IO #10/INFO]: Player tomisherio joined with a matching carpet client
[23:49:49] [Server thread/INFO]: tomisherio lost connection: Disconnected
[23:49:49] [Server thread/INFO]: tomisherio left the game
[23:50:25] [User Authenticator #12/INFO]: UUID of player tomisherio is 15e381a8-1724-43a6-8b15-5dadbe1369ab
[23:50:26] [Server thread/INFO]: tomisherio[/184.103.253.150:52640] logged in with entity id 58549 at (105.69555421078715, 38.0, -3.4423023003039583)
[23:50:26] [Server thread/INFO]: tomisherio joined the game
[23:50:27] [Netty Server IO #13/INFO]: Player tomisherio joined with a matching carpet client
[23:51:50] [Server thread/INFO]: [tomisherio: Set own game mode to Spectator Mode]
[23:52:01] [Server thread/INFO]: [tomisherio: Set own game mode to Survival Mode]
[23:52:07] [Server thread/INFO]: [tomisherio: Set own game mode to Creative Mode]
[23:52:40] [Server thread/INFO]: [tomisherio: Set own game mode to Survival Mode]
[23:59:42] [Server thread/INFO]: [tomisherio: Set own game mode to Spectator Mode]
[23:59:45] [Server thread/INFO]: [tomisherio: Set own game mode to Survival Mode]
[23:59:45] [Server thread/INFO]: [tomisherio: Set own game mode to Spectator Mode]
