[00:01:32] [Server thread/INFO]: [tomisherio: Set own game mode to Spectator Mode]
[00:01:58] [Server thread/INFO]: [tomisherio: Set own game mode to Creative Mode]
[00:03:49] [Server thread/INFO]: [tomisherio: Set own game mode to Spectator Mode]
[00:03:52] [Server thread/INFO]: [tomisherio: Set own game mode to Creative Mode]
[00:05:45] [Server thread/INFO]: [tomisherio: Set own game mode to Survival Mode]
[00:07:45] [Server thread/INFO]: [tomisherio: Set own game mode to Creative Mode]
[00:08:08] [Server thread/INFO]: [tomisherio: Set own game mode to Survival Mode]
[00:08:29] [Server thread/INFO]: [tomisherio: Set own game mode to Creative Mode]
[00:08:55] [Server thread/INFO]: [tomisherio: Set own game mode to Survival Mode]
[00:09:57] [Server thread/INFO]: [tomisherio: Set own game mode to Spectator Mode]
[00:10:01] [Server thread/INFO]: [tomisherio: Set own game mode to Survival Mode]
[00:11:10] [Server thread/INFO]: [tomisherio: Set own game mode to Spectator Mode]
[00:11:13] [Server thread/INFO]: [tomisherio: Set own game mode to Survival Mode]
[00:12:37] [Server thread/INFO]: [tomisherio: Set own game mode to Spectator Mode]
[00:12:41] [Server thread/INFO]: [tomisherio: Set own game mode to Survival Mode]
[00:12:42] [Server thread/INFO]: [tomisherio: Set own game mode to Spectator Mode]
[00:12:45] [Server thread/INFO]: [tomisherio: Set own game mode to Survival Mode]
[00:14:07] [Server thread/INFO]: [tomisherio: Set own game mode to Creative Mode]
[00:15:54] [Server thread/INFO]: [tomisherio: Set own game mode to Survival Mode]
[00:16:30] [Server thread/INFO]: [tomisherio: Set own game mode to Spectator Mode]
[00:19:35] [Server thread/INFO]: [tomisherio: Set own game mode to Creative Mode]
[00:19:43] [Server thread/INFO]: [tomisherio: Set own game mode to Survival Mode]
[00:20:06] [Server thread/INFO]: [tomisherio: Set own game mode to Creative Mode]
[00:20:33] [Server thread/INFO]: [tomisherio: Set own game mode to Survival Mode]
[00:23:10] [Server thread/INFO]: [tomisherio: Gave 1 [Chest] to tomisherio]
[00:23:26] [Server thread/INFO]: [tomisherio: Set own game mode to Creative Mode]
[00:45:42] [Server thread/INFO]: [tomisherio: Set own game mode to Survival Mode]
[00:46:42] [Server thread/INFO]: [tomisherio: Set own game mode to Spectator Mode]
[00:47:01] [Server thread/INFO]: [tomisherio: Set own game mode to Survival Mode]
[00:48:21] [Server thread/INFO]: [tomisherio: Set own game mode to Creative Mode]
[00:49:12] [Server thread/INFO]: tomisherio has made the advancement [Best Friends Forever]
[00:57:41] [Server thread/INFO]: [tomisherio: Set own game mode to Spectator Mode]
[00:58:25] [Server thread/INFO]: [tomisherio: Set own game mode to Creative Mode]
[01:08:48] [Server thread/INFO]: tomisherio lost connection: Disconnected
[01:08:48] [Server thread/INFO]: tomisherio left the game
[01:10:41] [User Authenticator #28/INFO]: UUID of player tomisherio is 15e381a8-1724-43a6-8b15-5dadbe1369ab
[01:10:41] [Server thread/INFO]: tomisherio[/184.103.253.150:58386] logged in with entity id 1539022 at (23.598911956575712, 51.0, 54.69999998807907)
[01:10:41] [Server thread/INFO]: tomisherio joined the game
[01:36:02] [Server thread/INFO]: [tomisherio: Successfully filled 2660 blocks]
[01:36:19] [Server thread/INFO]: [tomisherio: Successfully filled 200 blocks]
[01:36:34] [Server thread/INFO]: [tomisherio: Successfully filled 28 blocks]
[01:37:53] [Server thread/INFO]: [tomisherio: Set own game mode to Spectator Mode]
[01:37:57] [Server thread/INFO]: [tomisherio: Set own game mode to Creative Mode]
[01:37:58] [Server thread/INFO]: [tomisherio: Set own game mode to Spectator Mode]
[01:38:10] [Server thread/INFO]: [tomisherio: Successfully filled 147 blocks]
[01:38:23] [Server thread/INFO]: [tomisherio: Set own game mode to Creative Mode]
[01:38:23] [Server thread/INFO]: [tomisherio: Set own game mode to Spectator Mode]
[01:38:30] [Server thread/INFO]: [tomisherio: Set own game mode to Creative Mode]
[01:38:41] [Server thread/INFO]: [tomisherio: Set own game mode to Spectator Mode]
[01:39:36] [Server thread/INFO]: [tomisherio: Successfully filled 1428 blocks]
[01:39:46] [Server thread/INFO]: [tomisherio: Set own game mode to Creative Mode]
[01:39:58] [Server thread/INFO]: [tomisherio: Set own game mode to Spectator Mode]
[01:40:11] [Server thread/INFO]: [tomisherio: Removed 7 items from player tomisherio]
[01:40:14] [Server thread/INFO]: [tomisherio: Set own game mode to Survival Mode]
[01:48:32] [Server thread/WARN]: tomisherio moved wrongly!
[01:49:01] [Server thread/WARN]: Fetching packet for removed entity class_1542['Ink Sac'/1546002, l='ServerLevel[ZaWarudo]', x=23.40, y=31.00, z=61.09]
[01:52:39] [Server thread/WARN]: Fetching packet for removed entity class_1542['Ink Sac'/1548546, l='ServerLevel[ZaWarudo]', x=23.13, y=31.33, z=63.73]
[02:03:50] [Server thread/INFO]: [tomisherio: Set own game mode to Creative Mode]
[02:37:05] [Server thread/INFO]: [tomisherio: Successfully filled 1 blocks]
[02:45:44] [Server thread/INFO]: [tomisherio: Removed 17 items from player tomisherio]
[02:46:11] [Server thread/INFO]: [tomisherio: Teleported tomisherio to 1689.5, 83.0, 966.5]
[02:48:05] [Server thread/INFO]: [tomisherio: Teleported tomisherio to -129.5, 131.0, 234.5]
[02:50:02] [Server thread/INFO]: [tomisherio: Set own game mode to Survival Mode]
[03:01:35] [Server thread/INFO]: Villager class_1646['Villager'/619310, l='ServerLevel[ZaWarudo]', x=-58.81, y=69.50, z=138.12] died, message: 'Villager was squished too much'
[03:02:58] [Server thread/INFO]: [tomisherio: Set own game mode to Spectator Mode]
[03:03:26] [Server thread/INFO]: [tomisherio: Set own game mode to Survival Mode]
[03:31:02] [Server thread/INFO]: Villager class_1646['Villager'/605803, l='ServerLevel[ZaWarudo]', x=-58.30, y=69.27, z=138.70] died, message: 'Villager was squished too much'
[04:06:52] [Server thread/INFO]: Villager class_1646['Villager'/1422081, l='ServerLevel[ZaWarudo]', x=-58.87, y=69.57, z=138.27] died, message: 'Villager was squished too much'
[04:12:12] [Server thread/INFO]: Villager class_1646['Villager'/1428751, l='ServerLevel[ZaWarudo]', x=-58.81, y=69.61, z=138.17] died, message: 'Villager was squished too much'
[04:43:25] [Server thread/INFO]: Villager class_1646['Villager'/648767, l='ServerLevel[ZaWarudo]', x=-58.80, y=69.50, z=138.12] died, message: 'Villager was squished too much'
[04:48:29] [Server thread/INFO]: Villager class_1646['Villager'/660701, l='ServerLevel[ZaWarudo]', x=-58.83, y=69.07, z=138.20] died, message: 'Villager was squished too much'
[05:24:28] [Server thread/INFO]: Villager class_1646['Villager'/1432535, l='ServerLevel[ZaWarudo]', x=-58.76, y=69.51, z=138.14] died, message: 'Villager was squished too much'
[06:37:18] [Server thread/INFO]: Villager class_1646['Villager'/1486079, l='ServerLevel[ZaWarudo]', x=-58.30, y=69.73, z=138.16] died, message: 'Villager was squished too much'
[06:44:02] [Server thread/INFO]: Villager class_1646['Villager'/1606840, l='ServerLevel[ZaWarudo]', x=-58.82, y=69.50, z=138.12] died, message: 'Villager was squished too much'
[06:59:16] [Server thread/INFO]: Villager class_1646['Villager'/1566110, l='ServerLevel[ZaWarudo]', x=-58.90, y=69.51, z=138.33] died, message: 'Villager was squished too much'
[07:35:10] [Server thread/INFO]: Villager class_1646['Villager'/1561678, l='ServerLevel[ZaWarudo]', x=-58.85, y=69.51, z=138.21] died, message: 'Villager was squished too much'
[08:14:31] [Server thread/INFO]: Villager class_1646['Villager'/1593913, l='ServerLevel[ZaWarudo]', x=-58.80, y=69.55, z=138.10] died, message: 'Villager was squished too much'
[08:27:34] [Server thread/INFO]: Villager class_1646['Villager'/1610638, l='ServerLevel[ZaWarudo]', x=-58.88, y=69.50, z=138.17] died, message: 'Villager was squished too much'
[08:34:31] [Server thread/INFO]: Villager class_1646['Villager'/1627705, l='ServerLevel[ZaWarudo]', x=-58.87, y=69.50, z=138.10] died, message: 'Villager was squished too much'
[08:54:03] [Server thread/INFO]: Villager class_1646['Villager'/1639154, l='ServerLevel[ZaWarudo]', x=-58.78, y=69.51, z=138.19] died, message: 'Villager was squished too much'
[08:59:56] [Server thread/INFO]: Villager class_1646['Villager'/1599373, l='ServerLevel[ZaWarudo]', x=-58.89, y=69.52, z=138.11] died, message: 'Villager was squished too much'
[10:11:35] [Server thread/INFO]: Villager class_1646['Villager'/1578474, l='ServerLevel[ZaWarudo]', x=-58.30, y=69.98, z=138.27] died, message: 'Villager was squished too much'
[10:39:37] [Server thread/INFO]: Villager class_1646['Villager'/1389033, l='ServerLevel[ZaWarudo]', x=-58.81, y=69.55, z=138.12] died, message: 'Villager was squished too much'
[11:23:34] [Server thread/INFO]: Villager class_1646['Villager'/1633537, l='ServerLevel[ZaWarudo]', x=-58.86, y=69.49, z=138.17] died, message: 'Villager was squished too much'
[12:32:57] [Server thread/INFO]: Villager class_1646['Villager'/1617101, l='ServerLevel[ZaWarudo]', x=-58.90, y=69.51, z=138.11] died, message: 'Villager was squished too much'
[14:00:45] [Server thread/INFO]: Villager class_1646['Villager'/1644633, l='ServerLevel[ZaWarudo]', x=-58.86, y=69.53, z=138.50] died, message: 'Villager was squished too much'
[14:22:04] [Server thread/INFO]: Villager class_1646['Villager'/1672998, l='ServerLevel[ZaWarudo]', x=-58.79, y=69.52, z=138.14] died, message: 'Villager was squished too much'
[14:26:18] [Server thread/INFO]: Villager class_1646['Villager'/1655229, l='ServerLevel[ZaWarudo]', x=-58.67, y=69.18, z=138.70] died, message: 'Villager was squished too much'
[14:51:01] [Server thread/INFO]: Villager class_1646['Villager'/1720129, l='ServerLevel[ZaWarudo]', x=-58.87, y=69.88, z=138.21] died, message: 'Villager was squished too much'
[15:10:15] [Server thread/INFO]: Villager class_1646['Villager'/605815, l='ServerLevel[ZaWarudo]', x=-58.30, y=69.29, z=138.70] died, message: 'Villager was squished too much'
[15:57:28] [Server thread/INFO]: [tomisherio: Set own game mode to Spectator Mode]
[15:57:45] [Server thread/INFO]: [tomisherio: Set own game mode to Survival Mode]
[15:57:55] [Server thread/INFO]: [tomisherio: Set own game mode to Spectator Mode]
[15:58:09] [Server thread/INFO]: [tomisherio: Teleported tomisherio to 1080.5, 130.0, 552.5]
[15:58:51] [Server thread/INFO]: [tomisherio: Set own game mode to Survival Mode]
[16:03:42] [Server thread/INFO]: tomisherio lost connection: Disconnected
[16:03:42] [Server thread/INFO]: tomisherio left the game
[16:32:22] [User Authenticator #29/INFO]: UUID of player tomisherio is 15e381a8-1724-43a6-8b15-5dadbe1369ab
[16:32:23] [Server thread/INFO]: tomisherio[/184.103.253.150:61373] logged in with entity id 1791081 at (-134.65576053431664, 102.0, 225.00528751381378)
[16:32:23] [Server thread/INFO]: tomisherio joined the game
[16:52:48] [Server thread/WARN]: Mismatch in destroy block pos: class_2338{x=1176, y=68, z=687} class_2338{x=943, y=70, z=687}
[16:54:11] [Server thread/WARN]: Mismatch in destroy block pos: class_2338{x=943, y=70, z=646} class_2338{x=943, y=68, z=647}
[16:54:23] [Server thread/WARN]: Mismatch in destroy block pos: class_2338{x=943, y=69, z=620} class_2338{x=943, y=68, z=621}
[16:54:23] [Server thread/WARN]: Mismatch in destroy block pos: class_2338{x=943, y=69, z=620} class_2338{x=943, y=68, z=621}
[16:59:03] [Server thread/WARN]: Mismatch in destroy block pos: class_2338{x=943, y=76, z=449} class_2338{x=943, y=75, z=450}
[16:59:04] [Server thread/WARN]: Mismatch in destroy block pos: class_2338{x=943, y=77, z=448} class_2338{x=943, y=75, z=448}
[16:59:18] [Server thread/WARN]: Mismatch in destroy block pos: class_2338{x=943, y=73, z=438} class_2338{x=943, y=73, z=439}
[17:00:16] [Server thread/INFO]: [tomisherio: Set own game mode to Spectator Mode]
[17:00:17] [Server thread/INFO]: [tomisherio: Set own game mode to Survival Mode]
[17:00:17] [Server thread/WARN]: tomisherio moved wrongly!
[17:02:31] [Server thread/WARN]: Mismatch in destroy block pos: class_2338{x=1216, y=71, z=587} class_2338{x=1216, y=69, z=586}
[17:02:58] [Server thread/WARN]: Mismatch in destroy block pos: class_2338{x=1216, y=69, z=653} class_2338{x=1216, y=68, z=654}
[17:05:35] [Server thread/WARN]: Mismatch in destroy block pos: class_2338{x=986, y=69, z=688} class_2338{x=986, y=67, z=688}
[17:06:01] [Server thread/WARN]: Mismatch in destroy block pos: class_2338{x=1043, y=73, z=688} class_2338{x=1044, y=72, z=688}
[17:06:16] [Server thread/WARN]: Mismatch in destroy block pos: class_2338{x=1047, y=76, z=688} class_2338{x=1048, y=75, z=688}
[17:06:20] [Server thread/WARN]: Mismatch in destroy block pos: class_2338{x=1049, y=77, z=688} class_2338{x=1050, y=76, z=688}
[17:06:56] [Server thread/WARN]: Mismatch in destroy block pos: class_2338{x=1065, y=76, z=688} class_2338{x=1065, y=74, z=688}
[17:06:59] [Server thread/WARN]: Mismatch in destroy block pos: class_2338{x=1069, y=75, z=688} class_2338{x=1068, y=73, z=688}
[17:07:01] [Server thread/WARN]: Mismatch in destroy block pos: class_2338{x=1073, y=73, z=688} class_2338{x=1074, y=72, z=688}
[17:07:01] [Server thread/WARN]: Mismatch in destroy block pos: class_2338{x=1073, y=73, z=688} class_2338{x=1074, y=72, z=688}
[17:17:08] [Server thread/INFO]: [tomisherio: Set own game mode to Creative Mode]
[17:17:24] [Server thread/INFO]: [tomisherio: Set own game mode to Survival Mode]
[17:36:41] [Server thread/INFO]: [tomisherio: Set own game mode to Spectator Mode]
[17:36:51] [Server thread/INFO]: [tomisherio: Set own game mode to Survival Mode]
[17:42:42] [Server thread/WARN]: Fetching packet for removed entity class_1542['Wheat Seeds'/1821004, l='ServerLevel[ZaWarudo]', x=-196.35, y=67.70, z=49.30]
[17:46:46] [Server thread/WARN]: Fetching packet for removed entity class_1542['Air'/1822933, l='ServerLevel[ZaWarudo]', x=-14.55, y=6.00, z=34.23]
[18:31:47] [Server thread/INFO]: [tomisherio: Set own game mode to Spectator Mode]
[18:32:03] [Server thread/INFO]: [tomisherio: Set own game mode to Survival Mode]
[18:33:11] [Server thread/INFO]: [tomisherio: Set own game mode to Spectator Mode]
[18:33:50] [Server thread/INFO]: [tomisherio: Set own game mode to Creative Mode]
[18:43:34] [Server thread/INFO]: [tomisherio: Set own game mode to Spectator Mode]
[18:43:35] [Server thread/INFO]: [tomisherio: Set own game mode to Creative Mode]
[18:43:37] [Server thread/INFO]: [tomisherio: Set own game mode to Survival Mode]
[18:44:00] [Server thread/INFO]: [tomisherio: Applied effect Speed to tomisherio]
[18:44:03] [Server thread/INFO]: [tomisherio: Applied effect Speed to tomisherio]
[19:02:36] [Server thread/INFO]: tomisherio lost connection: Disconnected
[19:02:36] [Server thread/INFO]: tomisherio left the game
[19:23:50] [User Authenticator #30/INFO]: UUID of player tomisherio is 15e381a8-1724-43a6-8b15-5dadbe1369ab
[19:23:50] [Server thread/INFO]: tomisherio[/184.103.253.150:62082] logged in with entity id 1843452 at (945.7876463708976, 70.5, 555.0860309478157)
[19:23:50] [Server thread/INFO]: tomisherio joined the game
[19:28:42] [Server thread/INFO]: [tomisherio: Set own game mode to Creative Mode]
[19:28:50] [Server thread/INFO]: [tomisherio: Set own game mode to Spectator Mode]
[19:28:51] [Server thread/INFO]: [tomisherio: Set own game mode to Creative Mode]
[19:28:54] [Server thread/INFO]: [tomisherio: Set own game mode to Survival Mode]
[19:31:56] [Server thread/INFO]: [tomisherio: Applied effect Speed to tomisherio]
[19:49:03] [Server thread/INFO]: [tomisherio: Applied effect Speed to tomisherio]
[20:15:45] [Server thread/INFO]: Villager class_1646['Villager'/605806, l='ServerLevel[ZaWarudo]', x=-58.30, y=69.27, z=138.70] died, message: 'Villager was squished too much'
[20:32:45] [Server thread/WARN]: Fetching packet for removed entity class_1542['Air'/1860922, l='ServerLevel[ZaWarudo]', x=-38.31, y=72.00, z=102.70]
[20:38:30] [Server thread/WARN]: Fetching packet for removed entity class_1542['Air'/1862115, l='ServerLevel[ZaWarudo]', x=-67.71, y=72.00, z=80.70]
[20:44:19] [Server thread/INFO]: Villager class_1646['Villager'/1745911, l='ServerLevel[ZaWarudo]', x=-58.90, y=69.21, z=138.70] died, message: 'Villager was squished too much'
[20:45:31] [Server thread/INFO]: Villager class_1646['Villager'/605807, l='ServerLevel[ZaWarudo]', x=-58.30, y=69.31, z=138.70] died, message: 'Villager was squished too much'
[20:54:59] [Server thread/WARN]: Fetching packet for removed entity class_1542['Slimeball'/1870179, l='ServerLevel[ZaWarudo]', x=-34.90, y=6.00, z=34.94]
[21:02:17] [Server thread/INFO]: Villager class_1646['Villager'/1573496, l='ServerLevel[ZaWarudo]', x=-58.90, y=69.65, z=138.14] died, message: 'Villager was squished too much'
[21:21:21] [Server thread/INFO]: tomisherio lost connection: Disconnected
[21:21:21] [Server thread/INFO]: tomisherio left the game
[21:22:39] [User Authenticator #31/INFO]: UUID of player tomisherio is 15e381a8-1724-43a6-8b15-5dadbe1369ab
[21:22:40] [Server thread/INFO]: tomisherio[/184.103.253.150:62508] logged in with entity id 1880904 at (-128.6146694426629, 63.09375, -157.75800263128318)
[21:22:40] [Server thread/INFO]: tomisherio joined the game
[21:29:33] [Server thread/INFO]: tomisherio lost connection: Disconnected
[21:29:33] [Server thread/INFO]: tomisherio left the game
[21:34:07] [User Authenticator #32/INFO]: UUID of player tomisherio is 15e381a8-1724-43a6-8b15-5dadbe1369ab
[21:34:08] [Server thread/INFO]: tomisherio[/184.103.253.150:62621] logged in with entity id 1884451 at (-126.00774668229624, 61.0, -156.418682892351)
[21:34:08] [Server thread/INFO]: tomisherio joined the game
[21:35:28] [Server thread/INFO]: tomisherio lost connection: Disconnected
[21:35:28] [Server thread/INFO]: tomisherio left the game
[21:36:12] [User Authenticator #33/INFO]: UUID of player tomisherio is 15e381a8-1724-43a6-8b15-5dadbe1369ab
[21:36:12] [Server thread/INFO]: tomisherio[/184.103.253.150:62656] logged in with entity id 1884696 at (-132.77262263353018, 61.0, -153.2612785288273)
[21:36:12] [Server thread/INFO]: tomisherio joined the game
[21:40:05] [Server thread/WARN]: Fetching packet for removed entity class_1542['Air'/1885637, l='ServerLevel[ZaWarudo]', x=-67.71, y=72.00, z=80.70]
[21:40:32] [Server thread/INFO]: [tomisherio: Gave 2 [Furnace] to tomisherio]
[21:40:48] [Server thread/INFO]: [tomisherio: Set own game mode to Spectator Mode]
[22:02:25] [Server thread/INFO]: tomisherio lost connection: Disconnected
[22:02:25] [Server thread/INFO]: tomisherio left the game
[23:11:52] [User Authenticator #34/INFO]: UUID of player tomisherio is 15e381a8-1724-43a6-8b15-5dadbe1369ab
[23:11:53] [Server thread/INFO]: tomisherio[/184.103.253.150:63111] logged in with entity id 1885944 at (-131.173724399841, 67.29729446177359, 46.95246029748907)
[23:11:53] [Server thread/INFO]: tomisherio joined the game
[23:12:28] [Server thread/INFO]: [tomisherio: Set own game mode to Survival Mode]
[23:22:58] [Server thread/WARN]: Mismatch in destroy block pos: class_2338{x=-121, y=62, z=-173} class_2338{x=-122, y=62, z=-174}
[23:23:01] [Server thread/WARN]: Mismatch in destroy block pos: class_2338{x=-121, y=62, z=-173} class_2338{x=-121, y=62, z=-171}
[23:28:08] [Server thread/INFO]: [tomisherio: Set own game mode to Spectator Mode]
[23:28:15] [Server thread/INFO]: [tomisherio: Set own game mode to Survival Mode]
[23:29:57] [Server thread/INFO]: [tomisherio: Set own game mode to Spectator Mode]
[23:30:28] [Server thread/INFO]: [tomisherio: Set own game mode to Survival Mode]
[23:36:21] [Server thread/WARN]: Fetching packet for removed entity class_1542['Iron Ingot'/1894691, l='ServerLevel[ZaWarudo]', x=-38.13, y=72.10, z=55.13]
[23:36:33] [Server thread/WARN]: Mismatch in destroy block pos: class_2338{x=-133, y=50, z=25} class_2338{x=-137, y=50, z=26}
[23:36:33] [Server thread/WARN]: Mismatch in destroy block pos: class_2338{x=-133, y=50, z=25} class_2338{x=-137, y=50, z=26}
[23:36:33] [Server thread/WARN]: Mismatch in destroy block pos: class_2338{x=-133, y=50, z=25} class_2338{x=-137, y=49, z=25}
[23:42:27] [Server thread/INFO]: [tomisherio: Set own game mode to Spectator Mode]
[23:42:39] [Server thread/INFO]: [tomisherio: Set own game mode to Survival Mode]
[23:44:14] [Server thread/INFO]: [tomisherio: Set own game mode to Spectator Mode]
[23:45:57] [Server thread/INFO]: [tomisherio: Set own game mode to Survival Mode]
[23:46:57] [Server thread/WARN]: Mismatch in destroy block pos: class_2338{x=-123, y=33, z=34} class_2338{x=-122, y=33, z=29}
[23:46:57] [Server thread/WARN]: Mismatch in destroy block pos: class_2338{x=-123, y=33, z=34} class_2338{x=-122, y=33, z=29}
[23:46:57] [Server thread/WARN]: Mismatch in destroy block pos: class_2338{x=-123, y=33, z=34} class_2338{x=-122, y=33, z=29}
[23:49:20] [Server thread/INFO]: Villager class_1646['Villager'/1737255, l='ServerLevel[ZaWarudo]', x=-58.72, y=69.00, z=138.40] died, message: 'Villager was squished too much'
[23:52:50] [Server thread/WARN]: Mismatch in destroy block pos: class_2338{x=-150, y=33, z=12} class_2338{x=-150, y=34, z=16}
