[00:47:01] [Server thread/INFO]: [tomisherio: Set own game mode to Creative Mode]
[00:47:57] [Server thread/INFO]: [tomisherio: Successfully filled 595 blocks]
[00:48:31] [Server thread/INFO]: [tomisherio: Successfully filled 595 blocks]
[00:48:59] [Server thread/INFO]: [tomisherio: Successfully filled 595 blocks]
[00:49:45] [Server thread/INFO]: [tomisherio: Set own game mode to Survival Mode]
[00:58:45] [Server thread/WARN]: tomisherio moved wrongly!
[01:02:59] [Server thread/INFO]: [tomisherio: Set own game mode to Creative Mode]
[01:05:29] [Server thread/INFO]: [tomisherio: Successfully filled 38 blocks]
[01:05:57] [Server thread/INFO]: [tomisherio: Successfully filled 56 blocks]
[01:06:09] [Server thread/INFO]: [tomisherio: Successfully filled 56 blocks]
[01:06:26] [Server thread/INFO]: [tomisherio: Successfully filled 56 blocks]
[01:09:43] [Server thread/INFO]: [tomisherio: Set own game mode to Spectator Mode]
[01:09:56] [Server thread/INFO]: [tomisherio: Set own game mode to Creative Mode]
[01:10:08] [Server thread/INFO]: [tomisherio: Set own game mode to Spectator Mode]
[01:10:09] [Server thread/INFO]: [tomisherio: Set own game mode to Creative Mode]
[01:11:38] [Server thread/INFO]: [tomisherio: Successfully filled 595 blocks]
[01:11:56] [Server thread/INFO]: [tomisherio: Set own game mode to Spectator Mode]
[01:11:59] [Server thread/INFO]: [tomisherio: Set own game mode to Creative Mode]
[01:13:54] [Server thread/INFO]: [tomisherio: Set own game mode to Spectator Mode]
[01:14:19] [Server thread/INFO]: [tomisherio: Set own game mode to Creative Mode]
[01:46:24] [Server thread/INFO]: tomisherio lost connection: Disconnected
[01:46:24] [Server thread/INFO]: tomisherio left the game
[02:12:46] [User Authenticator #18/INFO]: UUID of player tomisherio is 15e381a8-1724-43a6-8b15-5dadbe1369ab
[02:12:46] [Server thread/INFO]: tomisherio[/184.103.253.150:52555] logged in with entity id 2630226 at (995.9600846027209, 74.11998757460913, 445.5159006138665)
[02:12:46] [Server thread/INFO]: tomisherio joined the game
[02:19:48] [Server thread/INFO]: [tomisherio: Successfully filled 595 blocks]
[02:21:30] [Server thread/INFO]: [tomisherio: Successfully filled 595 blocks]
[02:22:24] [Server thread/INFO]: [tomisherio: Successfully filled 595 blocks]
[02:22:28] [Server thread/INFO]: [tomisherio: Successfully filled 595 blocks]
[02:22:31] [Server thread/INFO]: [tomisherio: Successfully filled 595 blocks]
[02:22:47] [Server thread/INFO]: [tomisherio: Successfully filled 595 blocks]
[02:23:42] [Server thread/INFO]: [tomisherio: Successfully filled 85 blocks]
[02:24:07] [Server thread/INFO]: [tomisherio: Successfully filled 85 blocks]
[02:25:54] [Server thread/INFO]: [tomisherio: Successfully filled 595 blocks]
[02:34:36] [Server thread/INFO]: [tomisherio: Successfully filled 85 blocks]
[02:34:51] [Server thread/INFO]: [tomisherio: Successfully filled 85 blocks]
[02:35:00] [Server thread/INFO]: [tomisherio: Successfully filled 85 blocks]
[02:35:09] [Server thread/INFO]: [tomisherio: Successfully filled 85 blocks]
[02:35:17] [Server thread/INFO]: [tomisherio: Successfully filled 85 blocks]
[02:35:25] [Server thread/INFO]: [tomisherio: Successfully filled 85 blocks]
[02:35:54] [Server thread/INFO]: [tomisherio: Successfully filled 510 blocks]
[02:36:01] [Server thread/INFO]: [tomisherio: Successfully filled 595 blocks]
[02:44:44] [Server thread/INFO]: [tomisherio: Successfully filled 587 blocks]
[02:45:27] [Server thread/INFO]: [tomisherio: Successfully filled 85 blocks]
[02:45:44] [Server thread/INFO]: [tomisherio: Successfully filled 44 blocks]
[02:45:59] [Server thread/INFO]: [tomisherio: Successfully filled 85 blocks]
[02:46:06] [Server thread/INFO]: [tomisherio: Successfully filled 85 blocks]
[02:46:16] [Server thread/INFO]: [tomisherio: Successfully filled 85 blocks]
[03:06:33] [Server thread/INFO]: [tomisherio: Set own game mode to Survival Mode]
[03:38:49] [Server thread/WARN]: Fetching packet for removed entity class_1542['Air'/2657638, l='ServerLevel[ZaWarudo]', x=-32.94, y=6.00, z=34.31]
[04:07:56] [Server thread/WARN]: Fetching packet for removed entity class_1542['Air'/2664671, l='ServerLevel[ZaWarudo]', x=-33.85, y=6.00, z=34.74]
[04:12:13] [Server thread/WARN]: Fetching packet for removed entity class_1542['Air'/2665655, l='ServerLevel[ZaWarudo]', x=-34.28, y=6.00, z=33.73]
[04:17:17] [Server thread/WARN]: Fetching packet for removed entity class_1542['Air'/2666995, l='ServerLevel[ZaWarudo]', x=-67.69, y=72.00, z=80.70]
[04:52:56] [Server thread/INFO]: [tomisherio: Set own game mode to Creative Mode]
[04:54:05] [Server thread/INFO]: [tomisherio: Set own game mode to Survival Mode]
[06:32:29] [Server thread/ERROR]: Can't find any space for item in the inventory
[06:32:29] [Server thread/ERROR]: Can't find any space for item in the inventory
[06:32:29] [Server thread/ERROR]: Can't find any space for item in the inventory
[06:32:29] [Server thread/ERROR]: Can't find any space for item in the inventory
[06:32:29] [Server thread/ERROR]: Can't find any space for item in the inventory
[06:32:29] [Server thread/ERROR]: Can't find any space for item in the inventory
[06:39:57] [Server thread/INFO]: [tomisherio: Set own game mode to Creative Mode]
[06:48:55] [Server thread/INFO]: [tomisherio: Set own game mode to Survival Mode]
[06:58:53] [Server thread/INFO]: [tomisherio: Set own game mode to Spectator Mode]
[06:58:55] [Server thread/INFO]: [tomisherio: Set own game mode to Survival Mode]
[07:06:40] [Server thread/INFO]: [tomisherio: Gave 64 [Grass] to tomisherio]
[07:06:47] [Server thread/INFO]: [tomisherio: Gave 64 [Grass Block] to tomisherio]
[07:15:35] [Server thread/INFO]: [tomisherio: Set own game mode to Spectator Mode]
[07:15:59] [Server thread/INFO]: [tomisherio: Set own game mode to Survival Mode]
[07:24:18] [Server thread/INFO]: [tomisherio: Set own game mode to Spectator Mode]
[07:24:46] [Server thread/INFO]: [tomisherio: Set own game mode to Survival Mode]
[07:55:03] [Server thread/INFO]: [tomisherio: Gave 1 [Block of Iron] to tomisherio]
[08:01:59] [Server thread/INFO]: [tomisherio: Set own game mode to Creative Mode]
[08:16:03] [Server thread/INFO]: [tomisherio: Set own game mode to Survival Mode]
[17:18:16] [Server thread/WARN]: Mismatch in destroy block pos: class_2338{x=994, y=67, z=448} class_2338{x=992, y=67, z=448}
[17:28:16] [Server thread/WARN]: Mismatch in destroy block pos: class_2338{x=970, y=65, z=538} class_2338{x=971, y=66, z=539}
[17:53:54] [Server thread/WARN]: tomisherio moved wrongly!
[18:59:17] [Server thread/INFO]: tomisherio lost connection: Disconnected
[18:59:17] [Server thread/INFO]: tomisherio left the game
[20:40:40] [User Authenticator #19/INFO]: UUID of player tomisherio is 15e381a8-1724-43a6-8b15-5dadbe1369ab
[20:40:40] [Server thread/INFO]: tomisherio[/184.103.253.150:56798] logged in with entity id 2895727 at (1030.9804551830343, 88.95298211275549, 490.57200274288437)
[20:40:40] [Server thread/INFO]: tomisherio joined the game
[21:04:09] [Server thread/WARN]: tomisherio moved wrongly!
[22:25:37] [Server thread/INFO]: tomisherio lost connection: Disconnected
[22:25:37] [Server thread/INFO]: tomisherio left the game
[22:38:03] [User Authenticator #20/INFO]: UUID of player tomisherio is 15e381a8-1724-43a6-8b15-5dadbe1369ab
[22:38:03] [Server thread/INFO]: tomisherio[/184.103.253.150:57558] logged in with entity id 2916252 at (1080.4519313012788, 198.0, 552.3869124827296)
[22:38:03] [Server thread/INFO]: tomisherio joined the game
[22:46:09] [Server thread/INFO]: tomisherio lost connection: Disconnected
[22:46:09] [Server thread/INFO]: tomisherio left the game
[22:46:39] [User Authenticator #21/INFO]: UUID of player tomisherio is 15e381a8-1724-43a6-8b15-5dadbe1369ab
[22:46:39] [Server thread/INFO]: tomisherio[/184.103.253.150:55405] logged in with entity id 2918660 at (1080.4781358945522, 128.0, 629.722882144932)
[22:46:39] [Server thread/INFO]: tomisherio joined the game
[23:04:46] [Server thread/INFO]: tomisherio lost connection: Disconnected
[23:04:46] [Server thread/INFO]: tomisherio left the game
[23:04:47] [User Authenticator #22/INFO]: UUID of player tomisherio is 15e381a8-1724-43a6-8b15-5dadbe1369ab
[23:04:47] [Server thread/INFO]: tomisherio[/184.103.253.150:55509] logged in with entity id 2925494 at (1079.1861400722316, 133.28285091295405, 542.8570330474697)
[23:04:47] [Server thread/INFO]: tomisherio joined the game
[23:08:19] [Server thread/INFO]: [tomisherio: Set own game mode to Spectator Mode]
[23:08:28] [Server thread/INFO]: [tomisherio: Successfully filled 1 blocks]
[23:08:33] [Server thread/INFO]: [tomisherio: Set own game mode to Survival Mode]
[23:11:39] [Server thread/WARN]: tomisherio moved wrongly!
[23:20:12] [Server thread/INFO]: [tomisherio: Set own game mode to Spectator Mode]
[23:21:32] [Server thread/INFO]: tomisherio lost connection: Disconnected
[23:21:32] [Server thread/INFO]: tomisherio left the game
[23:50:22] [User Authenticator #23/INFO]: UUID of player tomisherio is 15e381a8-1724-43a6-8b15-5dadbe1369ab
[23:50:23] [Server thread/INFO]: tomisherio[/184.103.253.150:55700] logged in with entity id 2931693 at (1097.2471481171347, 86.80730243298532, 482.21713872287404)
[23:50:23] [Server thread/INFO]: tomisherio joined the game
[23:50:44] [Server thread/INFO]: [tomisherio: Set own game mode to Survival Mode]
[23:51:17] [Server thread/WARN]: Mismatch in destroy block pos: class_2338{x=1091, y=64, z=462} class_2338{x=1091, y=62, z=461}
