[23:44:54] [main/INFO]: Loading for game Minecraft 1.16.1
[23:45:01] [main/INFO]: [FabricLoader] Loading 45 mods: fabric-screen-handler-api-v1@1.0.1+f362c86e02, minecraft@1.16.1, fabric-renderer-api-v1@0.2.13+eae12eb802, fabric-networking-blockentity-v0@0.2.5+b50ffc7b02, fabric-keybindings-v0@0.2.0+3fa9f7c502, inventorysorter@1.6.7-1.16, fabric-command-api-v1@1.0.8+5ce5339802, cloth-basic-math@0.5.1, fabricloader@0.8.9+build.203, fabric-tool-attribute-api-v1@1.1.4+5794386e02, fabric-renderer-indigo@0.3.2+4d66bed502, fabric-containers-v0@0.1.8+045df74f02, fabric-object-builder-api-v1@1.5.5+e00ecb5f02, fabric-dimensions-v1@1.0.0+a71b305302, fabric-biomes-v1@0.2.7+059ea86602, fabric-item-api-v1@1.0.0+16acbe5b02, fabric-events-interaction-v0@0.3.3+7066030f02, fabric-crash-report-info-v1@0.1.2+b7f9825d02, kyrptconfig@1.0.4-1.16, fabric-api-base@0.1.3+12a8474c02, fabric-rendering-v0@1.1.0+5341049002, fabric-rendering-v1@1.1.2+346247d702, fabric-key-binding-api-v1@1.0.0+e16a977402, cloth-config2@4.5.6, fabric-rendering-data-attachment-v1@0.1.3+b7f9825d02, fabric-resource-loader-v0@0.2.6+f41e209802, fabric-textures-v0@1.0.4+eae12eb802, fabric-content-registries-v0@0.1.9+059ea86602, fabric-tag-extensions-v0@0.2.7+a4c57d8e02, blue_endless_jankson@+, fabric-rendering-fluids-v1@0.1.8+b7084faa02, fabric-registry-sync-v0@0.3.8+7dba2d6c02, fabric-commands-v0@0.2.0+52d3083602, fabric-blockrenderlayer-v1@1.1.4+c6a8ea8902, fabric-lifecycle-events-v1@1.0.0+b0993bc102, fabric-mining-levels-v0@0.1.2+b764ce9902, fabric-renderer-registries-v1@2.0.1+5a0f9a6002, fabric-loot-tables-v1@0.1.10+059ea86602, fabric-events-lifecycle-v0@0.2.0+16acbe5b02, fabric@0.14.1+build.372-1.16, fabric-particles-v1@0.2.1+0a6f2a7002, fabric-models-v0@0.1.0+dfdb52d602, fabric-item-groups-v0@0.2.0+438f963602, fabric-object-builders-v0@0.6.0+da175ad602, fabric-networking-v0@0.1.10+e00ecb5f02
[23:45:01] [main/WARN]: Mod `blue_endless_jankson` (+) does not respect SemVer - comparison support is limited.
[23:45:01] [main/INFO]: SpongePowered MIXIN Subsystem Version=0.8 Source=file:/C:/Users/sruiz/Documents/MinecraftServers/ZaWarudo/fabric-server-launch.jar Service=Knot/Fabric Env=SERVER
[23:45:08] [main/INFO]: Environment: authHost='https://authserver.mojang.com', accountsHost='https://api.mojang.com', sessionHost='https://sessionserver.mojang.com', name='PROD'
[23:45:08] [main/WARN]: Missing data pack file/VanillaTweaks_c969857.zip
[23:45:08] [main/INFO]: Found new data pack file/VanillaTweaks_c287303.zip, loading it automatically
[23:45:09] [main/WARN]: Ambiguity between arguments [teleport, destination] and [teleport, targets] with inputs: [Player, 0123, @e, dd12be42-52a9-4a91-a8a1-11c01849e498]
[23:45:09] [main/WARN]: Ambiguity between arguments [teleport, location] and [teleport, destination] with inputs: [0.1 -0.5 .9, 0 0 0]
[23:45:09] [main/WARN]: Ambiguity between arguments [teleport, location] and [teleport, targets] with inputs: [0.1 -0.5 .9, 0 0 0]
[23:45:09] [main/WARN]: Ambiguity between arguments [teleport, targets] and [teleport, destination] with inputs: [Player, 0123, dd12be42-52a9-4a91-a8a1-11c01849e498]
[23:45:09] [main/WARN]: Ambiguity between arguments [teleport, targets, location] and [teleport, targets, destination] with inputs: [0.1 -0.5 .9, 0 0 0]
[23:45:09] [main/INFO]: Reloading ResourceManager: Default, anti creeper grief v1.0.2.zip, anti enderman grief v1.0.0.zip, anti ghast grief v1.0.0.zip, double shulker shells v1.2.0.zip, Fabric Tool Attribute API (v1), WrenchRP.zip, multiplayer sleep v1.0.2.zip, VanillaTweaks_c287303.zip
[23:45:10] [Worker-Main-10/INFO]: Loaded 7 recipes
[23:45:11] [Worker-Main-10/WARN]: Found validation problem in {minecraft:entities/shulker}.pools[1].entries[0]: Unknown loot table called minecraft:entities/reference/mmh/shulker
[23:45:11] [Worker-Main-10/INFO]: Loaded 944 advancements
[23:45:12] [Server thread/INFO]: Starting minecraft server version 1.16.1
[23:45:12] [Server thread/INFO]: Loading properties
[23:45:12] [Server thread/INFO]: Default game type: SURVIVAL
[23:45:12] [Server thread/INFO]: Generating keypair
[23:45:12] [Server thread/INFO]: Starting Minecraft server on *:25565
[23:45:12] [Server thread/INFO]: Using default channel type
[23:45:13] [Server thread/INFO]: Preparing level "ZaWarudo"
[23:45:14] [Server thread/INFO]: Preparing start region for dimension minecraft:overworld
[23:45:15] [Server thread/INFO]: Preparing spawn area: 0%
[23:45:15] [Server thread/INFO]: Preparing spawn area: 0%
[23:45:15] [Server thread/INFO]: Preparing spawn area: 0%
[23:45:15] [Server thread/INFO]: Time elapsed: 1869 ms
[23:45:15] [Server thread/INFO]: Done (2.106s)! For help, type "help"
[23:46:04] [User Authenticator #1/INFO]: UUID of player tomisherio is 15e381a8-1724-43a6-8b15-5dadbe1369ab
[23:46:05] [Server thread/INFO]: tomisherio[/184.103.253.150:57159] logged in with entity id 146 at (-342.95189427005295, 128.0, -97.04527494884344)
[23:46:05] [Server thread/INFO]: tomisherio joined the game
[23:46:11] [Server thread/WARN]: Can't keep up! Is the server overloaded? Running 7116ms or 142 ticks behind
[23:49:18] [Server thread/INFO]: [tomisherio: Gave 1 [Knowledge Book] to tomisherio]
[23:49:22] [Server thread/ERROR]: Tag not valid: null
[23:49:24] [Server thread/INFO]: [tomisherio: Gave 1 [Knowledge Book] to tomisherio]
[23:49:25] [Server thread/ERROR]: Tag not valid: null
[23:49:28] [Server thread/INFO]: [tomisherio: Gave 1 [Knowledge Book] to tomisherio]
[23:49:54] [Server thread/INFO]: [tomisherio: Gave 16 [Written Book] to tomisherio]
[23:50:02] [Server thread/ERROR]: Tag not valid: null
[23:50:58] [Server thread/INFO]: [tomisherio: Gave 1 [rWrench] to tomisherio]
[23:53:29] [Server thread/INFO]: Villager class_1646['Villager'/973, l='ServerLevel[ZaWarudo]', x=-58.30, y=69.28, z=138.70] died, message: 'Villager was squished too much'
[23:54:00] [Server thread/INFO]: [tomisherio: Gave 1 [Knowledge Book] to tomisherio]
[23:54:06] [Server thread/ERROR]: Tag not valid: null
[23:55:23] [Server thread/WARN]: tomisherio moved too quickly! -4.337941441500636,14.952035066430057,9.882398112504475
[23:56:34] [Server thread/WARN]: tomisherio moved wrongly!
