[00:35:20] [Server thread/INFO]: [tomisherio: Set own game mode to Spectator Mode]
[00:35:42] [Server thread/INFO]: [tomisherio: Set own game mode to Creative Mode]
[00:54:13] [Server thread/INFO]: Villager class_1646['Fletcher'/798, l='ServerLevel[ZaWarudo]', x=-29.78, y=68.00, z=107.41] died, message: 'Fletcher hit the ground too hard'
[00:55:31] [Server thread/INFO]: [tomisherio: Set own game mode to Spectator Mode]
[00:55:35] [Server thread/INFO]: [tomisherio: Set own game mode to Creative Mode]
[00:55:40] [Server thread/INFO]: [tomisherio: Set own game mode to Spectator Mode]
[00:55:57] [Server thread/INFO]: [tomisherio: Set own game mode to Creative Mode]
[01:00:04] [Server thread/INFO]: [tomisherio: Set own game mode to Survival Mode]
[01:59:52] [Server thread/INFO]: [tomisherio: Set own game mode to Creative Mode]
[02:00:17] [Server thread/INFO]: [tomisherio: Set own game mode to Survival Mode]
[02:19:29] [Server thread/INFO]: tomisherio was slain by Zombie
[02:22:13] [Server thread/INFO]: [tomisherio: Set own game mode to Creative Mode]
[02:22:27] [Server thread/INFO]: tomisherio lost connection: Disconnected
[02:22:27] [Server thread/INFO]: tomisherio left the game
[02:30:41] [User Authenticator #21/INFO]: UUID of player tomisherio is 15e381a8-1724-43a6-8b15-5dadbe1369ab
[02:30:41] [Server thread/INFO]: tomisherio[/184.103.253.150:56194] logged in with entity id 2310268 at (1086.6738309721898, 68.0, 547.4891069877858)
[02:30:41] [Server thread/INFO]: tomisherio joined the game
[02:30:41] [Netty Server IO #0/INFO]: Player tomisherio joined with a matching carpet client
[02:30:54] [Server thread/INFO]: [tomisherio: Set own game mode to Survival Mode]
[02:47:23] [Server thread/INFO]: [tomisherio: Set own game mode to Creative Mode]
[02:47:25] [Server thread/INFO]: [tomisherio: Set own game mode to Spectator Mode]
[02:47:27] [Server thread/INFO]: [tomisherio: Set own game mode to Creative Mode]
[02:48:04] [Server thread/INFO]: [tomisherio: Set own game mode to Survival Mode]
[02:48:07] [Server thread/INFO]: [tomisherio: Set own game mode to Spectator Mode]
[02:48:11] [Server thread/INFO]: [tomisherio: Set own game mode to Survival Mode]
[02:48:22] [Server thread/INFO]: [tomisherio: Set own game mode to Creative Mode]
[02:50:39] [Server thread/INFO]: [tomisherio: Set own game mode to Survival Mode]
[02:54:48] [Server thread/INFO]: tomisherio drowned
[02:54:57] [Server thread/INFO]: [tomisherio: Set own game mode to Spectator Mode]
[02:55:17] [Server thread/INFO]: [tomisherio: Set own game mode to Creative Mode]
[02:55:39] [Server thread/INFO]: [tomisherio: Set own game mode to Spectator Mode]
[02:55:59] [Server thread/INFO]: [tomisherio: Set own game mode to Creative Mode]
[02:56:01] [Server thread/INFO]: [tomisherio: Set own game mode to Spectator Mode]
[02:56:05] [Server thread/INFO]: [tomisherio: Set own game mode to Creative Mode]
[02:57:37] [Server thread/INFO]: [tomisherio: Set own game mode to Survival Mode]
[04:14:19] [Server thread/INFO]: [tomisherio: Set own game mode to Creative Mode]
[04:15:51] [Server thread/INFO]: [tomisherio: Set own game mode to Survival Mode]
[11:23:00] [Server thread/INFO]: tomisherio was slain by Husk
[15:01:45] [Server thread/INFO]: [tomisherio: Set own game mode to Creative Mode]
[15:03:49] [Server thread/INFO]: [tomisherio: Set own game mode to Spectator Mode]
[15:04:21] [Server thread/INFO]: [tomisherio: Set own game mode to Creative Mode]
[15:07:39] [Server thread/INFO]: [tomisherio: Set own game mode to Survival Mode]
[16:21:45] [Server thread/WARN]: tomisherio moved too quickly! -1.4452766336444256,-8.0,-6.7554702686894075
[16:34:04] [Server thread/INFO]: tomisherio was slain by Husk
[19:03:31] [Server thread/INFO]: [tomisherio: Set own game mode to Spectator Mode]
[19:03:50] [Server thread/INFO]: [tomisherio: Set own game mode to Creative Mode]
[19:05:58] [Server thread/INFO]: [tomisherio: Set own game mode to Spectator Mode]
[19:06:52] [Server thread/INFO]: [tomisherio: Set own game mode to Creative Mode]
[19:11:47] [Server thread/INFO]: [tomisherio: Set own game mode to Spectator Mode]
[19:11:49] [Server thread/INFO]: [tomisherio: Set own game mode to Creative Mode]
[19:16:58] [Server thread/INFO]: [tomisherio: Set own game mode to Spectator Mode]
[19:17:04] [Server thread/INFO]: [tomisherio: Set own game mode to Creative Mode]
[19:17:59] [Server thread/INFO]: [tomisherio: Set own game mode to Spectator Mode]
[19:18:04] [Server thread/INFO]: [tomisherio: Set own game mode to Creative Mode]
[19:18:14] [Server thread/INFO]: [tomisherio: Set own game mode to Spectator Mode]
[19:18:19] [Server thread/INFO]: [tomisherio: Set own game mode to Creative Mode]
[19:20:34] [Server thread/INFO]: [tomisherio: Set own game mode to Survival Mode]
[19:22:40] [Server thread/INFO]: [tomisherio: Set own game mode to Creative Mode]
[19:23:52] [Server thread/INFO]: [tomisherio: Set own game mode to Survival Mode]
[19:56:10] [Server thread/INFO]: [tomisherio: Set own game mode to Creative Mode]
[19:57:10] [Server thread/INFO]: [tomisherio: Set own game mode to Spectator Mode]
[19:57:33] [Server thread/INFO]: [tomisherio: Set own game mode to Creative Mode]
[19:58:12] [Server thread/INFO]: [tomisherio: Set own game mode to Spectator Mode]
[19:58:19] [Server thread/INFO]: [tomisherio: Set own game mode to Creative Mode]
[19:58:45] [Server thread/INFO]: [tomisherio: Set own game mode to Spectator Mode]
[19:58:49] [Server thread/INFO]: [tomisherio: Set own game mode to Creative Mode]
[19:59:48] [Server thread/INFO]: [tomisherio: Set own game mode to Spectator Mode]
[19:59:58] [Server thread/INFO]: [tomisherio: Set own game mode to Creative Mode]
[20:00:04] [Server thread/INFO]: [tomisherio: Set own game mode to Spectator Mode]
[20:00:22] [Server thread/INFO]: [tomisherio: Set own game mode to Creative Mode]
[20:01:00] [Server thread/INFO]: [tomisherio: Set own game mode to Spectator Mode]
[20:04:43] [Server thread/INFO]: [tomisherio: Set own game mode to Creative Mode]
[20:04:47] [Server thread/INFO]: [tomisherio: Set own game mode to Spectator Mode]
[20:04:52] [Server thread/INFO]: [tomisherio: Set own game mode to Creative Mode]
[20:04:54] [Server thread/INFO]: [tomisherio: Set own game mode to Spectator Mode]
[20:04:56] [Server thread/INFO]: [tomisherio: Set own game mode to Creative Mode]
[20:04:57] [Server thread/INFO]: [tomisherio: Set own game mode to Spectator Mode]
[20:04:59] [Server thread/INFO]: [tomisherio: Set own game mode to Creative Mode]
[20:05:00] [Server thread/INFO]: [tomisherio: Set own game mode to Spectator Mode]
[20:05:06] [Server thread/INFO]: [tomisherio: Set own game mode to Creative Mode]
[20:05:08] [Server thread/INFO]: [tomisherio: Set own game mode to Spectator Mode]
[20:05:19] [Server thread/INFO]: [tomisherio: Set own game mode to Creative Mode]
[20:05:22] [Server thread/INFO]: [tomisherio: Set own game mode to Spectator Mode]
[20:05:24] [Server thread/INFO]: [tomisherio: Set own game mode to Creative Mode]
[20:05:25] [Server thread/INFO]: [tomisherio: Set own game mode to Spectator Mode]
[20:05:27] [Server thread/INFO]: [tomisherio: Set own game mode to Creative Mode]
[20:05:27] [Server thread/INFO]: [tomisherio: Set own game mode to Spectator Mode]
[20:05:40] [Server thread/INFO]: [tomisherio: Set own game mode to Creative Mode]
[20:05:42] [Server thread/INFO]: [tomisherio: Set own game mode to Spectator Mode]
[20:05:45] [Server thread/INFO]: [tomisherio: Set own game mode to Creative Mode]
[20:05:46] [Server thread/INFO]: [tomisherio: Set own game mode to Spectator Mode]
[20:05:56] [Server thread/INFO]: [tomisherio: Set own game mode to Creative Mode]
[20:05:57] [Server thread/INFO]: [tomisherio: Set own game mode to Spectator Mode]
[20:06:05] [Server thread/INFO]: [tomisherio: Set own game mode to Creative Mode]
[20:06:06] [Server thread/INFO]: [tomisherio: Set own game mode to Spectator Mode]
[20:06:08] [Server thread/INFO]: [tomisherio: Set own game mode to Creative Mode]
[20:06:09] [Server thread/INFO]: [tomisherio: Set own game mode to Spectator Mode]
[20:06:11] [Server thread/INFO]: [tomisherio: Set own game mode to Creative Mode]
[20:06:11] [Server thread/INFO]: [tomisherio: Set own game mode to Spectator Mode]
[20:06:34] [Server thread/INFO]: [tomisherio: Set own game mode to Creative Mode]
[20:07:15] [Server thread/INFO]: [tomisherio: Set own game mode to Survival Mode]
[20:19:11] [Server thread/INFO]: [tomisherio: Set own game mode to Creative Mode]
[20:19:18] [Server thread/INFO]: [tomisherio: Set own game mode to Spectator Mode]
[20:19:31] [Server thread/INFO]: [tomisherio: Set own game mode to Creative Mode]
[20:20:50] [Server thread/INFO]: [tomisherio: Set own game mode to Spectator Mode]
[20:28:09] [Server thread/INFO]: [tomisherio: Set own game mode to Creative Mode]
[20:33:05] [Server thread/INFO]: [tomisherio: Set own game mode to Spectator Mode]
[20:33:13] [Server thread/INFO]: [tomisherio: Set own game mode to Creative Mode]
[20:33:24] [Server thread/INFO]: [tomisherio: Set own game mode to Spectator Mode]
[20:33:30] [Server thread/INFO]: [tomisherio: Set own game mode to Creative Mode]
[20:33:43] [Server thread/INFO]: [tomisherio: Set own game mode to Spectator Mode]
[20:34:01] [Server thread/INFO]: [tomisherio: Set own game mode to Survival Mode]
[20:34:05] [Server thread/INFO]: [tomisherio: Set own game mode to Spectator Mode]
[20:34:10] [Server thread/INFO]: [tomisherio: Set own game mode to Survival Mode]
[20:34:14] [Server thread/INFO]: [tomisherio: Set own game mode to Spectator Mode]
[20:34:27] [Server thread/INFO]: [tomisherio: Set own game mode to Survival Mode]
[20:43:01] [Server thread/INFO]: [tomisherio: Set own game mode to Creative Mode]
[20:43:02] [Server thread/INFO]: [tomisherio: Set own game mode to Spectator Mode]
[20:43:05] [Server thread/INFO]: [tomisherio: Set own game mode to Creative Mode]
[20:43:48] [Server thread/INFO]: [tomisherio: Set own game mode to Spectator Mode]
[20:43:53] [Server thread/INFO]: [tomisherio: Set own game mode to Creative Mode]
[20:43:58] [Server thread/INFO]: [tomisherio: Set own game mode to Survival Mode]
