[00:47:39] [Server thread/INFO]: Villager class_1646['Villager'/431, l='ServerLevel[ZaWarudo]', x=-58.30, y=69.25, z=138.70] died, message: 'Villager was squished too much'
[01:16:42] [Server thread/INFO]: Villager class_1646['Villager'/443, l='ServerLevel[ZaWarudo]', x=-58.30, y=69.97, z=138.24] died, message: 'Villager was squished too much'
[01:22:30] [Server thread/INFO]: Villager class_1646['Villager'/425, l='ServerLevel[ZaWarudo]', x=-58.30, y=69.29, z=138.70] died, message: 'Villager was squished too much'
[01:23:44] [Server thread/INFO]: Villager class_1646['Villager'/444, l='ServerLevel[ZaWarudo]', x=-58.88, y=69.41, z=138.70] died, message: 'Villager was squished too much'
[01:24:05] [Server thread/INFO]: Villager class_1646['Villager'/6455, l='ServerLevel[ZaWarudo]', x=-58.79, y=69.52, z=138.12] died, message: 'Villager was squished too much'
[01:35:42] [Server thread/INFO]: Villager class_1646['Villager'/438, l='ServerLevel[ZaWarudo]', x=-58.84, y=69.50, z=138.13] died, message: 'Villager was squished too much'
[01:41:31] [Server thread/INFO]: Villager class_1646['Villager'/441, l='ServerLevel[ZaWarudo]', x=-58.75, y=69.82, z=138.70] died, message: 'Villager was squished too much'
[02:15:10] [Server thread/INFO]: tomisherio lost connection: Disconnected
[02:15:10] [Server thread/INFO]: tomisherio left the game
[02:20:06] [User Authenticator #2/INFO]: UUID of player tomisherio is 15e381a8-1724-43a6-8b15-5dadbe1369ab
[02:20:06] [Server thread/INFO]: tomisherio[/184.103.253.150:53778] logged in with entity id 55085 at (-138.5528215438409, 200.0, 202.9370144930685)
[02:20:06] [Server thread/INFO]: tomisherio joined the game
[02:32:19] [Server thread/WARN]: tomisherio moved wrongly!
[02:35:59] [Server thread/WARN]: Mismatch in destroy block pos: class_2338{x=20, y=75, z=74} class_2338{x=19, y=74, z=73}
[02:36:53] [Server thread/INFO]: Villager class_1646['Villager'/21428, l='ServerLevel[ZaWarudo]', x=-58.86, y=69.61, z=138.11] died, message: 'Villager was squished too much'
[02:36:59] [Server thread/WARN]: Mismatch in destroy block pos: class_2338{x=-3, y=80, z=53} class_2338{x=-2, y=80, z=53}
[02:51:02] [Server thread/WARN]: Mismatch in destroy block pos: class_2338{x=-30, y=70, z=56} class_2338{x=-31, y=70, z=57}
[02:51:13] [Server thread/WARN]: Mismatch in destroy block pos: class_2338{x=-33, y=71, z=69} class_2338{x=-32, y=71, z=69}
[02:51:13] [Server thread/WARN]: Mismatch in destroy block pos: class_2338{x=-33, y=71, z=69} class_2338{x=-32, y=71, z=69}
[02:51:13] [Server thread/WARN]: Mismatch in destroy block pos: class_2338{x=-33, y=71, z=69} class_2338{x=-32, y=71, z=69}
[02:52:34] [Server thread/WARN]: Mismatch in destroy block pos: class_2338{x=-25, y=69, z=59} class_2338{x=-25, y=68, z=60}
[02:52:34] [Server thread/WARN]: Mismatch in destroy block pos: class_2338{x=-25, y=69, z=59} class_2338{x=-25, y=68, z=60}
[02:52:34] [Server thread/WARN]: Mismatch in destroy block pos: class_2338{x=-25, y=69, z=59} class_2338{x=-25, y=68, z=60}
[02:52:34] [Server thread/WARN]: Mismatch in destroy block pos: class_2338{x=-25, y=69, z=59} class_2338{x=-25, y=68, z=60}
[02:52:34] [Server thread/WARN]: Mismatch in destroy block pos: class_2338{x=-25, y=69, z=59} class_2338{x=-25, y=68, z=60}
[02:52:34] [Server thread/WARN]: Mismatch in destroy block pos: class_2338{x=-25, y=69, z=59} class_2338{x=-25, y=68, z=60}
[02:53:18] [Server thread/WARN]: Mismatch in destroy block pos: class_2338{x=-37, y=65, z=86} class_2338{x=-38, y=64, z=86}
[02:54:48] [Server thread/WARN]: Mismatch in destroy block pos: class_2338{x=-25, y=71, z=72} class_2338{x=-25, y=71, z=73}
[02:54:48] [Server thread/WARN]: Mismatch in destroy block pos: class_2338{x=-25, y=71, z=72} class_2338{x=-25, y=71, z=73}
[02:54:48] [Server thread/WARN]: Mismatch in destroy block pos: class_2338{x=-25, y=71, z=72} class_2338{x=-25, y=71, z=73}
[02:54:48] [Server thread/WARN]: Mismatch in destroy block pos: class_2338{x=-25, y=71, z=72} class_2338{x=-25, y=71, z=73}
[02:58:36] [Server thread/WARN]: Mismatch in destroy block pos: class_2338{x=-18, y=68, z=53} class_2338{x=-17, y=67, z=53}
[02:58:41] [Server thread/WARN]: Mismatch in destroy block pos: class_2338{x=-25, y=66, z=53} class_2338{x=-24, y=65, z=53}
[03:00:36] [Server thread/WARN]: Mismatch in destroy block pos: class_2338{x=-19, y=71, z=54} class_2338{x=-19, y=71, z=55}
[03:00:36] [Server thread/WARN]: Mismatch in destroy block pos: class_2338{x=-19, y=71, z=54} class_2338{x=-19, y=71, z=55}
[03:01:12] [Server thread/WARN]: Fetching packet for removed entity class_1542['Air'/75480, l='ServerLevel[ZaWarudo]', x=-67.71, y=72.00, z=58.70]
[03:01:37] [Server thread/WARN]: Mismatch in destroy block pos: class_2338{x=6, y=71, z=66} class_2338{x=6, y=70, z=67}
[03:01:37] [Server thread/WARN]: Mismatch in destroy block pos: class_2338{x=6, y=71, z=66} class_2338{x=6, y=70, z=67}
[03:01:37] [Server thread/WARN]: Mismatch in destroy block pos: class_2338{x=6, y=71, z=66} class_2338{x=6, y=70, z=67}
[03:12:32] [Server thread/INFO]: Villager class_1646['Villager'/51499, l='ServerLevel[ZaWarudo]', x=-58.81, y=69.53, z=138.18] died, message: 'Villager was squished too much'
[03:18:36] [Server thread/INFO]: Villager class_1646['Villager'/23830, l='ServerLevel[ZaWarudo]', x=-58.73, y=69.47, z=138.16] died, message: 'Villager was squished too much'
[03:18:40] [Server thread/WARN]: Mismatch in destroy block pos: class_2338{x=-27, y=66, z=60} class_2338{x=-26, y=66, z=57}
[03:25:30] [Server thread/INFO]: Villager class_1646['Villager'/48049, l='ServerLevel[ZaWarudo]', x=-58.88, y=69.50, z=138.10] died, message: 'Villager was squished too much'
[03:33:23] [Server thread/INFO]: Villager class_1646['Villager'/32646, l='ServerLevel[ZaWarudo]', x=-58.82, y=69.75, z=138.70] died, message: 'Villager was squished too much'
[03:33:24] [Server thread/INFO]: Villager class_1646['Villager'/434, l='ServerLevel[ZaWarudo]', x=-58.84, y=69.41, z=138.70] died, message: 'Villager was squished too much'
[04:00:03] [Server thread/INFO]: Villager class_1646['Villager'/424, l='ServerLevel[ZaWarudo]', x=-58.30, y=69.30, z=138.70] died, message: 'Villager was squished too much'
[04:04:16] [Server thread/WARN]: Fetching packet for removed entity class_1542['Air'/97129, l='ServerLevel[ZaWarudo]', x=-67.46, y=72.00, z=58.70]
[04:10:31] [Server thread/WARN]: Fetching packet for removed entity class_1542['Air'/98839, l='ServerLevel[ZaWarudo]', x=-38.24, y=72.00, z=80.70]
[04:23:42] [Server thread/INFO]: Villager class_1646['Villager'/68514, l='ServerLevel[ZaWarudo]', x=-58.30, y=69.38, z=138.70] died, message: 'Villager was squished too much'
[04:36:04] [Server thread/WARN]: Fetching packet for removed entity class_1542['Air'/105499, l='ServerLevel[ZaWarudo]', x=-67.74, y=72.00, z=58.70]
[04:42:35] [Server thread/WARN]: tomisherio moved too quickly! 1014.6353958028776,11.233632006042477,-1748.5296344956807
[04:42:36] [Server thread/INFO]: Scanning for legacy world dragon fight...
[04:42:36] [Server thread/INFO]: Found that the dragon has been killed in this world already.
[04:49:01] [Server thread/WARN]: tomisherio moved too quickly! 1013.1714884091737,13.580000013113022,-1747.3170355472994
[04:49:01] [Server thread/WARN]: Entity class_3222['tomisherio'/55085, l='ServerLevel[ZaWarudo]', x=100.00, y=49.00, z=0.00] left loaded chunk area
[04:51:57] [Server thread/WARN]: Fetching packet for removed entity class_1542['Iron Ingot'/116494, l='ServerLevel[ZaWarudo]', x=-38.85, y=72.02, z=55.13]
[04:52:08] [Server thread/WARN]: Fetching packet for removed entity class_1542['Iron Ingot'/116517, l='ServerLevel[ZaWarudo]', x=-38.13, y=72.01, z=55.69]
[04:55:03] [Server thread/INFO]: Villager class_1646['Villager'/56811, l='ServerLevel[ZaWarudo]', x=-58.80, y=69.50, z=138.21] died, message: 'Villager was squished too much'
[05:01:31] [Server thread/INFO]: Villager class_1646['Villager'/422, l='ServerLevel[ZaWarudo]', x=-58.30, y=69.29, z=138.70] died, message: 'Villager was squished too much'
[05:02:33] [Server thread/INFO]: Villager class_1646['Villager'/85996, l='ServerLevel[ZaWarudo]', x=-58.90, y=69.44, z=138.70] died, message: 'Villager was squished too much'
[05:11:35] [Server thread/INFO]: tomisherio lost connection: Disconnected
[05:11:35] [Server thread/INFO]: tomisherio left the game
[05:11:36] [User Authenticator #3/INFO]: UUID of player tomisherio is 15e381a8-1724-43a6-8b15-5dadbe1369ab
[05:11:36] [Server thread/INFO]: tomisherio[/184.103.253.150:54274] logged in with entity id 123418 at (-12.402502055021099, 82.0, 57.87632888913589)
[05:11:36] [Server thread/INFO]: tomisherio joined the game
[05:12:38] [Server thread/INFO]: Villager class_1646['Villager'/100859, l='ServerLevel[ZaWarudo]', x=-58.30, y=69.61, z=138.14] died, message: 'Villager was squished too much'
[05:24:52] [Server thread/INFO]: Villager class_1646['Villager'/83867, l='ServerLevel[ZaWarudo]', x=-58.84, y=69.46, z=138.21] died, message: 'Villager was squished too much'
[05:30:31] [Server thread/INFO]: Villager class_1646['Villager'/420, l='ServerLevel[ZaWarudo]', x=-58.30, y=69.36, z=138.70] died, message: 'Villager was squished too much'
[05:45:40] [Server thread/INFO]: Villager class_1646['Villager'/52609, l='ServerLevel[ZaWarudo]', x=-58.87, y=69.56, z=138.25] died, message: 'Villager was squished too much'
[05:50:05] [Server thread/WARN]: Fetching packet for removed entity class_1542['Air'/135557, l='ServerLevel[ZaWarudo]', x=-67.72, y=72.00, z=58.70]
[06:09:15] [Server thread/INFO]: Villager class_1646['Villager'/122052, l='ServerLevel[ZaWarudo]', x=-58.73, y=69.52, z=138.19] died, message: 'Villager was squished too much'
[06:32:55] [Server thread/INFO]: Villager class_1646['Villager'/64334, l='ServerLevel[ZaWarudo]', x=-58.74, y=69.29, z=138.11] died, message: 'Villager was squished too much'
[06:39:21] [Server thread/INFO]: Villager class_1646['Villager'/143220, l='ServerLevel[ZaWarudo]', x=-69.30, y=67.39, z=137.47] died, message: 'Villager suffocated in a wall'
[07:06:29] [Server thread/WARN]: Fetching packet for removed entity class_1542['Air'/158810, l='ServerLevel[ZaWarudo]', x=-67.69, y=72.00, z=80.70]
[07:09:01] [Server thread/INFO]: Villager class_1646['Villager'/91627, l='ServerLevel[ZaWarudo]', x=-58.81, y=69.48, z=138.12] died, message: 'Villager was squished too much'
[07:12:10] [Server thread/INFO]: Villager class_1646['Villager'/95525, l='ServerLevel[ZaWarudo]', x=-58.81, y=69.47, z=138.33] died, message: 'Villager was squished too much'
[07:33:36] [Server thread/INFO]: Villager class_1646['Villager'/118935, l='ServerLevel[ZaWarudo]', x=-58.78, y=69.51, z=138.11] died, message: 'Villager was squished too much'
[07:58:20] [Server thread/INFO]: Villager class_1646['Villager'/97835, l='ServerLevel[ZaWarudo]', x=-58.77, y=69.18, z=138.70] died, message: 'Villager was squished too much'
[07:58:56] [Server thread/INFO]: Villager class_1646['Villager'/421, l='ServerLevel[ZaWarudo]', x=-58.30, y=69.26, z=138.70] died, message: 'Villager was squished too much'
[08:18:11] [Server thread/INFO]: Villager class_1646['Villager'/37538, l='ServerLevel[ZaWarudo]', x=-58.76, y=69.60, z=138.70] died, message: 'Villager was squished too much'
[08:39:33] [Server thread/INFO]: Villager class_1646['Villager'/437, l='ServerLevel[ZaWarudo]', x=-58.30, y=69.26, z=138.70] died, message: 'Villager was squished too much'
[08:55:36] [Server thread/WARN]: Fetching packet for removed entity class_1542['Poppy'/190262, l='ServerLevel[ZaWarudo]', x=-38.58, y=72.04, z=55.13]
[09:07:46] [Server thread/INFO]: Villager class_1646['Villager'/185499, l='ServerLevel[ZaWarudo]', x=-58.30, y=69.74, z=138.13] died, message: 'Villager was squished too much'
[09:11:43] [Server thread/INFO]: Villager class_1646['Villager'/175113, l='ServerLevel[ZaWarudo]', x=-58.75, y=69.97, z=138.70] died, message: 'Villager was squished too much'
[09:15:51] [Server thread/INFO]: Villager class_1646['Villager'/152423, l='ServerLevel[ZaWarudo]', x=-58.87, y=69.47, z=138.26] died, message: 'Villager was squished too much'
[09:21:20] [Server thread/INFO]: Villager class_1646['Villager'/177225, l='ServerLevel[ZaWarudo]', x=-58.64, y=69.28, z=138.54] died, message: 'Villager was squished too much'
[10:10:54] [Server thread/INFO]: Villager class_1646['Villager'/171834, l='ServerLevel[ZaWarudo]', x=-58.88, y=69.56, z=138.15] died, message: 'Villager was squished too much'
[10:48:12] [Server thread/INFO]: tomisherio lost connection: Disconnected
[10:48:12] [Server thread/INFO]: tomisherio left the game
[17:02:50] [User Authenticator #4/INFO]: UUID of player tomisherio is 15e381a8-1724-43a6-8b15-5dadbe1369ab
[17:02:50] [Server thread/INFO]: tomisherio[/184.103.253.150:55831] logged in with entity id 214026 at (10.390046917708265, 73.875, 60.72597504150489)
[17:02:50] [Server thread/INFO]: tomisherio joined the game
[17:17:17] [Server thread/INFO]: Villager class_1646['Villager'/209379, l='ServerLevel[ZaWarudo]', x=-58.79, y=69.51, z=138.12] died, message: 'Villager was squished too much'
[17:23:01] [Server thread/WARN]: Fetching packet for removed entity class_1542['Air'/219832, l='ServerLevel[ZaWarudo]', x=-67.63, y=72.00, z=59.39]
[17:26:29] [Server thread/WARN]: Mismatch in destroy block pos: class_2338{x=10, y=71, z=59} class_2338{x=11, y=71, z=59}
[17:30:07] [Server thread/INFO]: Villager class_1646['Villager'/182612, l='ServerLevel[ZaWarudo]', x=-58.79, y=69.52, z=138.12] died, message: 'Villager was squished too much'
[17:30:34] [Server thread/WARN]: Fetching packet for removed entity class_1542['Iron Ingot'/222015, l='ServerLevel[ZaWarudo]', x=-38.88, y=72.01, z=56.01]
[17:37:30] [Server thread/WARN]: Fetching packet for removed entity class_1542['Iron Ingot'/223518, l='ServerLevel[ZaWarudo]', x=-38.79, y=72.03, z=55.13]
[17:44:32] [Server thread/INFO]: Villager class_1646['Villager'/162337, l='ServerLevel[ZaWarudo]', x=-58.73, y=69.54, z=138.11] died, message: 'Villager was squished too much'
[18:10:27] [Server thread/INFO]: Villager class_1646['Villager'/106260, l='ServerLevel[ZaWarudo]', x=-58.89, y=69.60, z=138.14] died, message: 'Villager was squished too much'
[18:32:15] [Server thread/INFO]: Villager class_1646['Villager'/102948, l='ServerLevel[ZaWarudo]', x=-58.68, y=69.68, z=138.10] died, message: 'Villager was squished too much'
[18:36:00] [Server thread/INFO]: Villager class_1646['Villager'/219743, l='ServerLevel[ZaWarudo]', x=-58.85, y=69.51, z=138.13] died, message: 'Villager was squished too much'
[19:05:15] [User Authenticator #5/INFO]: UUID of player Rhoshari is 98c99870-a18c-4a0b-9ada-655ec4a9c068
[19:05:15] [Server thread/INFO]: Rhoshari[/184.155.17.31:51921] logged in with entity id 249459 at (-151.46369783948194, 69.5, 90.69999470734362)
[19:05:15] [Server thread/INFO]: Rhoshari joined the game
[19:06:43] [Server thread/INFO]: Villager class_1646['Villager'/224881, l='ServerLevel[ZaWarudo]', x=-58.30, y=69.82, z=138.14] died, message: 'Villager was squished too much'
[19:10:42] [Server thread/WARN]: Fetching packet for removed entity class_1542['Slimeball'/251868, l='ServerLevel[ZaWarudo]', x=-13.06, y=6.00, z=34.94]
[19:21:34] [Server thread/INFO]: Villager class_1646['Villager'/207801, l='ServerLevel[ZaWarudo]', x=-58.85, y=69.40, z=138.70] died, message: 'Villager was squished too much'
[19:24:22] [User Authenticator #6/INFO]: UUID of player Ya_Im_Andrew is d1c65397-e915-4a84-84c5-fe3fa7937777
[19:24:22] [Server thread/INFO]: Ya_Im_Andrew[/72.210.35.251:52221] logged in with entity id 257151 at (-35.930593632546106, 63.0, 36.63282834296911)
[19:24:22] [Server thread/INFO]: Ya_Im_Andrew joined the game
[19:41:16] [Server thread/INFO]: Ya_Im_Andrew lost connection: Disconnected
[19:41:16] [Server thread/INFO]: Ya_Im_Andrew left the game
[19:49:36] [Server thread/INFO]: Villager class_1646['Villager'/164815, l='ServerLevel[ZaWarudo]', x=-58.74, y=69.82, z=138.70] died, message: 'Villager was squished too much'
[19:59:53] [Server thread/WARN]: tomisherio moved wrongly!
[19:59:53] [Server thread/WARN]: tomisherio moved wrongly!
[20:00:09] [Server thread/WARN]: Fetching packet for removed entity class_1542['Iron Ingot'/274972, l='ServerLevel[ZaWarudo]', x=-38.13, y=72.06, z=55.13]
[20:00:38] [Server thread/INFO]: Villager class_1646['Villager'/440, l='ServerLevel[ZaWarudo]', x=-58.30, y=69.26, z=138.70] died, message: 'Villager was squished too much'
[20:07:56] [Server thread/INFO]: Rhoshari lost connection: Disconnected
[20:07:56] [Server thread/INFO]: Rhoshari left the game
[20:11:00] [Server thread/WARN]: Fetching packet for removed entity class_1542['Air'/278984, l='ServerLevel[ZaWarudo]', x=-67.58, y=72.00, z=80.70]
[20:19:05] [Server thread/INFO]: Villager class_1646['Villager'/227159, l='ServerLevel[ZaWarudo]', x=-58.76, y=69.48, z=138.20] died, message: 'Villager was squished too much'
[20:19:36] [Server thread/INFO]: Villager class_1646['Villager'/231858, l='ServerLevel[ZaWarudo]', x=-58.68, y=69.82, z=138.70] died, message: 'Villager was squished too much'
[20:20:10] [Server thread/INFO]: Villager class_1646['Villager'/221953, l='ServerLevel[ZaWarudo]', x=-58.79, y=69.00, z=138.70] died, message: 'Villager was squished too much'
[20:22:39] [Server thread/INFO]: Villager class_1646['Villager'/168499, l='ServerLevel[ZaWarudo]', x=-58.30, y=69.66, z=138.15] died, message: 'Villager was squished too much'
[20:22:43] [Server thread/WARN]: Fetching packet for removed entity class_1542['Air'/282761, l='ServerLevel[ZaWarudo]', x=-67.34, y=72.00, z=81.66]
[20:25:18] [Server thread/INFO]: Villager class_1646['Villager'/271248, l='ServerLevel[ZaWarudo]', x=-58.86, y=69.52, z=138.13] died, message: 'Villager was squished too much'
[20:25:49] [Server thread/INFO]: Villager class_1646['Villager'/254561, l='ServerLevel[ZaWarudo]', x=-58.70, y=69.28, z=138.70] died, message: 'Villager was squished too much'
[20:26:11] [Server thread/INFO]: Villager class_1646['Villager'/251265, l='ServerLevel[ZaWarudo]', x=-58.86, y=69.50, z=138.28] died, message: 'Villager was squished too much'
[20:27:39] [Server thread/INFO]: Villager class_1646['Villager'/241082, l='ServerLevel[ZaWarudo]', x=-58.80, y=69.48, z=138.12] died, message: 'Villager was squished too much'
[20:28:59] [Server thread/INFO]: Villager class_1646['Villager'/273938, l='ServerLevel[ZaWarudo]', x=-58.81, y=69.53, z=138.27] died, message: 'Villager was squished too much'
[20:30:50] [Server thread/INFO]: Villager class_1646['Villager'/423, l='ServerLevel[ZaWarudo]', x=-58.30, y=69.27, z=138.70] died, message: 'Villager was squished too much'
[20:34:14] [Server thread/WARN]: Mismatch in destroy block pos: class_2338{x=15, y=73, z=65} class_2338{x=15, y=73, z=66}
[21:19:00] [Server thread/WARN]: Fetching packet for removed entity class_1542['Air'/302026, l='ServerLevel[ZaWarudo]', x=-67.31, y=72.00, z=80.70]
[21:19:33] [Server thread/INFO]: tomisherio lost connection: Disconnected
[21:19:33] [Server thread/INFO]: tomisherio left the game
[21:20:34] [User Authenticator #7/INFO]: UUID of player tomisherio is 15e381a8-1724-43a6-8b15-5dadbe1369ab
[21:20:34] [Server thread/INFO]: tomisherio[/184.103.253.150:56685] logged in with entity id 302271 at (8.421336364184805, 103.0, 80.10961949498459)
[21:20:34] [Server thread/INFO]: tomisherio joined the game
[21:31:41] [Server thread/INFO]: tomisherio has made the advancement [Sticky Situation]
[21:39:11] [Server thread/INFO]: Villager class_1646['Villager'/277780, l='ServerLevel[ZaWarudo]', x=-58.83, y=69.48, z=138.17] died, message: 'Villager was squished too much'
[22:10:21] [Server thread/WARN]: Fetching packet for removed entity class_1542['Air'/319020, l='ServerLevel[ZaWarudo]', x=-67.30, y=72.00, z=59.51]
[22:18:38] [Server thread/INFO]: Villager class_1646['Villager'/428, l='ServerLevel[ZaWarudo]', x=-58.30, y=69.27, z=138.70] died, message: 'Villager was squished too much'
[22:21:46] [Server thread/WARN]: Fetching packet for removed entity class_1542['Air'/322284, l='ServerLevel[ZaWarudo]', x=-13.75, y=6.00, z=34.74]
[22:24:21] [Server thread/WARN]: Fetching packet for removed entity class_1542['Air'/323424, l='ServerLevel[ZaWarudo]', x=-67.46, y=72.00, z=80.70]
[22:28:36] [Server thread/WARN]: Fetching packet for removed entity class_1542['Air'/324963, l='ServerLevel[ZaWarudo]', x=-67.30, y=72.00, z=80.70]
[22:39:02] [Server thread/WARN]: tomisherio moved wrongly!
[22:46:42] [Server thread/INFO]: Villager class_1646['Villager'/288958, l='ServerLevel[ZaWarudo]', x=-58.88, y=69.52, z=138.12] died, message: 'Villager was squished too much'
[22:51:47] [Server thread/INFO]: tomisherio lost connection: Disconnected
[22:51:47] [Server thread/INFO]: tomisherio left the game
[22:53:31] [User Authenticator #8/INFO]: UUID of player GanonCann0n is ce34b950-cf6f-4093-8021-f361d57ec21e
[22:53:31] [Server thread/INFO]: GanonCann0n[/192.168.1.1:55171] logged in with entity id 332769 at (-186.47934744408892, 62.9059934256566, -170.45351274371956)
[22:53:31] [Server thread/INFO]: GanonCann0n joined the game
[22:59:18] [User Authenticator #9/INFO]: UUID of player tomisherio is 15e381a8-1724-43a6-8b15-5dadbe1369ab
[22:59:18] [Server thread/INFO]: tomisherio[/184.103.253.150:57067] logged in with entity id 334085 at (-164.72425548010943, 68.0, 103.69288417597707)
[22:59:18] [Server thread/INFO]: tomisherio joined the game
[23:00:30] [Server thread/INFO]: tomisherio lost connection: Disconnected
[23:00:30] [Server thread/INFO]: tomisherio left the game
[23:02:52] [User Authenticator #10/INFO]: UUID of player tomisherio is 15e381a8-1724-43a6-8b15-5dadbe1369ab
[23:02:53] [Server thread/INFO]: tomisherio[/184.103.253.150:57107] logged in with entity id 334967 at (11.774335826284009, 73.0, 57.95592211019457)
[23:02:53] [Server thread/INFO]: tomisherio joined the game
[23:06:00] [Server thread/INFO]: tomisherio lost connection: Disconnected
[23:06:00] [Server thread/INFO]: tomisherio left the game
[23:06:38] [User Authenticator #11/INFO]: UUID of player tomisherio is 15e381a8-1724-43a6-8b15-5dadbe1369ab
[23:06:38] [Server thread/INFO]: tomisherio[/184.103.253.150:57157] logged in with entity id 336456 at (2.1858983716079075, 107.125, 74.13927642758036)
[23:06:38] [Server thread/INFO]: tomisherio joined the game
[23:08:33] [Server thread/INFO]: GanonCann0n fell from a high place
[23:09:08] [Server thread/INFO]: [GanonCann0n: Set own game mode to Creative Mode]
[23:10:36] [Server thread/INFO]: [GanonCann0n: Set own game mode to Survival Mode]
[23:12:55] [Server thread/INFO]: Villager class_1646['Villager'/296772, l='ServerLevel[ZaWarudo]', x=-58.80, y=69.51, z=138.12] died, message: 'Villager was squished too much'
[23:15:18] [Server thread/INFO]: Villager class_1646['Villager'/307485, l='ServerLevel[ZaWarudo]', x=-58.85, y=69.50, z=138.33] died, message: 'Villager was squished too much'
[23:17:37] [Server thread/INFO]: Villager class_1646['Villager'/433, l='ServerLevel[ZaWarudo]', x=-58.30, y=69.25, z=138.70] died, message: 'Villager was squished too much'
[23:24:35] [Server thread/WARN]: tomisherio moved wrongly!
[23:32:45] [Server thread/INFO]: Villager class_1646['Villager'/214729, l='ServerLevel[ZaWarudo]', x=-58.30, y=69.26, z=138.70] died, message: 'Villager was squished too much'
[23:37:19] [Server thread/INFO]: GanonCann0n lost connection: Disconnected
[23:37:19] [Server thread/INFO]: GanonCann0n left the game
[23:37:29] [User Authenticator #12/INFO]: UUID of player GanonCann0n is ce34b950-cf6f-4093-8021-f361d57ec21e
[23:37:29] [Server thread/INFO]: GanonCann0n[/192.168.1.1:58957] logged in with entity id 349840 at (-268.1811321950651, 106.0, 216.29492047122167)
[23:37:29] [Server thread/INFO]: GanonCann0n joined the game
[23:38:45] [Server thread/INFO]: GanonCann0n was slain by Zombie
[23:42:21] [Server thread/INFO]: Villager class_1646['Villager'/291102, l='ServerLevel[ZaWarudo]', x=-58.87, y=69.47, z=138.17] died, message: 'Villager was squished too much'
[23:43:49] [Server thread/INFO]: Villager class_1646['Villager'/415, l='ServerLevel[ZaWarudo]', x=-58.30, y=69.26, z=138.70] died, message: 'Villager was squished too much'
[23:46:05] [Server thread/INFO]: GanonCann0n lost connection: Disconnected
[23:46:05] [Server thread/INFO]: GanonCann0n left the game
[23:47:59] [User Authenticator #13/INFO]: UUID of player GanonCann0n is ce34b950-cf6f-4093-8021-f361d57ec21e
[23:47:59] [Server thread/INFO]: GanonCann0n[/192.168.1.1:60018] logged in with entity id 353973 at (-234.4055256174728, 102.0, 170.19637732395256)
[23:47:59] [Server thread/INFO]: GanonCann0n joined the game
[23:51:07] [Server thread/INFO]: GanonCann0n has made the advancement [Voluntary Exile]
[23:56:46] [Server thread/INFO]: GanonCann0n lost connection: Disconnected
[23:56:46] [Server thread/INFO]: GanonCann0n left the game
