[02:26:23] [Server thread/INFO]: [tomisherio: Set own game mode to Spectator Mode]
[02:26:50] [Server thread/INFO]: [tomisherio: Set own game mode to Survival Mode]
[02:27:03] [Server thread/INFO]: [tomisherio: Set own game mode to Spectator Mode]
[02:27:10] [Server thread/INFO]: [tomisherio: Set own game mode to Survival Mode]
[02:28:39] [Server thread/INFO]: [tomisherio: Set own game mode to Spectator Mode]
[02:29:10] [Server thread/INFO]: [tomisherio: Set own game mode to Survival Mode]
[05:55:46] [Server thread/INFO]: [tomisherio: Gave 1 [Lever] to tomisherio]
[05:56:25] [Server thread/INFO]: [tomisherio: Gave 1 [White Stained Glass] to tomisherio]
[05:57:18] [Server thread/INFO]: [tomisherio: Set own game mode to Spectator Mode]
[05:57:26] [Server thread/INFO]: [tomisherio: Set own game mode to Survival Mode]
[05:57:36] [Server thread/INFO]: [tomisherio: Gave 1 [Sea Lantern] to tomisherio]
[05:57:51] [Server thread/INFO]: [tomisherio: Gave 3 [Item Frame] to tomisherio]
[05:57:57] [Server thread/INFO]: [tomisherio: Gave 1 [Egg] to tomisherio]
[05:58:01] [Server thread/INFO]: [tomisherio: Gave 1 [Obsidian] to tomisherio]
[05:58:03] [Server thread/INFO]: [tomisherio: Gave 1 [Obsidian] to tomisherio]
[05:58:11] [Server thread/INFO]: [tomisherio: Gave 1 [Lever] to tomisherio]
[05:58:14] [Server thread/INFO]: [tomisherio: Gave 1 [Lever] to tomisherio]
[05:58:35] [Server thread/INFO]: [tomisherio: Set own game mode to Creative Mode]
[06:00:35] [Server thread/INFO]: [tomisherio: Set own game mode to Spectator Mode]
[06:00:48] [Server thread/INFO]: [tomisherio: Set own game mode to Creative Mode]
[06:00:56] [Server thread/INFO]: [tomisherio: Set own game mode to Spectator Mode]
[06:00:59] [Server thread/INFO]: [tomisherio: Set own game mode to Creative Mode]
[06:23:10] [Server thread/INFO]: [tomisherio: Set own game mode to Survival Mode]
[06:23:53] [Server thread/INFO]: [tomisherio: Set own game mode to Creative Mode]
[06:24:08] [Server thread/INFO]: [tomisherio: Set own game mode to Survival Mode]
