[00:03:10] [Server thread/INFO]: [tomisherio: Set own game mode to Spectator Mode]
[00:03:23] [Server thread/INFO]: [tomisherio: Set own game mode to Survival Mode]
[00:05:34] [Server thread/INFO]: [tomisherio: Set own game mode to Spectator Mode]
[00:06:00] [Server thread/INFO]: [tomisherio: Set own game mode to Survival Mode]
[00:06:30] [Server thread/INFO]: [tomisherio: Set own game mode to Spectator Mode]
[00:06:40] [Server thread/INFO]: [tomisherio: Set own game mode to Survival Mode]
[00:06:57] [Server thread/INFO]: [tomisherio: Set own game mode to Spectator Mode]
[00:07:12] [Server thread/INFO]: [tomisherio: Set own game mode to Survival Mode]
[00:07:20] [Server thread/INFO]: [tomisherio: Set own game mode to Spectator Mode]
[00:07:30] [Server thread/INFO]: [tomisherio: Set own game mode to Survival Mode]
[00:08:59] [Server thread/INFO]: [tomisherio: Set own game mode to Spectator Mode]
[00:09:10] [Server thread/INFO]: [tomisherio: Set own game mode to Survival Mode]
[00:18:40] [Server thread/INFO]: [tomisherio: Set own game mode to Spectator Mode]
[00:18:47] [Server thread/INFO]: [tomisherio: Set own game mode to Survival Mode]
[00:19:53] [Server thread/INFO]: [tomisherio: Set own game mode to Spectator Mode]
[00:30:39] [Server thread/INFO]: [tomisherio: Set own game mode to Survival Mode]
[00:53:16] [Server thread/INFO]: [tomisherio: Set own game mode to Spectator Mode]
[00:53:34] [Server thread/INFO]: [tomisherio: Set own game mode to Survival Mode]
[00:53:52] [Server thread/INFO]: [tomisherio: Set own game mode to Spectator Mode]
[00:53:59] [Server thread/INFO]: [tomisherio: Set own game mode to Survival Mode]
[00:54:11] [Server thread/INFO]: [tomisherio: Set own game mode to Spectator Mode]
[00:54:18] [Server thread/INFO]: [tomisherio: Set own game mode to Survival Mode]
[00:54:24] [Server thread/INFO]: [tomisherio: Set own game mode to Spectator Mode]
[00:54:29] [Server thread/INFO]: [tomisherio: Set own game mode to Survival Mode]
[00:55:05] [Server thread/INFO]: [tomisherio: Set own game mode to Spectator Mode]
[00:55:16] [Server thread/INFO]: [tomisherio: Set own game mode to Survival Mode]
[01:03:30] [Server thread/INFO]: [tomisherio: Set own game mode to Spectator Mode]
[01:03:38] [Server thread/INFO]: [tomisherio: Set own game mode to Survival Mode]
[01:07:20] [Server thread/INFO]: [tomisherio: Set own game mode to Spectator Mode]
[01:07:28] [Server thread/INFO]: [tomisherio: Set own game mode to Survival Mode]
[01:07:33] [Server thread/INFO]: [tomisherio: Set own game mode to Spectator Mode]
[01:07:38] [Server thread/INFO]: [tomisherio: Set own game mode to Survival Mode]
[01:08:13] [Server thread/INFO]: [tomisherio: Set own game mode to Spectator Mode]
[01:08:17] [Server thread/INFO]: [tomisherio: Set own game mode to Survival Mode]
[01:09:46] [Server thread/INFO]: [tomisherio: Set own game mode to Spectator Mode]
[01:09:49] [Server thread/INFO]: [tomisherio: Set own game mode to Survival Mode]
[01:09:53] [Server thread/INFO]: [tomisherio: Set own game mode to Spectator Mode]
[01:10:09] [Server thread/INFO]: [tomisherio: Set own game mode to Survival Mode]
[01:10:58] [Server thread/INFO]: [tomisherio: Set own game mode to Spectator Mode]
[01:11:15] [Server thread/INFO]: [tomisherio: Set own game mode to Survival Mode]
[01:11:18] [Server thread/INFO]: [tomisherio: Set own game mode to Spectator Mode]
[01:11:34] [Server thread/INFO]: [tomisherio: Set own game mode to Survival Mode]
[01:13:25] [Server thread/INFO]: [tomisherio: Set own game mode to Spectator Mode]
[01:13:30] [Server thread/INFO]: [tomisherio: Set own game mode to Survival Mode]
[01:14:33] [Server thread/INFO]: [tomisherio: Set own game mode to Spectator Mode]
[01:14:49] [Server thread/INFO]: [tomisherio: Set own game mode to Survival Mode]
[01:16:21] [Server thread/INFO]: [tomisherio: Set own game mode to Spectator Mode]
[01:16:28] [Server thread/INFO]: [tomisherio: Set own game mode to Survival Mode]
[01:16:43] [Server thread/INFO]: [tomisherio: Set own game mode to Spectator Mode]
[01:16:55] [Server thread/INFO]: [tomisherio: Set own game mode to Survival Mode]
[01:17:22] [Server thread/INFO]: [tomisherio: Set own game mode to Spectator Mode]
[01:17:35] [Server thread/INFO]: [tomisherio: Set own game mode to Survival Mode]
[01:17:41] [Server thread/INFO]: [tomisherio: Set own game mode to Spectator Mode]
[01:17:47] [Server thread/INFO]: [tomisherio: Set own game mode to Creative Mode]
[01:17:52] [Server thread/INFO]: [tomisherio: Set own game mode to Survival Mode]
[01:19:16] [Server thread/INFO]: [tomisherio: Set own game mode to Spectator Mode]
[01:19:27] [Server thread/INFO]: [tomisherio: Set own game mode to Survival Mode]
[01:22:30] [Server thread/INFO]: [tomisherio: Set own game mode to Spectator Mode]
[01:22:35] [Server thread/INFO]: [tomisherio: Set own game mode to Survival Mode]
[01:22:39] [Server thread/INFO]: [tomisherio: Set own game mode to Spectator Mode]
[01:22:43] [Server thread/INFO]: [tomisherio: Set own game mode to Survival Mode]
[01:22:45] [Server thread/INFO]: [tomisherio: Set own game mode to Spectator Mode]
[01:22:47] [Server thread/INFO]: [tomisherio: Set own game mode to Survival Mode]
[01:22:50] [Server thread/INFO]: [tomisherio: Set own game mode to Spectator Mode]
[01:22:55] [Server thread/INFO]: [tomisherio: Set own game mode to Survival Mode]
[01:22:57] [Server thread/INFO]: [tomisherio: Set own game mode to Spectator Mode]
[01:23:01] [Server thread/INFO]: [tomisherio: Set own game mode to Survival Mode]
[01:23:03] [Server thread/INFO]: [tomisherio: Set own game mode to Spectator Mode]
[01:23:03] [Server thread/INFO]: [tomisherio: Set own game mode to Survival Mode]
[01:23:05] [Server thread/INFO]: [tomisherio: Set own game mode to Spectator Mode]
[01:23:09] [Server thread/INFO]: [tomisherio: Set own game mode to Survival Mode]
[01:23:12] [Server thread/INFO]: [tomisherio: Set own game mode to Spectator Mode]
[01:23:24] [Server thread/INFO]: [tomisherio: Set own game mode to Survival Mode]
[01:23:32] [Server thread/INFO]: [tomisherio: Set own game mode to Spectator Mode]
[01:23:52] [Server thread/INFO]: [tomisherio: Set own game mode to Survival Mode]
[01:24:21] [Server thread/INFO]: [tomisherio: Set own game mode to Spectator Mode]
[01:24:25] [Server thread/INFO]: [tomisherio: Set own game mode to Survival Mode]
[01:24:26] [Server thread/INFO]: [tomisherio: Set own game mode to Spectator Mode]
[01:24:53] [Server thread/INFO]: [tomisherio: Set own game mode to Survival Mode]
[01:24:55] [Server thread/INFO]: [tomisherio: Set own game mode to Spectator Mode]
[01:25:15] [Server thread/INFO]: [tomisherio: Set own game mode to Survival Mode]
[01:25:38] [Server thread/INFO]: [tomisherio: Set own game mode to Spectator Mode]
[01:25:49] [Server thread/INFO]: [tomisherio: Set own game mode to Survival Mode]
[01:25:51] [Server thread/INFO]: [tomisherio: Set own game mode to Spectator Mode]
[01:25:56] [Server thread/INFO]: [tomisherio: Set own game mode to Survival Mode]
[01:25:57] [Server thread/INFO]: [tomisherio: Set own game mode to Spectator Mode]
[01:26:01] [Server thread/INFO]: [tomisherio: Set own game mode to Survival Mode]
[01:26:02] [Server thread/INFO]: [tomisherio: Set own game mode to Spectator Mode]
[01:26:04] [Server thread/INFO]: [tomisherio: Set own game mode to Survival Mode]
[01:26:05] [Server thread/INFO]: [tomisherio: Set own game mode to Spectator Mode]
[01:26:10] [Server thread/INFO]: [tomisherio: Set own game mode to Survival Mode]
[01:26:11] [Server thread/INFO]: [tomisherio: Set own game mode to Spectator Mode]
[01:26:13] [Server thread/INFO]: [tomisherio: Set own game mode to Survival Mode]
[01:26:13] [Server thread/INFO]: [tomisherio: Set own game mode to Spectator Mode]
[01:26:17] [Server thread/INFO]: [tomisherio: Set own game mode to Survival Mode]
[01:26:20] [Server thread/INFO]: [tomisherio: Set own game mode to Spectator Mode]
[01:26:22] [Server thread/INFO]: [tomisherio: Set own game mode to Survival Mode]
[01:26:22] [Server thread/INFO]: [tomisherio: Set own game mode to Spectator Mode]
[01:26:25] [Server thread/INFO]: [tomisherio: Set own game mode to Survival Mode]
[01:26:26] [Server thread/INFO]: [tomisherio: Set own game mode to Spectator Mode]
[01:26:27] [Server thread/INFO]: [tomisherio: Set own game mode to Survival Mode]
[01:26:30] [Server thread/INFO]: [tomisherio: Set own game mode to Spectator Mode]
[01:26:37] [Server thread/INFO]: [tomisherio: Set own game mode to Survival Mode]
[01:26:37] [Server thread/INFO]: [tomisherio: Set own game mode to Spectator Mode]
[01:26:38] [Server thread/INFO]: [tomisherio: Set own game mode to Survival Mode]
[01:26:39] [Server thread/INFO]: [tomisherio: Set own game mode to Spectator Mode]
[01:26:54] [Server thread/INFO]: [tomisherio: Set own game mode to Survival Mode]
[01:26:55] [Server thread/INFO]: [tomisherio: Set own game mode to Spectator Mode]
[01:27:01] [Server thread/INFO]: [tomisherio: Set own game mode to Survival Mode]
[01:27:03] [Server thread/INFO]: [tomisherio: Set own game mode to Spectator Mode]
[01:27:05] [Server thread/INFO]: [tomisherio: Set own game mode to Survival Mode]
[01:27:05] [Server thread/INFO]: [tomisherio: Set own game mode to Spectator Mode]
[01:27:08] [Server thread/INFO]: [tomisherio: Set own game mode to Survival Mode]
[01:27:09] [Server thread/INFO]: [tomisherio: Set own game mode to Spectator Mode]
[01:27:13] [Server thread/INFO]: [tomisherio: Set own game mode to Survival Mode]
[01:27:57] [Server thread/INFO]: [tomisherio: Set own game mode to Spectator Mode]
[01:28:05] [Server thread/INFO]: [tomisherio: Set own game mode to Survival Mode]
[01:30:08] [Server thread/INFO]: [tomisherio: Set own game mode to Spectator Mode]
[01:30:11] [Server thread/INFO]: [tomisherio: Set own game mode to Survival Mode]
[01:30:41] [Server thread/INFO]: [tomisherio: Set own game mode to Spectator Mode]
[01:30:48] [Server thread/INFO]: [tomisherio: Set own game mode to Survival Mode]
[01:30:48] [Server thread/INFO]: [tomisherio: Set own game mode to Spectator Mode]
[01:30:52] [Server thread/INFO]: [tomisherio: Set own game mode to Survival Mode]
[01:30:52] [Server thread/INFO]: [tomisherio: Set own game mode to Spectator Mode]
[01:31:00] [Server thread/INFO]: [tomisherio: Set own game mode to Survival Mode]
[01:31:00] [Server thread/INFO]: [tomisherio: Set own game mode to Spectator Mode]
[01:31:01] [Server thread/INFO]: [tomisherio: Set own game mode to Survival Mode]
[01:31:02] [Server thread/INFO]: [tomisherio: Set own game mode to Spectator Mode]
[01:31:04] [Server thread/INFO]: [tomisherio: Set own game mode to Survival Mode]
[01:31:25] [Server thread/INFO]: [tomisherio: Set own game mode to Spectator Mode]
[01:31:30] [Server thread/INFO]: [tomisherio: Set own game mode to Survival Mode]
[01:33:03] [Server thread/INFO]: [tomisherio: Set own game mode to Spectator Mode]
[01:33:15] [Server thread/INFO]: [tomisherio: Set own game mode to Survival Mode]
[01:33:16] [Server thread/INFO]: [tomisherio: Set own game mode to Spectator Mode]
[01:33:26] [Server thread/INFO]: [tomisherio: Set own game mode to Survival Mode]
[01:34:01] [Server thread/INFO]: [tomisherio: Set own game mode to Spectator Mode]
[01:34:04] [Server thread/INFO]: [tomisherio: Set own game mode to Survival Mode]
[01:34:31] [Server thread/INFO]: [tomisherio: Set own game mode to Spectator Mode]
[01:34:37] [Server thread/INFO]: [tomisherio: Set own game mode to Survival Mode]
[01:36:13] [Server thread/INFO]: [tomisherio: Set own game mode to Spectator Mode]
[01:36:17] [Server thread/INFO]: [tomisherio: Set own game mode to Survival Mode]
[01:36:41] [Server thread/INFO]: [tomisherio: Set own game mode to Spectator Mode]
[01:36:50] [Server thread/INFO]: [tomisherio: Set own game mode to Survival Mode]
[01:36:52] [Server thread/INFO]: [tomisherio: Set own game mode to Spectator Mode]
[01:36:58] [Server thread/INFO]: [tomisherio: Set own game mode to Survival Mode]
[01:37:07] [Server thread/INFO]: [tomisherio: Set own game mode to Spectator Mode]
[01:37:21] [Server thread/INFO]: [tomisherio: Set own game mode to Survival Mode]
[01:37:43] [Server thread/INFO]: [tomisherio: Set own game mode to Spectator Mode]
[01:37:47] [Server thread/INFO]: [tomisherio: Set own game mode to Survival Mode]
[01:38:06] [Server thread/INFO]: [tomisherio: Set own game mode to Spectator Mode]
[01:38:14] [Server thread/INFO]: [tomisherio: Set own game mode to Survival Mode]
[01:38:36] [Server thread/INFO]: [tomisherio: Set own game mode to Spectator Mode]
[01:38:44] [Server thread/INFO]: [tomisherio: Set own game mode to Survival Mode]
[01:38:48] [Server thread/INFO]: [tomisherio: Set own game mode to Spectator Mode]
[01:38:54] [Server thread/INFO]: [tomisherio: Set own game mode to Survival Mode]
[01:39:02] [Server thread/INFO]: [tomisherio: Set own game mode to Spectator Mode]
[01:39:04] [Server thread/INFO]: [tomisherio: Set own game mode to Survival Mode]
[01:39:05] [Server thread/INFO]: [tomisherio: Set own game mode to Spectator Mode]
[01:39:09] [Server thread/INFO]: [tomisherio: Set own game mode to Survival Mode]
[01:39:11] [Server thread/INFO]: [tomisherio: Set own game mode to Spectator Mode]
[01:40:07] [Server thread/INFO]: [tomisherio: Set own game mode to Survival Mode]
[01:40:19] [Server thread/INFO]: [tomisherio: Set own game mode to Spectator Mode]
[01:40:30] [Server thread/INFO]: [tomisherio: Set own game mode to Survival Mode]
[01:40:54] [Server thread/INFO]: [tomisherio: Set own game mode to Spectator Mode]
[01:40:59] [Server thread/INFO]: [tomisherio: Set own game mode to Survival Mode]
[01:41:01] [Server thread/INFO]: [tomisherio: Set own game mode to Spectator Mode]
[01:41:14] [Server thread/INFO]: [tomisherio: Set own game mode to Survival Mode]
[01:41:23] [Server thread/INFO]: [tomisherio: Set own game mode to Spectator Mode]
[01:41:26] [Server thread/INFO]: [tomisherio: Set own game mode to Survival Mode]
[01:42:00] [Server thread/INFO]: [tomisherio: Set own game mode to Spectator Mode]
[01:42:14] [Server thread/INFO]: [tomisherio: Set own game mode to Survival Mode]
[01:42:23] [Server thread/INFO]: [tomisherio: Set own game mode to Spectator Mode]
[01:42:43] [Server thread/INFO]: [tomisherio: Set own game mode to Survival Mode]
[01:43:21] [Server thread/INFO]: [tomisherio: Set own game mode to Spectator Mode]
[01:43:26] [Server thread/INFO]: [tomisherio: Set own game mode to Survival Mode]
[01:43:26] [Server thread/INFO]: [tomisherio: Set own game mode to Spectator Mode]
[01:43:36] [Server thread/INFO]: [tomisherio: Set own game mode to Survival Mode]
[01:43:45] [Server thread/INFO]: [tomisherio: Set own game mode to Spectator Mode]
[01:43:58] [Server thread/INFO]: [tomisherio: Set own game mode to Survival Mode]
[01:45:17] [Server thread/INFO]: [tomisherio: Set own game mode to Spectator Mode]
[01:45:29] [Server thread/INFO]: [tomisherio: Set own game mode to Survival Mode]
[01:45:34] [Server thread/INFO]: [tomisherio: Set own game mode to Spectator Mode]
[01:45:36] [Server thread/INFO]: [tomisherio: Set own game mode to Survival Mode]
[01:45:40] [Server thread/INFO]: [tomisherio: Set own game mode to Spectator Mode]
[01:45:43] [Server thread/INFO]: [tomisherio: Set own game mode to Survival Mode]
[01:45:49] [Server thread/WARN]: Mismatch in destroy block pos: class_2338{x=1138, y=36, z=634} class_2338{x=1138, y=35, z=635}
[01:46:05] [Server thread/INFO]: [tomisherio: Set own game mode to Spectator Mode]
[01:46:20] [Server thread/INFO]: [tomisherio: Set own game mode to Survival Mode]
[01:46:25] [Server thread/INFO]: [tomisherio: Set own game mode to Spectator Mode]
[01:46:29] [Server thread/INFO]: [tomisherio: Set own game mode to Survival Mode]
[01:46:30] [Server thread/INFO]: [tomisherio: Set own game mode to Spectator Mode]
[01:46:37] [Server thread/INFO]: [tomisherio: Set own game mode to Survival Mode]
[01:46:40] [Server thread/INFO]: [tomisherio: Set own game mode to Spectator Mode]
[01:46:49] [Server thread/INFO]: [tomisherio: Set own game mode to Survival Mode]
[01:56:00] [Server thread/INFO]: [tomisherio: Set own game mode to Spectator Mode]
[01:56:07] [Server thread/INFO]: [tomisherio: Set own game mode to Survival Mode]
[01:56:33] [Server thread/INFO]: [tomisherio: Set own game mode to Spectator Mode]
[01:57:39] [Server thread/INFO]: [tomisherio: Set own game mode to Survival Mode]
[01:59:44] [Server thread/INFO]: [tomisherio: Set own game mode to Spectator Mode]
[02:00:04] [Server thread/INFO]: [tomisherio: Set own game mode to Survival Mode]
[02:02:01] [Server thread/INFO]: [tomisherio: Set own game mode to Spectator Mode]
[02:02:09] [Server thread/INFO]: [tomisherio: Set own game mode to Survival Mode]
[02:02:21] [Server thread/INFO]: [tomisherio: Set own game mode to Spectator Mode]
[02:02:26] [Server thread/INFO]: [tomisherio: Set own game mode to Survival Mode]
[02:02:27] [Server thread/INFO]: [tomisherio: Set own game mode to Spectator Mode]
[02:02:38] [Server thread/INFO]: [tomisherio: Set own game mode to Survival Mode]
[02:02:59] [Server thread/INFO]: [tomisherio: Set own game mode to Spectator Mode]
[02:03:03] [Server thread/INFO]: [tomisherio: Set own game mode to Survival Mode]
[02:03:27] [Server thread/WARN]: Mismatch in destroy block pos: class_2338{x=1163, y=18, z=534} class_2338{x=1171, y=13, z=544}
[02:03:46] [Server thread/INFO]: [tomisherio: Set own game mode to Spectator Mode]
[02:04:05] [Server thread/INFO]: [tomisherio: Set own game mode to Survival Mode]
[02:06:07] [Server thread/INFO]: [tomisherio: Set own game mode to Spectator Mode]
[02:06:15] [Server thread/INFO]: [tomisherio: Set own game mode to Survival Mode]
[02:06:41] [Server thread/INFO]: [tomisherio: Set own game mode to Spectator Mode]
[02:07:42] [Server thread/INFO]: [tomisherio: Set own game mode to Survival Mode]
[02:07:46] [Server thread/INFO]: [tomisherio: Set own game mode to Spectator Mode]
[02:08:22] [Server thread/INFO]: [tomisherio: Set own game mode to Survival Mode]
[02:08:24] [Server thread/INFO]: [tomisherio: Set own game mode to Spectator Mode]
[02:08:26] [Server thread/INFO]: [tomisherio: Set own game mode to Survival Mode]
[02:08:27] [Server thread/INFO]: [tomisherio: Set own game mode to Spectator Mode]
[02:08:31] [Server thread/INFO]: [tomisherio: Set own game mode to Survival Mode]
[02:09:03] [Server thread/INFO]: [tomisherio: Set own game mode to Spectator Mode]
[02:09:57] [Server thread/INFO]: [tomisherio: Set own game mode to Survival Mode]
[02:10:19] [Server thread/INFO]: [tomisherio: Set own game mode to Spectator Mode]
[02:10:24] [Server thread/INFO]: [tomisherio: Set own game mode to Survival Mode]
[02:10:25] [Server thread/INFO]: [tomisherio: Set own game mode to Spectator Mode]
[02:10:30] [Server thread/INFO]: [tomisherio: Set own game mode to Survival Mode]
[02:10:31] [Server thread/INFO]: [tomisherio: Set own game mode to Spectator Mode]
[02:10:34] [Server thread/INFO]: [tomisherio: Set own game mode to Survival Mode]
[02:10:37] [Server thread/INFO]: [tomisherio: Set own game mode to Spectator Mode]
[02:11:22] [Server thread/INFO]: [tomisherio: Set own game mode to Survival Mode]
[02:11:47] [Server thread/INFO]: [tomisherio: Set own game mode to Spectator Mode]
[02:11:52] [Server thread/INFO]: [tomisherio: Set own game mode to Survival Mode]
[02:12:19] [Server thread/INFO]: [tomisherio: Set own game mode to Spectator Mode]
[02:28:07] [Server thread/INFO]: [tomisherio: Set own game mode to Survival Mode]
[02:29:30] [Server thread/INFO]: [tomisherio: Set own game mode to Spectator Mode]
[02:29:45] [Server thread/INFO]: [tomisherio: Set own game mode to Survival Mode]
[02:29:46] [Server thread/INFO]: [tomisherio: Set own game mode to Spectator Mode]
[02:29:49] [Server thread/INFO]: [tomisherio: Set own game mode to Survival Mode]
[02:29:50] [Server thread/INFO]: [tomisherio: Set own game mode to Spectator Mode]
[02:29:53] [Server thread/INFO]: [tomisherio: Set own game mode to Survival Mode]
[02:29:54] [Server thread/INFO]: [tomisherio: Set own game mode to Spectator Mode]
[02:29:57] [Server thread/INFO]: [tomisherio: Set own game mode to Survival Mode]
[02:30:15] [Server thread/INFO]: [tomisherio: Set own game mode to Spectator Mode]
[02:30:19] [Server thread/INFO]: [tomisherio: Set own game mode to Survival Mode]
[02:30:21] [Server thread/INFO]: [tomisherio: Set own game mode to Spectator Mode]
[02:30:27] [Server thread/INFO]: [tomisherio: Set own game mode to Survival Mode]
[02:30:45] [Server thread/INFO]: [tomisherio: Set own game mode to Spectator Mode]
[02:30:58] [Server thread/INFO]: [tomisherio: Set own game mode to Survival Mode]
[02:31:58] [Server thread/INFO]: [tomisherio: Set own game mode to Spectator Mode]
[02:32:05] [Server thread/INFO]: [tomisherio: Set own game mode to Survival Mode]
[02:35:11] [Server thread/INFO]: [tomisherio: Set own game mode to Spectator Mode]
[02:36:13] [Server thread/INFO]: [tomisherio: Set own game mode to Survival Mode]
[02:36:25] [Server thread/INFO]: [tomisherio: Set own game mode to Spectator Mode]
[02:36:28] [Server thread/INFO]: [tomisherio: Set own game mode to Survival Mode]
[02:36:29] [Server thread/INFO]: [tomisherio: Set own game mode to Spectator Mode]
[02:36:31] [Server thread/INFO]: [tomisherio: Set own game mode to Survival Mode]
[02:36:31] [Server thread/INFO]: [tomisherio: Set own game mode to Spectator Mode]
[02:36:34] [Server thread/INFO]: [tomisherio: Set own game mode to Survival Mode]
[02:36:36] [Server thread/INFO]: [tomisherio: Set own game mode to Spectator Mode]
[02:36:39] [Server thread/INFO]: [tomisherio: Set own game mode to Survival Mode]
[02:36:40] [Server thread/INFO]: [tomisherio: Set own game mode to Spectator Mode]
[02:36:45] [Server thread/INFO]: [tomisherio: Set own game mode to Survival Mode]
[02:36:47] [Server thread/INFO]: [tomisherio: Set own game mode to Spectator Mode]
[02:36:50] [Server thread/INFO]: [tomisherio: Set own game mode to Survival Mode]
[02:36:51] [Server thread/INFO]: [tomisherio: Set own game mode to Spectator Mode]
[02:36:54] [Server thread/INFO]: [tomisherio: Set own game mode to Survival Mode]
[02:36:54] [Server thread/INFO]: [tomisherio: Set own game mode to Spectator Mode]
[02:36:58] [Server thread/INFO]: [tomisherio: Set own game mode to Survival Mode]
[02:37:00] [Server thread/INFO]: [tomisherio: Set own game mode to Spectator Mode]
[02:37:03] [Server thread/INFO]: [tomisherio: Set own game mode to Survival Mode]
[02:37:08] [Server thread/INFO]: [tomisherio: Set own game mode to Spectator Mode]
[02:37:11] [Server thread/INFO]: [tomisherio: Set own game mode to Survival Mode]
[02:37:14] [Server thread/INFO]: [tomisherio: Set own game mode to Spectator Mode]
[02:37:17] [Server thread/INFO]: [tomisherio: Set own game mode to Survival Mode]
[02:37:18] [Server thread/INFO]: [tomisherio: Set own game mode to Spectator Mode]
[02:37:22] [Server thread/INFO]: [tomisherio: Set own game mode to Survival Mode]
[02:37:22] [Server thread/INFO]: [tomisherio: Set own game mode to Spectator Mode]
[02:37:25] [Server thread/INFO]: [tomisherio: Set own game mode to Survival Mode]
[02:37:27] [Server thread/INFO]: [tomisherio: Set own game mode to Spectator Mode]
[02:37:31] [Server thread/INFO]: [tomisherio: Set own game mode to Survival Mode]
[02:37:31] [Server thread/INFO]: [tomisherio: Set own game mode to Spectator Mode]
[02:37:34] [Server thread/INFO]: [tomisherio: Set own game mode to Survival Mode]
[02:37:34] [Server thread/INFO]: [tomisherio: Set own game mode to Spectator Mode]
[02:37:43] [Server thread/INFO]: [tomisherio: Set own game mode to Survival Mode]
[02:37:44] [Server thread/INFO]: [tomisherio: Set own game mode to Spectator Mode]
[02:37:49] [Server thread/INFO]: [tomisherio: Set own game mode to Survival Mode]
[02:40:04] [Server thread/INFO]: [tomisherio: Set own game mode to Spectator Mode]
[02:40:15] [Server thread/INFO]: [tomisherio: Set own game mode to Survival Mode]
[02:40:22] [Server thread/INFO]: [tomisherio: Set own game mode to Spectator Mode]
[02:40:30] [Server thread/INFO]: [tomisherio: Set own game mode to Survival Mode]
[02:40:31] [Server thread/INFO]: [tomisherio: Set own game mode to Spectator Mode]
[02:40:38] [Server thread/INFO]: [tomisherio: Set own game mode to Survival Mode]
[02:40:38] [Server thread/INFO]: [tomisherio: Set own game mode to Spectator Mode]
[02:40:43] [Server thread/INFO]: [tomisherio: Set own game mode to Survival Mode]
[02:40:43] [Server thread/INFO]: [tomisherio: Set own game mode to Spectator Mode]
[02:40:49] [Server thread/INFO]: [tomisherio: Set own game mode to Survival Mode]
[02:40:50] [Server thread/INFO]: [tomisherio: Set own game mode to Spectator Mode]
[02:40:52] [Server thread/INFO]: [tomisherio: Set own game mode to Survival Mode]
[02:40:53] [Server thread/INFO]: [tomisherio: Set own game mode to Spectator Mode]
[02:40:56] [Server thread/INFO]: [tomisherio: Set own game mode to Survival Mode]
[02:40:56] [Server thread/INFO]: [tomisherio: Set own game mode to Spectator Mode]
[02:40:59] [Server thread/INFO]: [tomisherio: Set own game mode to Survival Mode]
[02:40:59] [Server thread/INFO]: [tomisherio: Set own game mode to Spectator Mode]
[02:41:08] [Server thread/INFO]: [tomisherio: Set own game mode to Survival Mode]
[02:41:08] [Server thread/INFO]: [tomisherio: Set own game mode to Spectator Mode]
[02:41:12] [Server thread/INFO]: [tomisherio: Set own game mode to Survival Mode]
[02:41:12] [Server thread/INFO]: [tomisherio: Set own game mode to Spectator Mode]
[02:41:47] [Server thread/INFO]: [tomisherio: Set own game mode to Survival Mode]
[02:41:48] [Server thread/INFO]: [tomisherio: Set own game mode to Spectator Mode]
[02:41:58] [Server thread/INFO]: [tomisherio: Set own game mode to Survival Mode]
[02:42:22] [Server thread/INFO]: [tomisherio: Set own game mode to Spectator Mode]
[02:42:37] [Server thread/INFO]: [tomisherio: Set own game mode to Survival Mode]
[02:42:40] [Server thread/INFO]: [tomisherio: Set own game mode to Spectator Mode]
[02:43:01] [Server thread/INFO]: [tomisherio: Set own game mode to Survival Mode]
[02:43:24] [Server thread/INFO]: [tomisherio: Set own game mode to Spectator Mode]
[02:43:28] [Server thread/INFO]: [tomisherio: Set own game mode to Survival Mode]
[02:43:28] [Server thread/INFO]: [tomisherio: Set own game mode to Spectator Mode]
[02:43:33] [Server thread/INFO]: [tomisherio: Set own game mode to Survival Mode]
[02:43:40] [Server thread/INFO]: [tomisherio: Set own game mode to Spectator Mode]
[02:44:05] [Server thread/INFO]: [tomisherio: Set own game mode to Survival Mode]
[02:44:19] [Server thread/INFO]: [tomisherio: Set own game mode to Spectator Mode]
[02:44:32] [Server thread/INFO]: [tomisherio: Set own game mode to Creative Mode]
[02:45:08] [Server thread/INFO]: [tomisherio: Set own game mode to Spectator Mode]
[02:45:30] [Server thread/INFO]: [tomisherio: Set own game mode to Creative Mode]
[02:48:04] [Server thread/INFO]: [tomisherio: Set own game mode to Spectator Mode]
[02:48:08] [Server thread/INFO]: [tomisherio: Set own game mode to Creative Mode]
[02:48:09] [Server thread/INFO]: [tomisherio: Set own game mode to Spectator Mode]
[02:48:42] [Server thread/INFO]: [tomisherio: Set own game mode to Creative Mode]
[02:48:51] [Server thread/INFO]: [tomisherio: Set own game mode to Spectator Mode]
[02:49:04] [Server thread/INFO]: [tomisherio: Set own game mode to Creative Mode]
[02:49:08] [Server thread/INFO]: [tomisherio: Set own game mode to Spectator Mode]
[02:49:41] [Server thread/INFO]: [tomisherio: Set own game mode to Creative Mode]
[02:49:57] [Server thread/INFO]: [tomisherio: Set own game mode to Spectator Mode]
[02:50:14] [Server thread/INFO]: [tomisherio: Set own game mode to Survival Mode]
[02:50:25] [Server thread/INFO]: [tomisherio: Set own game mode to Spectator Mode]
[02:50:33] [Server thread/INFO]: [tomisherio: Set own game mode to Survival Mode]
[02:50:46] [Server thread/INFO]: [tomisherio: Set own game mode to Spectator Mode]
[02:50:51] [Server thread/INFO]: [tomisherio: Set own game mode to Survival Mode]
[02:50:58] [Server thread/INFO]: [tomisherio: Set own game mode to Spectator Mode]
[02:51:07] [Server thread/INFO]: [tomisherio: Set own game mode to Survival Mode]
[02:51:12] [Server thread/INFO]: [tomisherio: Set own game mode to Spectator Mode]
[02:51:22] [Server thread/INFO]: [tomisherio: Set own game mode to Survival Mode]
[02:51:35] [Server thread/INFO]: [tomisherio: Set own game mode to Spectator Mode]
[02:51:42] [Server thread/INFO]: [tomisherio: Set own game mode to Survival Mode]
[02:51:44] [Server thread/INFO]: [tomisherio: Set own game mode to Spectator Mode]
[02:52:08] [Server thread/INFO]: [tomisherio: Set own game mode to Survival Mode]
[02:52:13] [Server thread/INFO]: [tomisherio: Set own game mode to Spectator Mode]
[02:52:25] [Server thread/INFO]: [tomisherio: Set own game mode to Survival Mode]
[02:53:08] [Server thread/INFO]: [tomisherio: Set own game mode to Spectator Mode]
[02:53:19] [Server thread/INFO]: [tomisherio: Set own game mode to Survival Mode]
[02:53:23] [Server thread/INFO]: [tomisherio: Set own game mode to Spectator Mode]
[02:53:39] [Server thread/INFO]: [tomisherio: Set own game mode to Survival Mode]
[02:54:19] [Server thread/INFO]: [tomisherio: Set own game mode to Spectator Mode]
[02:54:34] [Server thread/INFO]: [tomisherio: Set own game mode to Survival Mode]
[02:54:37] [Server thread/INFO]: [tomisherio: Set own game mode to Spectator Mode]
[02:54:43] [Server thread/INFO]: [tomisherio: Set own game mode to Survival Mode]
[02:55:41] [Server thread/INFO]: [tomisherio: Set own game mode to Spectator Mode]
[02:55:48] [Server thread/INFO]: [tomisherio: Set own game mode to Survival Mode]
[03:17:16] [Server thread/WARN]: Fetching packet for removed entity class_1542['Poppy'/1485671, l='ServerLevel[ZaWarudo]', x=-38.83, y=72.02, z=55.13]
[03:19:23] [Server thread/WARN]: Fetching packet for removed entity class_1542['Poppy'/1486424, l='ServerLevel[ZaWarudo]', x=-38.13, y=72.05, z=55.13]
[03:24:08] [Server thread/WARN]: tomisherio moved too quickly! 1014.3232554659064,13.580000013113022,-1747.9187466089495
[03:24:08] [Server thread/WARN]: Entity class_3222['tomisherio'/1428332, l='ServerLevel[ZaWarudo]', x=100.00, y=49.00, z=0.00] left loaded chunk area
[03:24:09] [Server thread/INFO]: Scanning for legacy world dragon fight...
[03:24:09] [Server thread/INFO]: Found that the dragon has been killed in this world already.
[03:24:46] [Server thread/WARN]: tomisherio moved wrongly!
[03:46:03] [Server thread/WARN]: Fetching packet for removed entity class_1542['Poppy'/1497172, l='ServerLevel[ZaWarudo]', x=-38.13, y=72.04, z=55.13]
[03:52:49] [Server thread/WARN]: Fetching packet for removed entity class_1542['Iron Ingot'/1499339, l='ServerLevel[ZaWarudo]', x=-38.13, y=72.05, z=55.13]
[03:54:28] [Server thread/INFO]: Villager class_1646['Villager'/464, l='ServerLevel[ZaWarudo]', x=-93.70, y=69.50, z=137.30] died, message: 'Villager was slain by tomisherio'
[03:54:36] [Server thread/INFO]: [tomisherio: Set own game mode to Creative Mode]
[03:54:48] [Server thread/INFO]: [tomisherio: Set own game mode to Survival Mode]
[04:13:44] [Server thread/INFO]: [tomisherio: Set own game mode to Creative Mode]
[04:14:04] [Server thread/INFO]: [tomisherio: Set own game mode to Survival Mode]
[04:16:30] [Server thread/INFO]: [tomisherio: Set own game mode to Creative Mode]
[04:16:35] [Server thread/INFO]: [tomisherio: Set own game mode to Survival Mode]
[04:22:01] [Server thread/INFO]: Villager class_1646['Villager'/629, l='ServerLevel[ZaWarudo]', x=-58.30, y=69.30, z=138.70] died, message: 'Villager was squished too much'
[04:25:34] [Server thread/WARN]: Mismatch in destroy block pos: class_2338{x=-152, y=73, z=126} class_2338{x=-151, y=72, z=127}
[04:42:47] [Server thread/WARN]: Fetching packet for removed entity class_1542['Air'/1516308, l='ServerLevel[ZaWarudo]', x=-67.72, y=72.00, z=80.70]
[04:59:10] [Server thread/INFO]: [tomisherio: Set own game mode to Spectator Mode]
[04:59:19] [Server thread/INFO]: [tomisherio: Set own game mode to Survival Mode]
[05:00:19] [Server thread/INFO]: [tomisherio: Set own game mode to Spectator Mode]
[05:00:25] [Server thread/INFO]: [tomisherio: Set own game mode to Survival Mode]
[05:03:18] [Server thread/WARN]: Can't keep up! Is the server overloaded? Running 2420ms or 48 ticks behind
[05:11:32] [Server thread/INFO]: [tomisherio: Teleported tomisherio to -163.5, 101.0, 82.5]
[05:12:42] [Server thread/INFO]: [tomisherio: Teleported tomisherio to -1306.5, 64.0, -2114.5]
[05:19:01] [Server thread/INFO]: [tomisherio: Set own game mode to Spectator Mode]
[05:20:13] [Server thread/INFO]: [tomisherio: Set own game mode to Survival Mode]
[05:21:01] [Server thread/INFO]: [tomisherio: Teleported tomisherio to -1306.5, 64.0, -2114.5]
[05:21:11] [Server thread/INFO]: [tomisherio: Teleported tomisherio to -1881.5, 79.0, -1814.5]
[05:21:32] [Server thread/INFO]: [tomisherio: Set own game mode to Spectator Mode]
[05:21:49] [Server thread/INFO]: [tomisherio: Set own game mode to Survival Mode]
[05:24:20] [Server thread/WARN]: Mismatch in destroy block pos: class_2338{x=-1436, y=63, z=-2330} class_2338{x=-1435, y=62, z=-2330}
[05:24:24] [Server thread/WARN]: Mismatch in destroy block pos: class_2338{x=-1436, y=61, z=-2335} class_2338{x=-1435, y=62, z=-2336}
[05:24:24] [Server thread/WARN]: Mismatch in destroy block pos: class_2338{x=-1436, y=61, z=-2335} class_2338{x=-1435, y=62, z=-2336}
[05:24:24] [Server thread/WARN]: Mismatch in destroy block pos: class_2338{x=-1436, y=61, z=-2335} class_2338{x=-1435, y=62, z=-2336}
[05:24:33] [Server thread/WARN]: Mismatch in destroy block pos: class_2338{x=-1438, y=61, z=-2331} class_2338{x=-1437, y=60, z=-2330}
[05:24:36] [Server thread/WARN]: Mismatch in destroy block pos: class_2338{x=-1438, y=62, z=-2325} class_2338{x=-1437, y=60, z=-2326}
[05:24:38] [Server thread/WARN]: Mismatch in destroy block pos: class_2338{x=-1436, y=63, z=-2323} class_2338{x=-1435, y=63, z=-2324}
[05:24:38] [Server thread/WARN]: Mismatch in destroy block pos: class_2338{x=-1436, y=63, z=-2323} class_2338{x=-1435, y=63, z=-2324}
[05:24:38] [Server thread/WARN]: Mismatch in destroy block pos: class_2338{x=-1436, y=63, z=-2323} class_2338{x=-1435, y=63, z=-2324}
[05:24:38] [Server thread/WARN]: Mismatch in destroy block pos: class_2338{x=-1436, y=63, z=-2323} class_2338{x=-1435, y=63, z=-2324}
[05:24:38] [Server thread/WARN]: Mismatch in destroy block pos: class_2338{x=-1436, y=63, z=-2323} class_2338{x=-1435, y=63, z=-2324}
[05:24:38] [Server thread/WARN]: Mismatch in destroy block pos: class_2338{x=-1436, y=63, z=-2323} class_2338{x=-1435, y=63, z=-2324}
[05:24:38] [Server thread/WARN]: Mismatch in destroy block pos: class_2338{x=-1436, y=63, z=-2323} class_2338{x=-1435, y=63, z=-2324}
[05:24:38] [Server thread/WARN]: Mismatch in destroy block pos: class_2338{x=-1436, y=63, z=-2323} class_2338{x=-1435, y=63, z=-2324}
[05:24:38] [Server thread/WARN]: Mismatch in destroy block pos: class_2338{x=-1436, y=63, z=-2323} class_2338{x=-1435, y=63, z=-2324}
[05:24:38] [Server thread/WARN]: Mismatch in destroy block pos: class_2338{x=-1436, y=63, z=-2323} class_2338{x=-1435, y=63, z=-2324}
[05:24:38] [Server thread/WARN]: Mismatch in destroy block pos: class_2338{x=-1436, y=63, z=-2323} class_2338{x=-1435, y=63, z=-2324}
[05:24:38] [Server thread/WARN]: Mismatch in destroy block pos: class_2338{x=-1436, y=63, z=-2323} class_2338{x=-1435, y=63, z=-2324}
[05:24:38] [Server thread/WARN]: Mismatch in destroy block pos: class_2338{x=-1436, y=63, z=-2323} class_2338{x=-1435, y=63, z=-2324}
[05:24:40] [Server thread/WARN]: Mismatch in destroy block pos: class_2338{x=-1433, y=64, z=-2325} class_2338{x=-1433, y=63, z=-2326}
[05:24:44] [Server thread/INFO]: [tomisherio: Set own game mode to Spectator Mode]
[05:24:49] [Server thread/INFO]: [tomisherio: Set own game mode to Survival Mode]
[05:24:54] [Server thread/WARN]: Mismatch in destroy block pos: class_2338{x=-1432, y=67, z=-2327} class_2338{x=-1431, y=66, z=-2327}
[05:26:11] [Server thread/WARN]: Mismatch in destroy block pos: class_2338{x=-304, y=64, z=-2798} class_2338{x=-303, y=64, z=-2799}
[05:26:15] [Server thread/WARN]: Mismatch in destroy block pos: class_2338{x=-302, y=62, z=-2796} class_2338{x=-303, y=62, z=-2796}
[05:26:15] [Server thread/WARN]: Mismatch in destroy block pos: class_2338{x=-302, y=62, z=-2796} class_2338{x=-303, y=62, z=-2796}
[05:26:15] [Server thread/WARN]: Mismatch in destroy block pos: class_2338{x=-302, y=62, z=-2796} class_2338{x=-303, y=62, z=-2796}
[05:26:15] [Server thread/WARN]: Mismatch in destroy block pos: class_2338{x=-302, y=62, z=-2796} class_2338{x=-303, y=62, z=-2796}
[05:26:15] [Server thread/WARN]: Mismatch in destroy block pos: class_2338{x=-302, y=62, z=-2796} class_2338{x=-303, y=62, z=-2796}
[05:27:29] [Server thread/INFO]: [tomisherio: Teleported tomisherio to -2002.5, 86.0, -1604.5]
[05:29:19] [Server thread/WARN]: Mismatch in destroy block pos: class_2338{x=-2643, y=60, z=-642} class_2338{x=-2643, y=59, z=-641}
[05:29:20] [Server thread/WARN]: Mismatch in destroy block pos: class_2338{x=-2644, y=60, z=-642} class_2338{x=-2644, y=59, z=-641}
[05:29:35] [Server thread/INFO]: [tomisherio: Set own game mode to Spectator Mode]
[05:29:41] [Server thread/INFO]: [tomisherio: Set own game mode to Survival Mode]
[05:30:54] [Server thread/INFO]: [tomisherio: Set own game mode to Spectator Mode]
[05:30:58] [Server thread/INFO]: [tomisherio: Set own game mode to Survival Mode]
[05:33:47] [Server thread/WARN]: Mismatch in destroy block pos: class_2338{x=-2160, y=63, z=-455} class_2338{x=-2158, y=60, z=-460}
[05:33:47] [Server thread/WARN]: Mismatch in destroy block pos: class_2338{x=-2160, y=63, z=-455} class_2338{x=-2158, y=60, z=-460}
[05:33:48] [Server thread/WARN]: Mismatch in destroy block pos: class_2338{x=-2157, y=61, z=-460} class_2338{x=-2157, y=61, z=-459}
[05:33:48] [Server thread/WARN]: Mismatch in destroy block pos: class_2338{x=-2157, y=61, z=-460} class_2338{x=-2157, y=61, z=-459}
[05:33:48] [Server thread/WARN]: Mismatch in destroy block pos: class_2338{x=-2157, y=62, z=-459} class_2338{x=-2157, y=61, z=-459}
[05:37:55] [Server thread/INFO]: [tomisherio: Set own game mode to Spectator Mode]
[05:38:15] [Server thread/INFO]: [tomisherio: Set own game mode to Survival Mode]
[06:12:44] [Server thread/WARN]: tomisherio moved wrongly!
[06:13:03] [Server thread/WARN]: Fetching packet for removed entity class_1542['Stick'/1563157, l='ServerLevel[ZaWarudo]', x=-139.87, y=57.35, z=23.75]
[06:14:47] [Server thread/INFO]: [tomisherio: Set own game mode to Spectator Mode]
[06:15:36] [Server thread/INFO]: [tomisherio: Set own game mode to Survival Mode]
[06:33:13] [Server thread/INFO]: tomisherio lost connection: Disconnected
[06:33:13] [Server thread/INFO]: tomisherio left the game
[06:33:24] [Server thread/INFO]: com.mojang.authlib.GameProfile@47dabdf[id=<null>,name=tomisherio,properties={},legacy=false] (/184.103.253.150:62122) lost connection: Disconnected
[06:35:35] [User Authenticator #7/INFO]: UUID of player tomisherio is 15e381a8-1724-43a6-8b15-5dadbe1369ab
[06:35:35] [Server thread/INFO]: tomisherio[/184.103.253.150:62175] logged in with entity id 1567686 at (-164.099426835903, 68.0, 104.76274510908704)
[06:35:35] [Server thread/INFO]: tomisherio joined the game
[06:39:55] [Server thread/WARN]: Fetching packet for removed entity class_1542['Powered Rail'/1569440, l='ServerLevel[ZaWarudo]', x=-58.13, y=70.00, z=99.13]
[06:41:58] [Server thread/INFO]: [tomisherio: Set own game mode to Spectator Mode]
[06:42:29] [Server thread/INFO]: [tomisherio: Set own game mode to Survival Mode]
[06:48:40] [Server thread/INFO]: [tomisherio: Set own game mode to Spectator Mode]
[06:48:57] [Server thread/INFO]: [tomisherio: Set own game mode to Survival Mode]
[06:52:17] [Server thread/INFO]: [tomisherio: Set own game mode to Spectator Mode]
[06:52:17] [Server thread/INFO]: [tomisherio: Set own game mode to Survival Mode]
[06:52:20] [Server thread/INFO]: [tomisherio: Set own game mode to Spectator Mode]
[06:52:22] [Server thread/INFO]: [tomisherio: Set own game mode to Survival Mode]
[07:12:50] [Server thread/WARN]: tomisherio moved too quickly! -17.321843502327397,-2.5410874594791437,0.7518593052350298
[08:11:38] [Server thread/WARN]: Mismatch in destroy block pos: class_2338{x=730, y=254, z=747} class_2338{x=731, y=254, z=749}
[08:30:25] [Server thread/INFO]: [tomisherio: Set own game mode to Creative Mode]
[08:30:45] [Server thread/INFO]: [tomisherio: Set own game mode to Survival Mode]
[09:31:01] [Server thread/INFO]: [tomisherio: Set own game mode to Spectator Mode]
[09:31:04] [Server thread/INFO]: [tomisherio: Set own game mode to Survival Mode]
[09:55:43] [Server thread/INFO]: [tomisherio: Set own game mode to Creative Mode]
[10:00:29] [Server thread/INFO]: [tomisherio: Set own game mode to Survival Mode]
[10:30:11] [Server thread/INFO]: [tomisherio: Set own game mode to Spectator Mode]
[10:30:32] [Server thread/INFO]: [tomisherio: Set own game mode to Survival Mode]
[10:54:30] [Server thread/INFO]: [tomisherio: Set own game mode to Spectator Mode]
[10:54:34] [Server thread/INFO]: [tomisherio: Set own game mode to Survival Mode]
[10:54:36] [Server thread/INFO]: [tomisherio: Set own game mode to Creative Mode]
[10:55:03] [Server thread/INFO]: [tomisherio: Set own game mode to Survival Mode]
[11:09:47] [Server thread/INFO]: [tomisherio: Set own game mode to Spectator Mode]
[11:10:01] [Server thread/INFO]: [tomisherio: Set own game mode to Creative Mode]
[11:10:39] [Server thread/INFO]: [tomisherio: Set own game mode to Spectator Mode]
[11:10:42] [Server thread/INFO]: [tomisherio: Set own game mode to Creative Mode]
[11:10:47] [Server thread/INFO]: [tomisherio: Set own game mode to Survival Mode]
[11:29:06] [Server thread/INFO]: [tomisherio: Set own game mode to Spectator Mode]
[11:29:07] [Server thread/INFO]: [tomisherio: Set own game mode to Survival Mode]
[11:29:10] [Server thread/INFO]: [tomisherio: Set own game mode to Spectator Mode]
[11:29:28] [Server thread/INFO]: [tomisherio: Set own game mode to Survival Mode]
[12:20:51] [Server thread/INFO]: [tomisherio: Set own game mode to Creative Mode]
[12:23:12] [Server thread/INFO]: [tomisherio: Set own game mode to Survival Mode]
[17:38:11] [Server thread/INFO]: [tomisherio: Gave 5 [Redstone Comparator] to tomisherio]
[17:38:30] [Server thread/INFO]: [tomisherio: Gave 5 [Black Carpet] to tomisherio]
[21:59:52] [Server thread/INFO]: [tomisherio: Teleported tomisherio to -149.5, 128.0, 575.5]
[22:05:25] [User Authenticator #8/INFO]: UUID of player GanonCann0n is ce34b950-cf6f-4093-8021-f361d57ec21e
[22:05:25] [Server thread/INFO]: GanonCann0n[/192.168.1.1:59652] logged in with entity id 1716918 at (-231.54131547305198, 100.0, 177.0281578246121)
[22:05:25] [Server thread/INFO]: GanonCann0n joined the game
[22:15:50] [Server thread/WARN]: Fetching packet for removed entity class_1542['Air'/1725082, l='ServerLevel[ZaWarudo]', x=-339.70, y=198.00, z=-93.73]
[22:25:36] [User Authenticator #9/INFO]: UUID of player unikittiezz is 6814cc81-0c4d-47cd-b7be-dc0b0589cdfc
[22:25:36] [Server thread/INFO]: unikittiezz[/192.168.1.1:52979] logged in with entity id 1730621 at (-421.2438247485177, 64.0, 147.58696336643104)
[22:25:36] [Server thread/INFO]: unikittiezz joined the game
[22:27:27] [Server thread/WARN]: Horse (vehicle of unikittiezz) moved wrongly! 0.2885049473024992
[22:27:50] [Server thread/WARN]: tomisherio moved too quickly! 18.47956442740565,-1.5341997568041421,0.8266994865348352
[22:27:51] [Server thread/WARN]: Horse (vehicle of unikittiezz) moved wrongly! 0.38495655761983016
[22:27:58] [Server thread/WARN]: Horse (vehicle of unikittiezz) moved wrongly! 0.27287747669365103
[22:27:59] [Server thread/WARN]: Horse (vehicle of unikittiezz) moved wrongly! 0.2516091723469174
[22:32:13] [Server thread/WARN]: Horse (vehicle of unikittiezz) moved wrongly! 0.2997339033052526
[22:32:53] [Server thread/WARN]: Horse (vehicle of unikittiezz) moved wrongly! 0.29133405378604493
[22:36:41] [Server thread/INFO]: <GanonCann0n> good day
[22:44:45] [Server thread/WARN]: Fetching packet for removed entity class_1542['Bamboo'/1744622, l='ServerLevel[ZaWarudo]', x=-172.04, y=67.03, z=10.06]
[22:46:13] [Server thread/WARN]: Horse (vehicle of unikittiezz) moved wrongly! 0.29652424071295513
[22:47:41] [Server thread/INFO]: <unikittiezz> I SAID GOOD DAY
[22:47:50] [Server thread/WARN]: tomisherio moved too quickly! 16.288715701770343,0.06014232441273748,6.377900548501657
[22:50:09] [Server thread/WARN]: Horse (vehicle of unikittiezz) moved wrongly! 0.2689439251666954
[22:50:39] [Server thread/WARN]: Horse (vehicle of unikittiezz) moved wrongly! 0.26576961930663856
[22:50:39] [Server thread/WARN]: Horse (vehicle of unikittiezz) moved wrongly! 0.2507785289735551
[22:50:52] [Server thread/INFO]: tomisherio has completed the challenge [Subspace Bubble]
[22:51:31] [Server thread/WARN]: Mismatch in destroy block pos: class_2338{x=133, y=128, z=70} class_2338{x=1093, y=68, z=540}
[22:54:40] [Server thread/INFO]: tomisherio has made the advancement [Local Brewery]
[22:55:13] [Server thread/WARN]: Horse (vehicle of unikittiezz) moved wrongly! 0.34821227201064175
[22:55:53] [Server thread/WARN]: Horse (vehicle of unikittiezz) moved wrongly! 0.2732356714748221
[22:55:57] [Server thread/WARN]: Horse (vehicle of unikittiezz) moved wrongly! 0.28591165421285325
[23:01:08] [Server thread/WARN]: Horse (vehicle of unikittiezz) moved wrongly! 0.25744925506540994
[23:01:33] [Server thread/WARN]: Horse (vehicle of unikittiezz) moved wrongly! 0.25788561953913813
[23:01:49] [Server thread/WARN]: Horse (vehicle of unikittiezz) moved wrongly! 0.35944305869179516
[23:01:51] [Server thread/WARN]: Horse (vehicle of unikittiezz) moved wrongly! 0.29804577146286704
[23:07:16] [Server thread/WARN]: Fetching packet for removed entity class_1542['White Wool'/1764836, l='ServerLevel[ZaWarudo]', x=-120.93, y=75.00, z=160.94]
[23:08:15] [Server thread/WARN]: Fetching packet for removed entity class_1542['Red Wool'/1765394, l='ServerLevel[ZaWarudo]', x=-118.49, y=75.00, z=160.94]
[23:11:57] [Server thread/INFO]: GanonCann0n lost connection: Disconnected
[23:11:57] [Server thread/INFO]: GanonCann0n left the game
[23:12:19] [Server thread/INFO]: tomisherio lost connection: Disconnected
[23:12:19] [Server thread/INFO]: tomisherio left the game
[23:14:57] [User Authenticator #10/INFO]: UUID of player tomisherio is 15e381a8-1724-43a6-8b15-5dadbe1369ab
[23:14:57] [Server thread/INFO]: tomisherio[/184.103.253.150:64818] logged in with entity id 1768069 at (-1842.1804727218907, 63.0, 1695.5550529513805)
[23:14:57] [Server thread/INFO]: tomisherio joined the game
[23:15:33] [Server thread/INFO]: tomisherio hit the ground too hard
[23:22:09] [User Authenticator #11/INFO]: UUID of player GanonCann0n is ce34b950-cf6f-4093-8021-f361d57ec21e
[23:22:09] [Server thread/INFO]: GanonCann0n[/192.168.1.1:60561] logged in with entity id 1771095 at (-235.5, 102.0000002, 166.5)
[23:22:09] [Server thread/INFO]: GanonCann0n joined the game
[23:22:50] [Server thread/WARN]: tomisherio moved too quickly! -17.5365910542815,0.33538706919057404,-5.142952377341686
[23:25:19] [Server thread/WARN]: Fetching packet for removed entity class_1542['Air'/1774348, l='ServerLevel[ZaWarudo]', x=-339.70, y=198.00, z=-93.21]
[23:26:46] [Server thread/WARN]: Fetching packet for removed entity class_1542['Red Wool'/1775299, l='ServerLevel[ZaWarudo]', x=-118.49, y=75.00, z=160.94]
[23:39:25] [Server thread/WARN]: Mismatch in destroy block pos: class_2338{x=-1831, y=74, z=1666} class_2338{x=-1832, y=74, z=1666}
[23:39:25] [Server thread/WARN]: Mismatch in destroy block pos: class_2338{x=-1831, y=74, z=1666} class_2338{x=-1832, y=74, z=1666}
[23:42:42] [Server thread/WARN]: Horse (vehicle of unikittiezz) moved wrongly! 0.3238065437186606
[23:42:43] [Server thread/WARN]: Horse (vehicle of unikittiezz) moved wrongly! 0.2776720249406708
[23:48:14] [Server thread/INFO]: tomisherio lost connection: Disconnected
[23:48:14] [Server thread/INFO]: tomisherio left the game
[23:48:53] [User Authenticator #12/INFO]: UUID of player tomisherio is 15e381a8-1724-43a6-8b15-5dadbe1369ab
[23:48:53] [Server thread/INFO]: tomisherio[/184.103.253.150:64925] logged in with entity id 1790309 at (-1835.5763157418974, 62.0, 1665.8988084402106)
[23:48:53] [Server thread/INFO]: tomisherio joined the game
[23:50:47] [Server thread/INFO]: tomisherio was slain by Guardian
[23:59:46] [Server thread/WARN]: Horse (vehicle of unikittiezz) moved wrongly! 0.3060657893549603
