[00:24:19] [Server thread/WARN]: Fetching packet for removed entity class_1542['Air'/994628, l='ServerLevel[ZaWarudo]', x=-67.28, y=72.00, z=58.70]
[00:56:23] [Server thread/WARN]: Fetching packet for removed entity class_1542['Air'/1005878, l='ServerLevel[ZaWarudo]', x=-139.24, y=56.61, z=23.50]
[01:05:53] [Server thread/WARN]: Mismatch in destroy block pos: class_2338{x=1110, y=65, z=470} class_2338{x=1110, y=66, z=467}
[01:07:54] [Server thread/WARN]: Mismatch in destroy block pos: class_2338{x=1112, y=66, z=472} class_2338{x=1112, y=65, z=470}
[01:10:19] [Server thread/WARN]: Mismatch in destroy block pos: class_2338{x=1117, y=66, z=436} class_2338{x=1117, y=65, z=435}
[01:16:23] [Server thread/WARN]: Mismatch in destroy block pos: class_2338{x=1126, y=66, z=475} class_2338{x=1126, y=66, z=473}
[01:16:29] [Server thread/WARN]: Mismatch in destroy block pos: class_2338{x=1128, y=66, z=478} class_2338{x=1129, y=65, z=477}
[01:16:29] [Server thread/WARN]: Mismatch in destroy block pos: class_2338{x=1128, y=66, z=478} class_2338{x=1129, y=65, z=477}
[01:24:41] [Server thread/WARN]: Mismatch in destroy block pos: class_2338{x=1141, y=66, z=457} class_2338{x=1141, y=65, z=459}
[01:26:00] [Server thread/INFO]: tomisherio lost connection: Disconnected
[01:26:00] [Server thread/INFO]: tomisherio left the game
[01:26:16] [User Authenticator #19/INFO]: UUID of player tomisherio is 15e381a8-1724-43a6-8b15-5dadbe1369ab
[01:26:16] [Server thread/INFO]: tomisherio[/184.103.253.150:54318] logged in with entity id 1017954 at (1161.0763216594503, 68.0, 472.20393523892733)
[01:26:16] [Server thread/INFO]: tomisherio joined the game
[01:31:41] [Server thread/INFO]: [tomisherio: Set own game mode to Spectator Mode]
[01:32:11] [Server thread/INFO]: [tomisherio: Set own game mode to Survival Mode]
[01:34:15] [Server thread/INFO]: [tomisherio: Set own game mode to Spectator Mode]
[01:34:17] [Server thread/INFO]: [tomisherio: Set own game mode to Survival Mode]
[01:34:18] [Server thread/INFO]: [tomisherio: Set own game mode to Creative Mode]
[01:36:57] [Server thread/INFO]: [tomisherio: Set own game mode to Survival Mode]
[01:38:26] [Server thread/INFO]: tomisherio lost connection: Disconnected
[01:38:26] [Server thread/INFO]: tomisherio left the game
[01:47:22] [User Authenticator #20/INFO]: UUID of player tomisherio is 15e381a8-1724-43a6-8b15-5dadbe1369ab
[01:47:22] [Server thread/INFO]: tomisherio[/184.103.253.150:54395] logged in with entity id 1022778 at (-138.30000001192093, 200.0, 202.7372505509161)
[01:47:22] [Server thread/INFO]: tomisherio joined the game
[01:47:27] [Server thread/INFO]: [tomisherio: Set own game mode to Creative Mode]
[01:48:58] [Server thread/INFO]: [tomisherio: Set own game mode to Survival Mode]
[02:01:10] [Server thread/INFO]: [tomisherio: Set own game mode to Creative Mode]
[02:01:22] [Server thread/INFO]: [tomisherio: Set own game mode to Survival Mode]
[02:02:15] [Server thread/WARN]: tomisherio moved wrongly!
[02:03:13] [Server thread/WARN]: tomisherio moved wrongly!
[02:04:12] [Server thread/WARN]: tomisherio moved wrongly!
[02:05:10] [Server thread/WARN]: tomisherio moved wrongly!
[02:06:09] [Server thread/WARN]: tomisherio moved wrongly!
[02:07:08] [Server thread/WARN]: tomisherio moved wrongly!
[02:08:06] [Server thread/WARN]: tomisherio moved wrongly!
[02:09:05] [Server thread/WARN]: tomisherio moved wrongly!
[02:10:03] [Server thread/WARN]: tomisherio moved wrongly!
[02:11:02] [Server thread/WARN]: tomisherio moved wrongly!
[02:12:01] [Server thread/WARN]: tomisherio moved wrongly!
[02:12:59] [Server thread/WARN]: tomisherio moved wrongly!
[02:13:58] [Server thread/WARN]: tomisherio moved wrongly!
[02:14:56] [Server thread/WARN]: tomisherio moved wrongly!
[02:15:55] [Server thread/WARN]: tomisherio moved wrongly!
[02:16:54] [Server thread/WARN]: tomisherio moved wrongly!
[02:17:52] [Server thread/WARN]: tomisherio moved wrongly!
[02:18:51] [Server thread/WARN]: tomisherio moved wrongly!
[02:19:49] [Server thread/WARN]: tomisherio moved wrongly!
[02:20:48] [Server thread/WARN]: tomisherio moved wrongly!
[02:21:46] [Server thread/WARN]: tomisherio moved wrongly!
[02:22:45] [Server thread/WARN]: tomisherio moved wrongly!
[02:23:44] [Server thread/WARN]: tomisherio moved wrongly!
[02:24:42] [Server thread/WARN]: tomisherio moved wrongly!
[02:25:41] [Server thread/WARN]: tomisherio moved wrongly!
[02:26:39] [Server thread/WARN]: tomisherio moved wrongly!
[02:27:38] [Server thread/WARN]: tomisherio moved wrongly!
[02:28:37] [Server thread/WARN]: tomisherio moved wrongly!
[02:29:35] [Server thread/WARN]: tomisherio moved wrongly!
[02:30:34] [Server thread/WARN]: tomisherio moved wrongly!
[02:31:33] [Server thread/WARN]: tomisherio moved wrongly!
[02:32:31] [Server thread/WARN]: tomisherio moved wrongly!
[02:33:30] [Server thread/WARN]: tomisherio moved wrongly!
[02:34:28] [Server thread/WARN]: tomisherio moved wrongly!
[02:35:27] [Server thread/WARN]: tomisherio moved wrongly!
[02:36:26] [Server thread/WARN]: tomisherio moved wrongly!
[02:37:24] [Server thread/WARN]: tomisherio moved wrongly!
[02:38:23] [Server thread/WARN]: tomisherio moved wrongly!
[02:39:21] [Server thread/WARN]: tomisherio moved wrongly!
[02:40:20] [Server thread/WARN]: tomisherio moved wrongly!
[02:41:18] [Server thread/WARN]: tomisherio moved wrongly!
[02:42:17] [Server thread/WARN]: tomisherio moved wrongly!
[02:43:16] [Server thread/WARN]: tomisherio moved wrongly!
[02:44:14] [Server thread/WARN]: tomisherio moved wrongly!
[02:45:13] [Server thread/WARN]: tomisherio moved wrongly!
[02:46:12] [Server thread/WARN]: tomisherio moved wrongly!
[02:47:10] [Server thread/WARN]: tomisherio moved wrongly!
[02:48:09] [Server thread/WARN]: tomisherio moved wrongly!
[02:49:07] [Server thread/WARN]: tomisherio moved wrongly!
[02:50:06] [Server thread/WARN]: tomisherio moved wrongly!
[02:51:04] [Server thread/WARN]: tomisherio moved wrongly!
[02:52:03] [Server thread/WARN]: tomisherio moved wrongly!
[02:53:02] [Server thread/WARN]: tomisherio moved wrongly!
[02:54:00] [Server thread/WARN]: tomisherio moved wrongly!
[02:54:59] [Server thread/WARN]: tomisherio moved wrongly!
[02:55:58] [Server thread/WARN]: tomisherio moved wrongly!
[02:56:56] [Server thread/WARN]: tomisherio moved wrongly!
[02:57:55] [Server thread/WARN]: tomisherio moved wrongly!
[02:58:53] [Server thread/WARN]: tomisherio moved wrongly!
[02:59:52] [Server thread/WARN]: tomisherio moved wrongly!
[03:00:50] [Server thread/WARN]: tomisherio moved wrongly!
[03:01:49] [Server thread/WARN]: tomisherio moved wrongly!
[03:02:48] [Server thread/WARN]: tomisherio moved wrongly!
[03:03:46] [Server thread/WARN]: tomisherio moved wrongly!
[03:04:45] [Server thread/WARN]: tomisherio moved wrongly!
[03:05:44] [Server thread/WARN]: tomisherio moved wrongly!
[03:06:42] [Server thread/WARN]: tomisherio moved wrongly!
[03:07:41] [Server thread/WARN]: tomisherio moved wrongly!
[03:08:39] [Server thread/WARN]: tomisherio moved wrongly!
[03:09:38] [Server thread/WARN]: tomisherio moved wrongly!
[03:10:37] [Server thread/WARN]: tomisherio moved wrongly!
[03:21:21] [Server thread/WARN]: tomisherio moved wrongly!
[03:22:20] [Server thread/WARN]: tomisherio moved wrongly!
[03:23:18] [Server thread/WARN]: tomisherio moved wrongly!
[03:24:17] [Server thread/WARN]: tomisherio moved wrongly!
[03:25:16] [Server thread/WARN]: tomisherio moved wrongly!
[03:26:14] [Server thread/WARN]: tomisherio moved wrongly!
[03:27:13] [Server thread/WARN]: tomisherio moved wrongly!
[03:28:11] [Server thread/WARN]: tomisherio moved wrongly!
[03:29:10] [Server thread/WARN]: tomisherio moved wrongly!
[03:30:09] [Server thread/WARN]: tomisherio moved wrongly!
[03:31:07] [Server thread/WARN]: tomisherio moved wrongly!
[03:32:06] [Server thread/WARN]: tomisherio moved wrongly!
[03:33:04] [Server thread/WARN]: tomisherio moved wrongly!
[03:34:03] [Server thread/WARN]: tomisherio moved wrongly!
[03:35:01] [Server thread/WARN]: tomisherio moved wrongly!
[03:36:00] [Server thread/WARN]: tomisherio moved wrongly!
[03:36:59] [Server thread/WARN]: tomisherio moved wrongly!
[03:37:57] [Server thread/WARN]: tomisherio moved wrongly!
[03:38:56] [Server thread/WARN]: tomisherio moved wrongly!
[03:39:54] [Server thread/WARN]: tomisherio moved wrongly!
[03:40:53] [Server thread/WARN]: tomisherio moved wrongly!
[03:41:52] [Server thread/WARN]: tomisherio moved wrongly!
[03:42:50] [Server thread/WARN]: tomisherio moved wrongly!
[03:43:49] [Server thread/WARN]: tomisherio moved wrongly!
[03:44:48] [Server thread/WARN]: tomisherio moved wrongly!
[03:45:46] [Server thread/WARN]: tomisherio moved wrongly!
[03:46:45] [Server thread/WARN]: tomisherio moved wrongly!
[03:47:43] [Server thread/WARN]: tomisherio moved wrongly!
[03:48:42] [Server thread/WARN]: tomisherio moved wrongly!
[03:49:41] [Server thread/WARN]: tomisherio moved wrongly!
[03:50:39] [Server thread/WARN]: tomisherio moved wrongly!
[03:51:38] [Server thread/WARN]: tomisherio moved wrongly!
[03:52:36] [Server thread/WARN]: tomisherio moved wrongly!
[03:53:35] [Server thread/WARN]: tomisherio moved wrongly!
[03:54:34] [Server thread/WARN]: tomisherio moved wrongly!
[03:55:32] [Server thread/WARN]: tomisherio moved wrongly!
[03:56:31] [Server thread/WARN]: tomisherio moved wrongly!
[03:57:29] [Server thread/WARN]: tomisherio moved wrongly!
[03:58:28] [Server thread/WARN]: tomisherio moved wrongly!
[03:59:26] [Server thread/WARN]: tomisherio moved wrongly!
[04:00:25] [Server thread/WARN]: tomisherio moved wrongly!
[04:01:24] [Server thread/WARN]: tomisherio moved wrongly!
[04:02:22] [Server thread/WARN]: tomisherio moved wrongly!
[04:03:21] [Server thread/WARN]: tomisherio moved wrongly!
[04:04:20] [Server thread/WARN]: tomisherio moved wrongly!
[04:05:18] [Server thread/WARN]: tomisherio moved wrongly!
[04:06:17] [Server thread/WARN]: tomisherio moved wrongly!
[04:07:15] [Server thread/WARN]: tomisherio moved wrongly!
[04:08:14] [Server thread/WARN]: tomisherio moved wrongly!
[04:09:13] [Server thread/WARN]: tomisherio moved wrongly!
[04:10:11] [Server thread/WARN]: tomisherio moved wrongly!
[04:11:10] [Server thread/WARN]: tomisherio moved wrongly!
[04:12:08] [Server thread/WARN]: tomisherio moved wrongly!
[04:13:07] [Server thread/WARN]: tomisherio moved wrongly!
[04:14:06] [Server thread/WARN]: tomisherio moved wrongly!
[04:15:04] [Server thread/WARN]: tomisherio moved wrongly!
[04:16:03] [Server thread/WARN]: tomisherio moved wrongly!
[04:17:01] [Server thread/WARN]: tomisherio moved wrongly!
[04:18:00] [Server thread/WARN]: tomisherio moved wrongly!
[04:18:58] [Server thread/WARN]: tomisherio moved wrongly!
[04:19:57] [Server thread/WARN]: tomisherio moved wrongly!
[04:20:56] [Server thread/WARN]: tomisherio moved wrongly!
[04:21:54] [Server thread/WARN]: tomisherio moved wrongly!
[04:22:53] [Server thread/WARN]: tomisherio moved wrongly!
[04:23:52] [Server thread/WARN]: tomisherio moved wrongly!
[04:24:50] [Server thread/WARN]: tomisherio moved wrongly!
[04:25:49] [Server thread/WARN]: tomisherio moved wrongly!
[04:26:47] [Server thread/WARN]: tomisherio moved wrongly!
[04:27:46] [Server thread/WARN]: tomisherio moved wrongly!
[04:28:45] [Server thread/WARN]: tomisherio moved wrongly!
[04:29:43] [Server thread/WARN]: tomisherio moved wrongly!
[04:30:42] [Server thread/WARN]: tomisherio moved wrongly!
[04:31:40] [Server thread/WARN]: tomisherio moved wrongly!
[04:32:39] [Server thread/WARN]: tomisherio moved wrongly!
[04:33:38] [Server thread/WARN]: tomisherio moved wrongly!
[04:34:36] [Server thread/WARN]: tomisherio moved wrongly!
[04:35:35] [Server thread/WARN]: tomisherio moved wrongly!
[04:36:33] [Server thread/WARN]: tomisherio moved wrongly!
[04:37:32] [Server thread/WARN]: tomisherio moved wrongly!
[04:38:30] [Server thread/WARN]: tomisherio moved wrongly!
[04:39:29] [Server thread/WARN]: tomisherio moved wrongly!
[04:40:28] [Server thread/WARN]: tomisherio moved wrongly!
[04:41:26] [Server thread/WARN]: tomisherio moved wrongly!
[04:42:25] [Server thread/WARN]: tomisherio moved wrongly!
[04:43:24] [Server thread/WARN]: tomisherio moved wrongly!
[04:44:22] [Server thread/WARN]: tomisherio moved wrongly!
[04:45:21] [Server thread/WARN]: tomisherio moved wrongly!
[04:46:19] [Server thread/WARN]: tomisherio moved wrongly!
[04:47:18] [Server thread/WARN]: tomisherio moved wrongly!
[04:48:17] [Server thread/WARN]: tomisherio moved wrongly!
[04:49:15] [Server thread/WARN]: tomisherio moved wrongly!
[04:50:14] [Server thread/WARN]: tomisherio moved wrongly!
[04:51:12] [Server thread/WARN]: tomisherio moved wrongly!
[04:52:11] [Server thread/WARN]: tomisherio moved wrongly!
[04:53:10] [Server thread/WARN]: tomisherio moved wrongly!
[04:54:08] [Server thread/WARN]: tomisherio moved wrongly!
[04:55:07] [Server thread/WARN]: tomisherio moved wrongly!
[04:56:05] [Server thread/WARN]: tomisherio moved wrongly!
[04:57:04] [Server thread/WARN]: tomisherio moved wrongly!
[04:58:02] [Server thread/WARN]: tomisherio moved wrongly!
[04:59:01] [Server thread/WARN]: tomisherio moved wrongly!
[05:00:00] [Server thread/WARN]: tomisherio moved wrongly!
[05:00:58] [Server thread/WARN]: tomisherio moved wrongly!
[05:01:57] [Server thread/WARN]: tomisherio moved wrongly!
[05:02:55] [Server thread/WARN]: tomisherio moved wrongly!
[05:03:54] [Server thread/WARN]: tomisherio moved wrongly!
[05:04:53] [Server thread/WARN]: tomisherio moved wrongly!
[05:05:51] [Server thread/WARN]: tomisherio moved wrongly!
[05:06:50] [Server thread/WARN]: tomisherio moved wrongly!
[05:07:49] [Server thread/WARN]: tomisherio moved wrongly!
[05:08:47] [Server thread/WARN]: tomisherio moved wrongly!
[05:09:46] [Server thread/WARN]: tomisherio moved wrongly!
[05:10:44] [Server thread/WARN]: tomisherio moved wrongly!
[05:11:43] [Server thread/WARN]: tomisherio moved wrongly!
[05:12:42] [Server thread/WARN]: tomisherio moved wrongly!
[05:13:40] [Server thread/WARN]: tomisherio moved wrongly!
[05:14:39] [Server thread/WARN]: tomisherio moved wrongly!
[05:15:37] [Server thread/WARN]: tomisherio moved wrongly!
[05:16:36] [Server thread/WARN]: tomisherio moved wrongly!
[05:17:34] [Server thread/WARN]: tomisherio moved wrongly!
[05:18:33] [Server thread/WARN]: tomisherio moved wrongly!
[05:19:32] [Server thread/WARN]: tomisherio moved wrongly!
[05:20:30] [Server thread/WARN]: tomisherio moved wrongly!
[05:21:29] [Server thread/WARN]: tomisherio moved wrongly!
[05:22:28] [Server thread/WARN]: tomisherio moved wrongly!
[05:23:26] [Server thread/WARN]: tomisherio moved wrongly!
[05:24:25] [Server thread/WARN]: tomisherio moved wrongly!
[05:25:23] [Server thread/WARN]: tomisherio moved wrongly!
[05:26:22] [Server thread/WARN]: tomisherio moved wrongly!
[05:27:20] [Server thread/WARN]: tomisherio moved wrongly!
[05:28:19] [Server thread/WARN]: tomisherio moved wrongly!
[05:29:18] [Server thread/WARN]: tomisherio moved wrongly!
[05:30:16] [Server thread/WARN]: tomisherio moved wrongly!
[05:31:15] [Server thread/WARN]: tomisherio moved wrongly!
[05:32:14] [Server thread/WARN]: tomisherio moved wrongly!
[05:33:12] [Server thread/WARN]: tomisherio moved wrongly!
[05:34:11] [Server thread/WARN]: tomisherio moved wrongly!
[05:35:09] [Server thread/WARN]: tomisherio moved wrongly!
[05:36:06] [Server thread/WARN]: tomisherio moved wrongly!
[05:37:05] [Server thread/WARN]: tomisherio moved wrongly!
[05:38:04] [Server thread/WARN]: tomisherio moved wrongly!
[05:39:02] [Server thread/WARN]: tomisherio moved wrongly!
[05:40:01] [Server thread/WARN]: tomisherio moved wrongly!
[05:40:59] [Server thread/WARN]: tomisherio moved wrongly!
[05:41:58] [Server thread/WARN]: tomisherio moved wrongly!
[05:42:57] [Server thread/WARN]: tomisherio moved wrongly!
[05:43:55] [Server thread/WARN]: tomisherio moved wrongly!
[05:44:54] [Server thread/WARN]: tomisherio moved wrongly!
[05:45:52] [Server thread/WARN]: tomisherio moved wrongly!
[05:46:51] [Server thread/WARN]: tomisherio moved wrongly!
[05:47:50] [Server thread/WARN]: tomisherio moved wrongly!
[05:48:48] [Server thread/WARN]: tomisherio moved wrongly!
[05:49:47] [Server thread/WARN]: tomisherio moved wrongly!
[05:50:45] [Server thread/WARN]: tomisherio moved wrongly!
[05:51:44] [Server thread/WARN]: tomisherio moved wrongly!
[05:52:43] [Server thread/WARN]: tomisherio moved wrongly!
[05:53:41] [Server thread/WARN]: tomisherio moved wrongly!
[05:54:40] [Server thread/WARN]: tomisherio moved wrongly!
[05:55:38] [Server thread/WARN]: tomisherio moved wrongly!
[05:56:37] [Server thread/WARN]: tomisherio moved wrongly!
[05:57:36] [Server thread/WARN]: tomisherio moved wrongly!
[05:58:34] [Server thread/WARN]: tomisherio moved wrongly!
[05:59:33] [Server thread/WARN]: tomisherio moved wrongly!
[06:00:31] [Server thread/WARN]: tomisherio moved wrongly!
[06:01:30] [Server thread/WARN]: tomisherio moved wrongly!
[06:02:29] [Server thread/WARN]: tomisherio moved wrongly!
[06:03:27] [Server thread/WARN]: tomisherio moved wrongly!
[06:04:26] [Server thread/WARN]: tomisherio moved wrongly!
[06:05:24] [Server thread/WARN]: tomisherio moved wrongly!
[06:06:23] [Server thread/WARN]: tomisherio moved wrongly!
[06:07:22] [Server thread/WARN]: tomisherio moved wrongly!
[06:08:20] [Server thread/WARN]: tomisherio moved wrongly!
[06:09:19] [Server thread/WARN]: tomisherio moved wrongly!
[06:10:17] [Server thread/WARN]: tomisherio moved wrongly!
[06:11:16] [Server thread/WARN]: tomisherio moved wrongly!
[06:12:15] [Server thread/WARN]: tomisherio moved wrongly!
[06:13:13] [Server thread/WARN]: tomisherio moved wrongly!
[06:14:12] [Server thread/WARN]: tomisherio moved wrongly!
[06:15:10] [Server thread/WARN]: tomisherio moved wrongly!
[06:16:09] [Server thread/WARN]: tomisherio moved wrongly!
[06:17:08] [Server thread/WARN]: tomisherio moved wrongly!
[06:18:06] [Server thread/WARN]: tomisherio moved wrongly!
[06:19:05] [Server thread/WARN]: tomisherio moved wrongly!
[06:20:03] [Server thread/WARN]: tomisherio moved wrongly!
[06:21:02] [Server thread/WARN]: tomisherio moved wrongly!
[06:22:01] [Server thread/WARN]: tomisherio moved wrongly!
[06:22:59] [Server thread/WARN]: tomisherio moved wrongly!
[06:23:58] [Server thread/WARN]: tomisherio moved wrongly!
[06:24:56] [Server thread/WARN]: tomisherio moved wrongly!
[06:25:55] [Server thread/WARN]: tomisherio moved wrongly!
[06:26:54] [Server thread/WARN]: tomisherio moved wrongly!
[06:27:52] [Server thread/WARN]: tomisherio moved wrongly!
[06:28:51] [Server thread/WARN]: tomisherio moved wrongly!
[06:29:49] [Server thread/WARN]: tomisherio moved wrongly!
[06:30:48] [Server thread/WARN]: tomisherio moved wrongly!
[06:31:47] [Server thread/WARN]: tomisherio moved wrongly!
[06:32:45] [Server thread/WARN]: tomisherio moved wrongly!
[06:33:44] [Server thread/WARN]: tomisherio moved wrongly!
[06:34:42] [Server thread/WARN]: tomisherio moved wrongly!
[06:35:41] [Server thread/WARN]: tomisherio moved wrongly!
[06:36:40] [Server thread/WARN]: tomisherio moved wrongly!
[06:37:38] [Server thread/WARN]: tomisherio moved wrongly!
[06:38:37] [Server thread/WARN]: tomisherio moved wrongly!
[06:39:35] [Server thread/WARN]: tomisherio moved wrongly!
[06:40:34] [Server thread/WARN]: tomisherio moved wrongly!
[06:41:33] [Server thread/WARN]: tomisherio moved wrongly!
[06:42:31] [Server thread/WARN]: tomisherio moved wrongly!
[06:43:30] [Server thread/WARN]: tomisherio moved wrongly!
[06:44:28] [Server thread/WARN]: tomisherio moved wrongly!
[06:45:27] [Server thread/WARN]: tomisherio moved wrongly!
[06:46:26] [Server thread/WARN]: tomisherio moved wrongly!
[06:47:24] [Server thread/WARN]: tomisherio moved wrongly!
[06:48:23] [Server thread/WARN]: tomisherio moved wrongly!
[06:49:21] [Server thread/WARN]: tomisherio moved wrongly!
[06:50:20] [Server thread/WARN]: tomisherio moved wrongly!
[06:51:19] [Server thread/WARN]: tomisherio moved wrongly!
[06:52:17] [Server thread/WARN]: tomisherio moved wrongly!
[06:53:16] [Server thread/WARN]: tomisherio moved wrongly!
[06:54:14] [Server thread/WARN]: tomisherio moved wrongly!
[06:55:13] [Server thread/WARN]: tomisherio moved wrongly!
[06:56:12] [Server thread/WARN]: tomisherio moved wrongly!
[06:57:10] [Server thread/WARN]: tomisherio moved wrongly!
[06:58:09] [Server thread/WARN]: tomisherio moved wrongly!
[06:59:07] [Server thread/WARN]: tomisherio moved wrongly!
[07:00:06] [Server thread/WARN]: tomisherio moved wrongly!
[07:01:05] [Server thread/WARN]: tomisherio moved wrongly!
[07:02:03] [Server thread/WARN]: tomisherio moved wrongly!
[07:03:02] [Server thread/WARN]: tomisherio moved wrongly!
[07:04:00] [Server thread/WARN]: tomisherio moved wrongly!
[07:04:59] [Server thread/WARN]: tomisherio moved wrongly!
[07:05:58] [Server thread/WARN]: tomisherio moved wrongly!
[07:06:56] [Server thread/WARN]: tomisherio moved wrongly!
[07:07:55] [Server thread/WARN]: tomisherio moved wrongly!
[07:08:53] [Server thread/WARN]: tomisherio moved wrongly!
[07:09:52] [Server thread/WARN]: tomisherio moved wrongly!
[07:10:51] [Server thread/WARN]: tomisherio moved wrongly!
[07:11:49] [Server thread/WARN]: tomisherio moved wrongly!
[07:12:48] [Server thread/WARN]: tomisherio moved wrongly!
[07:13:46] [Server thread/WARN]: tomisherio moved wrongly!
[07:14:45] [Server thread/WARN]: tomisherio moved wrongly!
[07:15:44] [Server thread/WARN]: tomisherio moved wrongly!
[07:16:42] [Server thread/WARN]: tomisherio moved wrongly!
[07:17:41] [Server thread/WARN]: tomisherio moved wrongly!
[07:18:39] [Server thread/WARN]: tomisherio moved wrongly!
[07:19:38] [Server thread/WARN]: tomisherio moved wrongly!
[07:20:37] [Server thread/WARN]: tomisherio moved wrongly!
[07:21:35] [Server thread/WARN]: tomisherio moved wrongly!
[07:22:34] [Server thread/WARN]: tomisherio moved wrongly!
[07:23:32] [Server thread/WARN]: tomisherio moved wrongly!
[07:24:31] [Server thread/WARN]: tomisherio moved wrongly!
[07:25:30] [Server thread/WARN]: tomisherio moved wrongly!
[07:26:28] [Server thread/WARN]: tomisherio moved wrongly!
[07:27:27] [Server thread/WARN]: tomisherio moved wrongly!
[07:28:25] [Server thread/WARN]: tomisherio moved wrongly!
[07:29:24] [Server thread/WARN]: tomisherio moved wrongly!
[07:30:23] [Server thread/WARN]: tomisherio moved wrongly!
[07:31:21] [Server thread/WARN]: tomisherio moved wrongly!
[07:32:20] [Server thread/WARN]: tomisherio moved wrongly!
[07:33:18] [Server thread/WARN]: tomisherio moved wrongly!
[07:34:17] [Server thread/WARN]: tomisherio moved wrongly!
[07:35:16] [Server thread/WARN]: tomisherio moved wrongly!
[07:36:14] [Server thread/WARN]: tomisherio moved wrongly!
[07:37:13] [Server thread/WARN]: tomisherio moved wrongly!
[07:38:11] [Server thread/WARN]: tomisherio moved wrongly!
[07:39:10] [Server thread/WARN]: tomisherio moved wrongly!
[07:40:09] [Server thread/WARN]: tomisherio moved wrongly!
[07:41:07] [Server thread/WARN]: tomisherio moved wrongly!
[07:42:06] [Server thread/WARN]: tomisherio moved wrongly!
[07:43:04] [Server thread/WARN]: tomisherio moved wrongly!
[07:44:03] [Server thread/WARN]: tomisherio moved wrongly!
[07:45:02] [Server thread/WARN]: tomisherio moved wrongly!
[07:46:00] [Server thread/WARN]: tomisherio moved wrongly!
[07:46:59] [Server thread/WARN]: tomisherio moved wrongly!
[07:47:57] [Server thread/WARN]: tomisherio moved wrongly!
[07:48:56] [Server thread/WARN]: tomisherio moved wrongly!
[07:49:55] [Server thread/WARN]: tomisherio moved wrongly!
[07:50:53] [Server thread/WARN]: tomisherio moved wrongly!
[07:51:52] [Server thread/WARN]: tomisherio moved wrongly!
[07:52:50] [Server thread/WARN]: tomisherio moved wrongly!
[07:53:49] [Server thread/WARN]: tomisherio moved wrongly!
[07:54:48] [Server thread/WARN]: tomisherio moved wrongly!
[07:55:46] [Server thread/WARN]: tomisherio moved wrongly!
[07:56:45] [Server thread/WARN]: tomisherio moved wrongly!
[07:57:43] [Server thread/WARN]: tomisherio moved wrongly!
[07:58:42] [Server thread/WARN]: tomisherio moved wrongly!
[07:59:41] [Server thread/WARN]: tomisherio moved wrongly!
[08:00:39] [Server thread/WARN]: tomisherio moved wrongly!
[08:01:38] [Server thread/WARN]: tomisherio moved wrongly!
[08:02:36] [Server thread/WARN]: tomisherio moved wrongly!
[08:03:35] [Server thread/WARN]: tomisherio moved wrongly!
[08:04:34] [Server thread/WARN]: tomisherio moved wrongly!
[08:05:32] [Server thread/WARN]: tomisherio moved wrongly!
[08:06:31] [Server thread/WARN]: tomisherio moved wrongly!
[08:07:29] [Server thread/WARN]: tomisherio moved wrongly!
[08:08:28] [Server thread/WARN]: tomisherio moved wrongly!
[08:09:27] [Server thread/WARN]: tomisherio moved wrongly!
[08:10:25] [Server thread/WARN]: tomisherio moved wrongly!
[08:11:24] [Server thread/WARN]: tomisherio moved wrongly!
[08:12:22] [Server thread/WARN]: tomisherio moved wrongly!
[08:13:21] [Server thread/WARN]: tomisherio moved wrongly!
[08:14:20] [Server thread/WARN]: tomisherio moved wrongly!
[08:15:18] [Server thread/WARN]: tomisherio moved wrongly!
[08:16:17] [Server thread/WARN]: tomisherio moved wrongly!
[08:17:15] [Server thread/WARN]: tomisherio moved wrongly!
[08:18:14] [Server thread/WARN]: tomisherio moved wrongly!
[08:19:13] [Server thread/WARN]: tomisherio moved wrongly!
[08:20:11] [Server thread/WARN]: tomisherio moved wrongly!
[08:21:10] [Server thread/WARN]: tomisherio moved wrongly!
[08:22:08] [Server thread/WARN]: tomisherio moved wrongly!
[08:23:07] [Server thread/WARN]: tomisherio moved wrongly!
[08:24:06] [Server thread/WARN]: tomisherio moved wrongly!
[08:25:04] [Server thread/WARN]: tomisherio moved wrongly!
[08:26:03] [Server thread/WARN]: tomisherio moved wrongly!
[08:27:01] [Server thread/WARN]: tomisherio moved wrongly!
[08:28:00] [Server thread/WARN]: tomisherio moved wrongly!
[08:28:59] [Server thread/WARN]: tomisherio moved wrongly!
[08:29:57] [Server thread/WARN]: tomisherio moved wrongly!
[08:30:56] [Server thread/WARN]: tomisherio moved wrongly!
[08:31:54] [Server thread/WARN]: tomisherio moved wrongly!
[08:32:53] [Server thread/WARN]: tomisherio moved wrongly!
[08:33:52] [Server thread/WARN]: tomisherio moved wrongly!
[08:34:50] [Server thread/WARN]: tomisherio moved wrongly!
[08:35:49] [Server thread/WARN]: tomisherio moved wrongly!
[08:36:47] [Server thread/WARN]: tomisherio moved wrongly!
[08:37:46] [Server thread/WARN]: tomisherio moved wrongly!
[08:38:45] [Server thread/WARN]: tomisherio moved wrongly!
[08:39:43] [Server thread/WARN]: tomisherio moved wrongly!
[08:40:42] [Server thread/WARN]: tomisherio moved wrongly!
[08:41:40] [Server thread/WARN]: tomisherio moved wrongly!
[08:42:39] [Server thread/WARN]: tomisherio moved wrongly!
[08:43:38] [Server thread/WARN]: tomisherio moved wrongly!
[08:44:36] [Server thread/WARN]: tomisherio moved wrongly!
[08:45:35] [Server thread/WARN]: tomisherio moved wrongly!
[08:46:33] [Server thread/WARN]: tomisherio moved wrongly!
[08:47:32] [Server thread/WARN]: tomisherio moved wrongly!
[08:48:30] [Server thread/WARN]: tomisherio moved wrongly!
[08:49:29] [Server thread/WARN]: tomisherio moved wrongly!
[08:50:28] [Server thread/WARN]: tomisherio moved wrongly!
[08:51:26] [Server thread/WARN]: tomisherio moved wrongly!
[08:52:25] [Server thread/WARN]: tomisherio moved wrongly!
[08:53:24] [Server thread/WARN]: tomisherio moved wrongly!
[08:54:22] [Server thread/WARN]: tomisherio moved wrongly!
[08:55:21] [Server thread/WARN]: tomisherio moved wrongly!
[08:56:19] [Server thread/WARN]: tomisherio moved wrongly!
[08:57:18] [Server thread/WARN]: tomisherio moved wrongly!
[08:58:17] [Server thread/WARN]: tomisherio moved wrongly!
[08:59:15] [Server thread/WARN]: tomisherio moved wrongly!
[09:00:14] [Server thread/WARN]: tomisherio moved wrongly!
[09:01:12] [Server thread/WARN]: tomisherio moved wrongly!
[09:02:11] [Server thread/WARN]: tomisherio moved wrongly!
[09:03:10] [Server thread/WARN]: tomisherio moved wrongly!
[09:04:08] [Server thread/WARN]: tomisherio moved wrongly!
[09:05:07] [Server thread/WARN]: tomisherio moved wrongly!
[09:06:05] [Server thread/WARN]: tomisherio moved wrongly!
[09:07:04] [Server thread/WARN]: tomisherio moved wrongly!
[09:08:02] [Server thread/WARN]: tomisherio moved wrongly!
[09:09:01] [Server thread/WARN]: tomisherio moved wrongly!
[09:10:00] [Server thread/WARN]: tomisherio moved wrongly!
[09:10:58] [Server thread/WARN]: tomisherio moved wrongly!
[09:11:57] [Server thread/WARN]: tomisherio moved wrongly!
[09:12:56] [Server thread/WARN]: tomisherio moved wrongly!
[09:13:54] [Server thread/WARN]: tomisherio moved wrongly!
[09:14:53] [Server thread/WARN]: tomisherio moved wrongly!
[09:15:51] [Server thread/WARN]: tomisherio moved wrongly!
[09:16:50] [Server thread/WARN]: tomisherio moved wrongly!
[09:17:49] [Server thread/WARN]: tomisherio moved wrongly!
[09:18:47] [Server thread/WARN]: tomisherio moved wrongly!
[09:19:46] [Server thread/WARN]: tomisherio moved wrongly!
[09:20:44] [Server thread/WARN]: tomisherio moved wrongly!
[09:21:43] [Server thread/WARN]: tomisherio moved wrongly!
[09:22:42] [Server thread/WARN]: tomisherio moved wrongly!
[09:23:40] [Server thread/WARN]: tomisherio moved wrongly!
[09:24:39] [Server thread/WARN]: tomisherio moved wrongly!
[09:25:37] [Server thread/WARN]: tomisherio moved wrongly!
[09:26:36] [Server thread/WARN]: tomisherio moved wrongly!
[09:27:35] [Server thread/WARN]: tomisherio moved wrongly!
[09:28:33] [Server thread/WARN]: tomisherio moved wrongly!
[09:29:32] [Server thread/WARN]: tomisherio moved wrongly!
[09:30:31] [Server thread/WARN]: tomisherio moved wrongly!
[09:31:29] [Server thread/WARN]: tomisherio moved wrongly!
[09:32:28] [Server thread/WARN]: tomisherio moved wrongly!
[09:33:26] [Server thread/WARN]: tomisherio moved wrongly!
[09:34:25] [Server thread/WARN]: tomisherio moved wrongly!
[09:35:23] [Server thread/WARN]: tomisherio moved wrongly!
[09:36:22] [Server thread/WARN]: tomisherio moved wrongly!
[09:37:21] [Server thread/WARN]: tomisherio moved wrongly!
[09:38:19] [Server thread/WARN]: tomisherio moved wrongly!
[09:39:18] [Server thread/WARN]: tomisherio moved wrongly!
[09:40:16] [Server thread/WARN]: tomisherio moved wrongly!
[09:41:15] [Server thread/WARN]: tomisherio moved wrongly!
[09:42:14] [Server thread/WARN]: tomisherio moved wrongly!
[09:43:12] [Server thread/WARN]: tomisherio moved wrongly!
[09:44:11] [Server thread/WARN]: tomisherio moved wrongly!
[09:45:09] [Server thread/WARN]: tomisherio moved wrongly!
[09:46:08] [Server thread/WARN]: tomisherio moved wrongly!
[09:47:07] [Server thread/WARN]: tomisherio moved wrongly!
[09:48:05] [Server thread/WARN]: tomisherio moved wrongly!
[09:49:04] [Server thread/WARN]: tomisherio moved wrongly!
[09:50:02] [Server thread/WARN]: tomisherio moved wrongly!
[09:51:01] [Server thread/WARN]: tomisherio moved wrongly!
[09:52:00] [Server thread/WARN]: tomisherio moved wrongly!
[09:52:58] [Server thread/WARN]: tomisherio moved wrongly!
[09:53:57] [Server thread/WARN]: tomisherio moved wrongly!
[09:54:55] [Server thread/WARN]: tomisherio moved wrongly!
[09:55:54] [Server thread/WARN]: tomisherio moved wrongly!
[09:56:53] [Server thread/WARN]: tomisherio moved wrongly!
[09:57:51] [Server thread/WARN]: tomisherio moved wrongly!
[09:58:50] [Server thread/WARN]: tomisherio moved wrongly!
[09:59:48] [Server thread/WARN]: tomisherio moved wrongly!
[10:00:47] [Server thread/WARN]: tomisherio moved wrongly!
[10:01:46] [Server thread/WARN]: tomisherio moved wrongly!
[10:02:44] [Server thread/WARN]: tomisherio moved wrongly!
[10:03:43] [Server thread/WARN]: tomisherio moved wrongly!
[10:04:41] [Server thread/WARN]: tomisherio moved wrongly!
[10:05:40] [Server thread/WARN]: tomisherio moved wrongly!
[10:06:39] [Server thread/WARN]: tomisherio moved wrongly!
[10:07:37] [Server thread/WARN]: tomisherio moved wrongly!
[10:08:36] [Server thread/WARN]: tomisherio moved wrongly!
[10:09:34] [Server thread/WARN]: tomisherio moved wrongly!
[10:10:33] [Server thread/WARN]: tomisherio moved wrongly!
[10:11:32] [Server thread/WARN]: tomisherio moved wrongly!
[10:12:30] [Server thread/WARN]: tomisherio moved wrongly!
[10:13:29] [Server thread/WARN]: tomisherio moved wrongly!
[10:14:27] [Server thread/WARN]: tomisherio moved wrongly!
[10:15:26] [Server thread/WARN]: tomisherio moved wrongly!
[10:16:25] [Server thread/WARN]: tomisherio moved wrongly!
[10:17:23] [Server thread/WARN]: tomisherio moved wrongly!
[10:18:22] [Server thread/WARN]: tomisherio moved wrongly!
[10:19:20] [Server thread/WARN]: tomisherio moved wrongly!
[10:20:19] [Server thread/WARN]: tomisherio moved wrongly!
[10:21:18] [Server thread/WARN]: tomisherio moved wrongly!
[10:22:16] [Server thread/WARN]: tomisherio moved wrongly!
[10:23:15] [Server thread/WARN]: tomisherio moved wrongly!
[10:24:13] [Server thread/WARN]: tomisherio moved wrongly!
[10:25:12] [Server thread/WARN]: tomisherio moved wrongly!
[10:26:11] [Server thread/WARN]: tomisherio moved wrongly!
[10:27:09] [Server thread/WARN]: tomisherio moved wrongly!
[10:28:08] [Server thread/WARN]: tomisherio moved wrongly!
[10:29:06] [Server thread/WARN]: tomisherio moved wrongly!
[10:30:05] [Server thread/WARN]: tomisherio moved wrongly!
[10:31:04] [Server thread/WARN]: tomisherio moved wrongly!
[10:32:02] [Server thread/WARN]: tomisherio moved wrongly!
[10:33:01] [Server thread/WARN]: tomisherio moved wrongly!
[10:33:59] [Server thread/WARN]: tomisherio moved wrongly!
[10:34:58] [Server thread/WARN]: tomisherio moved wrongly!
[10:35:57] [Server thread/WARN]: tomisherio moved wrongly!
[10:36:55] [Server thread/WARN]: tomisherio moved wrongly!
[10:37:54] [Server thread/WARN]: tomisherio moved wrongly!
[10:38:52] [Server thread/WARN]: tomisherio moved wrongly!
[10:39:51] [Server thread/WARN]: tomisherio moved wrongly!
[10:40:50] [Server thread/WARN]: tomisherio moved wrongly!
[10:41:48] [Server thread/WARN]: tomisherio moved wrongly!
[10:42:47] [Server thread/WARN]: tomisherio moved wrongly!
[10:43:45] [Server thread/WARN]: tomisherio moved wrongly!
[10:44:44] [Server thread/WARN]: tomisherio moved wrongly!
[10:45:43] [Server thread/WARN]: tomisherio moved wrongly!
[10:46:41] [Server thread/WARN]: tomisherio moved wrongly!
[10:47:40] [Server thread/WARN]: tomisherio moved wrongly!
[10:48:38] [Server thread/WARN]: tomisherio moved wrongly!
[10:49:37] [Server thread/WARN]: tomisherio moved wrongly!
[10:50:36] [Server thread/WARN]: tomisherio moved wrongly!
[10:51:34] [Server thread/WARN]: tomisherio moved wrongly!
[10:52:33] [Server thread/WARN]: tomisherio moved wrongly!
[10:53:31] [Server thread/WARN]: tomisherio moved wrongly!
[10:54:30] [Server thread/WARN]: tomisherio moved wrongly!
[10:55:29] [Server thread/WARN]: tomisherio moved wrongly!
[10:56:27] [Server thread/WARN]: tomisherio moved wrongly!
[10:57:26] [Server thread/WARN]: tomisherio moved wrongly!
[10:58:24] [Server thread/WARN]: tomisherio moved wrongly!
[10:59:23] [Server thread/WARN]: tomisherio moved wrongly!
[11:00:22] [Server thread/WARN]: tomisherio moved wrongly!
[11:01:20] [Server thread/WARN]: tomisherio moved wrongly!
[11:02:19] [Server thread/WARN]: tomisherio moved wrongly!
[11:03:17] [Server thread/WARN]: tomisherio moved wrongly!
[11:04:16] [Server thread/WARN]: tomisherio moved wrongly!
[11:05:15] [Server thread/WARN]: tomisherio moved wrongly!
[11:06:13] [Server thread/WARN]: tomisherio moved wrongly!
[11:07:12] [Server thread/WARN]: tomisherio moved wrongly!
[11:08:10] [Server thread/WARN]: tomisherio moved wrongly!
[11:09:09] [Server thread/WARN]: tomisherio moved wrongly!
[11:10:08] [Server thread/WARN]: tomisherio moved wrongly!
[11:11:06] [Server thread/WARN]: tomisherio moved wrongly!
[11:12:05] [Server thread/WARN]: tomisherio moved wrongly!
[11:13:03] [Server thread/WARN]: tomisherio moved wrongly!
[11:14:02] [Server thread/WARN]: tomisherio moved wrongly!
[11:15:01] [Server thread/WARN]: tomisherio moved wrongly!
[11:15:59] [Server thread/WARN]: tomisherio moved wrongly!
[11:16:58] [Server thread/WARN]: tomisherio moved wrongly!
[11:17:56] [Server thread/WARN]: tomisherio moved wrongly!
[11:18:55] [Server thread/WARN]: tomisherio moved wrongly!
[11:19:54] [Server thread/WARN]: tomisherio moved wrongly!
[11:20:52] [Server thread/WARN]: tomisherio moved wrongly!
[11:21:51] [Server thread/WARN]: tomisherio moved wrongly!
[11:22:49] [Server thread/WARN]: tomisherio moved wrongly!
[11:23:48] [Server thread/WARN]: tomisherio moved wrongly!
[11:24:46] [Server thread/WARN]: tomisherio moved wrongly!
[11:25:45] [Server thread/WARN]: tomisherio moved wrongly!
[11:26:44] [Server thread/WARN]: tomisherio moved wrongly!
[11:27:42] [Server thread/WARN]: tomisherio moved wrongly!
[11:28:41] [Server thread/WARN]: tomisherio moved wrongly!
[11:29:40] [Server thread/WARN]: tomisherio moved wrongly!
[11:30:38] [Server thread/WARN]: tomisherio moved wrongly!
[11:31:37] [Server thread/WARN]: tomisherio moved wrongly!
[11:32:35] [Server thread/WARN]: tomisherio moved wrongly!
[11:33:34] [Server thread/WARN]: tomisherio moved wrongly!
[11:34:33] [Server thread/WARN]: tomisherio moved wrongly!
[11:35:31] [Server thread/WARN]: tomisherio moved wrongly!
[11:36:30] [Server thread/WARN]: tomisherio moved wrongly!
[11:37:28] [Server thread/WARN]: tomisherio moved wrongly!
[11:38:27] [Server thread/WARN]: tomisherio moved wrongly!
[11:39:26] [Server thread/WARN]: tomisherio moved wrongly!
[11:40:24] [Server thread/WARN]: tomisherio moved wrongly!
[11:41:23] [Server thread/WARN]: tomisherio moved wrongly!
[11:42:21] [Server thread/WARN]: tomisherio moved wrongly!
[11:43:20] [Server thread/WARN]: tomisherio moved wrongly!
[11:44:19] [Server thread/WARN]: tomisherio moved wrongly!
[11:45:17] [Server thread/WARN]: tomisherio moved wrongly!
[11:46:16] [Server thread/WARN]: tomisherio moved wrongly!
[11:47:14] [Server thread/WARN]: tomisherio moved wrongly!
[11:48:13] [Server thread/WARN]: tomisherio moved wrongly!
[11:49:12] [Server thread/WARN]: tomisherio moved wrongly!
[11:50:10] [Server thread/WARN]: tomisherio moved wrongly!
[11:51:09] [Server thread/WARN]: tomisherio moved wrongly!
[11:52:07] [Server thread/WARN]: tomisherio moved wrongly!
[11:53:06] [Server thread/WARN]: tomisherio moved wrongly!
[11:54:05] [Server thread/WARN]: tomisherio moved wrongly!
[11:55:03] [Server thread/WARN]: tomisherio moved wrongly!
[11:56:02] [Server thread/WARN]: tomisherio moved wrongly!
[11:57:00] [Server thread/WARN]: tomisherio moved wrongly!
[11:57:59] [Server thread/WARN]: tomisherio moved wrongly!
[11:58:58] [Server thread/WARN]: tomisherio moved wrongly!
[11:59:56] [Server thread/WARN]: tomisherio moved wrongly!
[12:00:55] [Server thread/WARN]: tomisherio moved wrongly!
[12:01:53] [Server thread/WARN]: tomisherio moved wrongly!
[12:02:52] [Server thread/WARN]: tomisherio moved wrongly!
[12:03:51] [Server thread/WARN]: tomisherio moved wrongly!
[12:04:49] [Server thread/WARN]: tomisherio moved wrongly!
[12:05:48] [Server thread/WARN]: tomisherio moved wrongly!
[12:06:46] [Server thread/WARN]: tomisherio moved wrongly!
[12:07:45] [Server thread/WARN]: tomisherio moved wrongly!
[12:08:44] [Server thread/WARN]: tomisherio moved wrongly!
[12:09:42] [Server thread/WARN]: tomisherio moved wrongly!
[12:10:41] [Server thread/WARN]: tomisherio moved wrongly!
[12:11:39] [Server thread/WARN]: tomisherio moved wrongly!
[12:12:38] [Server thread/WARN]: tomisherio moved wrongly!
[12:13:37] [Server thread/WARN]: tomisherio moved wrongly!
[12:14:35] [Server thread/WARN]: tomisherio moved wrongly!
[12:15:34] [Server thread/WARN]: tomisherio moved wrongly!
[12:16:32] [Server thread/WARN]: tomisherio moved wrongly!
[12:17:31] [Server thread/WARN]: tomisherio moved wrongly!
[12:18:30] [Server thread/WARN]: tomisherio moved wrongly!
[12:19:28] [Server thread/WARN]: tomisherio moved wrongly!
[12:20:27] [Server thread/WARN]: tomisherio moved wrongly!
[12:21:25] [Server thread/WARN]: tomisherio moved wrongly!
[12:22:24] [Server thread/WARN]: tomisherio moved wrongly!
[12:23:23] [Server thread/WARN]: tomisherio moved wrongly!
[12:24:21] [Server thread/WARN]: tomisherio moved wrongly!
[12:25:20] [Server thread/WARN]: tomisherio moved wrongly!
[12:26:18] [Server thread/WARN]: tomisherio moved wrongly!
[12:27:17] [Server thread/WARN]: tomisherio moved wrongly!
[12:28:16] [Server thread/WARN]: tomisherio moved wrongly!
[12:29:14] [Server thread/WARN]: tomisherio moved wrongly!
[12:30:13] [Server thread/WARN]: tomisherio moved wrongly!
[12:31:11] [Server thread/WARN]: tomisherio moved wrongly!
[12:32:10] [Server thread/WARN]: tomisherio moved wrongly!
[12:33:09] [Server thread/WARN]: tomisherio moved wrongly!
[12:34:07] [Server thread/WARN]: tomisherio moved wrongly!
[12:35:06] [Server thread/WARN]: tomisherio moved wrongly!
[12:36:04] [Server thread/WARN]: tomisherio moved wrongly!
[12:37:03] [Server thread/WARN]: tomisherio moved wrongly!
[12:38:02] [Server thread/WARN]: tomisherio moved wrongly!
[12:39:00] [Server thread/WARN]: tomisherio moved wrongly!
[12:39:59] [Server thread/WARN]: tomisherio moved wrongly!
[12:40:57] [Server thread/WARN]: tomisherio moved wrongly!
[12:41:56] [Server thread/WARN]: tomisherio moved wrongly!
[12:42:55] [Server thread/WARN]: tomisherio moved wrongly!
[12:43:53] [Server thread/WARN]: tomisherio moved wrongly!
[12:44:52] [Server thread/WARN]: tomisherio moved wrongly!
[12:45:50] [Server thread/WARN]: tomisherio moved wrongly!
[12:46:49] [Server thread/WARN]: tomisherio moved wrongly!
[12:47:48] [Server thread/WARN]: tomisherio moved wrongly!
[12:48:46] [Server thread/WARN]: tomisherio moved wrongly!
[12:49:45] [Server thread/WARN]: tomisherio moved wrongly!
[12:50:43] [Server thread/WARN]: tomisherio moved wrongly!
[12:51:42] [Server thread/WARN]: tomisherio moved wrongly!
[12:52:41] [Server thread/WARN]: tomisherio moved wrongly!
[12:53:39] [Server thread/WARN]: tomisherio moved wrongly!
[12:54:38] [Server thread/WARN]: tomisherio moved wrongly!
[12:55:36] [Server thread/WARN]: tomisherio moved wrongly!
[12:56:35] [Server thread/WARN]: tomisherio moved wrongly!
[12:57:34] [Server thread/WARN]: tomisherio moved wrongly!
[12:58:32] [Server thread/WARN]: tomisherio moved wrongly!
[12:59:31] [Server thread/WARN]: tomisherio moved wrongly!
[13:00:29] [Server thread/WARN]: tomisherio moved wrongly!
[13:01:28] [Server thread/WARN]: tomisherio moved wrongly!
[13:02:27] [Server thread/WARN]: tomisherio moved wrongly!
[13:03:25] [Server thread/WARN]: tomisherio moved wrongly!
[13:04:24] [Server thread/WARN]: tomisherio moved wrongly!
[13:05:22] [Server thread/WARN]: tomisherio moved wrongly!
[13:06:21] [Server thread/WARN]: tomisherio moved wrongly!
[13:07:20] [Server thread/WARN]: tomisherio moved wrongly!
[13:08:18] [Server thread/WARN]: tomisherio moved wrongly!
[13:51:21] [Server thread/WARN]: Mismatch in destroy block pos: class_2338{x=1133, y=63, z=472} class_2338{x=1133, y=62, z=473}
[13:51:21] [Server thread/WARN]: Mismatch in destroy block pos: class_2338{x=1133, y=63, z=472} class_2338{x=1133, y=62, z=473}
[13:51:21] [Server thread/WARN]: Mismatch in destroy block pos: class_2338{x=1133, y=63, z=472} class_2338{x=1133, y=62, z=473}
[16:40:37] [Server thread/INFO]: [tomisherio: Gave 1 [Acacia Fence] to tomisherio]
[16:40:40] [Server thread/INFO]: [tomisherio: Set own game mode to Creative Mode]
[16:42:45] [Server thread/INFO]: [tomisherio: Set own game mode to Survival Mode]
[16:49:32] [Server thread/INFO]: tomisherio was slain by Zombie
[17:11:43] [Server thread/INFO]: [tomisherio: Gave 28 [Jack o'Lantern] to tomisherio]
[17:40:58] [Server thread/INFO]: tomisherio lost connection: Disconnected
[17:40:58] [Server thread/INFO]: tomisherio left the game
[17:43:22] [User Authenticator #21/INFO]: UUID of player tomisherio is 15e381a8-1724-43a6-8b15-5dadbe1369ab
[17:43:22] [Server thread/INFO]: tomisherio[/184.103.253.150:56743] logged in with entity id 1456045 at (976.2796922258334, 70.0, 570.1064732151273)
[17:43:22] [Server thread/INFO]: tomisherio joined the game
[17:48:54] [Server thread/INFO]: [tomisherio: Set own game mode to Spectator Mode]
[17:49:55] [Server thread/INFO]: [tomisherio: Set own game mode to Survival Mode]
[18:14:17] [Server thread/INFO]: tomisherio was slain by Husk
[18:26:49] [Server thread/WARN]: Fetching packet for removed entity class_1542['Rotten Flesh'/1462536, l='ServerLevel[ZaWarudo]', x=1076.08, y=69.00, z=554.23]
[19:36:38] [Server thread/WARN]: tomisherio moved wrongly!
[19:57:54] [Server thread/INFO]: [tomisherio: Set own game mode to Spectator Mode]
[19:58:13] [Server thread/INFO]: [tomisherio: Set own game mode to Survival Mode]
[19:58:19] [Server thread/INFO]: [tomisherio: Set own game mode to Spectator Mode]
[19:59:34] [Server thread/INFO]: [tomisherio: Set own game mode to Survival Mode]
[19:59:40] [Server thread/INFO]: [tomisherio: Set own game mode to Spectator Mode]
[20:19:14] [Server thread/INFO]: [tomisherio: Set own game mode to Survival Mode]
[20:19:16] [Server thread/INFO]: [tomisherio: Set own game mode to Creative Mode]
[20:27:04] [Server thread/INFO]: tomisherio lost connection: Disconnected
[20:27:04] [Server thread/INFO]: tomisherio left the game
[20:27:09] [User Authenticator #22/INFO]: UUID of player tomisherio is 15e381a8-1724-43a6-8b15-5dadbe1369ab
[20:27:09] [Server thread/INFO]: tomisherio[/184.103.253.150:57286] logged in with entity id 1485188 at (991.6469399279179, 69.66888015922294, 576.8281054202484)
[20:27:09] [Server thread/INFO]: tomisherio joined the game
[20:27:14] [Server thread/INFO]: [tomisherio: Removed 19 items from player tomisherio]
[20:27:26] [Server thread/INFO]: [tomisherio: Set own game mode to Spectator Mode]
[20:27:32] [Server thread/INFO]: [tomisherio: Teleported tomisherio to -129.5, 131.0, 234.5]
[20:27:45] [Server thread/INFO]: [tomisherio: Set own game mode to Creative Mode]
[20:30:39] [Server thread/INFO]: [tomisherio: Teleported tomisherio to 1080.5, 130.0, 552.5]
[20:31:51] [Server thread/INFO]: [tomisherio: Set own game mode to Survival Mode]
[20:37:24] [Server thread/INFO]: [tomisherio: Set own game mode to Spectator Mode]
[20:40:22] [Server thread/INFO]: tomisherio lost connection: Disconnected
[20:40:22] [Server thread/INFO]: tomisherio left the game
[20:53:46] [User Authenticator #23/INFO]: UUID of player tomisherio is 15e381a8-1724-43a6-8b15-5dadbe1369ab
[20:53:46] [Server thread/INFO]: tomisherio[/184.103.253.150:57477] logged in with entity id 1495079 at (744.0390452359147, 64.69417067514726, 745.0021307274349)
[20:53:46] [Server thread/INFO]: tomisherio joined the game
[20:54:47] [Server thread/INFO]: [tomisherio: Teleported tomisherio to 1119.5, 72.0, 2.5]
[20:55:06] [Server thread/INFO]: [tomisherio: Teleported tomisherio to 310.5, 68.0, 522.5]
[20:56:02] [Server thread/INFO]: [tomisherio: Successfully filled 1 blocks]
[20:56:04] [Server thread/INFO]: [tomisherio: Set own game mode to Survival Mode]
[20:56:06] [Server thread/INFO]: [tomisherio: Set own game mode to Creative Mode]
[20:58:26] [Server thread/INFO]: [tomisherio: Successfully filled 1 blocks]
[21:02:04] [Server thread/INFO]: [tomisherio: Set own game mode to Spectator Mode]
[21:03:30] [Server thread/INFO]: [tomisherio: Teleported tomisherio to 310.5, 68.0, 522.5]
[21:03:47] [Server thread/INFO]: tomisherio lost connection: Disconnected
[21:03:47] [Server thread/INFO]: tomisherio left the game
[21:03:58] [User Authenticator #24/INFO]: UUID of player tomisherio is 15e381a8-1724-43a6-8b15-5dadbe1369ab
[21:03:58] [Server thread/INFO]: tomisherio[/184.103.253.150:57525] logged in with entity id 1497295 at (192.94171956568223, 55.99509531726677, 488.3377395496096)
[21:03:58] [Server thread/INFO]: tomisherio joined the game
[21:04:14] [Server thread/INFO]: [tomisherio: Set own game mode to Creative Mode]
[21:04:22] [Server thread/INFO]: [tomisherio: Successfully filled 1 blocks]
[21:04:41] [Server thread/INFO]: [tomisherio: Successfully filled 1 blocks]
[21:05:54] [Server thread/INFO]: [tomisherio: Set own game mode to Survival Mode]
[21:05:57] [Server thread/INFO]: [tomisherio: Set own game mode to Spectator Mode]
[21:07:38] [Server thread/INFO]: [tomisherio: Set own game mode to Survival Mode]
[21:07:40] [Server thread/INFO]: [tomisherio: Set own game mode to Creative Mode]
[21:07:51] [Server thread/INFO]: tomisherio lost connection: Disconnected
[21:07:51] [Server thread/INFO]: tomisherio left the game
[21:07:59] [User Authenticator #25/INFO]: UUID of player tomisherio is 15e381a8-1724-43a6-8b15-5dadbe1369ab
[21:07:59] [Server thread/INFO]: tomisherio[/184.103.253.150:57556] logged in with entity id 1497772 at (193.10672319634853, 65.0, 489.15893014129836)
[21:07:59] [Server thread/INFO]: tomisherio joined the game
[21:08:14] [Server thread/INFO]: [tomisherio: Set own game mode to Survival Mode]
[21:12:37] [Server thread/INFO]: [tomisherio: Set own game mode to Spectator Mode]
[21:13:53] [Server thread/INFO]: [tomisherio: Set own game mode to Survival Mode]
[21:17:32] [Server thread/INFO]: [tomisherio: Set own game mode to Spectator Mode]
[21:17:37] [Server thread/INFO]: [tomisherio: Set own game mode to Survival Mode]
[21:24:14] [Server thread/INFO]: [tomisherio: Gave 1 [Black Bed] to tomisherio]
[21:36:21] [Server thread/INFO]: [tomisherio: Set own game mode to Spectator Mode]
[21:36:22] [Server thread/INFO]: [tomisherio: Set own game mode to Survival Mode]
[21:37:07] [Server thread/WARN]: Mismatch in destroy block pos: class_2338{x=195, y=55, z=497} class_2338{x=194, y=53, z=497}
[21:38:05] [Server thread/WARN]: Mismatch in destroy block pos: class_2338{x=182, y=54, z=496} class_2338{x=183, y=53, z=496}
[21:38:06] [Server thread/WARN]: Mismatch in destroy block pos: class_2338{x=183, y=55, z=496} class_2338{x=184, y=54, z=496}
[21:41:50] [Server thread/WARN]: Mismatch in destroy block pos: class_2338{x=181, y=50, z=497} class_2338{x=182, y=49, z=497}
[21:41:50] [Server thread/WARN]: Mismatch in destroy block pos: class_2338{x=181, y=50, z=497} class_2338{x=182, y=49, z=497}
[21:41:50] [Server thread/WARN]: Mismatch in destroy block pos: class_2338{x=181, y=50, z=497} class_2338{x=182, y=49, z=497}
[21:41:50] [Server thread/WARN]: Mismatch in destroy block pos: class_2338{x=181, y=50, z=497} class_2338{x=182, y=49, z=497}
[21:41:52] [Server thread/WARN]: Mismatch in destroy block pos: class_2338{x=188, y=49, z=497} class_2338{x=190, y=50, z=497}
[21:43:55] [Server thread/WARN]: Mismatch in destroy block pos: class_2338{x=195, y=50, z=488} class_2338{x=194, y=50, z=488}
[21:43:55] [Server thread/WARN]: Mismatch in destroy block pos: class_2338{x=195, y=50, z=488} class_2338{x=194, y=50, z=488}
[21:43:55] [Server thread/WARN]: Mismatch in destroy block pos: class_2338{x=195, y=50, z=488} class_2338{x=194, y=50, z=488}
[21:43:55] [Server thread/WARN]: Mismatch in destroy block pos: class_2338{x=195, y=50, z=488} class_2338{x=194, y=50, z=488}
[21:43:55] [Server thread/WARN]: Mismatch in destroy block pos: class_2338{x=195, y=50, z=488} class_2338{x=194, y=50, z=488}
[21:43:55] [Server thread/WARN]: Mismatch in destroy block pos: class_2338{x=195, y=50, z=488} class_2338{x=194, y=50, z=488}
[21:51:54] [Server thread/INFO]: [tomisherio: Set own game mode to Spectator Mode]
[22:23:12] [Server thread/INFO]: [tomisherio: Set own game mode to Survival Mode]
[22:34:49] [Server thread/INFO]: tomisherio lost connection: Disconnected
[22:34:49] [Server thread/INFO]: tomisherio left the game
[22:34:53] [User Authenticator #26/INFO]: UUID of player tomisherio is 15e381a8-1724-43a6-8b15-5dadbe1369ab
[22:34:53] [Server thread/INFO]: tomisherio[/184.103.253.150:57820] logged in with entity id 1517877 at (184.3469636382373, 57.45635240090743, 492.14469982756833)
[22:34:53] [Server thread/INFO]: tomisherio joined the game
[22:42:19] [Server thread/WARN]: Mismatch in destroy block pos: class_2338{x=86, y=62, z=398} class_2338{x=86, y=61, z=395}
[22:42:22] [Server thread/WARN]: Mismatch in destroy block pos: class_2338{x=86, y=62, z=398} class_2338{x=80, y=62, z=394}
[22:48:45] [Server thread/WARN]: Mismatch in destroy block pos: class_2338{x=128, y=62, z=427} class_2338{x=127, y=60, z=432}
[22:48:47] [Server thread/WARN]: Mismatch in destroy block pos: class_2338{x=133, y=59, z=433} class_2338{x=133, y=58, z=434}
[22:50:10] [Server thread/INFO]: [tomisherio: Set own game mode to Spectator Mode]
[22:50:12] [Server thread/INFO]: [tomisherio: Set own game mode to Survival Mode]
[22:50:17] [Server thread/INFO]: [tomisherio: Set own game mode to Creative Mode]
[23:00:39] [Server thread/INFO]: [tomisherio: Set own game mode to Spectator Mode]
[23:00:48] [Server thread/INFO]: [tomisherio: Set own game mode to Creative Mode]
[23:13:29] [Server thread/INFO]: [tomisherio: Teleported tomisherio to 187.5, 128.0, 465.5]
[23:16:31] [Server thread/INFO]: tomisherio lost connection: Disconnected
[23:16:31] [Server thread/INFO]: tomisherio left the game
[23:17:00] [User Authenticator #27/INFO]: UUID of player tomisherio is 15e381a8-1724-43a6-8b15-5dadbe1369ab
[23:17:00] [Server thread/INFO]: tomisherio[/184.103.253.150:57973] logged in with entity id 1524955 at (187.85371336741875, 48.875, 489.30000001192093)
[23:17:00] [Server thread/INFO]: tomisherio joined the game
[23:44:59] [Server thread/INFO]: [tomisherio: Set own game mode to Spectator Mode]
[23:45:06] [Server thread/INFO]: [tomisherio: Set own game mode to Creative Mode]
[23:45:12] [Server thread/INFO]: [tomisherio: Set own game mode to Spectator Mode]
[23:45:25] [Server thread/INFO]: [tomisherio: Set own game mode to Creative Mode]
[23:45:59] [Server thread/INFO]: [tomisherio: Set own game mode to Spectator Mode]
[23:46:07] [Server thread/INFO]: [tomisherio: Set own game mode to Creative Mode]
[23:53:31] [Server thread/INFO]: [tomisherio: Set own game mode to Spectator Mode]
[23:53:39] [Server thread/INFO]: [tomisherio: Set own game mode to Creative Mode]
[23:54:35] [Server thread/INFO]: [tomisherio: Set own game mode to Spectator Mode]
[23:54:47] [Server thread/INFO]: [tomisherio: Set own game mode to Creative Mode]
[23:55:00] [Server thread/INFO]: [tomisherio: Set own game mode to Spectator Mode]
[23:55:04] [Server thread/INFO]: [tomisherio: Set own game mode to Creative Mode]
[23:55:47] [Server thread/INFO]: [tomisherio: Set own game mode to Spectator Mode]
[23:55:53] [Server thread/INFO]: [tomisherio: Set own game mode to Creative Mode]
[23:56:07] [Server thread/INFO]: [tomisherio: Set own game mode to Survival Mode]
[23:58:14] [Server thread/INFO]: [tomisherio: Set own game mode to Creative Mode]
