[00:05:23] [Server thread/WARN]: Fetching packet for removed entity class_1542['Air'/604130, l='ServerLevel[ZaWarudo]', x=-225.71, y=26.00, z=213.88]
[00:05:23] [Server thread/WARN]: Fetching packet for removed entity class_1542['Air'/604382, l='ServerLevel[ZaWarudo]', x=-226.43, y=27.00, z=213.57]
[00:05:24] [Server thread/WARN]: Fetching packet for removed entity class_1542['Air'/604555, l='ServerLevel[ZaWarudo]', x=-228.57, y=26.63, z=211.43]
[00:06:47] [Server thread/INFO]: tomisherio lost connection: Disconnected
[00:06:47] [Server thread/INFO]: tomisherio left the game
[00:42:15] [User Authenticator #3/INFO]: UUID of player tomisherio is 15e381a8-1724-43a6-8b15-5dadbe1369ab
[00:42:15] [Server thread/INFO]: tomisherio[/184.103.253.150:65039] logged in with entity id 606452 at (-59.46519574356915, 152.0, 14.625679219627163)
[00:42:15] [Server thread/INFO]: tomisherio joined the game
[01:20:26] [Server thread/INFO]: Villager class_1646['Villager'/605826, l='ServerLevel[ZaWarudo]', x=-58.85, y=69.07, z=138.70] died, message: 'Villager was squished too much'
[01:27:49] [Server thread/INFO]: [tomisherio: Set own game mode to Spectator Mode]
[01:28:33] [Server thread/INFO]: [tomisherio: Set own game mode to Survival Mode]
[01:29:33] [Server thread/INFO]: [tomisherio: Set own game mode to Spectator Mode]
[01:29:46] [Server thread/WARN]: tomisherio moved too quickly! -7.964771657119712,4.124736644370692,5.3462528493817345
[01:29:59] [Server thread/INFO]: [tomisherio: Set own game mode to Survival Mode]
[01:30:10] [Server thread/INFO]: [tomisherio: Set own game mode to Spectator Mode]
[01:30:56] [Server thread/INFO]: [tomisherio: Set own game mode to Survival Mode]
[01:31:22] [Server thread/INFO]: [tomisherio: Set own game mode to Spectator Mode]
[01:33:56] [Server thread/INFO]: [tomisherio: Set own game mode to Survival Mode]
[01:34:42] [Server thread/WARN]: Fetching packet for removed entity class_1542['Air'/622695, l='ServerLevel[ZaWarudo]', x=-67.67, y=72.00, z=81.44]
[01:38:19] [Server thread/INFO]: [tomisherio: Set own game mode to Creative Mode]
[01:38:55] [Server thread/INFO]: [tomisherio: Teleported tomisherio to -163.5, 101.0, 82.5]
[01:39:05] [Server thread/INFO]: [tomisherio: Teleported tomisherio to 1080.5, 130.0, 552.5]
[02:24:37] [Server thread/INFO]: [tomisherio: Set own game mode to Spectator Mode]
[02:24:40] [Server thread/INFO]: [tomisherio: Set own game mode to Creative Mode]
[02:27:14] [Server thread/INFO]: [tomisherio: Set own game mode to Spectator Mode]
[03:09:57] [Server thread/INFO]: [tomisherio: Set own game mode to Creative Mode]
[03:10:40] [Server thread/INFO]: [tomisherio: Teleported tomisherio to -59.5, 153.0, 14.5]
[03:10:42] [Server thread/INFO]: [tomisherio: Set own game mode to Spectator Mode]
[03:10:43] [Server thread/INFO]: [tomisherio: Set own game mode to Creative Mode]
[03:10:45] [Server thread/INFO]: [tomisherio: Set own game mode to Survival Mode]
[03:10:52] [Server thread/INFO]: Villager class_1646['Villager'/605824, l='ServerLevel[ZaWarudo]', x=-58.81, y=69.57, z=138.14] died, message: 'Villager was squished too much'
[03:16:17] [Server thread/WARN]: Mismatch in destroy block pos: class_2338{x=1171, y=67, z=433} class_2338{x=1171, y=65, z=432}
[03:23:50] [Server thread/INFO]: [tomisherio: Set own game mode to Spectator Mode]
[03:24:04] [Server thread/INFO]: [tomisherio: Set own game mode to Survival Mode]
[03:24:04] [Server thread/INFO]: [tomisherio: Set own game mode to Spectator Mode]
[03:24:34] [Server thread/INFO]: [tomisherio: Set own game mode to Survival Mode]
[03:24:44] [Server thread/WARN]: tomisherio moved wrongly!
[03:27:04] [Server thread/INFO]: [tomisherio: Set own game mode to Spectator Mode]
[03:27:17] [Server thread/INFO]: [tomisherio: Set own game mode to Survival Mode]
[03:27:30] [Server thread/INFO]: [tomisherio: Set own game mode to Spectator Mode]
[03:27:32] [Server thread/INFO]: [tomisherio: Set own game mode to Survival Mode]
[03:27:50] [Server thread/INFO]: [tomisherio: Set own game mode to Spectator Mode]
[03:32:00] [Server thread/INFO]: tomisherio lost connection: Disconnected
[03:32:00] [Server thread/INFO]: tomisherio left the game
[03:49:17] [User Authenticator #4/INFO]: UUID of player tomisherio is 15e381a8-1724-43a6-8b15-5dadbe1369ab
[03:49:17] [Server thread/INFO]: tomisherio[/184.103.253.150:49459] logged in with entity id 637435 at (1179.2716339945614, 71.31658610179124, 507.79407331724485)
[03:49:17] [Server thread/INFO]: tomisherio joined the game
[03:49:21] [Server thread/INFO]: [tomisherio: Set own game mode to Survival Mode]
[03:52:00] [Server thread/WARN]: tomisherio moved wrongly!
[04:04:02] [Server thread/INFO]: Villager class_1646['Villager'/605827, l='ServerLevel[ZaWarudo]', x=-58.86, y=69.59, z=138.28] died, message: 'Villager was squished too much'
[04:07:46] [Server thread/WARN]: Fetching packet for removed entity class_1542['Air'/643762, l='ServerLevel[ZaWarudo]', x=-67.64, y=72.00, z=80.70]
[04:31:24] [Server thread/INFO]: Villager class_1646['Villager'/605828, l='ServerLevel[ZaWarudo]', x=-58.73, y=70.05, z=138.70] died, message: 'Villager was squished too much'
[04:32:30] [Server thread/INFO]: Villager class_1646['Villager'/605825, l='ServerLevel[ZaWarudo]', x=-58.79, y=69.50, z=138.24] died, message: 'Villager was squished too much'
[04:32:58] [Server thread/INFO]: Villager class_1646['Villager'/605829, l='ServerLevel[ZaWarudo]', x=-58.89, y=69.52, z=138.11] died, message: 'Villager was squished too much'
[04:33:13] [Server thread/INFO]: Villager class_1646['Villager'/605804, l='ServerLevel[ZaWarudo]', x=-58.30, y=69.28, z=138.70] died, message: 'Villager was squished too much'
[04:38:41] [Server thread/INFO]: Villager class_1646['Villager'/610617, l='ServerLevel[ZaWarudo]', x=-58.74, y=69.47, z=138.14] died, message: 'Villager was squished too much'
[04:43:56] [Server thread/WARN]: Fetching packet for removed entity class_1542['Air'/654708, l='ServerLevel[ZaWarudo]', x=-67.56, y=72.00, z=80.70]
[05:05:18] [Server thread/WARN]: Fetching packet for removed entity class_1542['Air'/661123, l='ServerLevel[ZaWarudo]', x=-67.58, y=72.00, z=80.70]
[05:14:01] [Server thread/WARN]: Fetching packet for removed entity class_1542['Air'/663904, l='ServerLevel[ZaWarudo]', x=-67.34, y=72.00, z=58.70]
[05:25:22] [Server thread/WARN]: Fetching packet for removed entity class_1542['Air'/667238, l='ServerLevel[ZaWarudo]', x=-38.25, y=72.00, z=102.70]
[06:06:09] [Server thread/INFO]: Villager class_1646['Villager'/605831, l='ServerLevel[ZaWarudo]', x=-58.85, y=69.49, z=138.12] died, message: 'Villager was squished too much'
[06:36:10] [Server thread/INFO]: Villager class_1646['Villager'/642688, l='ServerLevel[ZaWarudo]', x=-58.81, y=69.51, z=138.19] died, message: 'Villager was squished too much'
[08:00:08] [Server thread/INFO]: Villager class_1646['Villager'/623302, l='ServerLevel[ZaWarudo]', x=-58.89, y=69.59, z=138.15] died, message: 'Villager was squished too much'
[08:24:28] [Server thread/WARN]: Fetching packet for removed entity class_1542['Air'/723908, l='ServerLevel[ZaWarudo]', x=-67.74, y=72.00, z=58.70]
[08:30:07] [Server thread/INFO]: Villager class_1646['Villager'/605832, l='ServerLevel[ZaWarudo]', x=-58.71, y=69.80, z=138.24] died, message: 'Villager was squished too much'
[09:28:43] [Server thread/WARN]: Fetching packet for removed entity class_1542['Air'/745476, l='ServerLevel[ZaWarudo]', x=-67.71, y=72.00, z=80.70]
[09:34:49] [Server thread/WARN]: Fetching packet for removed entity class_1542['Air'/747434, l='ServerLevel[ZaWarudo]', x=-67.30, y=72.00, z=80.70]
[10:39:51] [Server thread/INFO]: Villager class_1646['Villager'/606602, l='ServerLevel[ZaWarudo]', x=-58.85, y=69.48, z=138.17] died, message: 'Villager was squished too much'
[11:11:02] [Server thread/WARN]: Fetching packet for removed entity class_1542['Air'/778538, l='ServerLevel[ZaWarudo]', x=-67.71, y=72.00, z=58.70]
[11:41:01] [Server thread/WARN]: Fetching packet for removed entity class_1542['Air'/788746, l='ServerLevel[ZaWarudo]', x=-67.70, y=72.00, z=80.70]
[11:45:57] [Server thread/WARN]: Fetching packet for removed entity class_1542['Air'/790436, l='ServerLevel[ZaWarudo]', x=-67.26, y=72.00, z=58.70]
[12:31:19] [Server thread/WARN]: Fetching packet for removed entity class_1542['Air'/805460, l='ServerLevel[ZaWarudo]', x=-67.67, y=72.00, z=59.99]
[13:19:49] [Server thread/WARN]: Fetching packet for removed entity class_1542['Air'/822364, l='ServerLevel[ZaWarudo]', x=-67.31, y=72.00, z=60.04]
[13:19:49] [Server thread/WARN]: Fetching packet for removed entity class_1542['Air'/822365, l='ServerLevel[ZaWarudo]', x=-67.31, y=72.00, z=60.04]
[13:58:26] [Server thread/INFO]: tomisherio lost connection: Disconnected
[13:58:26] [Server thread/INFO]: tomisherio left the game
[14:00:48] [User Authenticator #5/INFO]: UUID of player tomisherio is 15e381a8-1724-43a6-8b15-5dadbe1369ab
[14:00:48] [Server thread/INFO]: tomisherio[/184.103.253.150:51018] logged in with entity id 837347 at (-91.57056396251646, 99.61154338231565, 126.64469163579133)
[14:00:48] [Server thread/INFO]: tomisherio joined the game
[14:04:22] [Server thread/INFO]: tomisherio lost connection: Disconnected
[14:04:22] [Server thread/INFO]: tomisherio left the game
[14:06:10] [User Authenticator #6/INFO]: UUID of player tomisherio is 15e381a8-1724-43a6-8b15-5dadbe1369ab
[14:06:10] [Server thread/INFO]: tomisherio[/184.103.253.150:51089] logged in with entity id 841239 at (1545.8908965916578, 79.0, 762.2310160344992)
[14:06:10] [Server thread/INFO]: tomisherio joined the game
[14:07:33] [Server thread/INFO]: tomisherio lost connection: Disconnected
[14:07:33] [Server thread/INFO]: tomisherio left the game
[14:08:20] [User Authenticator #7/INFO]: UUID of player tomisherio is 15e381a8-1724-43a6-8b15-5dadbe1369ab
[14:08:21] [Server thread/INFO]: tomisherio[/184.103.253.150:51103] logged in with entity id 845577 at (1669.037455643772, 78.68744756233379, 996.2203476760749)
[14:08:21] [Server thread/INFO]: tomisherio joined the game
[14:47:51] [Server thread/INFO]: tomisherio lost connection: Disconnected
[14:47:51] [Server thread/INFO]: tomisherio left the game
[14:48:19] [User Authenticator #8/INFO]: UUID of player tomisherio is 15e381a8-1724-43a6-8b15-5dadbe1369ab
[14:48:19] [Server thread/INFO]: tomisherio[/184.103.253.150:51249] logged in with entity id 851769 at (1693.4922717537827, 68.0, 940.4263574025628)
[14:48:19] [Server thread/INFO]: tomisherio joined the game
[14:48:34] [Server thread/INFO]: tomisherio lost connection: Disconnected
[14:48:34] [Server thread/INFO]: tomisherio left the game
[14:48:50] [User Authenticator #9/INFO]: UUID of player tomisherio is 15e381a8-1724-43a6-8b15-5dadbe1369ab
[14:48:50] [Server thread/INFO]: tomisherio[/184.103.253.150:51263] logged in with entity id 851971 at (1693.4923190716238, 78.0, 940.4263653915053)
[14:48:50] [Server thread/INFO]: tomisherio joined the game
[14:52:44] [Server thread/INFO]: [tomisherio: Set own game mode to Spectator Mode]
[14:52:49] [Server thread/INFO]: [tomisherio: Set own game mode to Survival Mode]
[14:57:51] [Server thread/WARN]: tomisherio moved wrongly!
[14:59:49] [Server thread/WARN]: tomisherio moved wrongly!
[15:07:31] [Server thread/WARN]: tomisherio moved wrongly!
[15:15:43] [Server thread/WARN]: tomisherio moved wrongly!
[15:21:39] [Server thread/INFO]: [tomisherio: Set own game mode to Spectator Mode]
[15:21:42] [Server thread/INFO]: [tomisherio: Set own game mode to Survival Mode]
[15:23:52] [Server thread/WARN]: tomisherio moved wrongly!
[15:29:38] [Server thread/WARN]: tomisherio moved wrongly!
[15:31:13] [Server thread/INFO]: [tomisherio: Gave 1 [Bedrock] to tomisherio]
[15:31:19] [Server thread/INFO]: [tomisherio: Gave 1 [Black Bed] to tomisherio]
[15:31:32] [Server thread/INFO]: [tomisherio: Gave 1 [Black Bed] to tomisherio]
[15:32:44] [Server thread/WARN]: tomisherio moved wrongly!
[15:34:57] [Server thread/INFO]: [tomisherio: Set own game mode to Creative Mode]
[15:35:38] [Server thread/INFO]: [tomisherio: Set own game mode to Spectator Mode]
[15:35:39] [Server thread/INFO]: [tomisherio: Set own game mode to Creative Mode]
[15:35:43] [Server thread/INFO]: [tomisherio: Set own game mode to Survival Mode]
[15:39:16] [Server thread/WARN]: tomisherio moved wrongly!
[15:56:35] [Server thread/INFO]: [tomisherio: Set own game mode to Spectator Mode]
[15:56:41] [Server thread/INFO]: [tomisherio: Set own game mode to Survival Mode]
[16:00:52] [Server thread/INFO]: [tomisherio: Set own game mode to Spectator Mode]
[16:01:40] [Server thread/INFO]: [tomisherio: Set own game mode to Survival Mode]
[16:01:42] [Server thread/INFO]: [tomisherio: Set own game mode to Spectator Mode]
[16:02:11] [Server thread/INFO]: [tomisherio: Set own game mode to Survival Mode]
[16:02:15] [Server thread/INFO]: [tomisherio: Set own game mode to Spectator Mode]
[16:02:29] [Server thread/INFO]: [tomisherio: Set own game mode to Survival Mode]
[16:06:18] [Server thread/INFO]: [tomisherio: Set own game mode to Spectator Mode]
[16:06:35] [Server thread/INFO]: tomisherio lost connection: Disconnected
[16:06:35] [Server thread/INFO]: tomisherio left the game
[16:06:56] [User Authenticator #10/INFO]: UUID of player tomisherio is 15e381a8-1724-43a6-8b15-5dadbe1369ab
[16:06:57] [Server thread/INFO]: tomisherio[/184.103.253.150:51525] logged in with entity id 865669 at (1695.3928826416243, 133.44050987534007, 931.6056919806073)
[16:06:57] [Server thread/INFO]: tomisherio joined the game
[16:06:59] [Server thread/INFO]: [tomisherio: Set own game mode to Survival Mode]
[16:08:48] [Server thread/INFO]: [tomisherio: Set own game mode to Spectator Mode]
[16:08:58] [Server thread/INFO]: [tomisherio: Set own game mode to Survival Mode]
[16:13:47] [Server thread/INFO]: [tomisherio: Set own game mode to Spectator Mode]
[16:13:52] [Server thread/INFO]: [tomisherio: Set own game mode to Survival Mode]
[16:14:12] [Server thread/INFO]: [tomisherio: Set own game mode to Spectator Mode]
[16:14:21] [Server thread/INFO]: [tomisherio: Set own game mode to Survival Mode]
[16:14:28] [Server thread/INFO]: [tomisherio: Set own game mode to Spectator Mode]
[16:14:32] [Server thread/INFO]: [tomisherio: Set own game mode to Survival Mode]
[16:15:18] [Server thread/INFO]: [tomisherio: Set own game mode to Spectator Mode]
[16:15:32] [Server thread/INFO]: [tomisherio: Set own game mode to Survival Mode]
[16:15:36] [Server thread/INFO]: [tomisherio: Set own game mode to Spectator Mode]
[16:15:40] [Server thread/INFO]: tomisherio lost connection: Disconnected
[16:15:40] [Server thread/INFO]: tomisherio left the game
[16:15:58] [User Authenticator #11/INFO]: UUID of player tomisherio is 15e381a8-1724-43a6-8b15-5dadbe1369ab
[16:15:58] [Server thread/INFO]: tomisherio[/184.103.253.150:51557] logged in with entity id 869027 at (1698.8944768084905, 209.67896379874188, 945.3509607446596)
[16:15:58] [Server thread/INFO]: tomisherio joined the game
[16:16:02] [Server thread/INFO]: [tomisherio: Set own game mode to Survival Mode]
[16:16:42] [Server thread/INFO]: [tomisherio: Set own game mode to Spectator Mode]
[16:16:50] [Server thread/INFO]: [tomisherio: Set own game mode to Survival Mode]
[16:17:22] [Server thread/INFO]: [tomisherio: Set own game mode to Spectator Mode]
[16:17:54] [Server thread/INFO]: [tomisherio: Set own game mode to Survival Mode]
[16:18:04] [Server thread/INFO]: [tomisherio: Set own game mode to Spectator Mode]
[16:18:06] [Server thread/INFO]: [tomisherio: Set own game mode to Survival Mode]
[16:18:13] [Server thread/INFO]: tomisherio lost connection: Disconnected
[16:18:13] [Server thread/INFO]: tomisherio left the game
[16:18:55] [User Authenticator #12/INFO]: UUID of player tomisherio is 15e381a8-1724-43a6-8b15-5dadbe1369ab
[16:18:56] [Server thread/INFO]: tomisherio[/184.103.253.150:51574] logged in with entity id 869081 at (1704.5069908933544, 211.5, 944.4696712915514)
[16:18:56] [Server thread/INFO]: tomisherio joined the game
[16:20:06] [Server thread/INFO]: tomisherio fell from a high place
[16:21:08] [Server thread/INFO]: tomisherio was impaled by Drowned
[16:22:51] [Server thread/INFO]: [tomisherio: Set own game mode to Spectator Mode]
[16:22:55] [Server thread/INFO]: [tomisherio: Set own game mode to Survival Mode]
[16:22:55] [Server thread/INFO]: [tomisherio: Set own game mode to Spectator Mode]
[16:23:03] [Server thread/INFO]: [tomisherio: Set own game mode to Survival Mode]
[16:24:58] [Server thread/INFO]: [tomisherio: Set own game mode to Spectator Mode]
[16:25:06] [Server thread/INFO]: [tomisherio: Set own game mode to Survival Mode]
[16:29:36] [Server thread/INFO]: [tomisherio: Gave 16 [Ender Pearl] to tomisherio]
[16:30:43] [Server thread/INFO]: [tomisherio: Gave 1 [Cake] to tomisherio]
[16:32:32] [Server thread/INFO]: [tomisherio: Gave 1 [Grass] to tomisherio]
[16:32:38] [Server thread/INFO]: [tomisherio: Gave 1 [Grass Block] to tomisherio]
[16:33:48] [Server thread/INFO]: [tomisherio: Set own game mode to Spectator Mode]
[16:33:56] [Server thread/INFO]: [tomisherio: Set own game mode to Survival Mode]
[16:34:29] [Server thread/INFO]: [tomisherio: Gave 1 [Villager Spawn Egg] to tomisherio]
[16:35:23] [Server thread/WARN]: tomisherio moved wrongly!
[16:36:01] [Server thread/INFO]: [tomisherio: Set own game mode to Creative Mode]
[16:46:55] [Server thread/INFO]: [tomisherio: Set own game mode to Spectator Mode]
[16:46:56] [Server thread/INFO]: [tomisherio: Set own game mode to Creative Mode]
[16:49:37] [Server thread/INFO]: [tomisherio: Removed 97 items from player tomisherio]
[16:49:41] [Server thread/INFO]: [tomisherio: Set own game mode to Survival Mode]
[16:54:28] [Server thread/INFO]: [tomisherio: Set own game mode to Spectator Mode]
[16:54:43] [Server thread/INFO]: [tomisherio: Set own game mode to Survival Mode]
[16:54:45] [Server thread/INFO]: [tomisherio: Set own game mode to Creative Mode]
[16:55:36] [Server thread/INFO]: [tomisherio: Set own game mode to Survival Mode]
[16:56:28] [Server thread/WARN]: tomisherio moved wrongly!
[16:57:12] [Server thread/INFO]: tomisherio lost connection: Disconnected
[16:57:12] [Server thread/INFO]: tomisherio left the game
[17:00:01] [User Authenticator #13/INFO]: UUID of player tomisherio is 15e381a8-1724-43a6-8b15-5dadbe1369ab
[17:00:01] [Server thread/INFO]: tomisherio[/184.103.253.150:51683] logged in with entity id 873623 at (1704.0705309902305, 212.5, 944.95640901148)
[17:00:01] [Server thread/INFO]: tomisherio joined the game
[17:01:10] [Server thread/WARN]: tomisherio moved wrongly!
[17:01:35] [Server thread/INFO]: [tomisherio: Applied effect Bad Omen to tomisherio]
[17:02:15] [Server thread/INFO]: [tomisherio: Applied effect Bad Omen to tomisherio]
[17:02:15] [Server thread/WARN]: tomisherio moved wrongly!
[17:03:04] [Server thread/INFO]: [tomisherio: Applied effect Bad Omen to tomisherio]
[17:03:14] [Server thread/WARN]: tomisherio moved wrongly!
[17:04:12] [Server thread/WARN]: tomisherio moved wrongly!
[17:05:11] [Server thread/WARN]: tomisherio moved wrongly!
[17:06:23] [Server thread/INFO]: [tomisherio: Gave 16 [Ender Pearl] to tomisherio]
[17:06:38] [Server thread/INFO]: [tomisherio: Gave 12 [Glass] to tomisherio]
[17:07:34] [Server thread/INFO]: tomisherio lost connection: Disconnected
[17:07:34] [Server thread/INFO]: tomisherio left the game
[17:11:16] [User Authenticator #14/INFO]: UUID of player tomisherio is 15e381a8-1724-43a6-8b15-5dadbe1369ab
[17:11:16] [Server thread/INFO]: tomisherio[/184.103.253.150:51744] logged in with entity id 875692 at (1709.4101529715128, 211.0, 944.3267402606912)
[17:11:16] [Server thread/INFO]: tomisherio joined the game
[17:11:26] [Server thread/INFO]: [tomisherio: Gave 1 [Villager Spawn Egg] to tomisherio]
[17:11:40] [Server thread/INFO]: tomisherio lost connection: Disconnected
[17:11:40] [Server thread/INFO]: tomisherio left the game
[17:12:39] [User Authenticator #15/INFO]: UUID of player tomisherio is 15e381a8-1724-43a6-8b15-5dadbe1369ab
[17:12:39] [Server thread/INFO]: tomisherio[/184.103.253.150:51761] logged in with entity id 875750 at (1703.1578010304709, 211.5, 942.797472964148)
[17:12:39] [Server thread/INFO]: tomisherio joined the game
[17:12:42] [Server thread/INFO]: [tomisherio: Set own game mode to Creative Mode]
[17:13:10] [Server thread/INFO]: [tomisherio: Set own game mode to Survival Mode]
[17:13:43] [Server thread/INFO]: [tomisherio: Applied effect Bad Omen to tomisherio]
[17:13:52] [Server thread/WARN]: tomisherio moved wrongly!
[17:14:50] [Server thread/WARN]: tomisherio moved wrongly!
[17:15:16] [Server thread/INFO]: [tomisherio: Set own game mode to Spectator Mode]
[17:15:33] [Server thread/INFO]: [tomisherio: Set own game mode to Creative Mode]
[17:30:39] [Server thread/INFO]: [tomisherio: Removed 220 items from player tomisherio]
[17:30:43] [Server thread/INFO]: [tomisherio: Set own game mode to Survival Mode]
[17:31:27] [Server thread/WARN]: tomisherio moved wrongly!
[17:32:25] [Server thread/WARN]: tomisherio moved wrongly!
[17:33:24] [Server thread/WARN]: tomisherio moved wrongly!
[17:34:23] [Server thread/WARN]: tomisherio moved wrongly!
[17:35:21] [Server thread/WARN]: tomisherio moved wrongly!
[17:36:20] [Server thread/WARN]: tomisherio moved wrongly!
[17:37:18] [Server thread/WARN]: tomisherio moved wrongly!
[17:38:17] [Server thread/WARN]: tomisherio moved wrongly!
[17:39:16] [Server thread/WARN]: tomisherio moved wrongly!
[17:40:14] [Server thread/WARN]: tomisherio moved wrongly!
[17:41:13] [Server thread/WARN]: tomisherio moved wrongly!
[17:42:11] [Server thread/WARN]: tomisherio moved wrongly!
[17:43:10] [Server thread/WARN]: tomisherio moved wrongly!
[17:44:09] [Server thread/WARN]: tomisherio moved wrongly!
[17:45:07] [Server thread/WARN]: tomisherio moved wrongly!
[17:47:44] [Server thread/INFO]: [tomisherio: Gave 2 [Cake] to tomisherio]
[17:51:45] [Server thread/INFO]: [tomisherio: Set own game mode to Creative Mode]
[17:52:54] [Server thread/INFO]: [tomisherio: Set own game mode to Spectator Mode]
[17:52:55] [Server thread/INFO]: [tomisherio: Set own game mode to Creative Mode]
[17:52:57] [Server thread/INFO]: [tomisherio: Set own game mode to Survival Mode]
[17:53:46] [Server thread/INFO]: tomisherio lost connection: Disconnected
[17:53:46] [Server thread/INFO]: tomisherio left the game
[18:00:47] [User Authenticator #16/INFO]: UUID of player tomisherio is 15e381a8-1724-43a6-8b15-5dadbe1369ab
[18:00:47] [Server thread/INFO]: tomisherio[/184.103.253.150:51959] logged in with entity id 885174 at (1706.300000011921, 210.0, 944.9499999880791)
[18:00:47] [Server thread/INFO]: tomisherio joined the game
[18:01:12] [Server thread/INFO]: [tomisherio: Applied effect Bad Omen to tomisherio]
[18:01:55] [Server thread/WARN]: tomisherio moved wrongly!
[18:02:53] [Server thread/WARN]: tomisherio moved wrongly!
[18:52:35] [Server thread/ERROR]: Can't find any space for item in the inventory
[18:52:35] [Server thread/ERROR]: Can't find any space for item in the inventory
[18:52:35] [Server thread/ERROR]: Can't find any space for item in the inventory
[18:52:35] [Server thread/ERROR]: Can't find any space for item in the inventory
[18:52:35] [Server thread/ERROR]: Can't find any space for item in the inventory
[18:52:35] [Server thread/ERROR]: Can't find any space for item in the inventory
[18:52:35] [Server thread/ERROR]: Can't find any space for item in the inventory
[18:52:35] [Server thread/ERROR]: Can't find any space for item in the inventory
[18:52:35] [Server thread/ERROR]: Can't find any space for item in the inventory
[18:52:35] [Server thread/ERROR]: Can't find any space for item in the inventory
[18:52:35] [Server thread/ERROR]: Can't find any space for item in the inventory
[18:52:35] [Server thread/ERROR]: Can't find any space for item in the inventory
[18:52:35] [Server thread/ERROR]: Can't find any space for item in the inventory
[18:52:35] [Server thread/ERROR]: Can't find any space for item in the inventory
[18:52:35] [Server thread/ERROR]: Can't find any space for item in the inventory
[18:52:35] [Server thread/ERROR]: Can't find any space for item in the inventory
[18:52:35] [Server thread/ERROR]: Can't find any space for item in the inventory
[18:52:35] [Server thread/ERROR]: Can't find any space for item in the inventory
[18:52:35] [Server thread/ERROR]: Can't find any space for item in the inventory
[18:52:35] [Server thread/ERROR]: Can't find any space for item in the inventory
[18:52:35] [Server thread/ERROR]: Can't find any space for item in the inventory
[18:52:35] [Server thread/ERROR]: Can't find any space for item in the inventory
[18:52:35] [Server thread/ERROR]: Can't find any space for item in the inventory
[18:52:35] [Server thread/ERROR]: Can't find any space for item in the inventory
[18:52:35] [Server thread/ERROR]: Can't find any space for item in the inventory
[18:52:35] [Server thread/ERROR]: Can't find any space for item in the inventory
[18:52:35] [Server thread/ERROR]: Can't find any space for item in the inventory
[18:52:35] [Server thread/ERROR]: Can't find any space for item in the inventory
[18:52:35] [Server thread/ERROR]: Can't find any space for item in the inventory
[18:52:35] [Server thread/ERROR]: Can't find any space for item in the inventory
[19:02:29] [Server thread/INFO]: tomisherio lost connection: Disconnected
[19:02:29] [Server thread/INFO]: tomisherio left the game
[19:04:55] [User Authenticator #17/INFO]: UUID of player tomisherio is 15e381a8-1724-43a6-8b15-5dadbe1369ab
[19:04:55] [Server thread/INFO]: tomisherio[/184.103.253.150:52255] logged in with entity id 902953 at (1151.047265728578, 73.97759848336507, 472.1148008103339)
[19:04:55] [Server thread/INFO]: tomisherio joined the game
[19:38:02] [Server thread/INFO]: [tomisherio: Set own game mode to Creative Mode]
[19:41:21] [Server thread/INFO]: [tomisherio: Set own game mode to Survival Mode]
[19:43:19] [Server thread/INFO]: [tomisherio: Set own game mode to Creative Mode]
[19:55:32] [Server thread/INFO]: [tomisherio: Set own game mode to Spectator Mode]
[20:04:50] [Server thread/INFO]: [tomisherio: Set own game mode to Creative Mode]
[20:04:59] [Server thread/INFO]: tomisherio lost connection: Disconnected
[20:04:59] [Server thread/INFO]: tomisherio left the game
[20:05:05] [User Authenticator #18/INFO]: UUID of player tomisherio is 15e381a8-1724-43a6-8b15-5dadbe1369ab
[20:05:05] [Server thread/INFO]: tomisherio[/184.103.253.150:52475] logged in with entity id 909584 at (1156.7425247567346, 92.23747471317539, 485.09761768721506)
[20:05:05] [Server thread/INFO]: tomisherio joined the game
[20:05:10] [Server thread/INFO]: [tomisherio: Teleported tomisherio to -59.5, 153.0, 14.5]
[20:05:16] [Server thread/INFO]: [tomisherio: Set own game mode to Survival Mode]
[20:47:28] [Server thread/WARN]: Fetching packet for removed entity class_1542['Air'/925442, l='ServerLevel[ZaWarudo]', x=-139.76, y=56.61, z=23.50]
[20:47:47] [Server thread/INFO]: [tomisherio: Teleported tomisherio to 1080.5, 130.0, 552.5]
[20:47:49] [Server thread/INFO]: [tomisherio: Set own game mode to Spectator Mode]
[20:47:55] [Server thread/INFO]: [tomisherio: Set own game mode to Survival Mode]
[20:47:58] [Server thread/INFO]: [tomisherio: Set own game mode to Creative Mode]
[20:48:14] [Server thread/INFO]: [tomisherio: Set own game mode to Spectator Mode]
[20:48:15] [Server thread/INFO]: [tomisherio: Set own game mode to Creative Mode]
[21:18:59] [Server thread/INFO]: [tomisherio: Teleported tomisherio to -59.5, 153.0, 14.5]
[21:19:04] [Server thread/INFO]: [tomisherio: Set own game mode to Survival Mode]
[21:45:58] [Server thread/INFO]: [tomisherio: Set own game mode to Spectator Mode]
[21:46:09] [Server thread/INFO]: [tomisherio: Set own game mode to Survival Mode]
[21:46:12] [Server thread/INFO]: [tomisherio: Set own game mode to Spectator Mode]
[21:46:18] [Server thread/INFO]: [tomisherio: Set own game mode to Survival Mode]
[21:54:21] [Server thread/INFO]: [tomisherio: Teleported tomisherio to 1080.5, 130.0, 552.5]
[21:54:23] [Server thread/INFO]: [tomisherio: Set own game mode to Spectator Mode]
[21:54:27] [Server thread/INFO]: [tomisherio: Set own game mode to Survival Mode]
[23:03:59] [Server thread/WARN]: Fetching packet for removed entity class_1542['Air'/966916, l='ServerLevel[ZaWarudo]', x=-141.83, y=70.33, z=70.74]
