[00:04:40] [Server thread/INFO]: [tomisherio: Set own game mode to Spectator Mode]
[00:06:33] [Server thread/WARN]: tomisherio moved too quickly! 0.24033665990896225,0.0,-10.591875219742633
[00:07:35] [Server thread/INFO]: [tomisherio: Set own game mode to Survival Mode]
[00:10:29] [Server thread/WARN]: Mismatch in destroy block pos: class_2338{x=-1236, y=36, z=1032} class_2338{x=-1236, y=36, z=1031}
[00:39:40] [Server thread/INFO]: [tomisherio: Set own game mode to Spectator Mode]
[00:40:29] [Server thread/INFO]: [tomisherio: Set own game mode to Survival Mode]
[00:47:16] [Server thread/INFO]: [tomisherio: Set own game mode to Spectator Mode]
[00:47:24] [Server thread/INFO]: [tomisherio: Set own game mode to Survival Mode]
[00:50:55] [Server thread/INFO]: [tomisherio: Set own game mode to Spectator Mode]
[00:51:18] [Server thread/INFO]: [tomisherio: Set own game mode to Survival Mode]
[00:53:44] [Server thread/INFO]: [tomisherio: Set own game mode to Spectator Mode]
[00:54:08] [Server thread/INFO]: [tomisherio: Set own game mode to Survival Mode]
[01:07:18] [Server thread/INFO]: [tomisherio: Set own game mode to Spectator Mode]
[01:07:31] [Server thread/INFO]: [tomisherio: Set own game mode to Survival Mode]
[01:07:35] [Server thread/INFO]: [tomisherio: Set own game mode to Spectator Mode]
[01:07:40] [Server thread/INFO]: [tomisherio: Set own game mode to Survival Mode]
[01:13:07] [Server thread/INFO]: [tomisherio: Set own game mode to Spectator Mode]
[01:13:16] [Server thread/INFO]: [tomisherio: Set own game mode to Survival Mode]
[01:13:27] [Server thread/INFO]: [tomisherio: Set own game mode to Spectator Mode]
[01:13:37] [Server thread/INFO]: [tomisherio: Set own game mode to Survival Mode]
[01:13:40] [Server thread/INFO]: [tomisherio: Set own game mode to Spectator Mode]
[01:14:08] [Server thread/INFO]: [tomisherio: Set own game mode to Survival Mode]
[01:14:39] [Server thread/INFO]: [tomisherio: Set own game mode to Spectator Mode]
[01:14:42] [Server thread/INFO]: [tomisherio: Set own game mode to Survival Mode]
[01:19:46] [Server thread/INFO]: [tomisherio: Set own game mode to Spectator Mode]
[01:19:58] [Server thread/INFO]: [tomisherio: Set own game mode to Survival Mode]
[01:24:00] [Server thread/INFO]: [tomisherio: Set own game mode to Spectator Mode]
[01:24:09] [Server thread/INFO]: [tomisherio: Set own game mode to Survival Mode]
[01:33:52] [Server thread/INFO]: [tomisherio: Set own game mode to Spectator Mode]
[01:33:57] [Server thread/INFO]: [tomisherio: Set own game mode to Survival Mode]
[01:34:52] [Server thread/INFO]: [tomisherio: Set own game mode to Spectator Mode]
[01:34:57] [Server thread/INFO]: [tomisherio: Set own game mode to Survival Mode]
[01:35:19] [Server thread/INFO]: [tomisherio: Set own game mode to Spectator Mode]
[01:35:42] [Server thread/INFO]: [tomisherio: Set own game mode to Survival Mode]
[01:37:09] [Server thread/INFO]: [tomisherio: Set own game mode to Spectator Mode]
[02:29:16] [Server thread/INFO]: [tomisherio: Set own game mode to Survival Mode]
[02:35:28] [Server thread/INFO]: [tomisherio: Set own game mode to Spectator Mode]
[02:35:31] [Server thread/INFO]: [tomisherio: Set own game mode to Survival Mode]
[02:51:30] [Server thread/INFO]: [tomisherio: Set own game mode to Spectator Mode]
[02:51:37] [Server thread/INFO]: [tomisherio: Set own game mode to Survival Mode]
[18:23:16] [Server thread/INFO]: tomisherio lost connection: Disconnected
[18:23:16] [Server thread/INFO]: tomisherio left the game
[18:27:15] [User Authenticator #17/INFO]: UUID of player tomisherio is 15e381a8-1724-43a6-8b15-5dadbe1369ab
[18:27:15] [Server thread/INFO]: tomisherio[/184.103.253.150:64625] logged in with entity id 2005306 at (1126.997797182783, 68.0, 499.30000001192093)
[18:27:15] [Server thread/INFO]: tomisherio joined the game
[18:27:16] [Netty Server IO #7/INFO]: Player tomisherio joined with a matching carpet client
[18:40:46] [Server thread/WARN]: tomisherio moved wrongly!
[18:48:29] [Server thread/WARN]: tomisherio moved wrongly!
[19:10:10] [Server thread/INFO]: tomisherio lost connection: Disconnected
[19:10:10] [Server thread/INFO]: tomisherio left the game
